  Zjišťují se projekty, které se mají obnovit...
  Obnovil se projekt C:\NON_Install_Programs\DataHub\domains\Eisod\Eisod.Services\Eisod.Services.csproj (v 653 ms).
  Obnovil se projekt C:\NON_Install_Programs\DataHub\src\DataHub.Host\DataHub.Host.csproj (v 653 ms).
  Obnovil se projekt C:\NON_Install_Programs\DataHub\domains\Grinding\Grinding.Services\Grinding.Services.csproj (v 653 ms).
  Obnovil se projekt C:\NON_Install_Programs\DataHub\domains\Eisod\Eisod.Shared\Eisod.Shared.csproj (v 653 ms).
  Obnovil se projekt c:\NON_Install_Programs\DataHub\src\DataHub.Core\DataHub.Core.csproj (v 653 ms).
  Obnovil se projekt C:\NON_Install_Programs\DataHub\domains\Grinding\Grinding.Pages\Grinding.Pages.csproj (v 653 ms).
  Obnovil se projekt C:\NON_Install_Programs\DataHub\domains\Eisod\Eisod.Pages\Eisod.Pages.csproj (v 653 ms).
  Obnovil se projekt C:\NON_Install_Programs\DataHub\src\DataHub.Platform\DataHub.Platform.csproj (v 653 ms).
  Obnovil se projekt C:\NON_Install_Programs\DataHub\domains\Grinding\Grinding.Shared\Grinding.Shared.csproj (v 6 ms).
  Obnovil se projekt c:\NON_Install_Programs\DataHub\domains\Grinding\Grinding.Client\Grinding.Client.csproj (v 1,06 s).
c:\NON_Install_Programs\DataHub\src\DataHub.Core\Components\Shared\FloatingQueryBuilder.razor.cs(18,34): warning CS0649: Do pole FloatingQueryBuilder<TItem>.draggableHeader se nikdy nic nepřiřadí. Bude mít vždy výchozí hodnotu . [c:\NON_Install_Programs\DataHub\src\DataHub.Core\DataHub.Core.csproj]
c:\NON_Install_Programs\DataHub\src\DataHub.Core\Components\Shared\FloatingQueryBuilder.razor.cs(19,34): warning CS0169: Pole FloatingQueryBuilder<TItem>.queryNameField se nikdy nepoužívá. [c:\NON_Install_Programs\DataHub\src\DataHub.Core\DataHub.Core.csproj]
c:\NON_Install_Programs\DataHub\src\DataHub.Core\Components\Shared\FloatingQueryBuilder.razor.cs(17,34): warning CS0649: Do pole FloatingQueryBuilder<TItem>.draggableContainer se nikdy nic nepřiřadí. Bude mít vždy výchozí hodnotu . [c:\NON_Install_Programs\DataHub\src\DataHub.Core\DataHub.Core.csproj]
c:\NON_Install_Programs\DataHub\src\DataHub.Core\Components\Shared\AdvancedFilterBuilder.razor.cs(27,22): warning CS0414: Pole AdvancedFilterBuilder<TItem>.showQueryBuilderModal má přiřazenou hodnotu, ale nikdy se nepoužívá. [c:\NON_Install_Programs\DataHub\src\DataHub.Core\DataHub.Core.csproj]
  DataHub.Core -> c:\NON_Install_Programs\DataHub\src\DataHub.Core\bin\Debug\net9.0\DataHub.Core.dll
  Grinding.Shared -> C:\NON_Install_Programs\DataHub\domains\Grinding\Grinding.Shared\bin\Debug\net9.0\Grinding.Shared.dll
  Eisod.Shared -> C:\NON_Install_Programs\DataHub\domains\Eisod\Eisod.Shared\bin\Debug\net9.0\Eisod.Shared.dll
  DataHub.Platform -> C:\NON_Install_Programs\DataHub\src\DataHub.Platform\bin\Debug\net9.0\DataHub.Platform.dll
c:\NON_Install_Programs\DataHub\domains\Grinding\Grinding.Services\AuditLogService.cs(46,41): warning CS8632: Poznámka u typů odkazů s možnou hodnotou null by se měla v kódu používat jenom v kontextu poznámek #nullable. [c:\NON_Install_Programs\DataHub\domains\Grinding\Grinding.Services\Grinding.Services.csproj]
c:\NON_Install_Programs\DataHub\domains\Grinding\Grinding.Services\IAlarmSpecificService.cs(12,31): warning CS8632: Poznámka u typů odkazů s možnou hodnotou null by se měla v kódu používat jenom v kontextu poznámek #nullable. [c:\NON_Install_Programs\DataHub\domains\Grinding\Grinding.Services\Grinding.Services.csproj]
c:\NON_Install_Programs\DataHub\domains\Grinding\Grinding.Services\AlarmService.cs(33,37): warning CS8632: Poznámka u typů odkazů s možnou hodnotou null by se měla v kódu používat jenom v kontextu poznámek #nullable. [c:\NON_Install_Programs\DataHub\domains\Grinding\Grinding.Services\Grinding.Services.csproj]
c:\NON_Install_Programs\DataHub\domains\Grinding\Grinding.Services\IAlarmSpecificService.cs(13,78): warning CS8632: Poznámka u typů odkazů s možnou hodnotou null by se měla v kódu používat jenom v kontextu poznámek #nullable. [c:\NON_Install_Programs\DataHub\domains\Grinding\Grinding.Services\Grinding.Services.csproj]
c:\NON_Install_Programs\DataHub\domains\Grinding\Grinding.Services\IAlarmSpecificService.cs(13,105): warning CS8632: Poznámka u typů odkazů s možnou hodnotou null by se měla v kódu používat jenom v kontextu poznámek #nullable. [c:\NON_Install_Programs\DataHub\domains\Grinding\Grinding.Services\Grinding.Services.csproj]
c:\NON_Install_Programs\DataHub\domains\Grinding\Grinding.Services\IAlarmSpecificService.cs(13,149): warning CS8632: Poznámka u typů odkazů s možnou hodnotou null by se měla v kódu používat jenom v kontextu poznámek #nullable. [c:\NON_Install_Programs\DataHub\domains\Grinding\Grinding.Services\Grinding.Services.csproj]
c:\NON_Install_Programs\DataHub\domains\Grinding\Grinding.Services\IAlarmSpecificService.cs(13,186): warning CS8632: Poznámka u typů odkazů s možnou hodnotou null by se měla v kódu používat jenom v kontextu poznámek #nullable. [c:\NON_Install_Programs\DataHub\domains\Grinding\Grinding.Services\Grinding.Services.csproj]
c:\NON_Install_Programs\DataHub\domains\Grinding\Grinding.Services\AlarmService.cs(52,106): warning CS8632: Poznámka u typů odkazů s možnou hodnotou null by se měla v kódu používat jenom v kontextu poznámek #nullable. [c:\NON_Install_Programs\DataHub\domains\Grinding\Grinding.Services\Grinding.Services.csproj]
c:\NON_Install_Programs\DataHub\domains\Grinding\Grinding.Services\AlarmService.cs(52,133): warning CS8632: Poznámka u typů odkazů s možnou hodnotou null by se měla v kódu používat jenom v kontextu poznámek #nullable. [c:\NON_Install_Programs\DataHub\domains\Grinding\Grinding.Services\Grinding.Services.csproj]
c:\NON_Install_Programs\DataHub\domains\Grinding\Grinding.Services\AlarmService.cs(52,177): warning CS8632: Poznámka u typů odkazů s možnou hodnotou null by se měla v kódu používat jenom v kontextu poznámek #nullable. [c:\NON_Install_Programs\DataHub\domains\Grinding\Grinding.Services\Grinding.Services.csproj]
c:\NON_Install_Programs\DataHub\domains\Grinding\Grinding.Services\AlarmService.cs(52,214): warning CS8632: Poznámka u typů odkazů s možnou hodnotou null by se měla v kódu používat jenom v kontextu poznámek #nullable. [c:\NON_Install_Programs\DataHub\domains\Grinding\Grinding.Services\Grinding.Services.csproj]
c:\NON_Install_Programs\DataHub\domains\Grinding\Grinding.Services\GrindingService.cs(46,50): warning CS8632: Poznámka u typů odkazů s možnou hodnotou null by se měla v kódu používat jenom v kontextu poznámek #nullable. [c:\NON_Install_Programs\DataHub\domains\Grinding\Grinding.Services\Grinding.Services.csproj]
c:\NON_Install_Programs\DataHub\domains\Grinding\Grinding.Services\IGrindingService.cs(10,37): warning CS8632: Poznámka u typů odkazů s možnou hodnotou null by se měla v kódu používat jenom v kontextu poznámek #nullable. [c:\NON_Install_Programs\DataHub\domains\Grinding\Grinding.Services\Grinding.Services.csproj]
c:\NON_Install_Programs\DataHub\domains\Grinding\Grinding.Services\AlarmService.cs(52,108): warning CS1066: Výchozí hodnota zadaná pro parametr filterName nebude mít žádný efekt, protože platí pro člen, který se používá v kontextech nedovolujících nepovinné argumenty. [c:\NON_Install_Programs\DataHub\domains\Grinding\Grinding.Services\Grinding.Services.csproj]
c:\NON_Install_Programs\DataHub\domains\Grinding\Grinding.Services\AlarmService.cs(52,135): warning CS1066: Výchozí hodnota zadaná pro parametr filterString nebude mít žádný efekt, protože platí pro člen, který se používá v kontextech nedovolujících nepovinné argumenty. [c:\NON_Install_Programs\DataHub\domains\Grinding\Grinding.Services\Grinding.Services.csproj]
c:\NON_Install_Programs\DataHub\domains\Grinding\Grinding.Services\AlarmService.cs(52,179): warning CS1066: Výchozí hodnota zadaná pro parametr filters nebude mít žádný efekt, protože platí pro člen, který se používá v kontextech nedovolujících nepovinné argumenty. [c:\NON_Install_Programs\DataHub\domains\Grinding\Grinding.Services\Grinding.Services.csproj]
c:\NON_Install_Programs\DataHub\domains\Grinding\Grinding.Services\AlarmService.cs(52,216): warning CS1066: Výchozí hodnota zadaná pro parametr sorts nebude mít žádný efekt, protože platí pro člen, který se používá v kontextech nedovolujících nepovinné argumenty. [c:\NON_Install_Programs\DataHub\domains\Grinding\Grinding.Services\Grinding.Services.csproj]
c:\NON_Install_Programs\DataHub\domains\Grinding\Grinding.Services\IOperationalService.cs(10,40): warning CS8632: Poznámka u typů odkazů s možnou hodnotou null by se měla v kódu používat jenom v kontextu poznámek #nullable. [c:\NON_Install_Programs\DataHub\domains\Grinding\Grinding.Services\Grinding.Services.csproj]
c:\NON_Install_Programs\DataHub\domains\Grinding\Grinding.Services\OperationalService.cs(42,53): warning CS8632: Poznámka u typů odkazů s možnou hodnotou null by se měla v kódu používat jenom v kontextu poznámek #nullable. [c:\NON_Install_Programs\DataHub\domains\Grinding\Grinding.Services\Grinding.Services.csproj]
c:\NON_Install_Programs\DataHub\domains\Grinding\Grinding.Services\Repositories\AlarmRepository.cs(78,41): warning CS8632: Poznámka u typů odkazů s možnou hodnotou null by se měla v kódu používat jenom v kontextu poznámek #nullable. [c:\NON_Install_Programs\DataHub\domains\Grinding\Grinding.Services\Grinding.Services.csproj]
  Eisod.Services -> C:\NON_Install_Programs\DataHub\domains\Eisod\Eisod.Services\bin\Debug\net9.0\Eisod.Services.dll
  Grinding.Services -> c:\NON_Install_Programs\DataHub\domains\Grinding\Grinding.Services\bin\Debug\net9.0\Grinding.Services.dll
c:\NON_Install_Programs\DataHub\domains\Eisod\Eisod.Pages\EisodSdView.razor(7,1): warning RZ10012: Found markup element with unexpected name 'PageTitle'. If this is intended to be a component, add a @using directive for its namespace. [c:\NON_Install_Programs\DataHub\domains\Eisod\Eisod.Pages\Eisod.Pages.csproj]
c:\NON_Install_Programs\DataHub\domains\Eisod\Eisod.Pages\EisodSdView.razor(24,1): warning RZ10012: Found markup element with unexpected name 'GenericDataView'. If this is intended to be a component, add a @using directive for its namespace. [c:\NON_Install_Programs\DataHub\domains\Eisod\Eisod.Pages\Eisod.Pages.csproj]
c:\NON_Install_Programs\DataHub\domains\Eisod\Eisod.Pages\EisodSdView.razor(30,39): error RZ9991: The attribute names could not be inferred from bind attribute 'bind-SelectedItems'. Bind attributes should be of the form 'bind' or 'bind-value' along with their corresponding optional parameters like 'bind-value:event', 'bind:format' etc. [c:\NON_Install_Programs\DataHub\domains\Eisod\Eisod.Pages\Eisod.Pages.csproj]
c:\NON_Install_Programs\DataHub\domains\Eisod\Eisod.Pages\EisodSdView.razor(31,5): warning RZ10012: Found markup element with unexpected name 'ActionColumnTemplate'. If this is intended to be a component, add a @using directive for its namespace. [c:\NON_Install_Programs\DataHub\domains\Eisod\Eisod.Pages\Eisod.Pages.csproj]
c:\NON_Install_Programs\DataHub\domains\Eisod\Eisod.Pages\EisodSdView.razor.cs(27,17): error CS0246: Typ nebo název oboru názvů GenericDataView<> se nenašel. (Nechybí direktiva using nebo odkaz na sestavení?) [c:\NON_Install_Programs\DataHub\domains\Eisod\Eisod.Pages\Eisod.Pages.csproj]
c:\NON_Install_Programs\DataHub\domains\Eisod\Eisod.Pages\EisodSdView.razor.cs(29,23): warning CS8632: Poznámka u typů odkazů s možnou hodnotou null by se měla v kódu používat jenom v kontextu poznámek #nullable. [c:\NON_Install_Programs\DataHub\domains\Eisod\Eisod.Pages\Eisod.Pages.csproj]
c:\NON_Install_Programs\DataHub\domains\Eisod\Eisod.Pages\EisodSdView.razor.cs(30,23): warning CS8632: Poznámka u typů odkazů s možnou hodnotou null by se měla v kódu používat jenom v kontextu poznámek #nullable. [c:\NON_Install_Programs\DataHub\domains\Eisod\Eisod.Pages\Eisod.Pages.csproj]
c:\NON_Install_Programs\DataHub\domains\Grinding\Grinding.Client\Program.cs(86,23): warning CS8632: Poznámka u typů odkazů s možnou hodnotou null by se měla v kódu používat jenom v kontextu poznámek #nullable. [c:\NON_Install_Programs\DataHub\domains\Grinding\Grinding.Client\Grinding.Client.csproj]
c:\NON_Install_Programs\DataHub\domains\Grinding\Grinding.Client\MdbReader.cs(242,35): warning CS1998: V této asynchronní metodě chybí operátory await a spustí se synchronně. Zvažte použití operátoru await pro čekání na neblokující volání rozhraní API nebo vykonání činnosti vázané na procesor ve vlákně na pozadí pomocí výrazu await Task.Run(...). [c:\NON_Install_Programs\DataHub\domains\Grinding\Grinding.Client\Grinding.Client.csproj]
c:\NON_Install_Programs\DataHub\domains\Grinding\Grinding.Client\MdbReader.cs(374,96): warning CS8632: Poznámka u typů odkazů s možnou hodnotou null by se měla v kódu používat jenom v kontextu poznámek #nullable. [c:\NON_Install_Programs\DataHub\domains\Grinding\Grinding.Client\Grinding.Client.csproj]
c:\NON_Install_Programs\DataHub\domains\Grinding\Grinding.Client\MdbReader.cs(395,34): warning CS1998: V této asynchronní metodě chybí operátory await a spustí se synchronně. Zvažte použití operátoru await pro čekání na neblokující volání rozhraní API nebo vykonání činnosti vázané na procesor ve vlákně na pozadí pomocí výrazu await Task.Run(...). [c:\NON_Install_Programs\DataHub\domains\Grinding\Grinding.Client\Grinding.Client.csproj]
c:\NON_Install_Programs\DataHub\domains\Grinding\Grinding.Client\MdbReader.cs(425,34): warning CS1998: V této asynchronní metodě chybí operátory await a spustí se synchronně. Zvažte použití operátoru await pro čekání na neblokující volání rozhraní API nebo vykonání činnosti vázané na procesor ve vlákně na pozadí pomocí výrazu await Task.Run(...). [c:\NON_Install_Programs\DataHub\domains\Grinding\Grinding.Client\Grinding.Client.csproj]
c:\NON_Install_Programs\DataHub\domains\Grinding\Grinding.Client\Program.cs(29,67): warning CA1416: Toto místo volání je k dispozici na všech platformách. MdbReader.PrintMdbStructure(IServiceProvider) se podporuje jen na 'windows'. (https://learn.microsoft.com/dotnet/fundamentals/code-analysis/quality-rules/ca1416) [c:\NON_Install_Programs\DataHub\domains\Grinding\Grinding.Client\Grinding.Client.csproj]
c:\NON_Install_Programs\DataHub\domains\Grinding\Grinding.Client\Program.cs(35,67): warning CA1416: Toto místo volání je k dispozici na všech platformách. MdbReader.PrintConfiguredTables(IServiceProvider) se podporuje jen na 'windows'. (https://learn.microsoft.com/dotnet/fundamentals/code-analysis/quality-rules/ca1416) [c:\NON_Install_Programs\DataHub\domains\Grinding\Grinding.Client\Grinding.Client.csproj]
c:\NON_Install_Programs\DataHub\domains\Grinding\Grinding.Client\Program.cs(32,66): warning CA1416: Toto místo volání je k dispozici na všech platformách. MdbReader.ResetClientDbIds(IServiceProvider) se podporuje jen na 'windows'. (https://learn.microsoft.com/dotnet/fundamentals/code-analysis/quality-rules/ca1416) [c:\NON_Install_Programs\DataHub\domains\Grinding\Grinding.Client\Grinding.Client.csproj]
c:\NON_Install_Programs\DataHub\domains\Grinding\Grinding.Pages\AlarmAction.razor(13,1): warning RZ10012: Found markup element with unexpected name 'GenericEntityActionPage'. If this is intended to be a component, add a @using directive for its namespace. [c:\NON_Install_Programs\DataHub\domains\Grinding\Grinding.Pages\Grinding.Pages.csproj]
c:\NON_Install_Programs\DataHub\domains\Grinding\Grinding.Pages\AlarmAction.razor(18,5): warning RZ10012: Found markup element with unexpected name 'EditorTemplate'. If this is intended to be a component, add a @using directive for its namespace. [c:\NON_Install_Programs\DataHub\domains\Grinding\Grinding.Pages\Grinding.Pages.csproj]
c:\NON_Install_Programs\DataHub\domains\Grinding\Grinding.Pages\Alarms.razor(46,1): warning RZ10012: Found markup element with unexpected name 'GenericDataView'. If this is intended to be a component, add a @using directive for its namespace. [c:\NON_Install_Programs\DataHub\domains\Grinding\Grinding.Pages\Grinding.Pages.csproj]
c:\NON_Install_Programs\DataHub\domains\Grinding\Grinding.Pages\Alarms.razor(54,39): error RZ9991: The attribute names could not be inferred from bind attribute 'bind-SelectedItems'. Bind attributes should be of the form 'bind' or 'bind-value' along with their corresponding optional parameters like 'bind-value:event', 'bind:format' etc. [c:\NON_Install_Programs\DataHub\domains\Grinding\Grinding.Pages\Grinding.Pages.csproj]
c:\NON_Install_Programs\DataHub\domains\Grinding\Grinding.Pages\Alarms.razor(55,5): warning RZ10012: Found markup element with unexpected name 'ActionColumnTemplate'. If this is intended to be a component, add a @using directive for its namespace. [c:\NON_Install_Programs\DataHub\domains\Grinding\Grinding.Pages\Grinding.Pages.csproj]
c:\NON_Install_Programs\DataHub\domains\Grinding\Grinding.Pages\AuditLogViewer.razor(7,1): warning RZ10012: Found markup element with unexpected name 'PageTitle'. If this is intended to be a component, add a @using directive for its namespace. [c:\NON_Install_Programs\DataHub\domains\Grinding\Grinding.Pages\Grinding.Pages.csproj]
c:\NON_Install_Programs\DataHub\domains\Grinding\Grinding.Pages\AuditLogViewer.razor(24,1): warning RZ10012: Found markup element with unexpected name 'GenericDataView'. If this is intended to be a component, add a @using directive for its namespace. [c:\NON_Install_Programs\DataHub\domains\Grinding\Grinding.Pages\Grinding.Pages.csproj]
c:\NON_Install_Programs\DataHub\domains\Grinding\Grinding.Pages\AuditLogViewer.razor(30,39): error RZ9991: The attribute names could not be inferred from bind attribute 'bind-SelectedItems'. Bind attributes should be of the form 'bind' or 'bind-value' along with their corresponding optional parameters like 'bind-value:event', 'bind:format' etc. [c:\NON_Install_Programs\DataHub\domains\Grinding\Grinding.Pages\Grinding.Pages.csproj]
c:\NON_Install_Programs\DataHub\domains\Grinding\Grinding.Pages\AuditLogViewer.razor(31,5): warning RZ10012: Found markup element with unexpected name 'ActionColumnTemplate'. If this is intended to be a component, add a @using directive for its namespace. [c:\NON_Install_Programs\DataHub\domains\Grinding\Grinding.Pages\Grinding.Pages.csproj]
c:\NON_Install_Programs\DataHub\domains\Grinding\Grinding.Pages\AuditLogViewer.razor(32,9): warning RZ10012: Found markup element with unexpected name 'FluentButton'. If this is intended to be a component, add a @using directive for its namespace. [c:\NON_Install_Programs\DataHub\domains\Grinding\Grinding.Pages\Grinding.Pages.csproj]
c:\NON_Install_Programs\DataHub\domains\Grinding\Grinding.Pages\DummyItemAction.razor(13,1): warning RZ10012: Found markup element with unexpected name 'GenericEntityActionPage'. If this is intended to be a component, add a @using directive for its namespace. [c:\NON_Install_Programs\DataHub\domains\Grinding\Grinding.Pages\Grinding.Pages.csproj]
c:\NON_Install_Programs\DataHub\domains\Grinding\Grinding.Pages\DummyItemAction.razor(18,5): warning RZ10012: Found markup element with unexpected name 'EditorTemplate'. If this is intended to be a component, add a @using directive for its namespace. [c:\NON_Install_Programs\DataHub\domains\Grinding\Grinding.Pages\Grinding.Pages.csproj]
c:\NON_Install_Programs\DataHub\domains\Grinding\Grinding.Pages\DummyItems.razor(6,1): warning RZ10012: Found markup element with unexpected name 'PageTitle'. If this is intended to be a component, add a @using directive for its namespace. [c:\NON_Install_Programs\DataHub\domains\Grinding\Grinding.Pages\Grinding.Pages.csproj]
c:\NON_Install_Programs\DataHub\domains\Grinding\Grinding.Pages\DummyItems.razor(13,5): warning RZ10012: Found markup element with unexpected name 'FluentButton'. If this is intended to be a component, add a @using directive for its namespace. [c:\NON_Install_Programs\DataHub\domains\Grinding\Grinding.Pages\Grinding.Pages.csproj]
c:\NON_Install_Programs\DataHub\domains\Grinding\Grinding.Pages\DummyItems.razor(14,5): warning RZ10012: Found markup element with unexpected name 'FluentButton'. If this is intended to be a component, add a @using directive for its namespace. [c:\NON_Install_Programs\DataHub\domains\Grinding\Grinding.Pages\Grinding.Pages.csproj]
c:\NON_Install_Programs\DataHub\domains\Grinding\Grinding.Pages\DummyItems.razor(18,9): warning RZ10012: Found markup element with unexpected name 'FluentButton'. If this is intended to be a component, add a @using directive for its namespace. [c:\NON_Install_Programs\DataHub\domains\Grinding\Grinding.Pages\Grinding.Pages.csproj]
c:\NON_Install_Programs\DataHub\domains\Grinding\Grinding.Pages\DummyItems.razor(19,9): warning RZ10012: Found markup element with unexpected name 'FluentButton'. If this is intended to be a component, add a @using directive for its namespace. [c:\NON_Install_Programs\DataHub\domains\Grinding\Grinding.Pages\Grinding.Pages.csproj]
c:\NON_Install_Programs\DataHub\domains\Grinding\Grinding.Pages\DummyItems.razor(20,9): warning RZ10012: Found markup element with unexpected name 'FluentButton'. If this is intended to be a component, add a @using directive for its namespace. [c:\NON_Install_Programs\DataHub\domains\Grinding\Grinding.Pages\Grinding.Pages.csproj]
c:\NON_Install_Programs\DataHub\domains\Grinding\Grinding.Pages\DummyItems.razor(21,9): warning RZ10012: Found markup element with unexpected name 'FluentButton'. If this is intended to be a component, add a @using directive for its namespace. [c:\NON_Install_Programs\DataHub\domains\Grinding\Grinding.Pages\Grinding.Pages.csproj]
c:\NON_Install_Programs\DataHub\domains\Grinding\Grinding.Pages\DummyItems.razor(34,1): warning RZ10012: Found markup element with unexpected name 'GenericDataView'. If this is intended to be a component, add a @using directive for its namespace. [c:\NON_Install_Programs\DataHub\domains\Grinding\Grinding.Pages\Grinding.Pages.csproj]
c:\NON_Install_Programs\DataHub\domains\Grinding\Grinding.Pages\DummyItems.razor(40,39): error RZ9991: The attribute names could not be inferred from bind attribute 'bind-SelectedItems'. Bind attributes should be of the form 'bind' or 'bind-value' along with their corresponding optional parameters like 'bind-value:event', 'bind:format' etc. [c:\NON_Install_Programs\DataHub\domains\Grinding\Grinding.Pages\Grinding.Pages.csproj]
c:\NON_Install_Programs\DataHub\domains\Grinding\Grinding.Pages\DummyItems.razor(41,5): warning RZ10012: Found markup element with unexpected name 'ActionColumnTemplate'. If this is intended to be a component, add a @using directive for its namespace. [c:\NON_Install_Programs\DataHub\domains\Grinding\Grinding.Pages\Grinding.Pages.csproj]
c:\NON_Install_Programs\DataHub\domains\Grinding\Grinding.Pages\DummyItems.razor(42,9): warning RZ10012: Found markup element with unexpected name 'FluentButton'. If this is intended to be a component, add a @using directive for its namespace. [c:\NON_Install_Programs\DataHub\domains\Grinding\Grinding.Pages\Grinding.Pages.csproj]
c:\NON_Install_Programs\DataHub\domains\Grinding\Grinding.Pages\DummyItems.razor(43,9): warning RZ10012: Found markup element with unexpected name 'FluentButton'. If this is intended to be a component, add a @using directive for its namespace. [c:\NON_Install_Programs\DataHub\domains\Grinding\Grinding.Pages\Grinding.Pages.csproj]
c:\NON_Install_Programs\DataHub\domains\Grinding\Grinding.Pages\DummyItems.razor(44,9): warning RZ10012: Found markup element with unexpected name 'FluentButton'. If this is intended to be a component, add a @using directive for its namespace. [c:\NON_Install_Programs\DataHub\domains\Grinding\Grinding.Pages\Grinding.Pages.csproj]
c:\NON_Install_Programs\DataHub\domains\Grinding\Grinding.Pages\DummyItems.razor.cs(3,21): error CS0234: Typ nebo název oboru názvů Components neexistuje v oboru názvů RPK_BlazorApp. (Nechybí odkaz na sestavení?) [c:\NON_Install_Programs\DataHub\domains\Grinding\Grinding.Pages\Grinding.Pages.csproj]
c:\NON_Install_Programs\DataHub\domains\Grinding\Grinding.Pages\DummyItemAction.razor(11,9): error CS0246: Typ nebo název oboru názvů IDummyItemService se nenašel. (Nechybí direktiva using nebo odkaz na sestavení?) [c:\NON_Install_Programs\DataHub\domains\Grinding\Grinding.Pages\Grinding.Pages.csproj]
c:\NON_Install_Programs\DataHub\domains\Grinding\Grinding.Pages\DummyItems.razor.cs(18,17): error CS0246: Typ nebo název oboru názvů IDummyItemService se nenašel. (Nechybí direktiva using nebo odkaz na sestavení?) [c:\NON_Install_Programs\DataHub\domains\Grinding\Grinding.Pages\Grinding.Pages.csproj]
c:\NON_Install_Programs\DataHub\domains\Grinding\Grinding.Pages\AlarmAction.razor(11,9): error CS0246: Typ nebo název oboru názvů IAlarmService se nenašel. (Nechybí direktiva using nebo odkaz na sestavení?) [c:\NON_Install_Programs\DataHub\domains\Grinding\Grinding.Pages\Grinding.Pages.csproj]
c:\NON_Install_Programs\DataHub\domains\Grinding\Grinding.Pages\AlarmsView.razor(5,9): error CS0246: Typ nebo název oboru názvů ILogger<> se nenašel. (Nechybí direktiva using nebo odkaz na sestavení?) [c:\NON_Install_Programs\DataHub\domains\Grinding\Grinding.Pages\Grinding.Pages.csproj]
c:\NON_Install_Programs\DataHub\domains\Grinding\Grinding.Pages\DummyItemDetails.razor(7,9): error CS0246: Typ nebo název oboru názvů IDummyItemService se nenašel. (Nechybí direktiva using nebo odkaz na sestavení?) [c:\NON_Install_Programs\DataHub\domains\Grinding\Grinding.Pages\Grinding.Pages.csproj]
c:\NON_Install_Programs\DataHub\domains\Grinding\Grinding.Pages\DummyItemDetails.razor(43,22): warning CS8669: Poznámka pro typy odkazů s možnou hodnotou null by se měla používat jenom v kódu v rámci kontextu poznámek #nullable. Automaticky vygenerovaný kód vyžaduje explicitní direktivu #nullable ve zdroji. [c:\NON_Install_Programs\DataHub\domains\Grinding\Grinding.Pages\Grinding.Pages.csproj]
c:\NON_Install_Programs\DataHub\domains\Grinding\Grinding.Pages\Alarms.razor.cs(22,17): error CS0246: Typ nebo název oboru názvů IDataService<> se nenašel. (Nechybí direktiva using nebo odkaz na sestavení?) [c:\NON_Install_Programs\DataHub\domains\Grinding\Grinding.Pages\Grinding.Pages.csproj]
c:\NON_Install_Programs\DataHub\domains\Grinding\Grinding.Pages\DummyItems.razor.cs(21,17): error CS0246: Typ nebo název oboru názvů ILogger<> se nenašel. (Nechybí direktiva using nebo odkaz na sestavení?) [c:\NON_Install_Programs\DataHub\domains\Grinding\Grinding.Pages\Grinding.Pages.csproj]
c:\NON_Install_Programs\DataHub\domains\Grinding\Grinding.Pages\AlarmsView.razor(2,9): error CS0246: Typ nebo název oboru názvů IAlarmService se nenašel. (Nechybí direktiva using nebo odkaz na sestavení?) [c:\NON_Install_Programs\DataHub\domains\Grinding\Grinding.Pages\Grinding.Pages.csproj]
c:\NON_Install_Programs\DataHub\domains\Grinding\Grinding.Pages\AlarmsView.razor(69,25): warning CS8669: Poznámka pro typy odkazů s možnou hodnotou null by se měla používat jenom v kódu v rámci kontextu poznámek #nullable. Automaticky vygenerovaný kód vyžaduje explicitní direktivu #nullable ve zdroji. [c:\NON_Install_Programs\DataHub\domains\Grinding\Grinding.Pages\Grinding.Pages.csproj]
c:\NON_Install_Programs\DataHub\domains\Grinding\Grinding.Pages\AlarmsView.razor(71,19): warning CS8669: Poznámka pro typy odkazů s možnou hodnotou null by se měla používat jenom v kódu v rámci kontextu poznámek #nullable. Automaticky vygenerovaný kód vyžaduje explicitní direktivu #nullable ve zdroji. [c:\NON_Install_Programs\DataHub\domains\Grinding\Grinding.Pages\Grinding.Pages.csproj]
c:\NON_Install_Programs\DataHub\domains\Grinding\Grinding.Pages\AuditLogViewer.razor.cs(30,23): warning CS8632: Poznámka u typů odkazů s možnou hodnotou null by se měla v kódu používat jenom v kontextu poznámek #nullable. [c:\NON_Install_Programs\DataHub\domains\Grinding\Grinding.Pages\Grinding.Pages.csproj]
c:\NON_Install_Programs\DataHub\domains\Grinding\Grinding.Pages\DummyItems.razor.cs(60,17): error CS0246: Typ nebo název oboru názvů GenericDataView<> se nenašel. (Nechybí direktiva using nebo odkaz na sestavení?) [c:\NON_Install_Programs\DataHub\domains\Grinding\Grinding.Pages\Grinding.Pages.csproj]
c:\NON_Install_Programs\DataHub\domains\Grinding\Grinding.Pages\DummyItems.razor.cs(62,23): warning CS8632: Poznámka u typů odkazů s možnou hodnotou null by se měla v kódu používat jenom v kontextu poznámek #nullable. [c:\NON_Install_Programs\DataHub\domains\Grinding\Grinding.Pages\Grinding.Pages.csproj]
c:\NON_Install_Programs\DataHub\domains\Grinding\Grinding.Pages\DummyItems.razor.cs(63,23): warning CS8632: Poznámka u typů odkazů s možnou hodnotou null by se měla v kódu používat jenom v kontextu poznámek #nullable. [c:\NON_Install_Programs\DataHub\domains\Grinding\Grinding.Pages\Grinding.Pages.csproj]
c:\NON_Install_Programs\DataHub\domains\Grinding\Grinding.Pages\AuditLogViewer.razor.cs(33,17): error CS0246: Typ nebo název oboru názvů GenericDataView<> se nenašel. (Nechybí direktiva using nebo odkaz na sestavení?) [c:\NON_Install_Programs\DataHub\domains\Grinding\Grinding.Pages\Grinding.Pages.csproj]
c:\NON_Install_Programs\DataHub\domains\Grinding\Grinding.Pages\Alarms.razor.cs(48,17): error CS0246: Typ nebo název oboru názvů GenericDataView<> se nenašel. (Nechybí direktiva using nebo odkaz na sestavení?) [c:\NON_Install_Programs\DataHub\domains\Grinding\Grinding.Pages\Grinding.Pages.csproj]
c:\NON_Install_Programs\DataHub\domains\Grinding\Grinding.Pages\Alarms.razor.cs(49,23): warning CS8632: Poznámka u typů odkazů s možnou hodnotou null by se měla v kódu používat jenom v kontextu poznámek #nullable. [c:\NON_Install_Programs\DataHub\domains\Grinding\Grinding.Pages\Grinding.Pages.csproj]
c:\NON_Install_Programs\DataHub\domains\Grinding\Grinding.Pages\Alarms.razor.cs(50,23): warning CS8632: Poznámka u typů odkazů s možnou hodnotou null by se měla v kódu používat jenom v kontextu poznámek #nullable. [c:\NON_Install_Programs\DataHub\domains\Grinding\Grinding.Pages\Grinding.Pages.csproj]
c:\NON_Install_Programs\DataHub\domains\Grinding\Grinding.Pages\Alarms.razor.cs(56,23): warning CS8632: Poznámka u typů odkazů s možnou hodnotou null by se měla v kódu používat jenom v kontextu poznámek #nullable. [c:\NON_Install_Programs\DataHub\domains\Grinding\Grinding.Pages\Grinding.Pages.csproj]
c:\NON_Install_Programs\DataHub\domains\Grinding\Grinding.Pages\Alarms.razor.cs(60,22): error CS0246: Typ nebo název oboru názvů UserSavedCriteria se nenašel. (Nechybí direktiva using nebo odkaz na sestavení?) [c:\NON_Install_Programs\DataHub\domains\Grinding\Grinding.Pages\Grinding.Pages.csproj]
  Grinding.Client -> c:\NON_Install_Programs\DataHub\domains\Grinding\Grinding.Client\bin\Debug\net9.0\Grinding.Client.dll

Sestavení SE NEZDAŘILO.

c:\NON_Install_Programs\DataHub\src\DataHub.Core\Components\Shared\FloatingQueryBuilder.razor.cs(18,34): warning CS0649: Do pole FloatingQueryBuilder<TItem>.draggableHeader se nikdy nic nepřiřadí. Bude mít vždy výchozí hodnotu . [c:\NON_Install_Programs\DataHub\src\DataHub.Core\DataHub.Core.csproj]
c:\NON_Install_Programs\DataHub\src\DataHub.Core\Components\Shared\FloatingQueryBuilder.razor.cs(19,34): warning CS0169: Pole FloatingQueryBuilder<TItem>.queryNameField se nikdy nepoužívá. [c:\NON_Install_Programs\DataHub\src\DataHub.Core\DataHub.Core.csproj]
c:\NON_Install_Programs\DataHub\src\DataHub.Core\Components\Shared\FloatingQueryBuilder.razor.cs(17,34): warning CS0649: Do pole FloatingQueryBuilder<TItem>.draggableContainer se nikdy nic nepřiřadí. Bude mít vždy výchozí hodnotu . [c:\NON_Install_Programs\DataHub\src\DataHub.Core\DataHub.Core.csproj]
c:\NON_Install_Programs\DataHub\src\DataHub.Core\Components\Shared\AdvancedFilterBuilder.razor.cs(27,22): warning CS0414: Pole AdvancedFilterBuilder<TItem>.showQueryBuilderModal má přiřazenou hodnotu, ale nikdy se nepoužívá. [c:\NON_Install_Programs\DataHub\src\DataHub.Core\DataHub.Core.csproj]
c:\NON_Install_Programs\DataHub\domains\Grinding\Grinding.Services\AuditLogService.cs(46,41): warning CS8632: Poznámka u typů odkazů s možnou hodnotou null by se měla v kódu používat jenom v kontextu poznámek #nullable. [c:\NON_Install_Programs\DataHub\domains\Grinding\Grinding.Services\Grinding.Services.csproj]
c:\NON_Install_Programs\DataHub\domains\Grinding\Grinding.Services\IAlarmSpecificService.cs(12,31): warning CS8632: Poznámka u typů odkazů s možnou hodnotou null by se měla v kódu používat jenom v kontextu poznámek #nullable. [c:\NON_Install_Programs\DataHub\domains\Grinding\Grinding.Services\Grinding.Services.csproj]
c:\NON_Install_Programs\DataHub\domains\Grinding\Grinding.Services\AlarmService.cs(33,37): warning CS8632: Poznámka u typů odkazů s možnou hodnotou null by se měla v kódu používat jenom v kontextu poznámek #nullable. [c:\NON_Install_Programs\DataHub\domains\Grinding\Grinding.Services\Grinding.Services.csproj]
c:\NON_Install_Programs\DataHub\domains\Grinding\Grinding.Services\IAlarmSpecificService.cs(13,78): warning CS8632: Poznámka u typů odkazů s možnou hodnotou null by se měla v kódu používat jenom v kontextu poznámek #nullable. [c:\NON_Install_Programs\DataHub\domains\Grinding\Grinding.Services\Grinding.Services.csproj]
c:\NON_Install_Programs\DataHub\domains\Grinding\Grinding.Services\IAlarmSpecificService.cs(13,105): warning CS8632: Poznámka u typů odkazů s možnou hodnotou null by se měla v kódu používat jenom v kontextu poznámek #nullable. [c:\NON_Install_Programs\DataHub\domains\Grinding\Grinding.Services\Grinding.Services.csproj]
c:\NON_Install_Programs\DataHub\domains\Grinding\Grinding.Services\IAlarmSpecificService.cs(13,149): warning CS8632: Poznámka u typů odkazů s možnou hodnotou null by se měla v kódu používat jenom v kontextu poznámek #nullable. [c:\NON_Install_Programs\DataHub\domains\Grinding\Grinding.Services\Grinding.Services.csproj]
c:\NON_Install_Programs\DataHub\domains\Grinding\Grinding.Services\IAlarmSpecificService.cs(13,186): warning CS8632: Poznámka u typů odkazů s možnou hodnotou null by se měla v kódu používat jenom v kontextu poznámek #nullable. [c:\NON_Install_Programs\DataHub\domains\Grinding\Grinding.Services\Grinding.Services.csproj]
c:\NON_Install_Programs\DataHub\domains\Grinding\Grinding.Services\AlarmService.cs(52,106): warning CS8632: Poznámka u typů odkazů s možnou hodnotou null by se měla v kódu používat jenom v kontextu poznámek #nullable. [c:\NON_Install_Programs\DataHub\domains\Grinding\Grinding.Services\Grinding.Services.csproj]
c:\NON_Install_Programs\DataHub\domains\Grinding\Grinding.Services\AlarmService.cs(52,133): warning CS8632: Poznámka u typů odkazů s možnou hodnotou null by se měla v kódu používat jenom v kontextu poznámek #nullable. [c:\NON_Install_Programs\DataHub\domains\Grinding\Grinding.Services\Grinding.Services.csproj]
c:\NON_Install_Programs\DataHub\domains\Grinding\Grinding.Services\AlarmService.cs(52,177): warning CS8632: Poznámka u typů odkazů s možnou hodnotou null by se měla v kódu používat jenom v kontextu poznámek #nullable. [c:\NON_Install_Programs\DataHub\domains\Grinding\Grinding.Services\Grinding.Services.csproj]
c:\NON_Install_Programs\DataHub\domains\Grinding\Grinding.Services\AlarmService.cs(52,214): warning CS8632: Poznámka u typů odkazů s možnou hodnotou null by se měla v kódu používat jenom v kontextu poznámek #nullable. [c:\NON_Install_Programs\DataHub\domains\Grinding\Grinding.Services\Grinding.Services.csproj]
c:\NON_Install_Programs\DataHub\domains\Grinding\Grinding.Services\GrindingService.cs(46,50): warning CS8632: Poznámka u typů odkazů s možnou hodnotou null by se měla v kódu používat jenom v kontextu poznámek #nullable. [c:\NON_Install_Programs\DataHub\domains\Grinding\Grinding.Services\Grinding.Services.csproj]
c:\NON_Install_Programs\DataHub\domains\Grinding\Grinding.Services\IGrindingService.cs(10,37): warning CS8632: Poznámka u typů odkazů s možnou hodnotou null by se měla v kódu používat jenom v kontextu poznámek #nullable. [c:\NON_Install_Programs\DataHub\domains\Grinding\Grinding.Services\Grinding.Services.csproj]
c:\NON_Install_Programs\DataHub\domains\Grinding\Grinding.Services\AlarmService.cs(52,108): warning CS1066: Výchozí hodnota zadaná pro parametr filterName nebude mít žádný efekt, protože platí pro člen, který se používá v kontextech nedovolujících nepovinné argumenty. [c:\NON_Install_Programs\DataHub\domains\Grinding\Grinding.Services\Grinding.Services.csproj]
c:\NON_Install_Programs\DataHub\domains\Grinding\Grinding.Services\AlarmService.cs(52,135): warning CS1066: Výchozí hodnota zadaná pro parametr filterString nebude mít žádný efekt, protože platí pro člen, který se používá v kontextech nedovolujících nepovinné argumenty. [c:\NON_Install_Programs\DataHub\domains\Grinding\Grinding.Services\Grinding.Services.csproj]
c:\NON_Install_Programs\DataHub\domains\Grinding\Grinding.Services\AlarmService.cs(52,179): warning CS1066: Výchozí hodnota zadaná pro parametr filters nebude mít žádný efekt, protože platí pro člen, který se používá v kontextech nedovolujících nepovinné argumenty. [c:\NON_Install_Programs\DataHub\domains\Grinding\Grinding.Services\Grinding.Services.csproj]
c:\NON_Install_Programs\DataHub\domains\Grinding\Grinding.Services\AlarmService.cs(52,216): warning CS1066: Výchozí hodnota zadaná pro parametr sorts nebude mít žádný efekt, protože platí pro člen, který se používá v kontextech nedovolujících nepovinné argumenty. [c:\NON_Install_Programs\DataHub\domains\Grinding\Grinding.Services\Grinding.Services.csproj]
c:\NON_Install_Programs\DataHub\domains\Grinding\Grinding.Services\IOperationalService.cs(10,40): warning CS8632: Poznámka u typů odkazů s možnou hodnotou null by se měla v kódu používat jenom v kontextu poznámek #nullable. [c:\NON_Install_Programs\DataHub\domains\Grinding\Grinding.Services\Grinding.Services.csproj]
c:\NON_Install_Programs\DataHub\domains\Grinding\Grinding.Services\OperationalService.cs(42,53): warning CS8632: Poznámka u typů odkazů s možnou hodnotou null by se měla v kódu používat jenom v kontextu poznámek #nullable. [c:\NON_Install_Programs\DataHub\domains\Grinding\Grinding.Services\Grinding.Services.csproj]
c:\NON_Install_Programs\DataHub\domains\Grinding\Grinding.Services\Repositories\AlarmRepository.cs(78,41): warning CS8632: Poznámka u typů odkazů s možnou hodnotou null by se měla v kódu používat jenom v kontextu poznámek #nullable. [c:\NON_Install_Programs\DataHub\domains\Grinding\Grinding.Services\Grinding.Services.csproj]
c:\NON_Install_Programs\DataHub\domains\Eisod\Eisod.Pages\EisodSdView.razor(7,1): warning RZ10012: Found markup element with unexpected name 'PageTitle'. If this is intended to be a component, add a @using directive for its namespace. [c:\NON_Install_Programs\DataHub\domains\Eisod\Eisod.Pages\Eisod.Pages.csproj]
c:\NON_Install_Programs\DataHub\domains\Eisod\Eisod.Pages\EisodSdView.razor(24,1): warning RZ10012: Found markup element with unexpected name 'GenericDataView'. If this is intended to be a component, add a @using directive for its namespace. [c:\NON_Install_Programs\DataHub\domains\Eisod\Eisod.Pages\Eisod.Pages.csproj]
c:\NON_Install_Programs\DataHub\domains\Eisod\Eisod.Pages\EisodSdView.razor(31,5): warning RZ10012: Found markup element with unexpected name 'ActionColumnTemplate'. If this is intended to be a component, add a @using directive for its namespace. [c:\NON_Install_Programs\DataHub\domains\Eisod\Eisod.Pages\Eisod.Pages.csproj]
c:\NON_Install_Programs\DataHub\domains\Eisod\Eisod.Pages\EisodSdView.razor.cs(29,23): warning CS8632: Poznámka u typů odkazů s možnou hodnotou null by se měla v kódu používat jenom v kontextu poznámek #nullable. [c:\NON_Install_Programs\DataHub\domains\Eisod\Eisod.Pages\Eisod.Pages.csproj]
c:\NON_Install_Programs\DataHub\domains\Eisod\Eisod.Pages\EisodSdView.razor.cs(30,23): warning CS8632: Poznámka u typů odkazů s možnou hodnotou null by se měla v kódu používat jenom v kontextu poznámek #nullable. [c:\NON_Install_Programs\DataHub\domains\Eisod\Eisod.Pages\Eisod.Pages.csproj]
c:\NON_Install_Programs\DataHub\domains\Grinding\Grinding.Client\Program.cs(86,23): warning CS8632: Poznámka u typů odkazů s možnou hodnotou null by se měla v kódu používat jenom v kontextu poznámek #nullable. [c:\NON_Install_Programs\DataHub\domains\Grinding\Grinding.Client\Grinding.Client.csproj]
c:\NON_Install_Programs\DataHub\domains\Grinding\Grinding.Client\MdbReader.cs(242,35): warning CS1998: V této asynchronní metodě chybí operátory await a spustí se synchronně. Zvažte použití operátoru await pro čekání na neblokující volání rozhraní API nebo vykonání činnosti vázané na procesor ve vlákně na pozadí pomocí výrazu await Task.Run(...). [c:\NON_Install_Programs\DataHub\domains\Grinding\Grinding.Client\Grinding.Client.csproj]
c:\NON_Install_Programs\DataHub\domains\Grinding\Grinding.Client\MdbReader.cs(374,96): warning CS8632: Poznámka u typů odkazů s možnou hodnotou null by se měla v kódu používat jenom v kontextu poznámek #nullable. [c:\NON_Install_Programs\DataHub\domains\Grinding\Grinding.Client\Grinding.Client.csproj]
c:\NON_Install_Programs\DataHub\domains\Grinding\Grinding.Client\MdbReader.cs(395,34): warning CS1998: V této asynchronní metodě chybí operátory await a spustí se synchronně. Zvažte použití operátoru await pro čekání na neblokující volání rozhraní API nebo vykonání činnosti vázané na procesor ve vlákně na pozadí pomocí výrazu await Task.Run(...). [c:\NON_Install_Programs\DataHub\domains\Grinding\Grinding.Client\Grinding.Client.csproj]
c:\NON_Install_Programs\DataHub\domains\Grinding\Grinding.Client\MdbReader.cs(425,34): warning CS1998: V této asynchronní metodě chybí operátory await a spustí se synchronně. Zvažte použití operátoru await pro čekání na neblokující volání rozhraní API nebo vykonání činnosti vázané na procesor ve vlákně na pozadí pomocí výrazu await Task.Run(...). [c:\NON_Install_Programs\DataHub\domains\Grinding\Grinding.Client\Grinding.Client.csproj]
c:\NON_Install_Programs\DataHub\domains\Grinding\Grinding.Client\Program.cs(29,67): warning CA1416: Toto místo volání je k dispozici na všech platformách. MdbReader.PrintMdbStructure(IServiceProvider) se podporuje jen na 'windows'. (https://learn.microsoft.com/dotnet/fundamentals/code-analysis/quality-rules/ca1416) [c:\NON_Install_Programs\DataHub\domains\Grinding\Grinding.Client\Grinding.Client.csproj]
c:\NON_Install_Programs\DataHub\domains\Grinding\Grinding.Client\Program.cs(35,67): warning CA1416: Toto místo volání je k dispozici na všech platformách. MdbReader.PrintConfiguredTables(IServiceProvider) se podporuje jen na 'windows'. (https://learn.microsoft.com/dotnet/fundamentals/code-analysis/quality-rules/ca1416) [c:\NON_Install_Programs\DataHub\domains\Grinding\Grinding.Client\Grinding.Client.csproj]
c:\NON_Install_Programs\DataHub\domains\Grinding\Grinding.Client\Program.cs(32,66): warning CA1416: Toto místo volání je k dispozici na všech platformách. MdbReader.ResetClientDbIds(IServiceProvider) se podporuje jen na 'windows'. (https://learn.microsoft.com/dotnet/fundamentals/code-analysis/quality-rules/ca1416) [c:\NON_Install_Programs\DataHub\domains\Grinding\Grinding.Client\Grinding.Client.csproj]
c:\NON_Install_Programs\DataHub\domains\Grinding\Grinding.Pages\AlarmAction.razor(13,1): warning RZ10012: Found markup element with unexpected name 'GenericEntityActionPage'. If this is intended to be a component, add a @using directive for its namespace. [c:\NON_Install_Programs\DataHub\domains\Grinding\Grinding.Pages\Grinding.Pages.csproj]
c:\NON_Install_Programs\DataHub\domains\Grinding\Grinding.Pages\AlarmAction.razor(18,5): warning RZ10012: Found markup element with unexpected name 'EditorTemplate'. If this is intended to be a component, add a @using directive for its namespace. [c:\NON_Install_Programs\DataHub\domains\Grinding\Grinding.Pages\Grinding.Pages.csproj]
c:\NON_Install_Programs\DataHub\domains\Grinding\Grinding.Pages\Alarms.razor(46,1): warning RZ10012: Found markup element with unexpected name 'GenericDataView'. If this is intended to be a component, add a @using directive for its namespace. [c:\NON_Install_Programs\DataHub\domains\Grinding\Grinding.Pages\Grinding.Pages.csproj]
c:\NON_Install_Programs\DataHub\domains\Grinding\Grinding.Pages\Alarms.razor(55,5): warning RZ10012: Found markup element with unexpected name 'ActionColumnTemplate'. If this is intended to be a component, add a @using directive for its namespace. [c:\NON_Install_Programs\DataHub\domains\Grinding\Grinding.Pages\Grinding.Pages.csproj]
c:\NON_Install_Programs\DataHub\domains\Grinding\Grinding.Pages\AuditLogViewer.razor(7,1): warning RZ10012: Found markup element with unexpected name 'PageTitle'. If this is intended to be a component, add a @using directive for its namespace. [c:\NON_Install_Programs\DataHub\domains\Grinding\Grinding.Pages\Grinding.Pages.csproj]
c:\NON_Install_Programs\DataHub\domains\Grinding\Grinding.Pages\AuditLogViewer.razor(24,1): warning RZ10012: Found markup element with unexpected name 'GenericDataView'. If this is intended to be a component, add a @using directive for its namespace. [c:\NON_Install_Programs\DataHub\domains\Grinding\Grinding.Pages\Grinding.Pages.csproj]
c:\NON_Install_Programs\DataHub\domains\Grinding\Grinding.Pages\AuditLogViewer.razor(31,5): warning RZ10012: Found markup element with unexpected name 'ActionColumnTemplate'. If this is intended to be a component, add a @using directive for its namespace. [c:\NON_Install_Programs\DataHub\domains\Grinding\Grinding.Pages\Grinding.Pages.csproj]
c:\NON_Install_Programs\DataHub\domains\Grinding\Grinding.Pages\AuditLogViewer.razor(32,9): warning RZ10012: Found markup element with unexpected name 'FluentButton'. If this is intended to be a component, add a @using directive for its namespace. [c:\NON_Install_Programs\DataHub\domains\Grinding\Grinding.Pages\Grinding.Pages.csproj]
c:\NON_Install_Programs\DataHub\domains\Grinding\Grinding.Pages\DummyItemAction.razor(13,1): warning RZ10012: Found markup element with unexpected name 'GenericEntityActionPage'. If this is intended to be a component, add a @using directive for its namespace. [c:\NON_Install_Programs\DataHub\domains\Grinding\Grinding.Pages\Grinding.Pages.csproj]
c:\NON_Install_Programs\DataHub\domains\Grinding\Grinding.Pages\DummyItemAction.razor(18,5): warning RZ10012: Found markup element with unexpected name 'EditorTemplate'. If this is intended to be a component, add a @using directive for its namespace. [c:\NON_Install_Programs\DataHub\domains\Grinding\Grinding.Pages\Grinding.Pages.csproj]
c:\NON_Install_Programs\DataHub\domains\Grinding\Grinding.Pages\DummyItems.razor(6,1): warning RZ10012: Found markup element with unexpected name 'PageTitle'. If this is intended to be a component, add a @using directive for its namespace. [c:\NON_Install_Programs\DataHub\domains\Grinding\Grinding.Pages\Grinding.Pages.csproj]
c:\NON_Install_Programs\DataHub\domains\Grinding\Grinding.Pages\DummyItems.razor(13,5): warning RZ10012: Found markup element with unexpected name 'FluentButton'. If this is intended to be a component, add a @using directive for its namespace. [c:\NON_Install_Programs\DataHub\domains\Grinding\Grinding.Pages\Grinding.Pages.csproj]
c:\NON_Install_Programs\DataHub\domains\Grinding\Grinding.Pages\DummyItems.razor(14,5): warning RZ10012: Found markup element with unexpected name 'FluentButton'. If this is intended to be a component, add a @using directive for its namespace. [c:\NON_Install_Programs\DataHub\domains\Grinding\Grinding.Pages\Grinding.Pages.csproj]
c:\NON_Install_Programs\DataHub\domains\Grinding\Grinding.Pages\DummyItems.razor(18,9): warning RZ10012: Found markup element with unexpected name 'FluentButton'. If this is intended to be a component, add a @using directive for its namespace. [c:\NON_Install_Programs\DataHub\domains\Grinding\Grinding.Pages\Grinding.Pages.csproj]
c:\NON_Install_Programs\DataHub\domains\Grinding\Grinding.Pages\DummyItems.razor(19,9): warning RZ10012: Found markup element with unexpected name 'FluentButton'. If this is intended to be a component, add a @using directive for its namespace. [c:\NON_Install_Programs\DataHub\domains\Grinding\Grinding.Pages\Grinding.Pages.csproj]
c:\NON_Install_Programs\DataHub\domains\Grinding\Grinding.Pages\DummyItems.razor(20,9): warning RZ10012: Found markup element with unexpected name 'FluentButton'. If this is intended to be a component, add a @using directive for its namespace. [c:\NON_Install_Programs\DataHub\domains\Grinding\Grinding.Pages\Grinding.Pages.csproj]
c:\NON_Install_Programs\DataHub\domains\Grinding\Grinding.Pages\DummyItems.razor(21,9): warning RZ10012: Found markup element with unexpected name 'FluentButton'. If this is intended to be a component, add a @using directive for its namespace. [c:\NON_Install_Programs\DataHub\domains\Grinding\Grinding.Pages\Grinding.Pages.csproj]
c:\NON_Install_Programs\DataHub\domains\Grinding\Grinding.Pages\DummyItems.razor(34,1): warning RZ10012: Found markup element with unexpected name 'GenericDataView'. If this is intended to be a component, add a @using directive for its namespace. [c:\NON_Install_Programs\DataHub\domains\Grinding\Grinding.Pages\Grinding.Pages.csproj]
c:\NON_Install_Programs\DataHub\domains\Grinding\Grinding.Pages\DummyItems.razor(41,5): warning RZ10012: Found markup element with unexpected name 'ActionColumnTemplate'. If this is intended to be a component, add a @using directive for its namespace. [c:\NON_Install_Programs\DataHub\domains\Grinding\Grinding.Pages\Grinding.Pages.csproj]
c:\NON_Install_Programs\DataHub\domains\Grinding\Grinding.Pages\DummyItems.razor(42,9): warning RZ10012: Found markup element with unexpected name 'FluentButton'. If this is intended to be a component, add a @using directive for its namespace. [c:\NON_Install_Programs\DataHub\domains\Grinding\Grinding.Pages\Grinding.Pages.csproj]
c:\NON_Install_Programs\DataHub\domains\Grinding\Grinding.Pages\DummyItems.razor(43,9): warning RZ10012: Found markup element with unexpected name 'FluentButton'. If this is intended to be a component, add a @using directive for its namespace. [c:\NON_Install_Programs\DataHub\domains\Grinding\Grinding.Pages\Grinding.Pages.csproj]
c:\NON_Install_Programs\DataHub\domains\Grinding\Grinding.Pages\DummyItems.razor(44,9): warning RZ10012: Found markup element with unexpected name 'FluentButton'. If this is intended to be a component, add a @using directive for its namespace. [c:\NON_Install_Programs\DataHub\domains\Grinding\Grinding.Pages\Grinding.Pages.csproj]
c:\NON_Install_Programs\DataHub\domains\Grinding\Grinding.Pages\DummyItemDetails.razor(43,22): warning CS8669: Poznámka pro typy odkazů s možnou hodnotou null by se měla používat jenom v kódu v rámci kontextu poznámek #nullable. Automaticky vygenerovaný kód vyžaduje explicitní direktivu #nullable ve zdroji. [c:\NON_Install_Programs\DataHub\domains\Grinding\Grinding.Pages\Grinding.Pages.csproj]
c:\NON_Install_Programs\DataHub\domains\Grinding\Grinding.Pages\AlarmsView.razor(69,25): warning CS8669: Poznámka pro typy odkazů s možnou hodnotou null by se měla používat jenom v kódu v rámci kontextu poznámek #nullable. Automaticky vygenerovaný kód vyžaduje explicitní direktivu #nullable ve zdroji. [c:\NON_Install_Programs\DataHub\domains\Grinding\Grinding.Pages\Grinding.Pages.csproj]
c:\NON_Install_Programs\DataHub\domains\Grinding\Grinding.Pages\AlarmsView.razor(71,19): warning CS8669: Poznámka pro typy odkazů s možnou hodnotou null by se měla používat jenom v kódu v rámci kontextu poznámek #nullable. Automaticky vygenerovaný kód vyžaduje explicitní direktivu #nullable ve zdroji. [c:\NON_Install_Programs\DataHub\domains\Grinding\Grinding.Pages\Grinding.Pages.csproj]
c:\NON_Install_Programs\DataHub\domains\Grinding\Grinding.Pages\AuditLogViewer.razor.cs(30,23): warning CS8632: Poznámka u typů odkazů s možnou hodnotou null by se měla v kódu používat jenom v kontextu poznámek #nullable. [c:\NON_Install_Programs\DataHub\domains\Grinding\Grinding.Pages\Grinding.Pages.csproj]
c:\NON_Install_Programs\DataHub\domains\Grinding\Grinding.Pages\DummyItems.razor.cs(62,23): warning CS8632: Poznámka u typů odkazů s možnou hodnotou null by se měla v kódu používat jenom v kontextu poznámek #nullable. [c:\NON_Install_Programs\DataHub\domains\Grinding\Grinding.Pages\Grinding.Pages.csproj]
c:\NON_Install_Programs\DataHub\domains\Grinding\Grinding.Pages\DummyItems.razor.cs(63,23): warning CS8632: Poznámka u typů odkazů s možnou hodnotou null by se měla v kódu používat jenom v kontextu poznámek #nullable. [c:\NON_Install_Programs\DataHub\domains\Grinding\Grinding.Pages\Grinding.Pages.csproj]
c:\NON_Install_Programs\DataHub\domains\Grinding\Grinding.Pages\Alarms.razor.cs(49,23): warning CS8632: Poznámka u typů odkazů s možnou hodnotou null by se měla v kódu používat jenom v kontextu poznámek #nullable. [c:\NON_Install_Programs\DataHub\domains\Grinding\Grinding.Pages\Grinding.Pages.csproj]
c:\NON_Install_Programs\DataHub\domains\Grinding\Grinding.Pages\Alarms.razor.cs(50,23): warning CS8632: Poznámka u typů odkazů s možnou hodnotou null by se měla v kódu používat jenom v kontextu poznámek #nullable. [c:\NON_Install_Programs\DataHub\domains\Grinding\Grinding.Pages\Grinding.Pages.csproj]
c:\NON_Install_Programs\DataHub\domains\Grinding\Grinding.Pages\Alarms.razor.cs(56,23): warning CS8632: Poznámka u typů odkazů s možnou hodnotou null by se měla v kódu používat jenom v kontextu poznámek #nullable. [c:\NON_Install_Programs\DataHub\domains\Grinding\Grinding.Pages\Grinding.Pages.csproj]
c:\NON_Install_Programs\DataHub\domains\Eisod\Eisod.Pages\EisodSdView.razor(30,39): error RZ9991: The attribute names could not be inferred from bind attribute 'bind-SelectedItems'. Bind attributes should be of the form 'bind' or 'bind-value' along with their corresponding optional parameters like 'bind-value:event', 'bind:format' etc. [c:\NON_Install_Programs\DataHub\domains\Eisod\Eisod.Pages\Eisod.Pages.csproj]
c:\NON_Install_Programs\DataHub\domains\Eisod\Eisod.Pages\EisodSdView.razor.cs(27,17): error CS0246: Typ nebo název oboru názvů GenericDataView<> se nenašel. (Nechybí direktiva using nebo odkaz na sestavení?) [c:\NON_Install_Programs\DataHub\domains\Eisod\Eisod.Pages\Eisod.Pages.csproj]
c:\NON_Install_Programs\DataHub\domains\Grinding\Grinding.Pages\Alarms.razor(54,39): error RZ9991: The attribute names could not be inferred from bind attribute 'bind-SelectedItems'. Bind attributes should be of the form 'bind' or 'bind-value' along with their corresponding optional parameters like 'bind-value:event', 'bind:format' etc. [c:\NON_Install_Programs\DataHub\domains\Grinding\Grinding.Pages\Grinding.Pages.csproj]
c:\NON_Install_Programs\DataHub\domains\Grinding\Grinding.Pages\AuditLogViewer.razor(30,39): error RZ9991: The attribute names could not be inferred from bind attribute 'bind-SelectedItems'. Bind attributes should be of the form 'bind' or 'bind-value' along with their corresponding optional parameters like 'bind-value:event', 'bind:format' etc. [c:\NON_Install_Programs\DataHub\domains\Grinding\Grinding.Pages\Grinding.Pages.csproj]
c:\NON_Install_Programs\DataHub\domains\Grinding\Grinding.Pages\DummyItems.razor(40,39): error RZ9991: The attribute names could not be inferred from bind attribute 'bind-SelectedItems'. Bind attributes should be of the form 'bind' or 'bind-value' along with their corresponding optional parameters like 'bind-value:event', 'bind:format' etc. [c:\NON_Install_Programs\DataHub\domains\Grinding\Grinding.Pages\Grinding.Pages.csproj]
c:\NON_Install_Programs\DataHub\domains\Grinding\Grinding.Pages\DummyItems.razor.cs(3,21): error CS0234: Typ nebo název oboru názvů Components neexistuje v oboru názvů RPK_BlazorApp. (Nechybí odkaz na sestavení?) [c:\NON_Install_Programs\DataHub\domains\Grinding\Grinding.Pages\Grinding.Pages.csproj]
c:\NON_Install_Programs\DataHub\domains\Grinding\Grinding.Pages\DummyItemAction.razor(11,9): error CS0246: Typ nebo název oboru názvů IDummyItemService se nenašel. (Nechybí direktiva using nebo odkaz na sestavení?) [c:\NON_Install_Programs\DataHub\domains\Grinding\Grinding.Pages\Grinding.Pages.csproj]
c:\NON_Install_Programs\DataHub\domains\Grinding\Grinding.Pages\DummyItems.razor.cs(18,17): error CS0246: Typ nebo název oboru názvů IDummyItemService se nenašel. (Nechybí direktiva using nebo odkaz na sestavení?) [c:\NON_Install_Programs\DataHub\domains\Grinding\Grinding.Pages\Grinding.Pages.csproj]
c:\NON_Install_Programs\DataHub\domains\Grinding\Grinding.Pages\AlarmAction.razor(11,9): error CS0246: Typ nebo název oboru názvů IAlarmService se nenašel. (Nechybí direktiva using nebo odkaz na sestavení?) [c:\NON_Install_Programs\DataHub\domains\Grinding\Grinding.Pages\Grinding.Pages.csproj]
c:\NON_Install_Programs\DataHub\domains\Grinding\Grinding.Pages\AlarmsView.razor(5,9): error CS0246: Typ nebo název oboru názvů ILogger<> se nenašel. (Nechybí direktiva using nebo odkaz na sestavení?) [c:\NON_Install_Programs\DataHub\domains\Grinding\Grinding.Pages\Grinding.Pages.csproj]
c:\NON_Install_Programs\DataHub\domains\Grinding\Grinding.Pages\DummyItemDetails.razor(7,9): error CS0246: Typ nebo název oboru názvů IDummyItemService se nenašel. (Nechybí direktiva using nebo odkaz na sestavení?) [c:\NON_Install_Programs\DataHub\domains\Grinding\Grinding.Pages\Grinding.Pages.csproj]
c:\NON_Install_Programs\DataHub\domains\Grinding\Grinding.Pages\Alarms.razor.cs(22,17): error CS0246: Typ nebo název oboru názvů IDataService<> se nenašel. (Nechybí direktiva using nebo odkaz na sestavení?) [c:\NON_Install_Programs\DataHub\domains\Grinding\Grinding.Pages\Grinding.Pages.csproj]
c:\NON_Install_Programs\DataHub\domains\Grinding\Grinding.Pages\DummyItems.razor.cs(21,17): error CS0246: Typ nebo název oboru názvů ILogger<> se nenašel. (Nechybí direktiva using nebo odkaz na sestavení?) [c:\NON_Install_Programs\DataHub\domains\Grinding\Grinding.Pages\Grinding.Pages.csproj]
c:\NON_Install_Programs\DataHub\domains\Grinding\Grinding.Pages\AlarmsView.razor(2,9): error CS0246: Typ nebo název oboru názvů IAlarmService se nenašel. (Nechybí direktiva using nebo odkaz na sestavení?) [c:\NON_Install_Programs\DataHub\domains\Grinding\Grinding.Pages\Grinding.Pages.csproj]
c:\NON_Install_Programs\DataHub\domains\Grinding\Grinding.Pages\DummyItems.razor.cs(60,17): error CS0246: Typ nebo název oboru názvů GenericDataView<> se nenašel. (Nechybí direktiva using nebo odkaz na sestavení?) [c:\NON_Install_Programs\DataHub\domains\Grinding\Grinding.Pages\Grinding.Pages.csproj]
c:\NON_Install_Programs\DataHub\domains\Grinding\Grinding.Pages\AuditLogViewer.razor.cs(33,17): error CS0246: Typ nebo název oboru názvů GenericDataView<> se nenašel. (Nechybí direktiva using nebo odkaz na sestavení?) [c:\NON_Install_Programs\DataHub\domains\Grinding\Grinding.Pages\Grinding.Pages.csproj]
c:\NON_Install_Programs\DataHub\domains\Grinding\Grinding.Pages\Alarms.razor.cs(48,17): error CS0246: Typ nebo název oboru názvů GenericDataView<> se nenašel. (Nechybí direktiva using nebo odkaz na sestavení?) [c:\NON_Install_Programs\DataHub\domains\Grinding\Grinding.Pages\Grinding.Pages.csproj]
c:\NON_Install_Programs\DataHub\domains\Grinding\Grinding.Pages\Alarms.razor.cs(60,22): error CS0246: Typ nebo název oboru názvů UserSavedCriteria se nenašel. (Nechybí direktiva using nebo odkaz na sestavení?) [c:\NON_Install_Programs\DataHub\domains\Grinding\Grinding.Pages\Grinding.Pages.csproj]
    68 upozornění
    Počet chyb: 18

Uplynulý čas 00:00:04.70

Jsou k dispozici aktualizace úloh. Pokud chcete získat další informace, spusťte `dotnet workload list`.
