  Zjišťují se projekty, které se mají obnovit...
  Obnovil se projekt C:\NON_Install_Programs\DataHub\domains\Eisod\Eisod.Services\Eisod.Services.csproj (v 380 ms).
  Obnovil se projekt C:\NON_Install_Programs\DataHub\domains\Eisod\Eisod.Pages\Eisod.Pages.csproj (v 380 ms).
  Obnovil se projekt C:\NON_Install_Programs\DataHub\src\DataHub.Host\DataHub.Host.csproj (v 380 ms).
  7 z 10 projektů jsou v aktuálním stavu pro obnovení.
c:\NON_Install_Programs\DataHub\src\DataHub.Core\Components\Shared\FloatingQueryBuilder.razor.cs(18,34): warning CS0649: Do pole FloatingQueryBuilder<TItem>.draggableHeader se nikdy nic nepřiřadí. Bude mít vždy výchozí hodnotu . [c:\NON_Install_Programs\DataHub\src\DataHub.Core\DataHub.Core.csproj]
c:\NON_Install_Programs\DataHub\src\DataHub.Core\Components\Shared\FloatingQueryBuilder.razor.cs(17,34): warning CS0649: Do pole FloatingQueryBuilder<TItem>.draggableContainer se nikdy nic nepřiřadí. Bude mít vždy výchozí hodnotu . [c:\NON_Install_Programs\DataHub\src\DataHub.Core\DataHub.Core.csproj]
c:\NON_Install_Programs\DataHub\src\DataHub.Core\Components\Shared\FloatingQueryBuilder.razor.cs(19,34): warning CS0169: Pole FloatingQueryBuilder<TItem>.queryNameField se nikdy nepoužívá. [c:\NON_Install_Programs\DataHub\src\DataHub.Core\DataHub.Core.csproj]
c:\NON_Install_Programs\DataHub\src\DataHub.Core\Components\Shared\AdvancedFilterBuilder.razor.cs(27,22): warning CS0414: Pole AdvancedFilterBuilder<TItem>.showQueryBuilderModal má přiřazenou hodnotu, ale nikdy se nepoužívá. [c:\NON_Install_Programs\DataHub\src\DataHub.Core\DataHub.Core.csproj]
  DataHub.Core -> c:\NON_Install_Programs\DataHub\src\DataHub.Core\bin\Debug\net9.0\DataHub.Core.dll
c:\NON_Install_Programs\DataHub\domains\Eisod\Eisod.Shared\Models\ViewEisodSd.cs(24,18): warning CS8632: Poznámka u typů odkazů s možnou hodnotou null by se měla v kódu používat jenom v kontextu poznámek #nullable. [c:\NON_Install_Programs\DataHub\domains\Eisod\Eisod.Shared\Eisod.Shared.csproj]
c:\NON_Install_Programs\DataHub\domains\Eisod\Eisod.Shared\Models\ViewEisodSd.cs(28,18): warning CS8632: Poznámka u typů odkazů s možnou hodnotou null by se měla v kódu používat jenom v kontextu poznámek #nullable. [c:\NON_Install_Programs\DataHub\domains\Eisod\Eisod.Shared\Eisod.Shared.csproj]
c:\NON_Install_Programs\DataHub\domains\Eisod\Eisod.Shared\Models\ViewEisodSd.cs(32,18): warning CS8632: Poznámka u typů odkazů s možnou hodnotou null by se měla v kódu používat jenom v kontextu poznámek #nullable. [c:\NON_Install_Programs\DataHub\domains\Eisod\Eisod.Shared\Eisod.Shared.csproj]
c:\NON_Install_Programs\DataHub\domains\Eisod\Eisod.Shared\Models\ViewEisodSd.cs(42,18): warning CS8632: Poznámka u typů odkazů s možnou hodnotou null by se měla v kódu používat jenom v kontextu poznámek #nullable. [c:\NON_Install_Programs\DataHub\domains\Eisod\Eisod.Shared\Eisod.Shared.csproj]
c:\NON_Install_Programs\DataHub\domains\Grinding\Grinding.Shared\Dtos\OperationalRestPostRequestDTO.cs(34,22): warning CS8632: Poznámka u typů odkazů s možnou hodnotou null by se měla v kódu používat jenom v kontextu poznámek #nullable. [c:\NON_Install_Programs\DataHub\domains\Grinding\Grinding.Shared\Grinding.Shared.csproj]
c:\NON_Install_Programs\DataHub\domains\Grinding\Grinding.Shared\Dtos\OperationalRestResponseDTO.cs(14,22): warning CS8632: Poznámka u typů odkazů s možnou hodnotou null by se měla v kódu používat jenom v kontextu poznámek #nullable. [c:\NON_Install_Programs\DataHub\domains\Grinding\Grinding.Shared\Grinding.Shared.csproj]
c:\NON_Install_Programs\DataHub\domains\Grinding\Grinding.Shared\Models\Operational.cs(35,22): warning CS8632: Poznámka u typů odkazů s možnou hodnotou null by se měla v kódu používat jenom v kontextu poznámek #nullable. [c:\NON_Install_Programs\DataHub\domains\Grinding\Grinding.Shared\Grinding.Shared.csproj]
  Grinding.Shared -> c:\NON_Install_Programs\DataHub\domains\Grinding\Grinding.Shared\bin\Debug\net9.0\Grinding.Shared.dll
  Eisod.Shared -> C:\NON_Install_Programs\DataHub\domains\Eisod\Eisod.Shared\bin\Debug\net9.0\Eisod.Shared.dll
c:\NON_Install_Programs\DataHub\src\DataHub.Platform\Data\Interceptors\ComprehensiveAuditInterceptor.cs(36,54): warning CS8632: Poznámka u typů odkazů s možnou hodnotou null by se měla v kódu používat jenom v kontextu poznámek #nullable. [c:\NON_Install_Programs\DataHub\src\DataHub.Platform\DataHub.Platform.csproj]
c:\NON_Install_Programs\DataHub\src\DataHub.Platform\Data\ApplicationDbContext.cs(135,23): warning CS8632: Poznámka u typů odkazů s možnou hodnotou null by se měla v kódu používat jenom v kontextu poznámek #nullable. [c:\NON_Install_Programs\DataHub\src\DataHub.Platform\DataHub.Platform.csproj]
c:\NON_Install_Programs\DataHub\src\DataHub.Platform\Data\ApplicationDbContext.cs(151,23): warning CS8632: Poznámka u typů odkazů s možnou hodnotou null by se měla v kódu používat jenom v kontextu poznámek #nullable. [c:\NON_Install_Programs\DataHub\src\DataHub.Platform\DataHub.Platform.csproj]
c:\NON_Install_Programs\DataHub\src\DataHub.Platform\Data\ApplicationDbContext.cs(17,46): warning CS8632: Poznámka u typů odkazů s možnou hodnotou null by se měla v kódu používat jenom v kontextu poznámek #nullable. [c:\NON_Install_Programs\DataHub\src\DataHub.Platform\DataHub.Platform.csproj]
c:\NON_Install_Programs\DataHub\src\DataHub.Platform\Repositories\Generic\Repository.cs(35,42): warning CS8632: Poznámka u typů odkazů s možnou hodnotou null by se měla v kódu používat jenom v kontextu poznámek #nullable. [c:\NON_Install_Programs\DataHub\src\DataHub.Platform\DataHub.Platform.csproj]
c:\NON_Install_Programs\DataHub\src\DataHub.Platform\Repositories\DummyItemRepository.cs(51,30): warning CS8632: Poznámka u typů odkazů s možnou hodnotou null by se měla v kódu používat jenom v kontextu poznámek #nullable. [c:\NON_Install_Programs\DataHub\src\DataHub.Platform\DataHub.Platform.csproj]
c:\NON_Install_Programs\DataHub\src\DataHub.Platform\Data\ApplicationDbContext.cs(19,105): warning CS8632: Poznámka u typů odkazů s možnou hodnotou null by se měla v kódu používat jenom v kontextu poznámek #nullable. [c:\NON_Install_Programs\DataHub\src\DataHub.Platform\DataHub.Platform.csproj]
c:\NON_Install_Programs\DataHub\src\DataHub.Platform\Repositories\DummyItemRepository.cs(71,30): warning CS8632: Poznámka u typů odkazů s možnou hodnotou null by se měla v kódu používat jenom v kontextu poznámek #nullable. [c:\NON_Install_Programs\DataHub\src\DataHub.Platform\DataHub.Platform.csproj]
c:\NON_Install_Programs\DataHub\src\DataHub.Platform\Repositories\AuditLogRepository.cs(47,44): warning CS8632: Poznámka u typů odkazů s možnou hodnotou null by se měla v kódu používat jenom v kontextu poznámek #nullable. [c:\NON_Install_Programs\DataHub\src\DataHub.Platform\DataHub.Platform.csproj]
c:\NON_Install_Programs\DataHub\src\DataHub.Platform\Data\ApplicationDbContext.cs(137,55): warning CS8632: Poznámka u typů odkazů s možnou hodnotou null by se měla v kódu používat jenom v kontextu poznámek #nullable. [c:\NON_Install_Programs\DataHub\src\DataHub.Platform\DataHub.Platform.csproj]
c:\NON_Install_Programs\DataHub\src\DataHub.Platform\Data\Interceptors\ComprehensiveAuditInterceptor.cs(57,31): warning CS8632: Poznámka u typů odkazů s možnou hodnotou null by se měla v kódu používat jenom v kontextu poznámek #nullable. [c:\NON_Install_Programs\DataHub\src\DataHub.Platform\DataHub.Platform.csproj]
c:\NON_Install_Programs\DataHub\src\DataHub.Platform\Data\Interceptors\ComprehensiveAuditInterceptor.cs(100,78): warning CS8632: Poznámka u typů odkazů s možnou hodnotou null by se měla v kódu používat jenom v kontextu poznámek #nullable. [c:\NON_Install_Programs\DataHub\src\DataHub.Platform\DataHub.Platform.csproj]
c:\NON_Install_Programs\DataHub\src\DataHub.Platform\Data\Interceptors\ComprehensiveAuditInterceptor.cs(101,78): warning CS8632: Poznámka u typů odkazů s možnou hodnotou null by se měla v kódu používat jenom v kontextu poznámek #nullable. [c:\NON_Install_Programs\DataHub\src\DataHub.Platform\DataHub.Platform.csproj]
c:\NON_Install_Programs\DataHub\src\DataHub.Platform\Data\Interceptors\ComprehensiveAuditInterceptor.cs(136,57): warning CS8632: Poznámka u typů odkazů s možnou hodnotou null by se měla v kódu používat jenom v kontextu poznámek #nullable. [c:\NON_Install_Programs\DataHub\src\DataHub.Platform\DataHub.Platform.csproj]
c:\NON_Install_Programs\DataHub\src\DataHub.Platform\Repositories\DummyItemRepository.cs(82,53): warning CS8632: Poznámka u typů odkazů s možnou hodnotou null by se měla v kódu používat jenom v kontextu poznámek #nullable. [c:\NON_Install_Programs\DataHub\src\DataHub.Platform\DataHub.Platform.csproj]
c:\NON_Install_Programs\DataHub\src\DataHub.Platform\Repositories\DummyItemRepository.cs(84,49): warning CS8632: Poznámka u typů odkazů s možnou hodnotou null by se měla v kódu používat jenom v kontextu poznámek #nullable. [c:\NON_Install_Programs\DataHub\src\DataHub.Platform\DataHub.Platform.csproj]
  DataHub.Platform -> C:\NON_Install_Programs\DataHub\src\DataHub.Platform\bin\Debug\net9.0\DataHub.Platform.dll
c:\NON_Install_Programs\DataHub\domains\Grinding\Grinding.Services\AuditLogService.cs(46,41): warning CS8632: Poznámka u typů odkazů s možnou hodnotou null by se měla v kódu používat jenom v kontextu poznámek #nullable. [c:\NON_Install_Programs\DataHub\domains\Grinding\Grinding.Services\Grinding.Services.csproj]
c:\NON_Install_Programs\DataHub\domains\Grinding\Grinding.Services\IAlarmSpecificService.cs(12,31): warning CS8632: Poznámka u typů odkazů s možnou hodnotou null by se měla v kódu používat jenom v kontextu poznámek #nullable. [c:\NON_Install_Programs\DataHub\domains\Grinding\Grinding.Services\Grinding.Services.csproj]
c:\NON_Install_Programs\DataHub\domains\Grinding\Grinding.Services\AlarmService.cs(33,37): warning CS8632: Poznámka u typů odkazů s možnou hodnotou null by se měla v kódu používat jenom v kontextu poznámek #nullable. [c:\NON_Install_Programs\DataHub\domains\Grinding\Grinding.Services\Grinding.Services.csproj]
c:\NON_Install_Programs\DataHub\domains\Grinding\Grinding.Services\GrindingService.cs(46,50): warning CS8632: Poznámka u typů odkazů s možnou hodnotou null by se měla v kódu používat jenom v kontextu poznámek #nullable. [c:\NON_Install_Programs\DataHub\domains\Grinding\Grinding.Services\Grinding.Services.csproj]
c:\NON_Install_Programs\DataHub\domains\Grinding\Grinding.Services\IAlarmSpecificService.cs(13,78): warning CS8632: Poznámka u typů odkazů s možnou hodnotou null by se měla v kódu používat jenom v kontextu poznámek #nullable. [c:\NON_Install_Programs\DataHub\domains\Grinding\Grinding.Services\Grinding.Services.csproj]
c:\NON_Install_Programs\DataHub\domains\Grinding\Grinding.Services\IAlarmSpecificService.cs(13,105): warning CS8632: Poznámka u typů odkazů s možnou hodnotou null by se měla v kódu používat jenom v kontextu poznámek #nullable. [c:\NON_Install_Programs\DataHub\domains\Grinding\Grinding.Services\Grinding.Services.csproj]
c:\NON_Install_Programs\DataHub\domains\Grinding\Grinding.Services\IAlarmSpecificService.cs(13,149): warning CS8632: Poznámka u typů odkazů s možnou hodnotou null by se měla v kódu používat jenom v kontextu poznámek #nullable. [c:\NON_Install_Programs\DataHub\domains\Grinding\Grinding.Services\Grinding.Services.csproj]
c:\NON_Install_Programs\DataHub\domains\Grinding\Grinding.Services\IAlarmSpecificService.cs(13,186): warning CS8632: Poznámka u typů odkazů s možnou hodnotou null by se měla v kódu používat jenom v kontextu poznámek #nullable. [c:\NON_Install_Programs\DataHub\domains\Grinding\Grinding.Services\Grinding.Services.csproj]
c:\NON_Install_Programs\DataHub\domains\Grinding\Grinding.Services\AlarmService.cs(52,106): warning CS8632: Poznámka u typů odkazů s možnou hodnotou null by se měla v kódu používat jenom v kontextu poznámek #nullable. [c:\NON_Install_Programs\DataHub\domains\Grinding\Grinding.Services\Grinding.Services.csproj]
c:\NON_Install_Programs\DataHub\domains\Grinding\Grinding.Services\AlarmService.cs(52,133): warning CS8632: Poznámka u typů odkazů s možnou hodnotou null by se měla v kódu používat jenom v kontextu poznámek #nullable. [c:\NON_Install_Programs\DataHub\domains\Grinding\Grinding.Services\Grinding.Services.csproj]
c:\NON_Install_Programs\DataHub\domains\Grinding\Grinding.Services\AlarmService.cs(52,177): warning CS8632: Poznámka u typů odkazů s možnou hodnotou null by se měla v kódu používat jenom v kontextu poznámek #nullable. [c:\NON_Install_Programs\DataHub\domains\Grinding\Grinding.Services\Grinding.Services.csproj]
c:\NON_Install_Programs\DataHub\domains\Grinding\Grinding.Services\AlarmService.cs(52,214): warning CS8632: Poznámka u typů odkazů s možnou hodnotou null by se měla v kódu používat jenom v kontextu poznámek #nullable. [c:\NON_Install_Programs\DataHub\domains\Grinding\Grinding.Services\Grinding.Services.csproj]
c:\NON_Install_Programs\DataHub\domains\Grinding\Grinding.Services\IGrindingService.cs(10,37): warning CS8632: Poznámka u typů odkazů s možnou hodnotou null by se měla v kódu používat jenom v kontextu poznámek #nullable. [c:\NON_Install_Programs\DataHub\domains\Grinding\Grinding.Services\Grinding.Services.csproj]
c:\NON_Install_Programs\DataHub\domains\Grinding\Grinding.Services\IOperationalService.cs(10,40): warning CS8632: Poznámka u typů odkazů s možnou hodnotou null by se měla v kódu používat jenom v kontextu poznámek #nullable. [c:\NON_Install_Programs\DataHub\domains\Grinding\Grinding.Services\Grinding.Services.csproj]
c:\NON_Install_Programs\DataHub\domains\Grinding\Grinding.Services\AlarmService.cs(52,108): warning CS1066: Výchozí hodnota zadaná pro parametr filterName nebude mít žádný efekt, protože platí pro člen, který se používá v kontextech nedovolujících nepovinné argumenty. [c:\NON_Install_Programs\DataHub\domains\Grinding\Grinding.Services\Grinding.Services.csproj]
c:\NON_Install_Programs\DataHub\domains\Grinding\Grinding.Services\AlarmService.cs(52,135): warning CS1066: Výchozí hodnota zadaná pro parametr filterString nebude mít žádný efekt, protože platí pro člen, který se používá v kontextech nedovolujících nepovinné argumenty. [c:\NON_Install_Programs\DataHub\domains\Grinding\Grinding.Services\Grinding.Services.csproj]
c:\NON_Install_Programs\DataHub\domains\Grinding\Grinding.Services\OperationalService.cs(42,53): warning CS8632: Poznámka u typů odkazů s možnou hodnotou null by se měla v kódu používat jenom v kontextu poznámek #nullable. [c:\NON_Install_Programs\DataHub\domains\Grinding\Grinding.Services\Grinding.Services.csproj]
c:\NON_Install_Programs\DataHub\domains\Grinding\Grinding.Services\AlarmService.cs(52,179): warning CS1066: Výchozí hodnota zadaná pro parametr filters nebude mít žádný efekt, protože platí pro člen, který se používá v kontextech nedovolujících nepovinné argumenty. [c:\NON_Install_Programs\DataHub\domains\Grinding\Grinding.Services\Grinding.Services.csproj]
c:\NON_Install_Programs\DataHub\domains\Grinding\Grinding.Services\AlarmService.cs(52,216): warning CS1066: Výchozí hodnota zadaná pro parametr sorts nebude mít žádný efekt, protože platí pro člen, který se používá v kontextech nedovolujících nepovinné argumenty. [c:\NON_Install_Programs\DataHub\domains\Grinding\Grinding.Services\Grinding.Services.csproj]
c:\NON_Install_Programs\DataHub\domains\Grinding\Grinding.Services\Repositories\AlarmRepository.cs(78,41): warning CS8632: Poznámka u typů odkazů s možnou hodnotou null by se měla v kódu používat jenom v kontextu poznámek #nullable. [c:\NON_Install_Programs\DataHub\domains\Grinding\Grinding.Services\Grinding.Services.csproj]
  Eisod.Services -> C:\NON_Install_Programs\DataHub\domains\Eisod\Eisod.Services\bin\Debug\net9.0\Eisod.Services.dll
  Grinding.Services -> C:\NON_Install_Programs\DataHub\domains\Grinding\Grinding.Services\bin\Debug\net9.0\Grinding.Services.dll
c:\NON_Install_Programs\DataHub\domains\Eisod\Eisod.Pages\EisodSdView.razor(24,1): warning RZ10012: Found markup element with unexpected name 'GenericDataView'. If this is intended to be a component, add a @using directive for its namespace. [c:\NON_Install_Programs\DataHub\domains\Eisod\Eisod.Pages\Eisod.Pages.csproj]
c:\NON_Install_Programs\DataHub\domains\Eisod\Eisod.Pages\EisodSdView.razor(32,5): warning RZ10012: Found markup element with unexpected name 'ActionColumnTemplate'. If this is intended to be a component, add a @using directive for its namespace. [c:\NON_Install_Programs\DataHub\domains\Eisod\Eisod.Pages\Eisod.Pages.csproj]
c:\NON_Install_Programs\DataHub\domains\Eisod\Eisod.Pages\EisodSdView.razor.cs(27,17): error CS0246: Typ nebo název oboru názvů GenericDataView<> se nenašel. (Nechybí direktiva using nebo odkaz na sestavení?) [c:\NON_Install_Programs\DataHub\domains\Eisod\Eisod.Pages\Eisod.Pages.csproj]
c:\NON_Install_Programs\DataHub\domains\Eisod\Eisod.Pages\EisodSdView.razor.cs(29,23): warning CS8632: Poznámka u typů odkazů s možnou hodnotou null by se měla v kódu používat jenom v kontextu poznámek #nullable. [c:\NON_Install_Programs\DataHub\domains\Eisod\Eisod.Pages\Eisod.Pages.csproj]
c:\NON_Install_Programs\DataHub\domains\Eisod\Eisod.Pages\EisodSdView.razor.cs(30,23): warning CS8632: Poznámka u typů odkazů s možnou hodnotou null by se měla v kódu používat jenom v kontextu poznámek #nullable. [c:\NON_Install_Programs\DataHub\domains\Eisod\Eisod.Pages\Eisod.Pages.csproj]
c:\NON_Install_Programs\DataHub\domains\Grinding\Grinding.Pages\AlarmAction.razor(13,1): warning RZ10012: Found markup element with unexpected name 'GenericEntityActionPage'. If this is intended to be a component, add a @using directive for its namespace. [c:\NON_Install_Programs\DataHub\domains\Grinding\Grinding.Pages\Grinding.Pages.csproj]
c:\NON_Install_Programs\DataHub\domains\Grinding\Grinding.Pages\AlarmAction.razor(18,5): warning RZ10012: Found markup element with unexpected name 'EditorTemplate'. If this is intended to be a component, add a @using directive for its namespace. [c:\NON_Install_Programs\DataHub\domains\Grinding\Grinding.Pages\Grinding.Pages.csproj]
c:\NON_Install_Programs\DataHub\domains\Grinding\Grinding.Pages\Alarms.razor(46,1): warning RZ10012: Found markup element with unexpected name 'GenericDataView'. If this is intended to be a component, add a @using directive for its namespace. [c:\NON_Install_Programs\DataHub\domains\Grinding\Grinding.Pages\Grinding.Pages.csproj]
c:\NON_Install_Programs\DataHub\domains\Grinding\Grinding.Pages\Alarms.razor(56,5): warning RZ10012: Found markup element with unexpected name 'ActionColumnTemplate'. If this is intended to be a component, add a @using directive for its namespace. [c:\NON_Install_Programs\DataHub\domains\Grinding\Grinding.Pages\Grinding.Pages.csproj]
c:\NON_Install_Programs\DataHub\domains\Grinding\Grinding.Pages\AuditLogViewer.razor(24,1): warning RZ10012: Found markup element with unexpected name 'GenericDataView'. If this is intended to be a component, add a @using directive for its namespace. [c:\NON_Install_Programs\DataHub\domains\Grinding\Grinding.Pages\Grinding.Pages.csproj]
c:\NON_Install_Programs\DataHub\domains\Grinding\Grinding.Pages\AuditLogViewer.razor(32,5): warning RZ10012: Found markup element with unexpected name 'ActionColumnTemplate'. If this is intended to be a component, add a @using directive for its namespace. [c:\NON_Install_Programs\DataHub\domains\Grinding\Grinding.Pages\Grinding.Pages.csproj]
c:\NON_Install_Programs\DataHub\domains\Grinding\Grinding.Pages\DummyItemAction.razor(13,1): warning RZ10012: Found markup element with unexpected name 'GenericEntityActionPage'. If this is intended to be a component, add a @using directive for its namespace. [c:\NON_Install_Programs\DataHub\domains\Grinding\Grinding.Pages\Grinding.Pages.csproj]
c:\NON_Install_Programs\DataHub\domains\Grinding\Grinding.Pages\DummyItemAction.razor(18,5): warning RZ10012: Found markup element with unexpected name 'EditorTemplate'. If this is intended to be a component, add a @using directive for its namespace. [c:\NON_Install_Programs\DataHub\domains\Grinding\Grinding.Pages\Grinding.Pages.csproj]
c:\NON_Install_Programs\DataHub\domains\Grinding\Grinding.Pages\DummyItems.razor(34,1): warning RZ10012: Found markup element with unexpected name 'GenericDataView'. If this is intended to be a component, add a @using directive for its namespace. [c:\NON_Install_Programs\DataHub\domains\Grinding\Grinding.Pages\Grinding.Pages.csproj]
c:\NON_Install_Programs\DataHub\domains\Grinding\Grinding.Pages\DummyItems.razor(42,5): warning RZ10012: Found markup element with unexpected name 'ActionColumnTemplate'. If this is intended to be a component, add a @using directive for its namespace. [c:\NON_Install_Programs\DataHub\domains\Grinding\Grinding.Pages\Grinding.Pages.csproj]
c:\NON_Install_Programs\DataHub\domains\Grinding\Grinding.Pages\AlarmsView.razor(69,25): warning CS8669: Poznámka pro typy odkazů s možnou hodnotou null by se měla používat jenom v kódu v rámci kontextu poznámek #nullable. Automaticky vygenerovaný kód vyžaduje explicitní direktivu #nullable ve zdroji. [c:\NON_Install_Programs\DataHub\domains\Grinding\Grinding.Pages\Grinding.Pages.csproj]
c:\NON_Install_Programs\DataHub\domains\Grinding\Grinding.Pages\AlarmsView.razor(71,19): warning CS8669: Poznámka pro typy odkazů s možnou hodnotou null by se měla používat jenom v kódu v rámci kontextu poznámek #nullable. Automaticky vygenerovaný kód vyžaduje explicitní direktivu #nullable ve zdroji. [c:\NON_Install_Programs\DataHub\domains\Grinding\Grinding.Pages\Grinding.Pages.csproj]
c:\NON_Install_Programs\DataHub\domains\Grinding\Grinding.Pages\DummyItemDetails.razor(43,22): warning CS8669: Poznámka pro typy odkazů s možnou hodnotou null by se měla používat jenom v kódu v rámci kontextu poznámek #nullable. Automaticky vygenerovaný kód vyžaduje explicitní direktivu #nullable ve zdroji. [c:\NON_Install_Programs\DataHub\domains\Grinding\Grinding.Pages\Grinding.Pages.csproj]
c:\NON_Install_Programs\DataHub\domains\Grinding\Grinding.Pages\DummyItems.razor.cs(62,17): error CS0246: Typ nebo název oboru názvů GenericDataView<> se nenašel. (Nechybí direktiva using nebo odkaz na sestavení?) [c:\NON_Install_Programs\DataHub\domains\Grinding\Grinding.Pages\Grinding.Pages.csproj]
c:\NON_Install_Programs\DataHub\domains\Grinding\Grinding.Pages\DummyItems.razor.cs(64,23): warning CS8632: Poznámka u typů odkazů s možnou hodnotou null by se měla v kódu používat jenom v kontextu poznámek #nullable. [c:\NON_Install_Programs\DataHub\domains\Grinding\Grinding.Pages\Grinding.Pages.csproj]
c:\NON_Install_Programs\DataHub\domains\Grinding\Grinding.Pages\DummyItems.razor.cs(65,23): warning CS8632: Poznámka u typů odkazů s možnou hodnotou null by se měla v kódu používat jenom v kontextu poznámek #nullable. [c:\NON_Install_Programs\DataHub\domains\Grinding\Grinding.Pages\Grinding.Pages.csproj]
c:\NON_Install_Programs\DataHub\domains\Grinding\Grinding.Pages\Alarms.razor.cs(50,17): error CS0246: Typ nebo název oboru názvů GenericDataView<> se nenašel. (Nechybí direktiva using nebo odkaz na sestavení?) [c:\NON_Install_Programs\DataHub\domains\Grinding\Grinding.Pages\Grinding.Pages.csproj]
c:\NON_Install_Programs\DataHub\domains\Grinding\Grinding.Pages\Alarms.razor.cs(51,23): warning CS8632: Poznámka u typů odkazů s možnou hodnotou null by se měla v kódu používat jenom v kontextu poznámek #nullable. [c:\NON_Install_Programs\DataHub\domains\Grinding\Grinding.Pages\Grinding.Pages.csproj]
c:\NON_Install_Programs\DataHub\domains\Grinding\Grinding.Pages\Alarms.razor.cs(52,23): warning CS8632: Poznámka u typů odkazů s možnou hodnotou null by se měla v kódu používat jenom v kontextu poznámek #nullable. [c:\NON_Install_Programs\DataHub\domains\Grinding\Grinding.Pages\Grinding.Pages.csproj]
c:\NON_Install_Programs\DataHub\domains\Grinding\Grinding.Pages\AuditLogViewer.razor.cs(30,23): warning CS8632: Poznámka u typů odkazů s možnou hodnotou null by se měla v kódu používat jenom v kontextu poznámek #nullable. [c:\NON_Install_Programs\DataHub\domains\Grinding\Grinding.Pages\Grinding.Pages.csproj]
c:\NON_Install_Programs\DataHub\domains\Grinding\Grinding.Pages\Alarms.razor.cs(58,23): warning CS8632: Poznámka u typů odkazů s možnou hodnotou null by se měla v kódu používat jenom v kontextu poznámek #nullable. [c:\NON_Install_Programs\DataHub\domains\Grinding\Grinding.Pages\Grinding.Pages.csproj]
c:\NON_Install_Programs\DataHub\domains\Grinding\Grinding.Pages\AuditLogViewer.razor.cs(33,17): error CS0246: Typ nebo název oboru názvů GenericDataView<> se nenašel. (Nechybí direktiva using nebo odkaz na sestavení?) [c:\NON_Install_Programs\DataHub\domains\Grinding\Grinding.Pages\Grinding.Pages.csproj]
c:\NON_Install_Programs\DataHub\domains\Grinding\Grinding.Client\Program.cs(86,23): warning CS8632: Poznámka u typů odkazů s možnou hodnotou null by se měla v kódu používat jenom v kontextu poznámek #nullable. [c:\NON_Install_Programs\DataHub\domains\Grinding\Grinding.Client\Grinding.Client.csproj]
c:\NON_Install_Programs\DataHub\domains\Grinding\Grinding.Client\MdbReader.cs(242,35): warning CS1998: V této asynchronní metodě chybí operátory await a spustí se synchronně. Zvažte použití operátoru await pro čekání na neblokující volání rozhraní API nebo vykonání činnosti vázané na procesor ve vlákně na pozadí pomocí výrazu await Task.Run(...). [c:\NON_Install_Programs\DataHub\domains\Grinding\Grinding.Client\Grinding.Client.csproj]
c:\NON_Install_Programs\DataHub\domains\Grinding\Grinding.Client\MdbReader.cs(374,96): warning CS8632: Poznámka u typů odkazů s možnou hodnotou null by se měla v kódu používat jenom v kontextu poznámek #nullable. [c:\NON_Install_Programs\DataHub\domains\Grinding\Grinding.Client\Grinding.Client.csproj]
c:\NON_Install_Programs\DataHub\domains\Grinding\Grinding.Client\MdbReader.cs(395,34): warning CS1998: V této asynchronní metodě chybí operátory await a spustí se synchronně. Zvažte použití operátoru await pro čekání na neblokující volání rozhraní API nebo vykonání činnosti vázané na procesor ve vlákně na pozadí pomocí výrazu await Task.Run(...). [c:\NON_Install_Programs\DataHub\domains\Grinding\Grinding.Client\Grinding.Client.csproj]
c:\NON_Install_Programs\DataHub\domains\Grinding\Grinding.Client\MdbReader.cs(425,34): warning CS1998: V této asynchronní metodě chybí operátory await a spustí se synchronně. Zvažte použití operátoru await pro čekání na neblokující volání rozhraní API nebo vykonání činnosti vázané na procesor ve vlákně na pozadí pomocí výrazu await Task.Run(...). [c:\NON_Install_Programs\DataHub\domains\Grinding\Grinding.Client\Grinding.Client.csproj]
c:\NON_Install_Programs\DataHub\domains\Grinding\Grinding.Client\Program.cs(29,67): warning CA1416: Toto místo volání je k dispozici na všech platformách. MdbReader.PrintMdbStructure(IServiceProvider) se podporuje jen na 'windows'. (https://learn.microsoft.com/dotnet/fundamentals/code-analysis/quality-rules/ca1416) [c:\NON_Install_Programs\DataHub\domains\Grinding\Grinding.Client\Grinding.Client.csproj]
c:\NON_Install_Programs\DataHub\domains\Grinding\Grinding.Client\Program.cs(32,66): warning CA1416: Toto místo volání je k dispozici na všech platformách. MdbReader.ResetClientDbIds(IServiceProvider) se podporuje jen na 'windows'. (https://learn.microsoft.com/dotnet/fundamentals/code-analysis/quality-rules/ca1416) [c:\NON_Install_Programs\DataHub\domains\Grinding\Grinding.Client\Grinding.Client.csproj]
c:\NON_Install_Programs\DataHub\domains\Grinding\Grinding.Client\Program.cs(35,67): warning CA1416: Toto místo volání je k dispozici na všech platformách. MdbReader.PrintConfiguredTables(IServiceProvider) se podporuje jen na 'windows'. (https://learn.microsoft.com/dotnet/fundamentals/code-analysis/quality-rules/ca1416) [c:\NON_Install_Programs\DataHub\domains\Grinding\Grinding.Client\Grinding.Client.csproj]
  Grinding.Client -> c:\NON_Install_Programs\DataHub\domains\Grinding\Grinding.Client\bin\Debug\net9.0\Grinding.Client.dll

Sestavení SE NEZDAŘILO.

c:\NON_Install_Programs\DataHub\src\DataHub.Core\Components\Shared\FloatingQueryBuilder.razor.cs(18,34): warning CS0649: Do pole FloatingQueryBuilder<TItem>.draggableHeader se nikdy nic nepřiřadí. Bude mít vždy výchozí hodnotu . [c:\NON_Install_Programs\DataHub\src\DataHub.Core\DataHub.Core.csproj]
c:\NON_Install_Programs\DataHub\src\DataHub.Core\Components\Shared\FloatingQueryBuilder.razor.cs(17,34): warning CS0649: Do pole FloatingQueryBuilder<TItem>.draggableContainer se nikdy nic nepřiřadí. Bude mít vždy výchozí hodnotu . [c:\NON_Install_Programs\DataHub\src\DataHub.Core\DataHub.Core.csproj]
c:\NON_Install_Programs\DataHub\src\DataHub.Core\Components\Shared\FloatingQueryBuilder.razor.cs(19,34): warning CS0169: Pole FloatingQueryBuilder<TItem>.queryNameField se nikdy nepoužívá. [c:\NON_Install_Programs\DataHub\src\DataHub.Core\DataHub.Core.csproj]
c:\NON_Install_Programs\DataHub\src\DataHub.Core\Components\Shared\AdvancedFilterBuilder.razor.cs(27,22): warning CS0414: Pole AdvancedFilterBuilder<TItem>.showQueryBuilderModal má přiřazenou hodnotu, ale nikdy se nepoužívá. [c:\NON_Install_Programs\DataHub\src\DataHub.Core\DataHub.Core.csproj]
c:\NON_Install_Programs\DataHub\domains\Eisod\Eisod.Shared\Models\ViewEisodSd.cs(24,18): warning CS8632: Poznámka u typů odkazů s možnou hodnotou null by se měla v kódu používat jenom v kontextu poznámek #nullable. [c:\NON_Install_Programs\DataHub\domains\Eisod\Eisod.Shared\Eisod.Shared.csproj]
c:\NON_Install_Programs\DataHub\domains\Eisod\Eisod.Shared\Models\ViewEisodSd.cs(28,18): warning CS8632: Poznámka u typů odkazů s možnou hodnotou null by se měla v kódu používat jenom v kontextu poznámek #nullable. [c:\NON_Install_Programs\DataHub\domains\Eisod\Eisod.Shared\Eisod.Shared.csproj]
c:\NON_Install_Programs\DataHub\domains\Eisod\Eisod.Shared\Models\ViewEisodSd.cs(32,18): warning CS8632: Poznámka u typů odkazů s možnou hodnotou null by se měla v kódu používat jenom v kontextu poznámek #nullable. [c:\NON_Install_Programs\DataHub\domains\Eisod\Eisod.Shared\Eisod.Shared.csproj]
c:\NON_Install_Programs\DataHub\domains\Eisod\Eisod.Shared\Models\ViewEisodSd.cs(42,18): warning CS8632: Poznámka u typů odkazů s možnou hodnotou null by se měla v kódu používat jenom v kontextu poznámek #nullable. [c:\NON_Install_Programs\DataHub\domains\Eisod\Eisod.Shared\Eisod.Shared.csproj]
c:\NON_Install_Programs\DataHub\domains\Grinding\Grinding.Shared\Dtos\OperationalRestPostRequestDTO.cs(34,22): warning CS8632: Poznámka u typů odkazů s možnou hodnotou null by se měla v kódu používat jenom v kontextu poznámek #nullable. [c:\NON_Install_Programs\DataHub\domains\Grinding\Grinding.Shared\Grinding.Shared.csproj]
c:\NON_Install_Programs\DataHub\domains\Grinding\Grinding.Shared\Dtos\OperationalRestResponseDTO.cs(14,22): warning CS8632: Poznámka u typů odkazů s možnou hodnotou null by se měla v kódu používat jenom v kontextu poznámek #nullable. [c:\NON_Install_Programs\DataHub\domains\Grinding\Grinding.Shared\Grinding.Shared.csproj]
c:\NON_Install_Programs\DataHub\domains\Grinding\Grinding.Shared\Models\Operational.cs(35,22): warning CS8632: Poznámka u typů odkazů s možnou hodnotou null by se měla v kódu používat jenom v kontextu poznámek #nullable. [c:\NON_Install_Programs\DataHub\domains\Grinding\Grinding.Shared\Grinding.Shared.csproj]
c:\NON_Install_Programs\DataHub\src\DataHub.Platform\Data\Interceptors\ComprehensiveAuditInterceptor.cs(36,54): warning CS8632: Poznámka u typů odkazů s možnou hodnotou null by se měla v kódu používat jenom v kontextu poznámek #nullable. [c:\NON_Install_Programs\DataHub\src\DataHub.Platform\DataHub.Platform.csproj]
c:\NON_Install_Programs\DataHub\src\DataHub.Platform\Data\ApplicationDbContext.cs(135,23): warning CS8632: Poznámka u typů odkazů s možnou hodnotou null by se měla v kódu používat jenom v kontextu poznámek #nullable. [c:\NON_Install_Programs\DataHub\src\DataHub.Platform\DataHub.Platform.csproj]
c:\NON_Install_Programs\DataHub\src\DataHub.Platform\Data\ApplicationDbContext.cs(151,23): warning CS8632: Poznámka u typů odkazů s možnou hodnotou null by se měla v kódu používat jenom v kontextu poznámek #nullable. [c:\NON_Install_Programs\DataHub\src\DataHub.Platform\DataHub.Platform.csproj]
c:\NON_Install_Programs\DataHub\src\DataHub.Platform\Data\ApplicationDbContext.cs(17,46): warning CS8632: Poznámka u typů odkazů s možnou hodnotou null by se měla v kódu používat jenom v kontextu poznámek #nullable. [c:\NON_Install_Programs\DataHub\src\DataHub.Platform\DataHub.Platform.csproj]
c:\NON_Install_Programs\DataHub\src\DataHub.Platform\Repositories\Generic\Repository.cs(35,42): warning CS8632: Poznámka u typů odkazů s možnou hodnotou null by se měla v kódu používat jenom v kontextu poznámek #nullable. [c:\NON_Install_Programs\DataHub\src\DataHub.Platform\DataHub.Platform.csproj]
c:\NON_Install_Programs\DataHub\src\DataHub.Platform\Repositories\DummyItemRepository.cs(51,30): warning CS8632: Poznámka u typů odkazů s možnou hodnotou null by se měla v kódu používat jenom v kontextu poznámek #nullable. [c:\NON_Install_Programs\DataHub\src\DataHub.Platform\DataHub.Platform.csproj]
c:\NON_Install_Programs\DataHub\src\DataHub.Platform\Data\ApplicationDbContext.cs(19,105): warning CS8632: Poznámka u typů odkazů s možnou hodnotou null by se měla v kódu používat jenom v kontextu poznámek #nullable. [c:\NON_Install_Programs\DataHub\src\DataHub.Platform\DataHub.Platform.csproj]
c:\NON_Install_Programs\DataHub\src\DataHub.Platform\Repositories\DummyItemRepository.cs(71,30): warning CS8632: Poznámka u typů odkazů s možnou hodnotou null by se měla v kódu používat jenom v kontextu poznámek #nullable. [c:\NON_Install_Programs\DataHub\src\DataHub.Platform\DataHub.Platform.csproj]
c:\NON_Install_Programs\DataHub\src\DataHub.Platform\Repositories\AuditLogRepository.cs(47,44): warning CS8632: Poznámka u typů odkazů s možnou hodnotou null by se měla v kódu používat jenom v kontextu poznámek #nullable. [c:\NON_Install_Programs\DataHub\src\DataHub.Platform\DataHub.Platform.csproj]
c:\NON_Install_Programs\DataHub\src\DataHub.Platform\Data\ApplicationDbContext.cs(137,55): warning CS8632: Poznámka u typů odkazů s možnou hodnotou null by se měla v kódu používat jenom v kontextu poznámek #nullable. [c:\NON_Install_Programs\DataHub\src\DataHub.Platform\DataHub.Platform.csproj]
c:\NON_Install_Programs\DataHub\src\DataHub.Platform\Data\Interceptors\ComprehensiveAuditInterceptor.cs(57,31): warning CS8632: Poznámka u typů odkazů s možnou hodnotou null by se měla v kódu používat jenom v kontextu poznámek #nullable. [c:\NON_Install_Programs\DataHub\src\DataHub.Platform\DataHub.Platform.csproj]
c:\NON_Install_Programs\DataHub\src\DataHub.Platform\Data\Interceptors\ComprehensiveAuditInterceptor.cs(100,78): warning CS8632: Poznámka u typů odkazů s možnou hodnotou null by se měla v kódu používat jenom v kontextu poznámek #nullable. [c:\NON_Install_Programs\DataHub\src\DataHub.Platform\DataHub.Platform.csproj]
c:\NON_Install_Programs\DataHub\src\DataHub.Platform\Data\Interceptors\ComprehensiveAuditInterceptor.cs(101,78): warning CS8632: Poznámka u typů odkazů s možnou hodnotou null by se měla v kódu používat jenom v kontextu poznámek #nullable. [c:\NON_Install_Programs\DataHub\src\DataHub.Platform\DataHub.Platform.csproj]
c:\NON_Install_Programs\DataHub\src\DataHub.Platform\Data\Interceptors\ComprehensiveAuditInterceptor.cs(136,57): warning CS8632: Poznámka u typů odkazů s možnou hodnotou null by se měla v kódu používat jenom v kontextu poznámek #nullable. [c:\NON_Install_Programs\DataHub\src\DataHub.Platform\DataHub.Platform.csproj]
c:\NON_Install_Programs\DataHub\src\DataHub.Platform\Repositories\DummyItemRepository.cs(82,53): warning CS8632: Poznámka u typů odkazů s možnou hodnotou null by se měla v kódu používat jenom v kontextu poznámek #nullable. [c:\NON_Install_Programs\DataHub\src\DataHub.Platform\DataHub.Platform.csproj]
c:\NON_Install_Programs\DataHub\src\DataHub.Platform\Repositories\DummyItemRepository.cs(84,49): warning CS8632: Poznámka u typů odkazů s možnou hodnotou null by se měla v kódu používat jenom v kontextu poznámek #nullable. [c:\NON_Install_Programs\DataHub\src\DataHub.Platform\DataHub.Platform.csproj]
c:\NON_Install_Programs\DataHub\domains\Grinding\Grinding.Services\AuditLogService.cs(46,41): warning CS8632: Poznámka u typů odkazů s možnou hodnotou null by se měla v kódu používat jenom v kontextu poznámek #nullable. [c:\NON_Install_Programs\DataHub\domains\Grinding\Grinding.Services\Grinding.Services.csproj]
c:\NON_Install_Programs\DataHub\domains\Grinding\Grinding.Services\IAlarmSpecificService.cs(12,31): warning CS8632: Poznámka u typů odkazů s možnou hodnotou null by se měla v kódu používat jenom v kontextu poznámek #nullable. [c:\NON_Install_Programs\DataHub\domains\Grinding\Grinding.Services\Grinding.Services.csproj]
c:\NON_Install_Programs\DataHub\domains\Grinding\Grinding.Services\AlarmService.cs(33,37): warning CS8632: Poznámka u typů odkazů s možnou hodnotou null by se měla v kódu používat jenom v kontextu poznámek #nullable. [c:\NON_Install_Programs\DataHub\domains\Grinding\Grinding.Services\Grinding.Services.csproj]
c:\NON_Install_Programs\DataHub\domains\Grinding\Grinding.Services\GrindingService.cs(46,50): warning CS8632: Poznámka u typů odkazů s možnou hodnotou null by se měla v kódu používat jenom v kontextu poznámek #nullable. [c:\NON_Install_Programs\DataHub\domains\Grinding\Grinding.Services\Grinding.Services.csproj]
c:\NON_Install_Programs\DataHub\domains\Grinding\Grinding.Services\IAlarmSpecificService.cs(13,78): warning CS8632: Poznámka u typů odkazů s možnou hodnotou null by se měla v kódu používat jenom v kontextu poznámek #nullable. [c:\NON_Install_Programs\DataHub\domains\Grinding\Grinding.Services\Grinding.Services.csproj]
c:\NON_Install_Programs\DataHub\domains\Grinding\Grinding.Services\IAlarmSpecificService.cs(13,105): warning CS8632: Poznámka u typů odkazů s možnou hodnotou null by se měla v kódu používat jenom v kontextu poznámek #nullable. [c:\NON_Install_Programs\DataHub\domains\Grinding\Grinding.Services\Grinding.Services.csproj]
c:\NON_Install_Programs\DataHub\domains\Grinding\Grinding.Services\IAlarmSpecificService.cs(13,149): warning CS8632: Poznámka u typů odkazů s možnou hodnotou null by se měla v kódu používat jenom v kontextu poznámek #nullable. [c:\NON_Install_Programs\DataHub\domains\Grinding\Grinding.Services\Grinding.Services.csproj]
c:\NON_Install_Programs\DataHub\domains\Grinding\Grinding.Services\IAlarmSpecificService.cs(13,186): warning CS8632: Poznámka u typů odkazů s možnou hodnotou null by se měla v kódu používat jenom v kontextu poznámek #nullable. [c:\NON_Install_Programs\DataHub\domains\Grinding\Grinding.Services\Grinding.Services.csproj]
c:\NON_Install_Programs\DataHub\domains\Grinding\Grinding.Services\AlarmService.cs(52,106): warning CS8632: Poznámka u typů odkazů s možnou hodnotou null by se měla v kódu používat jenom v kontextu poznámek #nullable. [c:\NON_Install_Programs\DataHub\domains\Grinding\Grinding.Services\Grinding.Services.csproj]
c:\NON_Install_Programs\DataHub\domains\Grinding\Grinding.Services\AlarmService.cs(52,133): warning CS8632: Poznámka u typů odkazů s možnou hodnotou null by se měla v kódu používat jenom v kontextu poznámek #nullable. [c:\NON_Install_Programs\DataHub\domains\Grinding\Grinding.Services\Grinding.Services.csproj]
c:\NON_Install_Programs\DataHub\domains\Grinding\Grinding.Services\AlarmService.cs(52,177): warning CS8632: Poznámka u typů odkazů s možnou hodnotou null by se měla v kódu používat jenom v kontextu poznámek #nullable. [c:\NON_Install_Programs\DataHub\domains\Grinding\Grinding.Services\Grinding.Services.csproj]
c:\NON_Install_Programs\DataHub\domains\Grinding\Grinding.Services\AlarmService.cs(52,214): warning CS8632: Poznámka u typů odkazů s možnou hodnotou null by se měla v kódu používat jenom v kontextu poznámek #nullable. [c:\NON_Install_Programs\DataHub\domains\Grinding\Grinding.Services\Grinding.Services.csproj]
c:\NON_Install_Programs\DataHub\domains\Grinding\Grinding.Services\IGrindingService.cs(10,37): warning CS8632: Poznámka u typů odkazů s možnou hodnotou null by se měla v kódu používat jenom v kontextu poznámek #nullable. [c:\NON_Install_Programs\DataHub\domains\Grinding\Grinding.Services\Grinding.Services.csproj]
c:\NON_Install_Programs\DataHub\domains\Grinding\Grinding.Services\IOperationalService.cs(10,40): warning CS8632: Poznámka u typů odkazů s možnou hodnotou null by se měla v kódu používat jenom v kontextu poznámek #nullable. [c:\NON_Install_Programs\DataHub\domains\Grinding\Grinding.Services\Grinding.Services.csproj]
c:\NON_Install_Programs\DataHub\domains\Grinding\Grinding.Services\AlarmService.cs(52,108): warning CS1066: Výchozí hodnota zadaná pro parametr filterName nebude mít žádný efekt, protože platí pro člen, který se používá v kontextech nedovolujících nepovinné argumenty. [c:\NON_Install_Programs\DataHub\domains\Grinding\Grinding.Services\Grinding.Services.csproj]
c:\NON_Install_Programs\DataHub\domains\Grinding\Grinding.Services\AlarmService.cs(52,135): warning CS1066: Výchozí hodnota zadaná pro parametr filterString nebude mít žádný efekt, protože platí pro člen, který se používá v kontextech nedovolujících nepovinné argumenty. [c:\NON_Install_Programs\DataHub\domains\Grinding\Grinding.Services\Grinding.Services.csproj]
c:\NON_Install_Programs\DataHub\domains\Grinding\Grinding.Services\OperationalService.cs(42,53): warning CS8632: Poznámka u typů odkazů s možnou hodnotou null by se měla v kódu používat jenom v kontextu poznámek #nullable. [c:\NON_Install_Programs\DataHub\domains\Grinding\Grinding.Services\Grinding.Services.csproj]
c:\NON_Install_Programs\DataHub\domains\Grinding\Grinding.Services\AlarmService.cs(52,179): warning CS1066: Výchozí hodnota zadaná pro parametr filters nebude mít žádný efekt, protože platí pro člen, který se používá v kontextech nedovolujících nepovinné argumenty. [c:\NON_Install_Programs\DataHub\domains\Grinding\Grinding.Services\Grinding.Services.csproj]
c:\NON_Install_Programs\DataHub\domains\Grinding\Grinding.Services\AlarmService.cs(52,216): warning CS1066: Výchozí hodnota zadaná pro parametr sorts nebude mít žádný efekt, protože platí pro člen, který se používá v kontextech nedovolujících nepovinné argumenty. [c:\NON_Install_Programs\DataHub\domains\Grinding\Grinding.Services\Grinding.Services.csproj]
c:\NON_Install_Programs\DataHub\domains\Grinding\Grinding.Services\Repositories\AlarmRepository.cs(78,41): warning CS8632: Poznámka u typů odkazů s možnou hodnotou null by se měla v kódu používat jenom v kontextu poznámek #nullable. [c:\NON_Install_Programs\DataHub\domains\Grinding\Grinding.Services\Grinding.Services.csproj]
c:\NON_Install_Programs\DataHub\domains\Eisod\Eisod.Pages\EisodSdView.razor(24,1): warning RZ10012: Found markup element with unexpected name 'GenericDataView'. If this is intended to be a component, add a @using directive for its namespace. [c:\NON_Install_Programs\DataHub\domains\Eisod\Eisod.Pages\Eisod.Pages.csproj]
c:\NON_Install_Programs\DataHub\domains\Eisod\Eisod.Pages\EisodSdView.razor(32,5): warning RZ10012: Found markup element with unexpected name 'ActionColumnTemplate'. If this is intended to be a component, add a @using directive for its namespace. [c:\NON_Install_Programs\DataHub\domains\Eisod\Eisod.Pages\Eisod.Pages.csproj]
c:\NON_Install_Programs\DataHub\domains\Eisod\Eisod.Pages\EisodSdView.razor.cs(29,23): warning CS8632: Poznámka u typů odkazů s možnou hodnotou null by se měla v kódu používat jenom v kontextu poznámek #nullable. [c:\NON_Install_Programs\DataHub\domains\Eisod\Eisod.Pages\Eisod.Pages.csproj]
c:\NON_Install_Programs\DataHub\domains\Eisod\Eisod.Pages\EisodSdView.razor.cs(30,23): warning CS8632: Poznámka u typů odkazů s možnou hodnotou null by se měla v kódu používat jenom v kontextu poznámek #nullable. [c:\NON_Install_Programs\DataHub\domains\Eisod\Eisod.Pages\Eisod.Pages.csproj]
c:\NON_Install_Programs\DataHub\domains\Grinding\Grinding.Pages\AlarmAction.razor(13,1): warning RZ10012: Found markup element with unexpected name 'GenericEntityActionPage'. If this is intended to be a component, add a @using directive for its namespace. [c:\NON_Install_Programs\DataHub\domains\Grinding\Grinding.Pages\Grinding.Pages.csproj]
c:\NON_Install_Programs\DataHub\domains\Grinding\Grinding.Pages\AlarmAction.razor(18,5): warning RZ10012: Found markup element with unexpected name 'EditorTemplate'. If this is intended to be a component, add a @using directive for its namespace. [c:\NON_Install_Programs\DataHub\domains\Grinding\Grinding.Pages\Grinding.Pages.csproj]
c:\NON_Install_Programs\DataHub\domains\Grinding\Grinding.Pages\Alarms.razor(46,1): warning RZ10012: Found markup element with unexpected name 'GenericDataView'. If this is intended to be a component, add a @using directive for its namespace. [c:\NON_Install_Programs\DataHub\domains\Grinding\Grinding.Pages\Grinding.Pages.csproj]
c:\NON_Install_Programs\DataHub\domains\Grinding\Grinding.Pages\Alarms.razor(56,5): warning RZ10012: Found markup element with unexpected name 'ActionColumnTemplate'. If this is intended to be a component, add a @using directive for its namespace. [c:\NON_Install_Programs\DataHub\domains\Grinding\Grinding.Pages\Grinding.Pages.csproj]
c:\NON_Install_Programs\DataHub\domains\Grinding\Grinding.Pages\AuditLogViewer.razor(24,1): warning RZ10012: Found markup element with unexpected name 'GenericDataView'. If this is intended to be a component, add a @using directive for its namespace. [c:\NON_Install_Programs\DataHub\domains\Grinding\Grinding.Pages\Grinding.Pages.csproj]
c:\NON_Install_Programs\DataHub\domains\Grinding\Grinding.Pages\AuditLogViewer.razor(32,5): warning RZ10012: Found markup element with unexpected name 'ActionColumnTemplate'. If this is intended to be a component, add a @using directive for its namespace. [c:\NON_Install_Programs\DataHub\domains\Grinding\Grinding.Pages\Grinding.Pages.csproj]
c:\NON_Install_Programs\DataHub\domains\Grinding\Grinding.Pages\DummyItemAction.razor(13,1): warning RZ10012: Found markup element with unexpected name 'GenericEntityActionPage'. If this is intended to be a component, add a @using directive for its namespace. [c:\NON_Install_Programs\DataHub\domains\Grinding\Grinding.Pages\Grinding.Pages.csproj]
c:\NON_Install_Programs\DataHub\domains\Grinding\Grinding.Pages\DummyItemAction.razor(18,5): warning RZ10012: Found markup element with unexpected name 'EditorTemplate'. If this is intended to be a component, add a @using directive for its namespace. [c:\NON_Install_Programs\DataHub\domains\Grinding\Grinding.Pages\Grinding.Pages.csproj]
c:\NON_Install_Programs\DataHub\domains\Grinding\Grinding.Pages\DummyItems.razor(34,1): warning RZ10012: Found markup element with unexpected name 'GenericDataView'. If this is intended to be a component, add a @using directive for its namespace. [c:\NON_Install_Programs\DataHub\domains\Grinding\Grinding.Pages\Grinding.Pages.csproj]
c:\NON_Install_Programs\DataHub\domains\Grinding\Grinding.Pages\DummyItems.razor(42,5): warning RZ10012: Found markup element with unexpected name 'ActionColumnTemplate'. If this is intended to be a component, add a @using directive for its namespace. [c:\NON_Install_Programs\DataHub\domains\Grinding\Grinding.Pages\Grinding.Pages.csproj]
c:\NON_Install_Programs\DataHub\domains\Grinding\Grinding.Pages\AlarmsView.razor(69,25): warning CS8669: Poznámka pro typy odkazů s možnou hodnotou null by se měla používat jenom v kódu v rámci kontextu poznámek #nullable. Automaticky vygenerovaný kód vyžaduje explicitní direktivu #nullable ve zdroji. [c:\NON_Install_Programs\DataHub\domains\Grinding\Grinding.Pages\Grinding.Pages.csproj]
c:\NON_Install_Programs\DataHub\domains\Grinding\Grinding.Pages\AlarmsView.razor(71,19): warning CS8669: Poznámka pro typy odkazů s možnou hodnotou null by se měla používat jenom v kódu v rámci kontextu poznámek #nullable. Automaticky vygenerovaný kód vyžaduje explicitní direktivu #nullable ve zdroji. [c:\NON_Install_Programs\DataHub\domains\Grinding\Grinding.Pages\Grinding.Pages.csproj]
c:\NON_Install_Programs\DataHub\domains\Grinding\Grinding.Pages\DummyItemDetails.razor(43,22): warning CS8669: Poznámka pro typy odkazů s možnou hodnotou null by se měla používat jenom v kódu v rámci kontextu poznámek #nullable. Automaticky vygenerovaný kód vyžaduje explicitní direktivu #nullable ve zdroji. [c:\NON_Install_Programs\DataHub\domains\Grinding\Grinding.Pages\Grinding.Pages.csproj]
c:\NON_Install_Programs\DataHub\domains\Grinding\Grinding.Pages\DummyItems.razor.cs(64,23): warning CS8632: Poznámka u typů odkazů s možnou hodnotou null by se měla v kódu používat jenom v kontextu poznámek #nullable. [c:\NON_Install_Programs\DataHub\domains\Grinding\Grinding.Pages\Grinding.Pages.csproj]
c:\NON_Install_Programs\DataHub\domains\Grinding\Grinding.Pages\DummyItems.razor.cs(65,23): warning CS8632: Poznámka u typů odkazů s možnou hodnotou null by se měla v kódu používat jenom v kontextu poznámek #nullable. [c:\NON_Install_Programs\DataHub\domains\Grinding\Grinding.Pages\Grinding.Pages.csproj]
c:\NON_Install_Programs\DataHub\domains\Grinding\Grinding.Pages\Alarms.razor.cs(51,23): warning CS8632: Poznámka u typů odkazů s možnou hodnotou null by se měla v kódu používat jenom v kontextu poznámek #nullable. [c:\NON_Install_Programs\DataHub\domains\Grinding\Grinding.Pages\Grinding.Pages.csproj]
c:\NON_Install_Programs\DataHub\domains\Grinding\Grinding.Pages\Alarms.razor.cs(52,23): warning CS8632: Poznámka u typů odkazů s možnou hodnotou null by se měla v kódu používat jenom v kontextu poznámek #nullable. [c:\NON_Install_Programs\DataHub\domains\Grinding\Grinding.Pages\Grinding.Pages.csproj]
c:\NON_Install_Programs\DataHub\domains\Grinding\Grinding.Pages\AuditLogViewer.razor.cs(30,23): warning CS8632: Poznámka u typů odkazů s možnou hodnotou null by se měla v kódu používat jenom v kontextu poznámek #nullable. [c:\NON_Install_Programs\DataHub\domains\Grinding\Grinding.Pages\Grinding.Pages.csproj]
c:\NON_Install_Programs\DataHub\domains\Grinding\Grinding.Pages\Alarms.razor.cs(58,23): warning CS8632: Poznámka u typů odkazů s možnou hodnotou null by se měla v kódu používat jenom v kontextu poznámek #nullable. [c:\NON_Install_Programs\DataHub\domains\Grinding\Grinding.Pages\Grinding.Pages.csproj]
c:\NON_Install_Programs\DataHub\domains\Grinding\Grinding.Client\Program.cs(86,23): warning CS8632: Poznámka u typů odkazů s možnou hodnotou null by se měla v kódu používat jenom v kontextu poznámek #nullable. [c:\NON_Install_Programs\DataHub\domains\Grinding\Grinding.Client\Grinding.Client.csproj]
c:\NON_Install_Programs\DataHub\domains\Grinding\Grinding.Client\MdbReader.cs(242,35): warning CS1998: V této asynchronní metodě chybí operátory await a spustí se synchronně. Zvažte použití operátoru await pro čekání na neblokující volání rozhraní API nebo vykonání činnosti vázané na procesor ve vlákně na pozadí pomocí výrazu await Task.Run(...). [c:\NON_Install_Programs\DataHub\domains\Grinding\Grinding.Client\Grinding.Client.csproj]
c:\NON_Install_Programs\DataHub\domains\Grinding\Grinding.Client\MdbReader.cs(374,96): warning CS8632: Poznámka u typů odkazů s možnou hodnotou null by se měla v kódu používat jenom v kontextu poznámek #nullable. [c:\NON_Install_Programs\DataHub\domains\Grinding\Grinding.Client\Grinding.Client.csproj]
c:\NON_Install_Programs\DataHub\domains\Grinding\Grinding.Client\MdbReader.cs(395,34): warning CS1998: V této asynchronní metodě chybí operátory await a spustí se synchronně. Zvažte použití operátoru await pro čekání na neblokující volání rozhraní API nebo vykonání činnosti vázané na procesor ve vlákně na pozadí pomocí výrazu await Task.Run(...). [c:\NON_Install_Programs\DataHub\domains\Grinding\Grinding.Client\Grinding.Client.csproj]
c:\NON_Install_Programs\DataHub\domains\Grinding\Grinding.Client\MdbReader.cs(425,34): warning CS1998: V této asynchronní metodě chybí operátory await a spustí se synchronně. Zvažte použití operátoru await pro čekání na neblokující volání rozhraní API nebo vykonání činnosti vázané na procesor ve vlákně na pozadí pomocí výrazu await Task.Run(...). [c:\NON_Install_Programs\DataHub\domains\Grinding\Grinding.Client\Grinding.Client.csproj]
c:\NON_Install_Programs\DataHub\domains\Grinding\Grinding.Client\Program.cs(29,67): warning CA1416: Toto místo volání je k dispozici na všech platformách. MdbReader.PrintMdbStructure(IServiceProvider) se podporuje jen na 'windows'. (https://learn.microsoft.com/dotnet/fundamentals/code-analysis/quality-rules/ca1416) [c:\NON_Install_Programs\DataHub\domains\Grinding\Grinding.Client\Grinding.Client.csproj]
c:\NON_Install_Programs\DataHub\domains\Grinding\Grinding.Client\Program.cs(32,66): warning CA1416: Toto místo volání je k dispozici na všech platformách. MdbReader.ResetClientDbIds(IServiceProvider) se podporuje jen na 'windows'. (https://learn.microsoft.com/dotnet/fundamentals/code-analysis/quality-rules/ca1416) [c:\NON_Install_Programs\DataHub\domains\Grinding\Grinding.Client\Grinding.Client.csproj]
c:\NON_Install_Programs\DataHub\domains\Grinding\Grinding.Client\Program.cs(35,67): warning CA1416: Toto místo volání je k dispozici na všech platformách. MdbReader.PrintConfiguredTables(IServiceProvider) se podporuje jen na 'windows'. (https://learn.microsoft.com/dotnet/fundamentals/code-analysis/quality-rules/ca1416) [c:\NON_Install_Programs\DataHub\domains\Grinding\Grinding.Client\Grinding.Client.csproj]
c:\NON_Install_Programs\DataHub\domains\Eisod\Eisod.Pages\EisodSdView.razor.cs(27,17): error CS0246: Typ nebo název oboru názvů GenericDataView<> se nenašel. (Nechybí direktiva using nebo odkaz na sestavení?) [c:\NON_Install_Programs\DataHub\domains\Eisod\Eisod.Pages\Eisod.Pages.csproj]
c:\NON_Install_Programs\DataHub\domains\Grinding\Grinding.Pages\DummyItems.razor.cs(62,17): error CS0246: Typ nebo název oboru názvů GenericDataView<> se nenašel. (Nechybí direktiva using nebo odkaz na sestavení?) [c:\NON_Install_Programs\DataHub\domains\Grinding\Grinding.Pages\Grinding.Pages.csproj]
c:\NON_Install_Programs\DataHub\domains\Grinding\Grinding.Pages\Alarms.razor.cs(50,17): error CS0246: Typ nebo název oboru názvů GenericDataView<> se nenašel. (Nechybí direktiva using nebo odkaz na sestavení?) [c:\NON_Install_Programs\DataHub\domains\Grinding\Grinding.Pages\Grinding.Pages.csproj]
c:\NON_Install_Programs\DataHub\domains\Grinding\Grinding.Pages\AuditLogViewer.razor.cs(33,17): error CS0246: Typ nebo název oboru názvů GenericDataView<> se nenašel. (Nechybí direktiva using nebo odkaz na sestavení?) [c:\NON_Install_Programs\DataHub\domains\Grinding\Grinding.Pages\Grinding.Pages.csproj]
    78 upozornění
    Počet chyb: 4

Uplynulý čas 00:00:05.65

Jsou k dispozici aktualizace úloh. Pokud chcete získat další informace, spusťte `dotnet workload list`.
