  Zjišťují se projekty, které se mají obnovit...
  Obnovil se projekt c:\NON_Install_Programs\DataHub\domains\Eisod\Eisod.Services\Eisod.Services.csproj (v 649 ms).
  Obnovil se projekt c:\NON_Install_Programs\DataHub\domains\Grinding\Grinding.Client\Grinding.Client.csproj (v 649 ms).
  Obnovil se projekt c:\NON_Install_Programs\DataHub\domains\Grinding\Grinding.Shared\Grinding.Shared.csproj (v 495 ms).
  Obnovil se projekt C:\NON_Install_Programs\DataHub\domains\Grinding\Grinding.Services\Grinding.Services.csproj (v 649 ms).
  Obnovil se projekt c:\NON_Install_Programs\DataHub\domains\Eisod\Eisod.Pages\Eisod.Pages.csproj (v 649 ms).
  Obnovil se projekt c:\NON_Install_Programs\DataHub\src\DataHub.Host\DataHub.Host.csproj (v 496 ms).
  Obnovil se projekt c:\NON_Install_Programs\DataHub\domains\Grinding\Grinding.Pages\Grinding.Pages.csproj (v 649 ms).
  Obnovil se projekt c:\NON_Install_Programs\DataHub\src\DataHub.Platform\DataHub.Platform.csproj (v 649 ms).
  2 z 10 projektů jsou v aktuálním stavu pro obnovení.
  DataHub.Core -> c:\NON_Install_Programs\DataHub\src\DataHub.Core\bin\Debug\net9.0\DataHub.Core.dll
c:\NON_Install_Programs\DataHub\domains\Eisod\Eisod.Shared\Models\ViewEisodSd.cs(24,18): warning CS8632: Poznámka u typů odkazů s možnou hodnotou null by se měla v kódu používat jenom v kontextu poznámek #nullable. [c:\NON_Install_Programs\DataHub\domains\Eisod\Eisod.Shared\Eisod.Shared.csproj]
c:\NON_Install_Programs\DataHub\domains\Eisod\Eisod.Shared\Models\ViewEisodSd.cs(28,18): warning CS8632: Poznámka u typů odkazů s možnou hodnotou null by se měla v kódu používat jenom v kontextu poznámek #nullable. [c:\NON_Install_Programs\DataHub\domains\Eisod\Eisod.Shared\Eisod.Shared.csproj]
c:\NON_Install_Programs\DataHub\domains\Eisod\Eisod.Shared\Models\ViewEisodSd.cs(32,18): warning CS8632: Poznámka u typů odkazů s možnou hodnotou null by se měla v kódu používat jenom v kontextu poznámek #nullable. [c:\NON_Install_Programs\DataHub\domains\Eisod\Eisod.Shared\Eisod.Shared.csproj]
c:\NON_Install_Programs\DataHub\domains\Eisod\Eisod.Shared\Models\ViewEisodSd.cs(42,18): warning CS8632: Poznámka u typů odkazů s možnou hodnotou null by se měla v kódu používat jenom v kontextu poznámek #nullable. [c:\NON_Install_Programs\DataHub\domains\Eisod\Eisod.Shared\Eisod.Shared.csproj]
c:\NON_Install_Programs\DataHub\domains\Grinding\Grinding.Shared\Dtos\OperationalRestPostRequestDTO.cs(34,22): warning CS8632: Poznámka u typů odkazů s možnou hodnotou null by se měla v kódu používat jenom v kontextu poznámek #nullable. [c:\NON_Install_Programs\DataHub\domains\Grinding\Grinding.Shared\Grinding.Shared.csproj]
c:\NON_Install_Programs\DataHub\domains\Grinding\Grinding.Shared\Dtos\OperationalRestResponseDTO.cs(14,22): warning CS8632: Poznámka u typů odkazů s možnou hodnotou null by se měla v kódu používat jenom v kontextu poznámek #nullable. [c:\NON_Install_Programs\DataHub\domains\Grinding\Grinding.Shared\Grinding.Shared.csproj]
c:\NON_Install_Programs\DataHub\domains\Grinding\Grinding.Shared\Models\Operational.cs(35,22): warning CS8632: Poznámka u typů odkazů s možnou hodnotou null by se měla v kódu používat jenom v kontextu poznámek #nullable. [c:\NON_Install_Programs\DataHub\domains\Grinding\Grinding.Shared\Grinding.Shared.csproj]
  Eisod.Shared -> c:\NON_Install_Programs\DataHub\domains\Eisod\Eisod.Shared\bin\Debug\net9.0\Eisod.Shared.dll
  Grinding.Shared -> c:\NON_Install_Programs\DataHub\domains\Grinding\Grinding.Shared\bin\Debug\net9.0\Grinding.Shared.dll
  DataHub.Platform -> c:\NON_Install_Programs\DataHub\src\DataHub.Platform\bin\Debug\net9.0\DataHub.Platform.dll
  Eisod.Services -> C:\NON_Install_Programs\DataHub\domains\Eisod\Eisod.Services\bin\Debug\net9.0\Eisod.Services.dll
c:\NON_Install_Programs\DataHub\domains\Grinding\Grinding.Services\AuditLogService.cs(46,41): warning CS8632: Poznámka u typů odkazů s možnou hodnotou null by se měla v kódu používat jenom v kontextu poznámek #nullable. [c:\NON_Install_Programs\DataHub\domains\Grinding\Grinding.Services\Grinding.Services.csproj]
c:\NON_Install_Programs\DataHub\domains\Grinding\Grinding.Services\GrindingService.cs(46,50): warning CS8632: Poznámka u typů odkazů s možnou hodnotou null by se měla v kódu používat jenom v kontextu poznámek #nullable. [c:\NON_Install_Programs\DataHub\domains\Grinding\Grinding.Services\Grinding.Services.csproj]
c:\NON_Install_Programs\DataHub\domains\Grinding\Grinding.Services\IAlarmSpecificService.cs(12,31): warning CS8632: Poznámka u typů odkazů s možnou hodnotou null by se měla v kódu používat jenom v kontextu poznámek #nullable. [c:\NON_Install_Programs\DataHub\domains\Grinding\Grinding.Services\Grinding.Services.csproj]
c:\NON_Install_Programs\DataHub\domains\Grinding\Grinding.Services\AlarmService.cs(33,37): warning CS8632: Poznámka u typů odkazů s možnou hodnotou null by se měla v kódu používat jenom v kontextu poznámek #nullable. [c:\NON_Install_Programs\DataHub\domains\Grinding\Grinding.Services\Grinding.Services.csproj]
c:\NON_Install_Programs\DataHub\domains\Grinding\Grinding.Services\IGrindingService.cs(10,37): warning CS8632: Poznámka u typů odkazů s možnou hodnotou null by se měla v kódu používat jenom v kontextu poznámek #nullable. [c:\NON_Install_Programs\DataHub\domains\Grinding\Grinding.Services\Grinding.Services.csproj]
c:\NON_Install_Programs\DataHub\domains\Grinding\Grinding.Services\IAlarmSpecificService.cs(13,78): warning CS8632: Poznámka u typů odkazů s možnou hodnotou null by se měla v kódu používat jenom v kontextu poznámek #nullable. [c:\NON_Install_Programs\DataHub\domains\Grinding\Grinding.Services\Grinding.Services.csproj]
c:\NON_Install_Programs\DataHub\domains\Grinding\Grinding.Services\IAlarmSpecificService.cs(13,105): warning CS8632: Poznámka u typů odkazů s možnou hodnotou null by se měla v kódu používat jenom v kontextu poznámek #nullable. [c:\NON_Install_Programs\DataHub\domains\Grinding\Grinding.Services\Grinding.Services.csproj]
c:\NON_Install_Programs\DataHub\domains\Grinding\Grinding.Services\IAlarmSpecificService.cs(13,149): warning CS8632: Poznámka u typů odkazů s možnou hodnotou null by se měla v kódu používat jenom v kontextu poznámek #nullable. [c:\NON_Install_Programs\DataHub\domains\Grinding\Grinding.Services\Grinding.Services.csproj]
c:\NON_Install_Programs\DataHub\domains\Grinding\Grinding.Services\IAlarmSpecificService.cs(13,186): warning CS8632: Poznámka u typů odkazů s možnou hodnotou null by se měla v kódu používat jenom v kontextu poznámek #nullable. [c:\NON_Install_Programs\DataHub\domains\Grinding\Grinding.Services\Grinding.Services.csproj]
c:\NON_Install_Programs\DataHub\domains\Grinding\Grinding.Services\AlarmService.cs(52,106): warning CS8632: Poznámka u typů odkazů s možnou hodnotou null by se měla v kódu používat jenom v kontextu poznámek #nullable. [c:\NON_Install_Programs\DataHub\domains\Grinding\Grinding.Services\Grinding.Services.csproj]
c:\NON_Install_Programs\DataHub\domains\Grinding\Grinding.Services\AlarmService.cs(52,133): warning CS8632: Poznámka u typů odkazů s možnou hodnotou null by se měla v kódu používat jenom v kontextu poznámek #nullable. [c:\NON_Install_Programs\DataHub\domains\Grinding\Grinding.Services\Grinding.Services.csproj]
c:\NON_Install_Programs\DataHub\domains\Grinding\Grinding.Services\AlarmService.cs(52,177): warning CS8632: Poznámka u typů odkazů s možnou hodnotou null by se měla v kódu používat jenom v kontextu poznámek #nullable. [c:\NON_Install_Programs\DataHub\domains\Grinding\Grinding.Services\Grinding.Services.csproj]
c:\NON_Install_Programs\DataHub\domains\Grinding\Grinding.Services\AlarmService.cs(52,214): warning CS8632: Poznámka u typů odkazů s možnou hodnotou null by se měla v kódu používat jenom v kontextu poznámek #nullable. [c:\NON_Install_Programs\DataHub\domains\Grinding\Grinding.Services\Grinding.Services.csproj]
c:\NON_Install_Programs\DataHub\domains\Grinding\Grinding.Services\OperationalService.cs(42,53): warning CS8632: Poznámka u typů odkazů s možnou hodnotou null by se měla v kódu používat jenom v kontextu poznámek #nullable. [c:\NON_Install_Programs\DataHub\domains\Grinding\Grinding.Services\Grinding.Services.csproj]
c:\NON_Install_Programs\DataHub\domains\Grinding\Grinding.Services\IOperationalService.cs(10,40): warning CS8632: Poznámka u typů odkazů s možnou hodnotou null by se měla v kódu používat jenom v kontextu poznámek #nullable. [c:\NON_Install_Programs\DataHub\domains\Grinding\Grinding.Services\Grinding.Services.csproj]
c:\NON_Install_Programs\DataHub\domains\Grinding\Grinding.Services\AlarmService.cs(52,108): warning CS1066: Výchozí hodnota zadaná pro parametr filterName nebude mít žádný efekt, protože platí pro člen, který se používá v kontextech nedovolujících nepovinné argumenty. [c:\NON_Install_Programs\DataHub\domains\Grinding\Grinding.Services\Grinding.Services.csproj]
c:\NON_Install_Programs\DataHub\domains\Grinding\Grinding.Services\AlarmService.cs(52,135): warning CS1066: Výchozí hodnota zadaná pro parametr filterString nebude mít žádný efekt, protože platí pro člen, který se používá v kontextech nedovolujících nepovinné argumenty. [c:\NON_Install_Programs\DataHub\domains\Grinding\Grinding.Services\Grinding.Services.csproj]
c:\NON_Install_Programs\DataHub\domains\Grinding\Grinding.Services\AlarmService.cs(52,179): warning CS1066: Výchozí hodnota zadaná pro parametr filters nebude mít žádný efekt, protože platí pro člen, který se používá v kontextech nedovolujících nepovinné argumenty. [c:\NON_Install_Programs\DataHub\domains\Grinding\Grinding.Services\Grinding.Services.csproj]
c:\NON_Install_Programs\DataHub\domains\Grinding\Grinding.Services\AlarmService.cs(52,216): warning CS1066: Výchozí hodnota zadaná pro parametr sorts nebude mít žádný efekt, protože platí pro člen, který se používá v kontextech nedovolujících nepovinné argumenty. [c:\NON_Install_Programs\DataHub\domains\Grinding\Grinding.Services\Grinding.Services.csproj]
c:\NON_Install_Programs\DataHub\domains\Grinding\Grinding.Services\Repositories\AlarmRepository.cs(78,41): warning CS8632: Poznámka u typů odkazů s možnou hodnotou null by se měla v kódu používat jenom v kontextu poznámek #nullable. [c:\NON_Install_Programs\DataHub\domains\Grinding\Grinding.Services\Grinding.Services.csproj]
  Grinding.Services -> c:\NON_Install_Programs\DataHub\domains\Grinding\Grinding.Services\bin\Debug\net9.0\Grinding.Services.dll
  Eisod.Pages -> c:\NON_Install_Programs\DataHub\domains\Eisod\Eisod.Pages\bin\Debug\net9.0\Eisod.Pages.dll
  Grinding.Pages -> c:\NON_Install_Programs\DataHub\domains\Grinding\Grinding.Pages\bin\Debug\net9.0\Grinding.Pages.dll
  Grinding.Client -> c:\NON_Install_Programs\DataHub\domains\Grinding\Grinding.Client\bin\Debug\net9.0\Grinding.Client.dll
c:\NON_Install_Programs\DataHub\src\DataHub.Host\Components\Pages\DummyItems.razor.cs(14,7): warning CS0105: Direktiva using pro DataHub.Core.Services se objevila už dřív v tomto oboru názvů. [c:\NON_Install_Programs\DataHub\src\DataHub.Host\DataHub.Host.csproj]
  DataHub.Host -> c:\NON_Install_Programs\DataHub\src\DataHub.Host\bin\Debug\net9.0\DataHub.Host.dll

Vytváření sestavení bylo úspěšně dokončeno.

c:\NON_Install_Programs\DataHub\domains\Eisod\Eisod.Shared\Models\ViewEisodSd.cs(24,18): warning CS8632: Poznámka u typů odkazů s možnou hodnotou null by se měla v kódu používat jenom v kontextu poznámek #nullable. [c:\NON_Install_Programs\DataHub\domains\Eisod\Eisod.Shared\Eisod.Shared.csproj]
c:\NON_Install_Programs\DataHub\domains\Eisod\Eisod.Shared\Models\ViewEisodSd.cs(28,18): warning CS8632: Poznámka u typů odkazů s možnou hodnotou null by se měla v kódu používat jenom v kontextu poznámek #nullable. [c:\NON_Install_Programs\DataHub\domains\Eisod\Eisod.Shared\Eisod.Shared.csproj]
c:\NON_Install_Programs\DataHub\domains\Eisod\Eisod.Shared\Models\ViewEisodSd.cs(32,18): warning CS8632: Poznámka u typů odkazů s možnou hodnotou null by se měla v kódu používat jenom v kontextu poznámek #nullable. [c:\NON_Install_Programs\DataHub\domains\Eisod\Eisod.Shared\Eisod.Shared.csproj]
c:\NON_Install_Programs\DataHub\domains\Eisod\Eisod.Shared\Models\ViewEisodSd.cs(42,18): warning CS8632: Poznámka u typů odkazů s možnou hodnotou null by se měla v kódu používat jenom v kontextu poznámek #nullable. [c:\NON_Install_Programs\DataHub\domains\Eisod\Eisod.Shared\Eisod.Shared.csproj]
c:\NON_Install_Programs\DataHub\domains\Grinding\Grinding.Shared\Dtos\OperationalRestPostRequestDTO.cs(34,22): warning CS8632: Poznámka u typů odkazů s možnou hodnotou null by se měla v kódu používat jenom v kontextu poznámek #nullable. [c:\NON_Install_Programs\DataHub\domains\Grinding\Grinding.Shared\Grinding.Shared.csproj]
c:\NON_Install_Programs\DataHub\domains\Grinding\Grinding.Shared\Dtos\OperationalRestResponseDTO.cs(14,22): warning CS8632: Poznámka u typů odkazů s možnou hodnotou null by se měla v kódu používat jenom v kontextu poznámek #nullable. [c:\NON_Install_Programs\DataHub\domains\Grinding\Grinding.Shared\Grinding.Shared.csproj]
c:\NON_Install_Programs\DataHub\domains\Grinding\Grinding.Shared\Models\Operational.cs(35,22): warning CS8632: Poznámka u typů odkazů s možnou hodnotou null by se měla v kódu používat jenom v kontextu poznámek #nullable. [c:\NON_Install_Programs\DataHub\domains\Grinding\Grinding.Shared\Grinding.Shared.csproj]
c:\NON_Install_Programs\DataHub\domains\Grinding\Grinding.Services\AuditLogService.cs(46,41): warning CS8632: Poznámka u typů odkazů s možnou hodnotou null by se měla v kódu používat jenom v kontextu poznámek #nullable. [c:\NON_Install_Programs\DataHub\domains\Grinding\Grinding.Services\Grinding.Services.csproj]
c:\NON_Install_Programs\DataHub\domains\Grinding\Grinding.Services\GrindingService.cs(46,50): warning CS8632: Poznámka u typů odkazů s možnou hodnotou null by se měla v kódu používat jenom v kontextu poznámek #nullable. [c:\NON_Install_Programs\DataHub\domains\Grinding\Grinding.Services\Grinding.Services.csproj]
c:\NON_Install_Programs\DataHub\domains\Grinding\Grinding.Services\IAlarmSpecificService.cs(12,31): warning CS8632: Poznámka u typů odkazů s možnou hodnotou null by se měla v kódu používat jenom v kontextu poznámek #nullable. [c:\NON_Install_Programs\DataHub\domains\Grinding\Grinding.Services\Grinding.Services.csproj]
c:\NON_Install_Programs\DataHub\domains\Grinding\Grinding.Services\AlarmService.cs(33,37): warning CS8632: Poznámka u typů odkazů s možnou hodnotou null by se měla v kódu používat jenom v kontextu poznámek #nullable. [c:\NON_Install_Programs\DataHub\domains\Grinding\Grinding.Services\Grinding.Services.csproj]
c:\NON_Install_Programs\DataHub\domains\Grinding\Grinding.Services\IGrindingService.cs(10,37): warning CS8632: Poznámka u typů odkazů s možnou hodnotou null by se měla v kódu používat jenom v kontextu poznámek #nullable. [c:\NON_Install_Programs\DataHub\domains\Grinding\Grinding.Services\Grinding.Services.csproj]
c:\NON_Install_Programs\DataHub\domains\Grinding\Grinding.Services\IAlarmSpecificService.cs(13,78): warning CS8632: Poznámka u typů odkazů s možnou hodnotou null by se měla v kódu používat jenom v kontextu poznámek #nullable. [c:\NON_Install_Programs\DataHub\domains\Grinding\Grinding.Services\Grinding.Services.csproj]
c:\NON_Install_Programs\DataHub\domains\Grinding\Grinding.Services\IAlarmSpecificService.cs(13,105): warning CS8632: Poznámka u typů odkazů s možnou hodnotou null by se měla v kódu používat jenom v kontextu poznámek #nullable. [c:\NON_Install_Programs\DataHub\domains\Grinding\Grinding.Services\Grinding.Services.csproj]
c:\NON_Install_Programs\DataHub\domains\Grinding\Grinding.Services\IAlarmSpecificService.cs(13,149): warning CS8632: Poznámka u typů odkazů s možnou hodnotou null by se měla v kódu používat jenom v kontextu poznámek #nullable. [c:\NON_Install_Programs\DataHub\domains\Grinding\Grinding.Services\Grinding.Services.csproj]
c:\NON_Install_Programs\DataHub\domains\Grinding\Grinding.Services\IAlarmSpecificService.cs(13,186): warning CS8632: Poznámka u typů odkazů s možnou hodnotou null by se měla v kódu používat jenom v kontextu poznámek #nullable. [c:\NON_Install_Programs\DataHub\domains\Grinding\Grinding.Services\Grinding.Services.csproj]
c:\NON_Install_Programs\DataHub\domains\Grinding\Grinding.Services\AlarmService.cs(52,106): warning CS8632: Poznámka u typů odkazů s možnou hodnotou null by se měla v kódu používat jenom v kontextu poznámek #nullable. [c:\NON_Install_Programs\DataHub\domains\Grinding\Grinding.Services\Grinding.Services.csproj]
c:\NON_Install_Programs\DataHub\domains\Grinding\Grinding.Services\AlarmService.cs(52,133): warning CS8632: Poznámka u typů odkazů s možnou hodnotou null by se měla v kódu používat jenom v kontextu poznámek #nullable. [c:\NON_Install_Programs\DataHub\domains\Grinding\Grinding.Services\Grinding.Services.csproj]
c:\NON_Install_Programs\DataHub\domains\Grinding\Grinding.Services\AlarmService.cs(52,177): warning CS8632: Poznámka u typů odkazů s možnou hodnotou null by se měla v kódu používat jenom v kontextu poznámek #nullable. [c:\NON_Install_Programs\DataHub\domains\Grinding\Grinding.Services\Grinding.Services.csproj]
c:\NON_Install_Programs\DataHub\domains\Grinding\Grinding.Services\AlarmService.cs(52,214): warning CS8632: Poznámka u typů odkazů s možnou hodnotou null by se měla v kódu používat jenom v kontextu poznámek #nullable. [c:\NON_Install_Programs\DataHub\domains\Grinding\Grinding.Services\Grinding.Services.csproj]
c:\NON_Install_Programs\DataHub\domains\Grinding\Grinding.Services\OperationalService.cs(42,53): warning CS8632: Poznámka u typů odkazů s možnou hodnotou null by se měla v kódu používat jenom v kontextu poznámek #nullable. [c:\NON_Install_Programs\DataHub\domains\Grinding\Grinding.Services\Grinding.Services.csproj]
c:\NON_Install_Programs\DataHub\domains\Grinding\Grinding.Services\IOperationalService.cs(10,40): warning CS8632: Poznámka u typů odkazů s možnou hodnotou null by se měla v kódu používat jenom v kontextu poznámek #nullable. [c:\NON_Install_Programs\DataHub\domains\Grinding\Grinding.Services\Grinding.Services.csproj]
c:\NON_Install_Programs\DataHub\domains\Grinding\Grinding.Services\AlarmService.cs(52,108): warning CS1066: Výchozí hodnota zadaná pro parametr filterName nebude mít žádný efekt, protože platí pro člen, který se používá v kontextech nedovolujících nepovinné argumenty. [c:\NON_Install_Programs\DataHub\domains\Grinding\Grinding.Services\Grinding.Services.csproj]
c:\NON_Install_Programs\DataHub\domains\Grinding\Grinding.Services\AlarmService.cs(52,135): warning CS1066: Výchozí hodnota zadaná pro parametr filterString nebude mít žádný efekt, protože platí pro člen, který se používá v kontextech nedovolujících nepovinné argumenty. [c:\NON_Install_Programs\DataHub\domains\Grinding\Grinding.Services\Grinding.Services.csproj]
c:\NON_Install_Programs\DataHub\domains\Grinding\Grinding.Services\AlarmService.cs(52,179): warning CS1066: Výchozí hodnota zadaná pro parametr filters nebude mít žádný efekt, protože platí pro člen, který se používá v kontextech nedovolujících nepovinné argumenty. [c:\NON_Install_Programs\DataHub\domains\Grinding\Grinding.Services\Grinding.Services.csproj]
c:\NON_Install_Programs\DataHub\domains\Grinding\Grinding.Services\AlarmService.cs(52,216): warning CS1066: Výchozí hodnota zadaná pro parametr sorts nebude mít žádný efekt, protože platí pro člen, který se používá v kontextech nedovolujících nepovinné argumenty. [c:\NON_Install_Programs\DataHub\domains\Grinding\Grinding.Services\Grinding.Services.csproj]
c:\NON_Install_Programs\DataHub\domains\Grinding\Grinding.Services\Repositories\AlarmRepository.cs(78,41): warning CS8632: Poznámka u typů odkazů s možnou hodnotou null by se měla v kódu používat jenom v kontextu poznámek #nullable. [c:\NON_Install_Programs\DataHub\domains\Grinding\Grinding.Services\Grinding.Services.csproj]
c:\NON_Install_Programs\DataHub\src\DataHub.Host\Components\Pages\DummyItems.razor.cs(14,7): warning CS0105: Direktiva using pro DataHub.Core.Services se objevila už dřív v tomto oboru názvů. [c:\NON_Install_Programs\DataHub\src\DataHub.Host\DataHub.Host.csproj]
    28 upozornění
    Počet chyb: 0

Uplynulý čas 00:00:07.12

Jsou k dispozici aktualizace úloh. Pokud chcete získat další informace, spusťte `dotnet workload list`.
