  DataHub.Core -> C:\NON_Install_Programs\DataHub\src\DataHub.Core\bin\Debug\net9.0\DataHub.Core.dll
  Eisod.Shared -> C:\NON_Install_Programs\DataHub\domains\Eisod\Eisod.Shared\bin\Debug\net9.0\Eisod.Shared.dll
C:\NON_Install_Programs\DataHub\domains\Grinding\Grinding.Shared\Dtos\OperationalRestPostRequestDTO.cs(34,22): warning CS8632: Pozn├ímka u typ┼» odkaz┼» s mo┼żnou hodnotou null by se m─Ťla v k├│du pou┼ż├şvat jenom v kontextu pozn├ímek #nullable. [C:\NON_Install_Programs\DataHub\domains\Grinding\Grinding.Shared\Grinding.Shared.csproj]
C:\NON_Install_Programs\DataHub\domains\Grinding\Grinding.Shared\Dtos\OperationalRestResponseDTO.cs(14,22): warning CS8632: Pozn├ímka u typ┼» odkaz┼» s mo┼żnou hodnotou null by se m─Ťla v k├│du pou┼ż├şvat jenom v kontextu pozn├ímek #nullable. [C:\NON_Install_Programs\DataHub\domains\Grinding\Grinding.Shared\Grinding.Shared.csproj]
C:\NON_Install_Programs\DataHub\domains\Grinding\Grinding.Shared\Models\Operational.cs(35,22): warning CS8632: Pozn├ímka u typ┼» odkaz┼» s mo┼żnou hodnotou null by se m─Ťla v k├│du pou┼ż├şvat jenom v kontextu pozn├ímek #nullable. [C:\NON_Install_Programs\DataHub\domains\Grinding\Grinding.Shared\Grinding.Shared.csproj]
  Grinding.Shared -> C:\NON_Install_Programs\DataHub\domains\Grinding\Grinding.Shared\bin\Debug\net9.0\Grinding.Shared.dll
C:\NON_Install_Programs\DataHub\src\DataHub.Platform\Data\Migrations\20250522120154_InitialCreateSqlServer.Designer.cs(8,21): error CS0234: Typ nebo n├ízev oboru n├ízv┼» Data neexistuje v oboru n├ízv┼» RPK_BlazorApp. (Nechyb├ş odkaz na sestaven├ş?) [C:\NON_Install_Programs\DataHub\src\DataHub.Platform\DataHub.Platform.csproj]
C:\NON_Install_Programs\DataHub\src\DataHub.Platform\Data\Migrations\20250611110006_AddAuditLogFunctionalityToDbContext.Designer.cs(8,21): error CS0234: Typ nebo n├ízev oboru n├ízv┼» Data neexistuje v oboru n├ízv┼» RPK_BlazorApp. (Nechyb├ş odkaz na sestaven├ş?) [C:\NON_Install_Programs\DataHub\src\DataHub.Platform\DataHub.Platform.csproj]
C:\NON_Install_Programs\DataHub\src\DataHub.Platform\Data\Migrations\20250820080626_AddUserSavedCriteria.Designer.cs(8,21): error CS0234: Typ nebo n├ízev oboru n├ízv┼» Data neexistuje v oboru n├ízv┼» RPK_BlazorApp. (Nechyb├ş odkaz na sestaven├ş?) [C:\NON_Install_Programs\DataHub\src\DataHub.Platform\DataHub.Platform.csproj]
C:\NON_Install_Programs\DataHub\src\DataHub.Platform\Data\Migrations\20250820112637_AddRawQueryToUserSavedCriteria.Designer.cs(8,21): error CS0234: Typ nebo n├ízev oboru n├ízv┼» Data neexistuje v oboru n├ízv┼» RPK_BlazorApp. (Nechyb├ş odkaz na sestaven├ş?) [C:\NON_Install_Programs\DataHub\src\DataHub.Platform\DataHub.Platform.csproj]
C:\NON_Install_Programs\DataHub\src\DataHub.Platform\Data\Migrations\ApplicationDbContextModelSnapshot.cs(7,21): error CS0234: Typ nebo n├ízev oboru n├ízv┼» Data neexistuje v oboru n├ízv┼» RPK_BlazorApp. (Nechyb├ş odkaz na sestaven├ş?) [C:\NON_Install_Programs\DataHub\src\DataHub.Platform\DataHub.Platform.csproj]
C:\NON_Install_Programs\DataHub\src\DataHub.Platform\Repositories\DummyItemRepository.cs(51,30): warning CS8632: Pozn├ímka u typ┼» odkaz┼» s mo┼żnou hodnotou null by se m─Ťla v k├│du pou┼ż├şvat jenom v kontextu pozn├ímek #nullable. [C:\NON_Install_Programs\DataHub\src\DataHub.Platform\DataHub.Platform.csproj]
C:\NON_Install_Programs\DataHub\src\DataHub.Platform\Repositories\DummyItemRepository.cs(71,30): warning CS8632: Pozn├ímka u typ┼» odkaz┼» s mo┼żnou hodnotou null by se m─Ťla v k├│du pou┼ż├şvat jenom v kontextu pozn├ímek #nullable. [C:\NON_Install_Programs\DataHub\src\DataHub.Platform\DataHub.Platform.csproj]
C:\NON_Install_Programs\DataHub\src\DataHub.Platform\Data\Interceptors\ComprehensiveAuditInterceptor.cs(36,54): warning CS8632: Pozn├ímka u typ┼» odkaz┼» s mo┼żnou hodnotou null by se m─Ťla v k├│du pou┼ż├şvat jenom v kontextu pozn├ímek #nullable. [C:\NON_Install_Programs\DataHub\src\DataHub.Platform\DataHub.Platform.csproj]
C:\NON_Install_Programs\DataHub\src\DataHub.Platform\Data\ApplicationDbContext.cs(25,22): error CS0246: Typ nebo n├ízev oboru n├ízv┼» Operational se nena┼íel. (Nechyb├ş direktiva using nebo odkaz na sestaven├ş?) [C:\NON_Install_Programs\DataHub\src\DataHub.Platform\DataHub.Platform.csproj]
C:\NON_Install_Programs\DataHub\src\DataHub.Platform\Data\Migrations\20250522120154_InitialCreateSqlServer.Designer.cs(14,23): error CS0246: Typ nebo n├ízev oboru n├ízv┼» ApplicationDbContext se nena┼íel. (Nechyb├ş direktiva using nebo odkaz na sestaven├ş?) [C:\NON_Install_Programs\DataHub\src\DataHub.Platform\DataHub.Platform.csproj]
C:\NON_Install_Programs\DataHub\src\DataHub.Platform\Repositories\Generic\Repository.cs(35,42): warning CS8632: Pozn├ímka u typ┼» odkaz┼» s mo┼żnou hodnotou null by se m─Ťla v k├│du pou┼ż├şvat jenom v kontextu pozn├ímek #nullable. [C:\NON_Install_Programs\DataHub\src\DataHub.Platform\DataHub.Platform.csproj]
C:\NON_Install_Programs\DataHub\src\DataHub.Platform\Data\ApplicationDbContext.cs(26,22): error CS0246: Typ nebo n├ízev oboru n├ízv┼» Alarm se nena┼íel. (Nechyb├ş direktiva using nebo odkaz na sestaven├ş?) [C:\NON_Install_Programs\DataHub\src\DataHub.Platform\DataHub.Platform.csproj]
C:\NON_Install_Programs\DataHub\src\DataHub.Platform\Data\ApplicationDbContext.cs(27,22): error CS0118: Grinding je obor n├ízv┼», ale pou┼ż├şv├í se jako typ. [C:\NON_Install_Programs\DataHub\src\DataHub.Platform\DataHub.Platform.csproj]
C:\NON_Install_Programs\DataHub\src\DataHub.Platform\Data\Migrations\20250611110006_AddAuditLogFunctionalityToDbContext.Designer.cs(14,23): error CS0246: Typ nebo n├ízev oboru n├ízv┼» ApplicationDbContext se nena┼íel. (Nechyb├ş direktiva using nebo odkaz na sestaven├ş?) [C:\NON_Install_Programs\DataHub\src\DataHub.Platform\DataHub.Platform.csproj]
C:\NON_Install_Programs\DataHub\src\DataHub.Platform\Data\Migrations\20250820080626_AddUserSavedCriteria.Designer.cs(14,23): error CS0246: Typ nebo n├ízev oboru n├ízv┼» ApplicationDbContext se nena┼íel. (Nechyb├ş direktiva using nebo odkaz na sestaven├ş?) [C:\NON_Install_Programs\DataHub\src\DataHub.Platform\DataHub.Platform.csproj]
C:\NON_Install_Programs\DataHub\src\DataHub.Platform\Data\Migrations\20250820112637_AddRawQueryToUserSavedCriteria.Designer.cs(14,23): error CS0246: Typ nebo n├ízev oboru n├ízv┼» ApplicationDbContext se nena┼íel. (Nechyb├ş direktiva using nebo odkaz na sestaven├ş?) [C:\NON_Install_Programs\DataHub\src\DataHub.Platform\DataHub.Platform.csproj]
C:\NON_Install_Programs\DataHub\src\DataHub.Platform\Data\ApplicationDbContext.cs(30,22): error CS0246: Typ nebo n├ízev oboru n├ízv┼» ViewEisodSd se nena┼íel. (Nechyb├ş direktiva using nebo odkaz na sestaven├ş?) [C:\NON_Install_Programs\DataHub\src\DataHub.Platform\DataHub.Platform.csproj]
C:\NON_Install_Programs\DataHub\src\DataHub.Platform\Data\ApplicationDbContext.cs(138,23): warning CS8632: Pozn├ímka u typ┼» odkaz┼» s mo┼żnou hodnotou null by se m─Ťla v k├│du pou┼ż├şvat jenom v kontextu pozn├ímek #nullable. [C:\NON_Install_Programs\DataHub\src\DataHub.Platform\DataHub.Platform.csproj]
C:\NON_Install_Programs\DataHub\src\DataHub.Platform\Data\ApplicationDbContext.cs(154,23): warning CS8632: Pozn├ímka u typ┼» odkaz┼» s mo┼żnou hodnotou null by se m─Ťla v k├│du pou┼ż├şvat jenom v kontextu pozn├ímek #nullable. [C:\NON_Install_Programs\DataHub\src\DataHub.Platform\DataHub.Platform.csproj]
C:\NON_Install_Programs\DataHub\src\DataHub.Platform\Data\Migrations\ApplicationDbContextModelSnapshot.cs(13,23): error CS0246: Typ nebo n├ízev oboru n├ízv┼» ApplicationDbContext se nena┼íel. (Nechyb├ş direktiva using nebo odkaz na sestaven├ş?) [C:\NON_Install_Programs\DataHub\src\DataHub.Platform\DataHub.Platform.csproj]
C:\NON_Install_Programs\DataHub\src\DataHub.Platform\Data\ApplicationDbContext.cs(17,46): warning CS8632: Pozn├ímka u typ┼» odkaz┼» s mo┼żnou hodnotou null by se m─Ťla v k├│du pou┼ż├şvat jenom v kontextu pozn├ímek #nullable. [C:\NON_Install_Programs\DataHub\src\DataHub.Platform\DataHub.Platform.csproj]
C:\NON_Install_Programs\DataHub\src\DataHub.Platform\Data\ApplicationDbContext.cs(19,105): warning CS8632: Pozn├ímka u typ┼» odkaz┼» s mo┼żnou hodnotou null by se m─Ťla v k├│du pou┼ż├şvat jenom v kontextu pozn├ímek #nullable. [C:\NON_Install_Programs\DataHub\src\DataHub.Platform\DataHub.Platform.csproj]

Sestaven├ş SE NEZDA┼śILO.

C:\NON_Install_Programs\DataHub\domains\Grinding\Grinding.Shared\Dtos\OperationalRestPostRequestDTO.cs(34,22): warning CS8632: Pozn├ímka u typ┼» odkaz┼» s mo┼żnou hodnotou null by se m─Ťla v k├│du pou┼ż├şvat jenom v kontextu pozn├ímek #nullable. [C:\NON_Install_Programs\DataHub\domains\Grinding\Grinding.Shared\Grinding.Shared.csproj]
C:\NON_Install_Programs\DataHub\domains\Grinding\Grinding.Shared\Dtos\OperationalRestResponseDTO.cs(14,22): warning CS8632: Pozn├ímka u typ┼» odkaz┼» s mo┼żnou hodnotou null by se m─Ťla v k├│du pou┼ż├şvat jenom v kontextu pozn├ímek #nullable. [C:\NON_Install_Programs\DataHub\domains\Grinding\Grinding.Shared\Grinding.Shared.csproj]
C:\NON_Install_Programs\DataHub\domains\Grinding\Grinding.Shared\Models\Operational.cs(35,22): warning CS8632: Pozn├ímka u typ┼» odkaz┼» s mo┼żnou hodnotou null by se m─Ťla v k├│du pou┼ż├şvat jenom v kontextu pozn├ímek #nullable. [C:\NON_Install_Programs\DataHub\domains\Grinding\Grinding.Shared\Grinding.Shared.csproj]
C:\NON_Install_Programs\DataHub\src\DataHub.Platform\Repositories\DummyItemRepository.cs(51,30): warning CS8632: Pozn├ímka u typ┼» odkaz┼» s mo┼żnou hodnotou null by se m─Ťla v k├│du pou┼ż├şvat jenom v kontextu pozn├ímek #nullable. [C:\NON_Install_Programs\DataHub\src\DataHub.Platform\DataHub.Platform.csproj]
C:\NON_Install_Programs\DataHub\src\DataHub.Platform\Repositories\DummyItemRepository.cs(71,30): warning CS8632: Pozn├ímka u typ┼» odkaz┼» s mo┼żnou hodnotou null by se m─Ťla v k├│du pou┼ż├şvat jenom v kontextu pozn├ímek #nullable. [C:\NON_Install_Programs\DataHub\src\DataHub.Platform\DataHub.Platform.csproj]
C:\NON_Install_Programs\DataHub\src\DataHub.Platform\Data\Interceptors\ComprehensiveAuditInterceptor.cs(36,54): warning CS8632: Pozn├ímka u typ┼» odkaz┼» s mo┼żnou hodnotou null by se m─Ťla v k├│du pou┼ż├şvat jenom v kontextu pozn├ímek #nullable. [C:\NON_Install_Programs\DataHub\src\DataHub.Platform\DataHub.Platform.csproj]
C:\NON_Install_Programs\DataHub\src\DataHub.Platform\Repositories\Generic\Repository.cs(35,42): warning CS8632: Pozn├ímka u typ┼» odkaz┼» s mo┼żnou hodnotou null by se m─Ťla v k├│du pou┼ż├şvat jenom v kontextu pozn├ímek #nullable. [C:\NON_Install_Programs\DataHub\src\DataHub.Platform\DataHub.Platform.csproj]
C:\NON_Install_Programs\DataHub\src\DataHub.Platform\Data\ApplicationDbContext.cs(138,23): warning CS8632: Pozn├ímka u typ┼» odkaz┼» s mo┼żnou hodnotou null by se m─Ťla v k├│du pou┼ż├şvat jenom v kontextu pozn├ímek #nullable. [C:\NON_Install_Programs\DataHub\src\DataHub.Platform\DataHub.Platform.csproj]
C:\NON_Install_Programs\DataHub\src\DataHub.Platform\Data\ApplicationDbContext.cs(154,23): warning CS8632: Pozn├ímka u typ┼» odkaz┼» s mo┼żnou hodnotou null by se m─Ťla v k├│du pou┼ż├şvat jenom v kontextu pozn├ímek #nullable. [C:\NON_Install_Programs\DataHub\src\DataHub.Platform\DataHub.Platform.csproj]
C:\NON_Install_Programs\DataHub\src\DataHub.Platform\Data\ApplicationDbContext.cs(17,46): warning CS8632: Pozn├ímka u typ┼» odkaz┼» s mo┼żnou hodnotou null by se m─Ťla v k├│du pou┼ż├şvat jenom v kontextu pozn├ímek #nullable. [C:\NON_Install_Programs\DataHub\src\DataHub.Platform\DataHub.Platform.csproj]
C:\NON_Install_Programs\DataHub\src\DataHub.Platform\Data\ApplicationDbContext.cs(19,105): warning CS8632: Pozn├ímka u typ┼» odkaz┼» s mo┼żnou hodnotou null by se m─Ťla v k├│du pou┼ż├şvat jenom v kontextu pozn├ímek #nullable. [C:\NON_Install_Programs\DataHub\src\DataHub.Platform\DataHub.Platform.csproj]
C:\NON_Install_Programs\DataHub\src\DataHub.Platform\Data\Migrations\20250522120154_InitialCreateSqlServer.Designer.cs(8,21): error CS0234: Typ nebo n├ízev oboru n├ízv┼» Data neexistuje v oboru n├ízv┼» RPK_BlazorApp. (Nechyb├ş odkaz na sestaven├ş?) [C:\NON_Install_Programs\DataHub\src\DataHub.Platform\DataHub.Platform.csproj]
C:\NON_Install_Programs\DataHub\src\DataHub.Platform\Data\Migrations\20250611110006_AddAuditLogFunctionalityToDbContext.Designer.cs(8,21): error CS0234: Typ nebo n├ízev oboru n├ízv┼» Data neexistuje v oboru n├ízv┼» RPK_BlazorApp. (Nechyb├ş odkaz na sestaven├ş?) [C:\NON_Install_Programs\DataHub\src\DataHub.Platform\DataHub.Platform.csproj]
C:\NON_Install_Programs\DataHub\src\DataHub.Platform\Data\Migrations\20250820080626_AddUserSavedCriteria.Designer.cs(8,21): error CS0234: Typ nebo n├ízev oboru n├ízv┼» Data neexistuje v oboru n├ízv┼» RPK_BlazorApp. (Nechyb├ş odkaz na sestaven├ş?) [C:\NON_Install_Programs\DataHub\src\DataHub.Platform\DataHub.Platform.csproj]
C:\NON_Install_Programs\DataHub\src\DataHub.Platform\Data\Migrations\20250820112637_AddRawQueryToUserSavedCriteria.Designer.cs(8,21): error CS0234: Typ nebo n├ízev oboru n├ízv┼» Data neexistuje v oboru n├ízv┼» RPK_BlazorApp. (Nechyb├ş odkaz na sestaven├ş?) [C:\NON_Install_Programs\DataHub\src\DataHub.Platform\DataHub.Platform.csproj]
C:\NON_Install_Programs\DataHub\src\DataHub.Platform\Data\Migrations\ApplicationDbContextModelSnapshot.cs(7,21): error CS0234: Typ nebo n├ízev oboru n├ízv┼» Data neexistuje v oboru n├ízv┼» RPK_BlazorApp. (Nechyb├ş odkaz na sestaven├ş?) [C:\NON_Install_Programs\DataHub\src\DataHub.Platform\DataHub.Platform.csproj]
C:\NON_Install_Programs\DataHub\src\DataHub.Platform\Data\ApplicationDbContext.cs(25,22): error CS0246: Typ nebo n├ízev oboru n├ízv┼» Operational se nena┼íel. (Nechyb├ş direktiva using nebo odkaz na sestaven├ş?) [C:\NON_Install_Programs\DataHub\src\DataHub.Platform\DataHub.Platform.csproj]
C:\NON_Install_Programs\DataHub\src\DataHub.Platform\Data\Migrations\20250522120154_InitialCreateSqlServer.Designer.cs(14,23): error CS0246: Typ nebo n├ízev oboru n├ízv┼» ApplicationDbContext se nena┼íel. (Nechyb├ş direktiva using nebo odkaz na sestaven├ş?) [C:\NON_Install_Programs\DataHub\src\DataHub.Platform\DataHub.Platform.csproj]
C:\NON_Install_Programs\DataHub\src\DataHub.Platform\Data\ApplicationDbContext.cs(26,22): error CS0246: Typ nebo n├ízev oboru n├ízv┼» Alarm se nena┼íel. (Nechyb├ş direktiva using nebo odkaz na sestaven├ş?) [C:\NON_Install_Programs\DataHub\src\DataHub.Platform\DataHub.Platform.csproj]
C:\NON_Install_Programs\DataHub\src\DataHub.Platform\Data\ApplicationDbContext.cs(27,22): error CS0118: Grinding je obor n├ízv┼», ale pou┼ż├şv├í se jako typ. [C:\NON_Install_Programs\DataHub\src\DataHub.Platform\DataHub.Platform.csproj]
C:\NON_Install_Programs\DataHub\src\DataHub.Platform\Data\Migrations\20250611110006_AddAuditLogFunctionalityToDbContext.Designer.cs(14,23): error CS0246: Typ nebo n├ízev oboru n├ízv┼» ApplicationDbContext se nena┼íel. (Nechyb├ş direktiva using nebo odkaz na sestaven├ş?) [C:\NON_Install_Programs\DataHub\src\DataHub.Platform\DataHub.Platform.csproj]
C:\NON_Install_Programs\DataHub\src\DataHub.Platform\Data\Migrations\20250820080626_AddUserSavedCriteria.Designer.cs(14,23): error CS0246: Typ nebo n├ízev oboru n├ízv┼» ApplicationDbContext se nena┼íel. (Nechyb├ş direktiva using nebo odkaz na sestaven├ş?) [C:\NON_Install_Programs\DataHub\src\DataHub.Platform\DataHub.Platform.csproj]
C:\NON_Install_Programs\DataHub\src\DataHub.Platform\Data\Migrations\20250820112637_AddRawQueryToUserSavedCriteria.Designer.cs(14,23): error CS0246: Typ nebo n├ízev oboru n├ízv┼» ApplicationDbContext se nena┼íel. (Nechyb├ş direktiva using nebo odkaz na sestaven├ş?) [C:\NON_Install_Programs\DataHub\src\DataHub.Platform\DataHub.Platform.csproj]
C:\NON_Install_Programs\DataHub\src\DataHub.Platform\Data\ApplicationDbContext.cs(30,22): error CS0246: Typ nebo n├ízev oboru n├ízv┼» ViewEisodSd se nena┼íel. (Nechyb├ş direktiva using nebo odkaz na sestaven├ş?) [C:\NON_Install_Programs\DataHub\src\DataHub.Platform\DataHub.Platform.csproj]
C:\NON_Install_Programs\DataHub\src\DataHub.Platform\Data\Migrations\ApplicationDbContextModelSnapshot.cs(13,23): error CS0246: Typ nebo n├ízev oboru n├ízv┼» ApplicationDbContext se nena┼íel. (Nechyb├ş direktiva using nebo odkaz na sestaven├ş?) [C:\NON_Install_Programs\DataHub\src\DataHub.Platform\DataHub.Platform.csproj]
    11 upozorn─Ťn├ş
    Po─Źet chyb: 14

Uplynul├Ż ─Źas 00:00:01.50

Jsou k dispozici aktualizace ├║loh. Pokud chcete z├şskat dal┼í├ş informace, spus┼ąte `dotnet workload list`.
