  Zjišťují se projekty, které se mají obnovit...
  Obnovil se projekt C:\NON_Install_Programs\DataHub\domains\Eisod\Eisod.Shared\Eisod.Shared.csproj (v 455 ms).
  Obnovil se projekt c:\NON_Install_Programs\DataHub\domains\Grinding\Grinding.Client\Grinding.Client.csproj (v 455 ms).
  Obnovil se projekt c:\NON_Install_Programs\DataHub\src\DataHub.Host\DataHub.Host.csproj (v 345 ms).
  Obnovil se projekt c:\NON_Install_Programs\DataHub\src\DataHub.Platform\DataHub.Platform.csproj (v 455 ms).
  Obnovil se projekt C:\NON_Install_Programs\DataHub\domains\Grinding\Grinding.Services\Grinding.Services.csproj (v 455 ms).
  Obnovil se projekt C:\NON_Install_Programs\DataHub\domains\Eisod\Eisod.Services\Eisod.Services.csproj (v 455 ms).
  Obnovil se projekt c:\NON_Install_Programs\DataHub\domains\Grinding\Grinding.Pages\Grinding.Pages.csproj (v 455 ms).
  Obnovil se projekt c:\NON_Install_Programs\DataHub\domains\Eisod\Eisod.Pages\Eisod.Pages.csproj (v 455 ms).
  Obnovil se projekt C:\NON_Install_Programs\DataHub\domains\Grinding\Grinding.Shared\Grinding.Shared.csproj (v 11 ms).
  1 z 10 projektů jsou v aktuálním stavu pro obnovení.
  DataHub.Core -> c:\NON_Install_Programs\DataHub\src\DataHub.Core\bin\Debug\net9.0\DataHub.Core.dll
  Grinding.Shared -> C:\NON_Install_Programs\DataHub\domains\Grinding\Grinding.Shared\bin\Debug\net9.0\Grinding.Shared.dll
  Eisod.Shared -> C:\NON_Install_Programs\DataHub\domains\Eisod\Eisod.Shared\bin\Debug\net9.0\Eisod.Shared.dll
c:\NON_Install_Programs\DataHub\src\DataHub.Platform\Repositories\DummyItemRepository.cs(51,30): warning CS8632: Poznámka u typů odkazů s možnou hodnotou null by se měla v kódu používat jenom v kontextu poznámek #nullable. [c:\NON_Install_Programs\DataHub\src\DataHub.Platform\DataHub.Platform.csproj]
c:\NON_Install_Programs\DataHub\src\DataHub.Platform\Repositories\DummyItemRepository.cs(71,30): warning CS8632: Poznámka u typů odkazů s možnou hodnotou null by se měla v kódu používat jenom v kontextu poznámek #nullable. [c:\NON_Install_Programs\DataHub\src\DataHub.Platform\DataHub.Platform.csproj]
c:\NON_Install_Programs\DataHub\src\DataHub.Platform\Repositories\Generic\Repository.cs(35,42): warning CS8632: Poznámka u typů odkazů s možnou hodnotou null by se měla v kódu používat jenom v kontextu poznámek #nullable. [c:\NON_Install_Programs\DataHub\src\DataHub.Platform\DataHub.Platform.csproj]
c:\NON_Install_Programs\DataHub\src\DataHub.Platform\Data\Interceptors\ComprehensiveAuditInterceptor.cs(36,54): warning CS8632: Poznámka u typů odkazů s možnou hodnotou null by se měla v kódu používat jenom v kontextu poznámek #nullable. [c:\NON_Install_Programs\DataHub\src\DataHub.Platform\DataHub.Platform.csproj]
c:\NON_Install_Programs\DataHub\src\DataHub.Platform\Data\ApplicationDbContext.cs(135,23): warning CS8632: Poznámka u typů odkazů s možnou hodnotou null by se měla v kódu používat jenom v kontextu poznámek #nullable. [c:\NON_Install_Programs\DataHub\src\DataHub.Platform\DataHub.Platform.csproj]
c:\NON_Install_Programs\DataHub\src\DataHub.Platform\Data\ApplicationDbContext.cs(151,23): warning CS8632: Poznámka u typů odkazů s možnou hodnotou null by se měla v kódu používat jenom v kontextu poznámek #nullable. [c:\NON_Install_Programs\DataHub\src\DataHub.Platform\DataHub.Platform.csproj]
c:\NON_Install_Programs\DataHub\src\DataHub.Platform\Data\ApplicationDbContext.cs(17,46): warning CS8632: Poznámka u typů odkazů s možnou hodnotou null by se měla v kódu používat jenom v kontextu poznámek #nullable. [c:\NON_Install_Programs\DataHub\src\DataHub.Platform\DataHub.Platform.csproj]
c:\NON_Install_Programs\DataHub\src\DataHub.Platform\Data\ApplicationDbContext.cs(19,105): warning CS8632: Poznámka u typů odkazů s možnou hodnotou null by se měla v kódu používat jenom v kontextu poznámek #nullable. [c:\NON_Install_Programs\DataHub\src\DataHub.Platform\DataHub.Platform.csproj]
c:\NON_Install_Programs\DataHub\src\DataHub.Platform\Repositories\DummyItemRepository.cs(82,53): warning CS8632: Poznámka u typů odkazů s možnou hodnotou null by se měla v kódu používat jenom v kontextu poznámek #nullable. [c:\NON_Install_Programs\DataHub\src\DataHub.Platform\DataHub.Platform.csproj]
c:\NON_Install_Programs\DataHub\src\DataHub.Platform\Repositories\DummyItemRepository.cs(84,49): warning CS8632: Poznámka u typů odkazů s možnou hodnotou null by se měla v kódu používat jenom v kontextu poznámek #nullable. [c:\NON_Install_Programs\DataHub\src\DataHub.Platform\DataHub.Platform.csproj]
c:\NON_Install_Programs\DataHub\src\DataHub.Platform\Repositories\AuditLogRepository.cs(47,44): warning CS8632: Poznámka u typů odkazů s možnou hodnotou null by se měla v kódu používat jenom v kontextu poznámek #nullable. [c:\NON_Install_Programs\DataHub\src\DataHub.Platform\DataHub.Platform.csproj]
c:\NON_Install_Programs\DataHub\src\DataHub.Platform\Data\ApplicationDbContext.cs(137,55): warning CS8632: Poznámka u typů odkazů s možnou hodnotou null by se měla v kódu používat jenom v kontextu poznámek #nullable. [c:\NON_Install_Programs\DataHub\src\DataHub.Platform\DataHub.Platform.csproj]
c:\NON_Install_Programs\DataHub\src\DataHub.Platform\Data\Interceptors\ComprehensiveAuditInterceptor.cs(57,31): warning CS8632: Poznámka u typů odkazů s možnou hodnotou null by se měla v kódu používat jenom v kontextu poznámek #nullable. [c:\NON_Install_Programs\DataHub\src\DataHub.Platform\DataHub.Platform.csproj]
c:\NON_Install_Programs\DataHub\src\DataHub.Platform\Data\Interceptors\ComprehensiveAuditInterceptor.cs(100,78): warning CS8632: Poznámka u typů odkazů s možnou hodnotou null by se měla v kódu používat jenom v kontextu poznámek #nullable. [c:\NON_Install_Programs\DataHub\src\DataHub.Platform\DataHub.Platform.csproj]
c:\NON_Install_Programs\DataHub\src\DataHub.Platform\Data\Interceptors\ComprehensiveAuditInterceptor.cs(101,78): warning CS8632: Poznámka u typů odkazů s možnou hodnotou null by se měla v kódu používat jenom v kontextu poznámek #nullable. [c:\NON_Install_Programs\DataHub\src\DataHub.Platform\DataHub.Platform.csproj]
c:\NON_Install_Programs\DataHub\src\DataHub.Platform\Data\Interceptors\ComprehensiveAuditInterceptor.cs(136,57): warning CS8632: Poznámka u typů odkazů s možnou hodnotou null by se měla v kódu používat jenom v kontextu poznámek #nullable. [c:\NON_Install_Programs\DataHub\src\DataHub.Platform\DataHub.Platform.csproj]
  DataHub.Platform -> c:\NON_Install_Programs\DataHub\src\DataHub.Platform\bin\Debug\net9.0\DataHub.Platform.dll
c:\NON_Install_Programs\DataHub\domains\Grinding\Grinding.Services\AuditLogService.cs(46,41): warning CS8632: Poznámka u typů odkazů s možnou hodnotou null by se měla v kódu používat jenom v kontextu poznámek #nullable. [c:\NON_Install_Programs\DataHub\domains\Grinding\Grinding.Services\Grinding.Services.csproj]
c:\NON_Install_Programs\DataHub\domains\Grinding\Grinding.Services\GrindingService.cs(46,50): warning CS8632: Poznámka u typů odkazů s možnou hodnotou null by se měla v kódu používat jenom v kontextu poznámek #nullable. [c:\NON_Install_Programs\DataHub\domains\Grinding\Grinding.Services\Grinding.Services.csproj]
c:\NON_Install_Programs\DataHub\domains\Grinding\Grinding.Services\IGrindingService.cs(10,37): warning CS8632: Poznámka u typů odkazů s možnou hodnotou null by se měla v kódu používat jenom v kontextu poznámek #nullable. [c:\NON_Install_Programs\DataHub\domains\Grinding\Grinding.Services\Grinding.Services.csproj]
c:\NON_Install_Programs\DataHub\domains\Grinding\Grinding.Services\IAlarmSpecificService.cs(12,31): warning CS8632: Poznámka u typů odkazů s možnou hodnotou null by se měla v kódu používat jenom v kontextu poznámek #nullable. [c:\NON_Install_Programs\DataHub\domains\Grinding\Grinding.Services\Grinding.Services.csproj]
c:\NON_Install_Programs\DataHub\domains\Grinding\Grinding.Services\AlarmService.cs(33,37): warning CS8632: Poznámka u typů odkazů s možnou hodnotou null by se měla v kódu používat jenom v kontextu poznámek #nullable. [c:\NON_Install_Programs\DataHub\domains\Grinding\Grinding.Services\Grinding.Services.csproj]
c:\NON_Install_Programs\DataHub\domains\Grinding\Grinding.Services\IAlarmSpecificService.cs(13,78): warning CS8632: Poznámka u typů odkazů s možnou hodnotou null by se měla v kódu používat jenom v kontextu poznámek #nullable. [c:\NON_Install_Programs\DataHub\domains\Grinding\Grinding.Services\Grinding.Services.csproj]
c:\NON_Install_Programs\DataHub\domains\Grinding\Grinding.Services\IAlarmSpecificService.cs(13,105): warning CS8632: Poznámka u typů odkazů s možnou hodnotou null by se měla v kódu používat jenom v kontextu poznámek #nullable. [c:\NON_Install_Programs\DataHub\domains\Grinding\Grinding.Services\Grinding.Services.csproj]
c:\NON_Install_Programs\DataHub\domains\Grinding\Grinding.Services\IAlarmSpecificService.cs(13,149): warning CS8632: Poznámka u typů odkazů s možnou hodnotou null by se měla v kódu používat jenom v kontextu poznámek #nullable. [c:\NON_Install_Programs\DataHub\domains\Grinding\Grinding.Services\Grinding.Services.csproj]
c:\NON_Install_Programs\DataHub\domains\Grinding\Grinding.Services\IAlarmSpecificService.cs(13,186): warning CS8632: Poznámka u typů odkazů s možnou hodnotou null by se měla v kódu používat jenom v kontextu poznámek #nullable. [c:\NON_Install_Programs\DataHub\domains\Grinding\Grinding.Services\Grinding.Services.csproj]
c:\NON_Install_Programs\DataHub\domains\Grinding\Grinding.Services\AlarmService.cs(52,106): warning CS8632: Poznámka u typů odkazů s možnou hodnotou null by se měla v kódu používat jenom v kontextu poznámek #nullable. [c:\NON_Install_Programs\DataHub\domains\Grinding\Grinding.Services\Grinding.Services.csproj]
c:\NON_Install_Programs\DataHub\domains\Grinding\Grinding.Services\AlarmService.cs(52,133): warning CS8632: Poznámka u typů odkazů s možnou hodnotou null by se měla v kódu používat jenom v kontextu poznámek #nullable. [c:\NON_Install_Programs\DataHub\domains\Grinding\Grinding.Services\Grinding.Services.csproj]
c:\NON_Install_Programs\DataHub\domains\Grinding\Grinding.Services\AlarmService.cs(52,177): warning CS8632: Poznámka u typů odkazů s možnou hodnotou null by se měla v kódu používat jenom v kontextu poznámek #nullable. [c:\NON_Install_Programs\DataHub\domains\Grinding\Grinding.Services\Grinding.Services.csproj]
c:\NON_Install_Programs\DataHub\domains\Grinding\Grinding.Services\AlarmService.cs(52,214): warning CS8632: Poznámka u typů odkazů s možnou hodnotou null by se měla v kódu používat jenom v kontextu poznámek #nullable. [c:\NON_Install_Programs\DataHub\domains\Grinding\Grinding.Services\Grinding.Services.csproj]
c:\NON_Install_Programs\DataHub\domains\Grinding\Grinding.Services\IOperationalService.cs(10,40): warning CS8632: Poznámka u typů odkazů s možnou hodnotou null by se měla v kódu používat jenom v kontextu poznámek #nullable. [c:\NON_Install_Programs\DataHub\domains\Grinding\Grinding.Services\Grinding.Services.csproj]
c:\NON_Install_Programs\DataHub\domains\Grinding\Grinding.Services\OperationalService.cs(42,53): warning CS8632: Poznámka u typů odkazů s možnou hodnotou null by se měla v kódu používat jenom v kontextu poznámek #nullable. [c:\NON_Install_Programs\DataHub\domains\Grinding\Grinding.Services\Grinding.Services.csproj]
c:\NON_Install_Programs\DataHub\domains\Grinding\Grinding.Services\AlarmService.cs(52,108): warning CS1066: Výchozí hodnota zadaná pro parametr filterName nebude mít žádný efekt, protože platí pro člen, který se používá v kontextech nedovolujících nepovinné argumenty. [c:\NON_Install_Programs\DataHub\domains\Grinding\Grinding.Services\Grinding.Services.csproj]
c:\NON_Install_Programs\DataHub\domains\Grinding\Grinding.Services\AlarmService.cs(52,135): warning CS1066: Výchozí hodnota zadaná pro parametr filterString nebude mít žádný efekt, protože platí pro člen, který se používá v kontextech nedovolujících nepovinné argumenty. [c:\NON_Install_Programs\DataHub\domains\Grinding\Grinding.Services\Grinding.Services.csproj]
c:\NON_Install_Programs\DataHub\domains\Grinding\Grinding.Services\AlarmService.cs(52,179): warning CS1066: Výchozí hodnota zadaná pro parametr filters nebude mít žádný efekt, protože platí pro člen, který se používá v kontextech nedovolujících nepovinné argumenty. [c:\NON_Install_Programs\DataHub\domains\Grinding\Grinding.Services\Grinding.Services.csproj]
c:\NON_Install_Programs\DataHub\domains\Grinding\Grinding.Services\AlarmService.cs(52,216): warning CS1066: Výchozí hodnota zadaná pro parametr sorts nebude mít žádný efekt, protože platí pro člen, který se používá v kontextech nedovolujících nepovinné argumenty. [c:\NON_Install_Programs\DataHub\domains\Grinding\Grinding.Services\Grinding.Services.csproj]
c:\NON_Install_Programs\DataHub\domains\Grinding\Grinding.Services\Repositories\AlarmRepository.cs(78,41): warning CS8632: Poznámka u typů odkazů s možnou hodnotou null by se měla v kódu používat jenom v kontextu poznámek #nullable. [c:\NON_Install_Programs\DataHub\domains\Grinding\Grinding.Services\Grinding.Services.csproj]
  Eisod.Services -> C:\NON_Install_Programs\DataHub\domains\Eisod\Eisod.Services\bin\Debug\net9.0\Eisod.Services.dll
  Grinding.Services -> C:\NON_Install_Programs\DataHub\domains\Grinding\Grinding.Services\bin\Debug\net9.0\Grinding.Services.dll
  Grinding.Client -> c:\NON_Install_Programs\DataHub\domains\Grinding\Grinding.Client\bin\Debug\net9.0\Grinding.Client.dll
  Grinding.Pages -> c:\NON_Install_Programs\DataHub\domains\Grinding\Grinding.Pages\bin\Debug\net9.0\Grinding.Pages.dll
  Eisod.Pages -> c:\NON_Install_Programs\DataHub\domains\Eisod\Eisod.Pages\bin\Debug\net9.0\Eisod.Pages.dll
c:\NON_Install_Programs\DataHub\src\DataHub.Host\Components\Pages\DummyItems.razor.cs(14,7): warning CS0105: Direktiva using pro DataHub.Core.Services se objevila už dřív v tomto oboru názvů. [c:\NON_Install_Programs\DataHub\src\DataHub.Host\DataHub.Host.csproj]
c:\NON_Install_Programs\DataHub\src\DataHub.Host\Components\Layout\DevAuthControl.razor(3,8): warning CS0105: Direktiva using pro DataHub.Core.Permissions se objevila už dřív v tomto oboru názvů. [c:\NON_Install_Programs\DataHub\src\DataHub.Host\DataHub.Host.csproj]
c:\NON_Install_Programs\DataHub\src\DataHub.Host\Components\Layout\DevAuthControl.razor(4,8): warning CS0105: Direktiva using pro System.Security.Claims se objevila už dřív v tomto oboru názvů. [c:\NON_Install_Programs\DataHub\src\DataHub.Host\DataHub.Host.csproj]
c:\NON_Install_Programs\DataHub\src\DataHub.Host\Components\Pages\AuditLogViewer.razor.cs(72,49): error CS1501: Žádné přetížení pro metodu GetPagedAsync nepřevezme tento počet argumentů: 3. [c:\NON_Install_Programs\DataHub\src\DataHub.Host\DataHub.Host.csproj]
c:\NON_Install_Programs\DataHub\src\DataHub.Host\Components\Pages\AuditLogViewer.razor.cs(155,60): error CS1501: Žádné přetížení pro metodu GetPagedAsync nepřevezme tento počet argumentů: 3. [c:\NON_Install_Programs\DataHub\src\DataHub.Host\DataHub.Host.csproj]

Sestavení SE NEZDAŘILO.

c:\NON_Install_Programs\DataHub\src\DataHub.Platform\Repositories\DummyItemRepository.cs(51,30): warning CS8632: Poznámka u typů odkazů s možnou hodnotou null by se měla v kódu používat jenom v kontextu poznámek #nullable. [c:\NON_Install_Programs\DataHub\src\DataHub.Platform\DataHub.Platform.csproj]
c:\NON_Install_Programs\DataHub\src\DataHub.Platform\Repositories\DummyItemRepository.cs(71,30): warning CS8632: Poznámka u typů odkazů s možnou hodnotou null by se měla v kódu používat jenom v kontextu poznámek #nullable. [c:\NON_Install_Programs\DataHub\src\DataHub.Platform\DataHub.Platform.csproj]
c:\NON_Install_Programs\DataHub\src\DataHub.Platform\Repositories\Generic\Repository.cs(35,42): warning CS8632: Poznámka u typů odkazů s možnou hodnotou null by se měla v kódu používat jenom v kontextu poznámek #nullable. [c:\NON_Install_Programs\DataHub\src\DataHub.Platform\DataHub.Platform.csproj]
c:\NON_Install_Programs\DataHub\src\DataHub.Platform\Data\Interceptors\ComprehensiveAuditInterceptor.cs(36,54): warning CS8632: Poznámka u typů odkazů s možnou hodnotou null by se měla v kódu používat jenom v kontextu poznámek #nullable. [c:\NON_Install_Programs\DataHub\src\DataHub.Platform\DataHub.Platform.csproj]
c:\NON_Install_Programs\DataHub\src\DataHub.Platform\Data\ApplicationDbContext.cs(135,23): warning CS8632: Poznámka u typů odkazů s možnou hodnotou null by se měla v kódu používat jenom v kontextu poznámek #nullable. [c:\NON_Install_Programs\DataHub\src\DataHub.Platform\DataHub.Platform.csproj]
c:\NON_Install_Programs\DataHub\src\DataHub.Platform\Data\ApplicationDbContext.cs(151,23): warning CS8632: Poznámka u typů odkazů s možnou hodnotou null by se měla v kódu používat jenom v kontextu poznámek #nullable. [c:\NON_Install_Programs\DataHub\src\DataHub.Platform\DataHub.Platform.csproj]
c:\NON_Install_Programs\DataHub\src\DataHub.Platform\Data\ApplicationDbContext.cs(17,46): warning CS8632: Poznámka u typů odkazů s možnou hodnotou null by se měla v kódu používat jenom v kontextu poznámek #nullable. [c:\NON_Install_Programs\DataHub\src\DataHub.Platform\DataHub.Platform.csproj]
c:\NON_Install_Programs\DataHub\src\DataHub.Platform\Data\ApplicationDbContext.cs(19,105): warning CS8632: Poznámka u typů odkazů s možnou hodnotou null by se měla v kódu používat jenom v kontextu poznámek #nullable. [c:\NON_Install_Programs\DataHub\src\DataHub.Platform\DataHub.Platform.csproj]
c:\NON_Install_Programs\DataHub\src\DataHub.Platform\Repositories\DummyItemRepository.cs(82,53): warning CS8632: Poznámka u typů odkazů s možnou hodnotou null by se měla v kódu používat jenom v kontextu poznámek #nullable. [c:\NON_Install_Programs\DataHub\src\DataHub.Platform\DataHub.Platform.csproj]
c:\NON_Install_Programs\DataHub\src\DataHub.Platform\Repositories\DummyItemRepository.cs(84,49): warning CS8632: Poznámka u typů odkazů s možnou hodnotou null by se měla v kódu používat jenom v kontextu poznámek #nullable. [c:\NON_Install_Programs\DataHub\src\DataHub.Platform\DataHub.Platform.csproj]
c:\NON_Install_Programs\DataHub\src\DataHub.Platform\Repositories\AuditLogRepository.cs(47,44): warning CS8632: Poznámka u typů odkazů s možnou hodnotou null by se měla v kódu používat jenom v kontextu poznámek #nullable. [c:\NON_Install_Programs\DataHub\src\DataHub.Platform\DataHub.Platform.csproj]
c:\NON_Install_Programs\DataHub\src\DataHub.Platform\Data\ApplicationDbContext.cs(137,55): warning CS8632: Poznámka u typů odkazů s možnou hodnotou null by se měla v kódu používat jenom v kontextu poznámek #nullable. [c:\NON_Install_Programs\DataHub\src\DataHub.Platform\DataHub.Platform.csproj]
c:\NON_Install_Programs\DataHub\src\DataHub.Platform\Data\Interceptors\ComprehensiveAuditInterceptor.cs(57,31): warning CS8632: Poznámka u typů odkazů s možnou hodnotou null by se měla v kódu používat jenom v kontextu poznámek #nullable. [c:\NON_Install_Programs\DataHub\src\DataHub.Platform\DataHub.Platform.csproj]
c:\NON_Install_Programs\DataHub\src\DataHub.Platform\Data\Interceptors\ComprehensiveAuditInterceptor.cs(100,78): warning CS8632: Poznámka u typů odkazů s možnou hodnotou null by se měla v kódu používat jenom v kontextu poznámek #nullable. [c:\NON_Install_Programs\DataHub\src\DataHub.Platform\DataHub.Platform.csproj]
c:\NON_Install_Programs\DataHub\src\DataHub.Platform\Data\Interceptors\ComprehensiveAuditInterceptor.cs(101,78): warning CS8632: Poznámka u typů odkazů s možnou hodnotou null by se měla v kódu používat jenom v kontextu poznámek #nullable. [c:\NON_Install_Programs\DataHub\src\DataHub.Platform\DataHub.Platform.csproj]
c:\NON_Install_Programs\DataHub\src\DataHub.Platform\Data\Interceptors\ComprehensiveAuditInterceptor.cs(136,57): warning CS8632: Poznámka u typů odkazů s možnou hodnotou null by se měla v kódu používat jenom v kontextu poznámek #nullable. [c:\NON_Install_Programs\DataHub\src\DataHub.Platform\DataHub.Platform.csproj]
c:\NON_Install_Programs\DataHub\domains\Grinding\Grinding.Services\AuditLogService.cs(46,41): warning CS8632: Poznámka u typů odkazů s možnou hodnotou null by se měla v kódu používat jenom v kontextu poznámek #nullable. [c:\NON_Install_Programs\DataHub\domains\Grinding\Grinding.Services\Grinding.Services.csproj]
c:\NON_Install_Programs\DataHub\domains\Grinding\Grinding.Services\GrindingService.cs(46,50): warning CS8632: Poznámka u typů odkazů s možnou hodnotou null by se měla v kódu používat jenom v kontextu poznámek #nullable. [c:\NON_Install_Programs\DataHub\domains\Grinding\Grinding.Services\Grinding.Services.csproj]
c:\NON_Install_Programs\DataHub\domains\Grinding\Grinding.Services\IGrindingService.cs(10,37): warning CS8632: Poznámka u typů odkazů s možnou hodnotou null by se měla v kódu používat jenom v kontextu poznámek #nullable. [c:\NON_Install_Programs\DataHub\domains\Grinding\Grinding.Services\Grinding.Services.csproj]
c:\NON_Install_Programs\DataHub\domains\Grinding\Grinding.Services\IAlarmSpecificService.cs(12,31): warning CS8632: Poznámka u typů odkazů s možnou hodnotou null by se měla v kódu používat jenom v kontextu poznámek #nullable. [c:\NON_Install_Programs\DataHub\domains\Grinding\Grinding.Services\Grinding.Services.csproj]
c:\NON_Install_Programs\DataHub\domains\Grinding\Grinding.Services\AlarmService.cs(33,37): warning CS8632: Poznámka u typů odkazů s možnou hodnotou null by se měla v kódu používat jenom v kontextu poznámek #nullable. [c:\NON_Install_Programs\DataHub\domains\Grinding\Grinding.Services\Grinding.Services.csproj]
c:\NON_Install_Programs\DataHub\domains\Grinding\Grinding.Services\IAlarmSpecificService.cs(13,78): warning CS8632: Poznámka u typů odkazů s možnou hodnotou null by se měla v kódu používat jenom v kontextu poznámek #nullable. [c:\NON_Install_Programs\DataHub\domains\Grinding\Grinding.Services\Grinding.Services.csproj]
c:\NON_Install_Programs\DataHub\domains\Grinding\Grinding.Services\IAlarmSpecificService.cs(13,105): warning CS8632: Poznámka u typů odkazů s možnou hodnotou null by se měla v kódu používat jenom v kontextu poznámek #nullable. [c:\NON_Install_Programs\DataHub\domains\Grinding\Grinding.Services\Grinding.Services.csproj]
c:\NON_Install_Programs\DataHub\domains\Grinding\Grinding.Services\IAlarmSpecificService.cs(13,149): warning CS8632: Poznámka u typů odkazů s možnou hodnotou null by se měla v kódu používat jenom v kontextu poznámek #nullable. [c:\NON_Install_Programs\DataHub\domains\Grinding\Grinding.Services\Grinding.Services.csproj]
c:\NON_Install_Programs\DataHub\domains\Grinding\Grinding.Services\IAlarmSpecificService.cs(13,186): warning CS8632: Poznámka u typů odkazů s možnou hodnotou null by se měla v kódu používat jenom v kontextu poznámek #nullable. [c:\NON_Install_Programs\DataHub\domains\Grinding\Grinding.Services\Grinding.Services.csproj]
c:\NON_Install_Programs\DataHub\domains\Grinding\Grinding.Services\AlarmService.cs(52,106): warning CS8632: Poznámka u typů odkazů s možnou hodnotou null by se měla v kódu používat jenom v kontextu poznámek #nullable. [c:\NON_Install_Programs\DataHub\domains\Grinding\Grinding.Services\Grinding.Services.csproj]
c:\NON_Install_Programs\DataHub\domains\Grinding\Grinding.Services\AlarmService.cs(52,133): warning CS8632: Poznámka u typů odkazů s možnou hodnotou null by se měla v kódu používat jenom v kontextu poznámek #nullable. [c:\NON_Install_Programs\DataHub\domains\Grinding\Grinding.Services\Grinding.Services.csproj]
c:\NON_Install_Programs\DataHub\domains\Grinding\Grinding.Services\AlarmService.cs(52,177): warning CS8632: Poznámka u typů odkazů s možnou hodnotou null by se měla v kódu používat jenom v kontextu poznámek #nullable. [c:\NON_Install_Programs\DataHub\domains\Grinding\Grinding.Services\Grinding.Services.csproj]
c:\NON_Install_Programs\DataHub\domains\Grinding\Grinding.Services\AlarmService.cs(52,214): warning CS8632: Poznámka u typů odkazů s možnou hodnotou null by se měla v kódu používat jenom v kontextu poznámek #nullable. [c:\NON_Install_Programs\DataHub\domains\Grinding\Grinding.Services\Grinding.Services.csproj]
c:\NON_Install_Programs\DataHub\domains\Grinding\Grinding.Services\IOperationalService.cs(10,40): warning CS8632: Poznámka u typů odkazů s možnou hodnotou null by se měla v kódu používat jenom v kontextu poznámek #nullable. [c:\NON_Install_Programs\DataHub\domains\Grinding\Grinding.Services\Grinding.Services.csproj]
c:\NON_Install_Programs\DataHub\domains\Grinding\Grinding.Services\OperationalService.cs(42,53): warning CS8632: Poznámka u typů odkazů s možnou hodnotou null by se měla v kódu používat jenom v kontextu poznámek #nullable. [c:\NON_Install_Programs\DataHub\domains\Grinding\Grinding.Services\Grinding.Services.csproj]
c:\NON_Install_Programs\DataHub\domains\Grinding\Grinding.Services\AlarmService.cs(52,108): warning CS1066: Výchozí hodnota zadaná pro parametr filterName nebude mít žádný efekt, protože platí pro člen, který se používá v kontextech nedovolujících nepovinné argumenty. [c:\NON_Install_Programs\DataHub\domains\Grinding\Grinding.Services\Grinding.Services.csproj]
c:\NON_Install_Programs\DataHub\domains\Grinding\Grinding.Services\AlarmService.cs(52,135): warning CS1066: Výchozí hodnota zadaná pro parametr filterString nebude mít žádný efekt, protože platí pro člen, který se používá v kontextech nedovolujících nepovinné argumenty. [c:\NON_Install_Programs\DataHub\domains\Grinding\Grinding.Services\Grinding.Services.csproj]
c:\NON_Install_Programs\DataHub\domains\Grinding\Grinding.Services\AlarmService.cs(52,179): warning CS1066: Výchozí hodnota zadaná pro parametr filters nebude mít žádný efekt, protože platí pro člen, který se používá v kontextech nedovolujících nepovinné argumenty. [c:\NON_Install_Programs\DataHub\domains\Grinding\Grinding.Services\Grinding.Services.csproj]
c:\NON_Install_Programs\DataHub\domains\Grinding\Grinding.Services\AlarmService.cs(52,216): warning CS1066: Výchozí hodnota zadaná pro parametr sorts nebude mít žádný efekt, protože platí pro člen, který se používá v kontextech nedovolujících nepovinné argumenty. [c:\NON_Install_Programs\DataHub\domains\Grinding\Grinding.Services\Grinding.Services.csproj]
c:\NON_Install_Programs\DataHub\domains\Grinding\Grinding.Services\Repositories\AlarmRepository.cs(78,41): warning CS8632: Poznámka u typů odkazů s možnou hodnotou null by se měla v kódu používat jenom v kontextu poznámek #nullable. [c:\NON_Install_Programs\DataHub\domains\Grinding\Grinding.Services\Grinding.Services.csproj]
c:\NON_Install_Programs\DataHub\src\DataHub.Host\Components\Pages\DummyItems.razor.cs(14,7): warning CS0105: Direktiva using pro DataHub.Core.Services se objevila už dřív v tomto oboru názvů. [c:\NON_Install_Programs\DataHub\src\DataHub.Host\DataHub.Host.csproj]
c:\NON_Install_Programs\DataHub\src\DataHub.Host\Components\Layout\DevAuthControl.razor(3,8): warning CS0105: Direktiva using pro DataHub.Core.Permissions se objevila už dřív v tomto oboru názvů. [c:\NON_Install_Programs\DataHub\src\DataHub.Host\DataHub.Host.csproj]
c:\NON_Install_Programs\DataHub\src\DataHub.Host\Components\Layout\DevAuthControl.razor(4,8): warning CS0105: Direktiva using pro System.Security.Claims se objevila už dřív v tomto oboru názvů. [c:\NON_Install_Programs\DataHub\src\DataHub.Host\DataHub.Host.csproj]
c:\NON_Install_Programs\DataHub\src\DataHub.Host\Components\Pages\AuditLogViewer.razor.cs(72,49): error CS1501: Žádné přetížení pro metodu GetPagedAsync nepřevezme tento počet argumentů: 3. [c:\NON_Install_Programs\DataHub\src\DataHub.Host\DataHub.Host.csproj]
c:\NON_Install_Programs\DataHub\src\DataHub.Host\Components\Pages\AuditLogViewer.razor.cs(155,60): error CS1501: Žádné přetížení pro metodu GetPagedAsync nepřevezme tento počet argumentů: 3. [c:\NON_Install_Programs\DataHub\src\DataHub.Host\DataHub.Host.csproj]
    39 upozornění
    Počet chyb: 2

Uplynulý čas 00:00:05.36

Jsou k dispozici aktualizace úloh. Pokud chcete získat další informace, spusťte `dotnet workload list`.
