  Zjišťují se projekty, které se mají obnovit...
  Obnovil se projekt c:\NON_Install_Programs\DataHub\domains\Grinding\Grinding.Client\Grinding.Client.csproj (v 369 ms).
  Obnovil se projekt c:\NON_Install_Programs\DataHub\domains\Grinding\Grinding.Services\Grinding.Services.csproj (v 379 ms).
  Obnovil se projekt C:\NON_Install_Programs\DataHub\src\DataHub.Host\DataHub.Host.csproj (v 360 ms).
  Obnovil se projekt C:\NON_Install_Programs\DataHub\domains\Eisod\Eisod.Pages\Eisod.Pages.csproj (v 297 ms).
  Obnovil se projekt c:\NON_Install_Programs\DataHub\domains\Eisod\Eisod.Services\Eisod.Services.csproj (v 288 ms).
  Obnovil se projekt C:\NON_Install_Programs\DataHub\domains\Grinding\Grinding.Pages\Grinding.Pages.csproj (v 382 ms).
  4 z 10 projektů jsou v aktuálním stavu pro obnovení.
  DataHub.Core -> c:\NON_Install_Programs\DataHub\src\DataHub.Core\bin\Debug\net9.0\DataHub.Core.dll
  Eisod.Shared -> C:\NON_Install_Programs\DataHub\domains\Eisod\Eisod.Shared\bin\Debug\net9.0\Eisod.Shared.dll
  Grinding.Shared -> C:\NON_Install_Programs\DataHub\domains\Grinding\Grinding.Shared\bin\Debug\net9.0\Grinding.Shared.dll
  DataHub.Platform -> C:\NON_Install_Programs\DataHub\src\DataHub.Platform\bin\Debug\net9.0\DataHub.Platform.dll
  Eisod.Services -> C:\NON_Install_Programs\DataHub\domains\Eisod\Eisod.Services\bin\Debug\net9.0\Eisod.Services.dll
c:\NON_Install_Programs\DataHub\domains\Grinding\Grinding.Services\GrindingService.cs(46,50): warning CS8632: Poznámka u typů odkazů s možnou hodnotou null by se měla v kódu používat jenom v kontextu poznámek #nullable. [c:\NON_Install_Programs\DataHub\domains\Grinding\Grinding.Services\Grinding.Services.csproj]
c:\NON_Install_Programs\DataHub\domains\Grinding\Grinding.Services\IGrindingService.cs(10,37): warning CS8632: Poznámka u typů odkazů s možnou hodnotou null by se měla v kódu používat jenom v kontextu poznámek #nullable. [c:\NON_Install_Programs\DataHub\domains\Grinding\Grinding.Services\Grinding.Services.csproj]
c:\NON_Install_Programs\DataHub\domains\Grinding\Grinding.Services\AuditLogService.cs(46,41): warning CS8632: Poznámka u typů odkazů s možnou hodnotou null by se měla v kódu používat jenom v kontextu poznámek #nullable. [c:\NON_Install_Programs\DataHub\domains\Grinding\Grinding.Services\Grinding.Services.csproj]
c:\NON_Install_Programs\DataHub\domains\Grinding\Grinding.Services\IAlarmSpecificService.cs(12,31): warning CS8632: Poznámka u typů odkazů s možnou hodnotou null by se měla v kódu používat jenom v kontextu poznámek #nullable. [c:\NON_Install_Programs\DataHub\domains\Grinding\Grinding.Services\Grinding.Services.csproj]
c:\NON_Install_Programs\DataHub\domains\Grinding\Grinding.Services\AlarmService.cs(33,37): warning CS8632: Poznámka u typů odkazů s možnou hodnotou null by se měla v kódu používat jenom v kontextu poznámek #nullable. [c:\NON_Install_Programs\DataHub\domains\Grinding\Grinding.Services\Grinding.Services.csproj]
c:\NON_Install_Programs\DataHub\domains\Grinding\Grinding.Services\IAlarmSpecificService.cs(13,78): warning CS8632: Poznámka u typů odkazů s možnou hodnotou null by se měla v kódu používat jenom v kontextu poznámek #nullable. [c:\NON_Install_Programs\DataHub\domains\Grinding\Grinding.Services\Grinding.Services.csproj]
c:\NON_Install_Programs\DataHub\domains\Grinding\Grinding.Services\IAlarmSpecificService.cs(13,105): warning CS8632: Poznámka u typů odkazů s možnou hodnotou null by se měla v kódu používat jenom v kontextu poznámek #nullable. [c:\NON_Install_Programs\DataHub\domains\Grinding\Grinding.Services\Grinding.Services.csproj]
c:\NON_Install_Programs\DataHub\domains\Grinding\Grinding.Services\IAlarmSpecificService.cs(13,149): warning CS8632: Poznámka u typů odkazů s možnou hodnotou null by se měla v kódu používat jenom v kontextu poznámek #nullable. [c:\NON_Install_Programs\DataHub\domains\Grinding\Grinding.Services\Grinding.Services.csproj]
c:\NON_Install_Programs\DataHub\domains\Grinding\Grinding.Services\IAlarmSpecificService.cs(13,186): warning CS8632: Poznámka u typů odkazů s možnou hodnotou null by se měla v kódu používat jenom v kontextu poznámek #nullable. [c:\NON_Install_Programs\DataHub\domains\Grinding\Grinding.Services\Grinding.Services.csproj]
c:\NON_Install_Programs\DataHub\domains\Grinding\Grinding.Services\AlarmService.cs(52,106): warning CS8632: Poznámka u typů odkazů s možnou hodnotou null by se měla v kódu používat jenom v kontextu poznámek #nullable. [c:\NON_Install_Programs\DataHub\domains\Grinding\Grinding.Services\Grinding.Services.csproj]
c:\NON_Install_Programs\DataHub\domains\Grinding\Grinding.Services\AlarmService.cs(52,133): warning CS8632: Poznámka u typů odkazů s možnou hodnotou null by se měla v kódu používat jenom v kontextu poznámek #nullable. [c:\NON_Install_Programs\DataHub\domains\Grinding\Grinding.Services\Grinding.Services.csproj]
c:\NON_Install_Programs\DataHub\domains\Grinding\Grinding.Services\AlarmService.cs(52,177): warning CS8632: Poznámka u typů odkazů s možnou hodnotou null by se měla v kódu používat jenom v kontextu poznámek #nullable. [c:\NON_Install_Programs\DataHub\domains\Grinding\Grinding.Services\Grinding.Services.csproj]
c:\NON_Install_Programs\DataHub\domains\Grinding\Grinding.Services\AlarmService.cs(52,214): warning CS8632: Poznámka u typů odkazů s možnou hodnotou null by se měla v kódu používat jenom v kontextu poznámek #nullable. [c:\NON_Install_Programs\DataHub\domains\Grinding\Grinding.Services\Grinding.Services.csproj]
c:\NON_Install_Programs\DataHub\domains\Grinding\Grinding.Services\IOperationalService.cs(10,40): warning CS8632: Poznámka u typů odkazů s možnou hodnotou null by se měla v kódu používat jenom v kontextu poznámek #nullable. [c:\NON_Install_Programs\DataHub\domains\Grinding\Grinding.Services\Grinding.Services.csproj]
c:\NON_Install_Programs\DataHub\domains\Grinding\Grinding.Services\AlarmService.cs(52,108): warning CS1066: Výchozí hodnota zadaná pro parametr filterName nebude mít žádný efekt, protože platí pro člen, který se používá v kontextech nedovolujících nepovinné argumenty. [c:\NON_Install_Programs\DataHub\domains\Grinding\Grinding.Services\Grinding.Services.csproj]
c:\NON_Install_Programs\DataHub\domains\Grinding\Grinding.Services\AlarmService.cs(52,135): warning CS1066: Výchozí hodnota zadaná pro parametr filterString nebude mít žádný efekt, protože platí pro člen, který se používá v kontextech nedovolujících nepovinné argumenty. [c:\NON_Install_Programs\DataHub\domains\Grinding\Grinding.Services\Grinding.Services.csproj]
c:\NON_Install_Programs\DataHub\domains\Grinding\Grinding.Services\AlarmService.cs(52,179): warning CS1066: Výchozí hodnota zadaná pro parametr filters nebude mít žádný efekt, protože platí pro člen, který se používá v kontextech nedovolujících nepovinné argumenty. [c:\NON_Install_Programs\DataHub\domains\Grinding\Grinding.Services\Grinding.Services.csproj]
c:\NON_Install_Programs\DataHub\domains\Grinding\Grinding.Services\AlarmService.cs(52,216): warning CS1066: Výchozí hodnota zadaná pro parametr sorts nebude mít žádný efekt, protože platí pro člen, který se používá v kontextech nedovolujících nepovinné argumenty. [c:\NON_Install_Programs\DataHub\domains\Grinding\Grinding.Services\Grinding.Services.csproj]
c:\NON_Install_Programs\DataHub\domains\Grinding\Grinding.Services\OperationalService.cs(42,53): warning CS8632: Poznámka u typů odkazů s možnou hodnotou null by se měla v kódu používat jenom v kontextu poznámek #nullable. [c:\NON_Install_Programs\DataHub\domains\Grinding\Grinding.Services\Grinding.Services.csproj]
c:\NON_Install_Programs\DataHub\domains\Grinding\Grinding.Services\Repositories\AlarmRepository.cs(78,41): warning CS8632: Poznámka u typů odkazů s možnou hodnotou null by se měla v kódu používat jenom v kontextu poznámek #nullable. [c:\NON_Install_Programs\DataHub\domains\Grinding\Grinding.Services\Grinding.Services.csproj]
  Grinding.Services -> C:\NON_Install_Programs\DataHub\domains\Grinding\Grinding.Services\bin\Debug\net9.0\Grinding.Services.dll
c:\NON_Install_Programs\DataHub\domains\Eisod\Eisod.Pages\EisodSdView.razor(24,1): warning RZ10012: Found markup element with unexpected name 'GenericDataView'. If this is intended to be a component, add a @using directive for its namespace. [c:\NON_Install_Programs\DataHub\domains\Eisod\Eisod.Pages\Eisod.Pages.csproj]
c:\NON_Install_Programs\DataHub\domains\Eisod\Eisod.Pages\EisodSdView.razor(32,5): warning RZ10012: Found markup element with unexpected name 'ActionColumnTemplate'. If this is intended to be a component, add a @using directive for its namespace. [c:\NON_Install_Programs\DataHub\domains\Eisod\Eisod.Pages\Eisod.Pages.csproj]
c:\NON_Install_Programs\DataHub\domains\Eisod\Eisod.Pages\EisodSdView.razor.cs(27,17): error CS0246: Typ nebo název oboru názvů GenericDataView<> se nenašel. (Nechybí direktiva using nebo odkaz na sestavení?) [c:\NON_Install_Programs\DataHub\domains\Eisod\Eisod.Pages\Eisod.Pages.csproj]
c:\NON_Install_Programs\DataHub\domains\Eisod\Eisod.Pages\EisodSdView.razor.cs(29,23): warning CS8632: Poznámka u typů odkazů s možnou hodnotou null by se měla v kódu používat jenom v kontextu poznámek #nullable. [c:\NON_Install_Programs\DataHub\domains\Eisod\Eisod.Pages\Eisod.Pages.csproj]
c:\NON_Install_Programs\DataHub\domains\Eisod\Eisod.Pages\EisodSdView.razor.cs(30,23): warning CS8632: Poznámka u typů odkazů s možnou hodnotou null by se měla v kódu používat jenom v kontextu poznámek #nullable. [c:\NON_Install_Programs\DataHub\domains\Eisod\Eisod.Pages\Eisod.Pages.csproj]
  Grinding.Client -> c:\NON_Install_Programs\DataHub\domains\Grinding\Grinding.Client\bin\Debug\net9.0\Grinding.Client.dll
c:\NON_Install_Programs\DataHub\domains\Grinding\Grinding.Pages\AlarmAction.razor(13,1): warning RZ10012: Found markup element with unexpected name 'GenericEntityActionPage'. If this is intended to be a component, add a @using directive for its namespace. [c:\NON_Install_Programs\DataHub\domains\Grinding\Grinding.Pages\Grinding.Pages.csproj]
c:\NON_Install_Programs\DataHub\domains\Grinding\Grinding.Pages\AlarmAction.razor(18,5): warning RZ10012: Found markup element with unexpected name 'EditorTemplate'. If this is intended to be a component, add a @using directive for its namespace. [c:\NON_Install_Programs\DataHub\domains\Grinding\Grinding.Pages\Grinding.Pages.csproj]
c:\NON_Install_Programs\DataHub\domains\Grinding\Grinding.Pages\Alarms.razor(46,1): warning RZ10012: Found markup element with unexpected name 'GenericDataView'. If this is intended to be a component, add a @using directive for its namespace. [c:\NON_Install_Programs\DataHub\domains\Grinding\Grinding.Pages\Grinding.Pages.csproj]
c:\NON_Install_Programs\DataHub\domains\Grinding\Grinding.Pages\Alarms.razor(56,5): warning RZ10012: Found markup element with unexpected name 'ActionColumnTemplate'. If this is intended to be a component, add a @using directive for its namespace. [c:\NON_Install_Programs\DataHub\domains\Grinding\Grinding.Pages\Grinding.Pages.csproj]
c:\NON_Install_Programs\DataHub\domains\Grinding\Grinding.Pages\AuditLogViewer.razor(24,1): warning RZ10012: Found markup element with unexpected name 'GenericDataView'. If this is intended to be a component, add a @using directive for its namespace. [c:\NON_Install_Programs\DataHub\domains\Grinding\Grinding.Pages\Grinding.Pages.csproj]
c:\NON_Install_Programs\DataHub\domains\Grinding\Grinding.Pages\AuditLogViewer.razor(32,5): warning RZ10012: Found markup element with unexpected name 'ActionColumnTemplate'. If this is intended to be a component, add a @using directive for its namespace. [c:\NON_Install_Programs\DataHub\domains\Grinding\Grinding.Pages\Grinding.Pages.csproj]
c:\NON_Install_Programs\DataHub\domains\Grinding\Grinding.Pages\DummyItemAction.razor(13,1): warning RZ10012: Found markup element with unexpected name 'GenericEntityActionPage'. If this is intended to be a component, add a @using directive for its namespace. [c:\NON_Install_Programs\DataHub\domains\Grinding\Grinding.Pages\Grinding.Pages.csproj]
c:\NON_Install_Programs\DataHub\domains\Grinding\Grinding.Pages\DummyItemAction.razor(18,5): warning RZ10012: Found markup element with unexpected name 'EditorTemplate'. If this is intended to be a component, add a @using directive for its namespace. [c:\NON_Install_Programs\DataHub\domains\Grinding\Grinding.Pages\Grinding.Pages.csproj]
c:\NON_Install_Programs\DataHub\domains\Grinding\Grinding.Pages\DummyItems.razor(34,1): warning RZ10012: Found markup element with unexpected name 'GenericDataView'. If this is intended to be a component, add a @using directive for its namespace. [c:\NON_Install_Programs\DataHub\domains\Grinding\Grinding.Pages\Grinding.Pages.csproj]
c:\NON_Install_Programs\DataHub\domains\Grinding\Grinding.Pages\DummyItems.razor(42,5): warning RZ10012: Found markup element with unexpected name 'ActionColumnTemplate'. If this is intended to be a component, add a @using directive for its namespace. [c:\NON_Install_Programs\DataHub\domains\Grinding\Grinding.Pages\Grinding.Pages.csproj]
c:\NON_Install_Programs\DataHub\domains\Grinding\Grinding.Pages\AuditLogViewer.razor.cs(30,23): warning CS8632: Poznámka u typů odkazů s možnou hodnotou null by se měla v kódu používat jenom v kontextu poznámek #nullable. [c:\NON_Install_Programs\DataHub\domains\Grinding\Grinding.Pages\Grinding.Pages.csproj]
c:\NON_Install_Programs\DataHub\domains\Grinding\Grinding.Pages\AlarmsView.razor(69,25): warning CS8669: Poznámka pro typy odkazů s možnou hodnotou null by se měla používat jenom v kódu v rámci kontextu poznámek #nullable. Automaticky vygenerovaný kód vyžaduje explicitní direktivu #nullable ve zdroji. [c:\NON_Install_Programs\DataHub\domains\Grinding\Grinding.Pages\Grinding.Pages.csproj]
c:\NON_Install_Programs\DataHub\domains\Grinding\Grinding.Pages\AlarmsView.razor(71,19): warning CS8669: Poznámka pro typy odkazů s možnou hodnotou null by se měla používat jenom v kódu v rámci kontextu poznámek #nullable. Automaticky vygenerovaný kód vyžaduje explicitní direktivu #nullable ve zdroji. [c:\NON_Install_Programs\DataHub\domains\Grinding\Grinding.Pages\Grinding.Pages.csproj]
c:\NON_Install_Programs\DataHub\domains\Grinding\Grinding.Pages\AuditLogViewer.razor.cs(33,17): error CS0246: Typ nebo název oboru názvů GenericDataView<> se nenašel. (Nechybí direktiva using nebo odkaz na sestavení?) [c:\NON_Install_Programs\DataHub\domains\Grinding\Grinding.Pages\Grinding.Pages.csproj]
c:\NON_Install_Programs\DataHub\domains\Grinding\Grinding.Pages\DummyItems.razor.cs(62,17): error CS0246: Typ nebo název oboru názvů GenericDataView<> se nenašel. (Nechybí direktiva using nebo odkaz na sestavení?) [c:\NON_Install_Programs\DataHub\domains\Grinding\Grinding.Pages\Grinding.Pages.csproj]
c:\NON_Install_Programs\DataHub\domains\Grinding\Grinding.Pages\DummyItems.razor.cs(64,23): warning CS8632: Poznámka u typů odkazů s možnou hodnotou null by se měla v kódu používat jenom v kontextu poznámek #nullable. [c:\NON_Install_Programs\DataHub\domains\Grinding\Grinding.Pages\Grinding.Pages.csproj]
c:\NON_Install_Programs\DataHub\domains\Grinding\Grinding.Pages\DummyItems.razor.cs(65,23): warning CS8632: Poznámka u typů odkazů s možnou hodnotou null by se měla v kódu používat jenom v kontextu poznámek #nullable. [c:\NON_Install_Programs\DataHub\domains\Grinding\Grinding.Pages\Grinding.Pages.csproj]
c:\NON_Install_Programs\DataHub\domains\Grinding\Grinding.Pages\DummyItemDetails.razor(43,22): warning CS8669: Poznámka pro typy odkazů s možnou hodnotou null by se měla používat jenom v kódu v rámci kontextu poznámek #nullable. Automaticky vygenerovaný kód vyžaduje explicitní direktivu #nullable ve zdroji. [c:\NON_Install_Programs\DataHub\domains\Grinding\Grinding.Pages\Grinding.Pages.csproj]
c:\NON_Install_Programs\DataHub\domains\Grinding\Grinding.Pages\Alarms.razor.cs(50,17): error CS0246: Typ nebo název oboru názvů GenericDataView<> se nenašel. (Nechybí direktiva using nebo odkaz na sestavení?) [c:\NON_Install_Programs\DataHub\domains\Grinding\Grinding.Pages\Grinding.Pages.csproj]
c:\NON_Install_Programs\DataHub\domains\Grinding\Grinding.Pages\Alarms.razor.cs(51,23): warning CS8632: Poznámka u typů odkazů s možnou hodnotou null by se měla v kódu používat jenom v kontextu poznámek #nullable. [c:\NON_Install_Programs\DataHub\domains\Grinding\Grinding.Pages\Grinding.Pages.csproj]
c:\NON_Install_Programs\DataHub\domains\Grinding\Grinding.Pages\Alarms.razor.cs(52,23): warning CS8632: Poznámka u typů odkazů s možnou hodnotou null by se měla v kódu používat jenom v kontextu poznámek #nullable. [c:\NON_Install_Programs\DataHub\domains\Grinding\Grinding.Pages\Grinding.Pages.csproj]
c:\NON_Install_Programs\DataHub\domains\Grinding\Grinding.Pages\Alarms.razor.cs(58,23): warning CS8632: Poznámka u typů odkazů s možnou hodnotou null by se měla v kódu používat jenom v kontextu poznámek #nullable. [c:\NON_Install_Programs\DataHub\domains\Grinding\Grinding.Pages\Grinding.Pages.csproj]

Sestavení SE NEZDAŘILO.

c:\NON_Install_Programs\DataHub\domains\Grinding\Grinding.Services\GrindingService.cs(46,50): warning CS8632: Poznámka u typů odkazů s možnou hodnotou null by se měla v kódu používat jenom v kontextu poznámek #nullable. [c:\NON_Install_Programs\DataHub\domains\Grinding\Grinding.Services\Grinding.Services.csproj]
c:\NON_Install_Programs\DataHub\domains\Grinding\Grinding.Services\IGrindingService.cs(10,37): warning CS8632: Poznámka u typů odkazů s možnou hodnotou null by se měla v kódu používat jenom v kontextu poznámek #nullable. [c:\NON_Install_Programs\DataHub\domains\Grinding\Grinding.Services\Grinding.Services.csproj]
c:\NON_Install_Programs\DataHub\domains\Grinding\Grinding.Services\AuditLogService.cs(46,41): warning CS8632: Poznámka u typů odkazů s možnou hodnotou null by se měla v kódu používat jenom v kontextu poznámek #nullable. [c:\NON_Install_Programs\DataHub\domains\Grinding\Grinding.Services\Grinding.Services.csproj]
c:\NON_Install_Programs\DataHub\domains\Grinding\Grinding.Services\IAlarmSpecificService.cs(12,31): warning CS8632: Poznámka u typů odkazů s možnou hodnotou null by se měla v kódu používat jenom v kontextu poznámek #nullable. [c:\NON_Install_Programs\DataHub\domains\Grinding\Grinding.Services\Grinding.Services.csproj]
c:\NON_Install_Programs\DataHub\domains\Grinding\Grinding.Services\AlarmService.cs(33,37): warning CS8632: Poznámka u typů odkazů s možnou hodnotou null by se měla v kódu používat jenom v kontextu poznámek #nullable. [c:\NON_Install_Programs\DataHub\domains\Grinding\Grinding.Services\Grinding.Services.csproj]
c:\NON_Install_Programs\DataHub\domains\Grinding\Grinding.Services\IAlarmSpecificService.cs(13,78): warning CS8632: Poznámka u typů odkazů s možnou hodnotou null by se měla v kódu používat jenom v kontextu poznámek #nullable. [c:\NON_Install_Programs\DataHub\domains\Grinding\Grinding.Services\Grinding.Services.csproj]
c:\NON_Install_Programs\DataHub\domains\Grinding\Grinding.Services\IAlarmSpecificService.cs(13,105): warning CS8632: Poznámka u typů odkazů s možnou hodnotou null by se měla v kódu používat jenom v kontextu poznámek #nullable. [c:\NON_Install_Programs\DataHub\domains\Grinding\Grinding.Services\Grinding.Services.csproj]
c:\NON_Install_Programs\DataHub\domains\Grinding\Grinding.Services\IAlarmSpecificService.cs(13,149): warning CS8632: Poznámka u typů odkazů s možnou hodnotou null by se měla v kódu používat jenom v kontextu poznámek #nullable. [c:\NON_Install_Programs\DataHub\domains\Grinding\Grinding.Services\Grinding.Services.csproj]
c:\NON_Install_Programs\DataHub\domains\Grinding\Grinding.Services\IAlarmSpecificService.cs(13,186): warning CS8632: Poznámka u typů odkazů s možnou hodnotou null by se měla v kódu používat jenom v kontextu poznámek #nullable. [c:\NON_Install_Programs\DataHub\domains\Grinding\Grinding.Services\Grinding.Services.csproj]
c:\NON_Install_Programs\DataHub\domains\Grinding\Grinding.Services\AlarmService.cs(52,106): warning CS8632: Poznámka u typů odkazů s možnou hodnotou null by se měla v kódu používat jenom v kontextu poznámek #nullable. [c:\NON_Install_Programs\DataHub\domains\Grinding\Grinding.Services\Grinding.Services.csproj]
c:\NON_Install_Programs\DataHub\domains\Grinding\Grinding.Services\AlarmService.cs(52,133): warning CS8632: Poznámka u typů odkazů s možnou hodnotou null by se měla v kódu používat jenom v kontextu poznámek #nullable. [c:\NON_Install_Programs\DataHub\domains\Grinding\Grinding.Services\Grinding.Services.csproj]
c:\NON_Install_Programs\DataHub\domains\Grinding\Grinding.Services\AlarmService.cs(52,177): warning CS8632: Poznámka u typů odkazů s možnou hodnotou null by se měla v kódu používat jenom v kontextu poznámek #nullable. [c:\NON_Install_Programs\DataHub\domains\Grinding\Grinding.Services\Grinding.Services.csproj]
c:\NON_Install_Programs\DataHub\domains\Grinding\Grinding.Services\AlarmService.cs(52,214): warning CS8632: Poznámka u typů odkazů s možnou hodnotou null by se měla v kódu používat jenom v kontextu poznámek #nullable. [c:\NON_Install_Programs\DataHub\domains\Grinding\Grinding.Services\Grinding.Services.csproj]
c:\NON_Install_Programs\DataHub\domains\Grinding\Grinding.Services\IOperationalService.cs(10,40): warning CS8632: Poznámka u typů odkazů s možnou hodnotou null by se měla v kódu používat jenom v kontextu poznámek #nullable. [c:\NON_Install_Programs\DataHub\domains\Grinding\Grinding.Services\Grinding.Services.csproj]
c:\NON_Install_Programs\DataHub\domains\Grinding\Grinding.Services\AlarmService.cs(52,108): warning CS1066: Výchozí hodnota zadaná pro parametr filterName nebude mít žádný efekt, protože platí pro člen, který se používá v kontextech nedovolujících nepovinné argumenty. [c:\NON_Install_Programs\DataHub\domains\Grinding\Grinding.Services\Grinding.Services.csproj]
c:\NON_Install_Programs\DataHub\domains\Grinding\Grinding.Services\AlarmService.cs(52,135): warning CS1066: Výchozí hodnota zadaná pro parametr filterString nebude mít žádný efekt, protože platí pro člen, který se používá v kontextech nedovolujících nepovinné argumenty. [c:\NON_Install_Programs\DataHub\domains\Grinding\Grinding.Services\Grinding.Services.csproj]
c:\NON_Install_Programs\DataHub\domains\Grinding\Grinding.Services\AlarmService.cs(52,179): warning CS1066: Výchozí hodnota zadaná pro parametr filters nebude mít žádný efekt, protože platí pro člen, který se používá v kontextech nedovolujících nepovinné argumenty. [c:\NON_Install_Programs\DataHub\domains\Grinding\Grinding.Services\Grinding.Services.csproj]
c:\NON_Install_Programs\DataHub\domains\Grinding\Grinding.Services\AlarmService.cs(52,216): warning CS1066: Výchozí hodnota zadaná pro parametr sorts nebude mít žádný efekt, protože platí pro člen, který se používá v kontextech nedovolujících nepovinné argumenty. [c:\NON_Install_Programs\DataHub\domains\Grinding\Grinding.Services\Grinding.Services.csproj]
c:\NON_Install_Programs\DataHub\domains\Grinding\Grinding.Services\OperationalService.cs(42,53): warning CS8632: Poznámka u typů odkazů s možnou hodnotou null by se měla v kódu používat jenom v kontextu poznámek #nullable. [c:\NON_Install_Programs\DataHub\domains\Grinding\Grinding.Services\Grinding.Services.csproj]
c:\NON_Install_Programs\DataHub\domains\Grinding\Grinding.Services\Repositories\AlarmRepository.cs(78,41): warning CS8632: Poznámka u typů odkazů s možnou hodnotou null by se měla v kódu používat jenom v kontextu poznámek #nullable. [c:\NON_Install_Programs\DataHub\domains\Grinding\Grinding.Services\Grinding.Services.csproj]
c:\NON_Install_Programs\DataHub\domains\Eisod\Eisod.Pages\EisodSdView.razor(24,1): warning RZ10012: Found markup element with unexpected name 'GenericDataView'. If this is intended to be a component, add a @using directive for its namespace. [c:\NON_Install_Programs\DataHub\domains\Eisod\Eisod.Pages\Eisod.Pages.csproj]
c:\NON_Install_Programs\DataHub\domains\Eisod\Eisod.Pages\EisodSdView.razor(32,5): warning RZ10012: Found markup element with unexpected name 'ActionColumnTemplate'. If this is intended to be a component, add a @using directive for its namespace. [c:\NON_Install_Programs\DataHub\domains\Eisod\Eisod.Pages\Eisod.Pages.csproj]
c:\NON_Install_Programs\DataHub\domains\Eisod\Eisod.Pages\EisodSdView.razor.cs(29,23): warning CS8632: Poznámka u typů odkazů s možnou hodnotou null by se měla v kódu používat jenom v kontextu poznámek #nullable. [c:\NON_Install_Programs\DataHub\domains\Eisod\Eisod.Pages\Eisod.Pages.csproj]
c:\NON_Install_Programs\DataHub\domains\Eisod\Eisod.Pages\EisodSdView.razor.cs(30,23): warning CS8632: Poznámka u typů odkazů s možnou hodnotou null by se měla v kódu používat jenom v kontextu poznámek #nullable. [c:\NON_Install_Programs\DataHub\domains\Eisod\Eisod.Pages\Eisod.Pages.csproj]
c:\NON_Install_Programs\DataHub\domains\Grinding\Grinding.Pages\AlarmAction.razor(13,1): warning RZ10012: Found markup element with unexpected name 'GenericEntityActionPage'. If this is intended to be a component, add a @using directive for its namespace. [c:\NON_Install_Programs\DataHub\domains\Grinding\Grinding.Pages\Grinding.Pages.csproj]
c:\NON_Install_Programs\DataHub\domains\Grinding\Grinding.Pages\AlarmAction.razor(18,5): warning RZ10012: Found markup element with unexpected name 'EditorTemplate'. If this is intended to be a component, add a @using directive for its namespace. [c:\NON_Install_Programs\DataHub\domains\Grinding\Grinding.Pages\Grinding.Pages.csproj]
c:\NON_Install_Programs\DataHub\domains\Grinding\Grinding.Pages\Alarms.razor(46,1): warning RZ10012: Found markup element with unexpected name 'GenericDataView'. If this is intended to be a component, add a @using directive for its namespace. [c:\NON_Install_Programs\DataHub\domains\Grinding\Grinding.Pages\Grinding.Pages.csproj]
c:\NON_Install_Programs\DataHub\domains\Grinding\Grinding.Pages\Alarms.razor(56,5): warning RZ10012: Found markup element with unexpected name 'ActionColumnTemplate'. If this is intended to be a component, add a @using directive for its namespace. [c:\NON_Install_Programs\DataHub\domains\Grinding\Grinding.Pages\Grinding.Pages.csproj]
c:\NON_Install_Programs\DataHub\domains\Grinding\Grinding.Pages\AuditLogViewer.razor(24,1): warning RZ10012: Found markup element with unexpected name 'GenericDataView'. If this is intended to be a component, add a @using directive for its namespace. [c:\NON_Install_Programs\DataHub\domains\Grinding\Grinding.Pages\Grinding.Pages.csproj]
c:\NON_Install_Programs\DataHub\domains\Grinding\Grinding.Pages\AuditLogViewer.razor(32,5): warning RZ10012: Found markup element with unexpected name 'ActionColumnTemplate'. If this is intended to be a component, add a @using directive for its namespace. [c:\NON_Install_Programs\DataHub\domains\Grinding\Grinding.Pages\Grinding.Pages.csproj]
c:\NON_Install_Programs\DataHub\domains\Grinding\Grinding.Pages\DummyItemAction.razor(13,1): warning RZ10012: Found markup element with unexpected name 'GenericEntityActionPage'. If this is intended to be a component, add a @using directive for its namespace. [c:\NON_Install_Programs\DataHub\domains\Grinding\Grinding.Pages\Grinding.Pages.csproj]
c:\NON_Install_Programs\DataHub\domains\Grinding\Grinding.Pages\DummyItemAction.razor(18,5): warning RZ10012: Found markup element with unexpected name 'EditorTemplate'. If this is intended to be a component, add a @using directive for its namespace. [c:\NON_Install_Programs\DataHub\domains\Grinding\Grinding.Pages\Grinding.Pages.csproj]
c:\NON_Install_Programs\DataHub\domains\Grinding\Grinding.Pages\DummyItems.razor(34,1): warning RZ10012: Found markup element with unexpected name 'GenericDataView'. If this is intended to be a component, add a @using directive for its namespace. [c:\NON_Install_Programs\DataHub\domains\Grinding\Grinding.Pages\Grinding.Pages.csproj]
c:\NON_Install_Programs\DataHub\domains\Grinding\Grinding.Pages\DummyItems.razor(42,5): warning RZ10012: Found markup element with unexpected name 'ActionColumnTemplate'. If this is intended to be a component, add a @using directive for its namespace. [c:\NON_Install_Programs\DataHub\domains\Grinding\Grinding.Pages\Grinding.Pages.csproj]
c:\NON_Install_Programs\DataHub\domains\Grinding\Grinding.Pages\AuditLogViewer.razor.cs(30,23): warning CS8632: Poznámka u typů odkazů s možnou hodnotou null by se měla v kódu používat jenom v kontextu poznámek #nullable. [c:\NON_Install_Programs\DataHub\domains\Grinding\Grinding.Pages\Grinding.Pages.csproj]
c:\NON_Install_Programs\DataHub\domains\Grinding\Grinding.Pages\AlarmsView.razor(69,25): warning CS8669: Poznámka pro typy odkazů s možnou hodnotou null by se měla používat jenom v kódu v rámci kontextu poznámek #nullable. Automaticky vygenerovaný kód vyžaduje explicitní direktivu #nullable ve zdroji. [c:\NON_Install_Programs\DataHub\domains\Grinding\Grinding.Pages\Grinding.Pages.csproj]
c:\NON_Install_Programs\DataHub\domains\Grinding\Grinding.Pages\AlarmsView.razor(71,19): warning CS8669: Poznámka pro typy odkazů s možnou hodnotou null by se měla používat jenom v kódu v rámci kontextu poznámek #nullable. Automaticky vygenerovaný kód vyžaduje explicitní direktivu #nullable ve zdroji. [c:\NON_Install_Programs\DataHub\domains\Grinding\Grinding.Pages\Grinding.Pages.csproj]
c:\NON_Install_Programs\DataHub\domains\Grinding\Grinding.Pages\DummyItems.razor.cs(64,23): warning CS8632: Poznámka u typů odkazů s možnou hodnotou null by se měla v kódu používat jenom v kontextu poznámek #nullable. [c:\NON_Install_Programs\DataHub\domains\Grinding\Grinding.Pages\Grinding.Pages.csproj]
c:\NON_Install_Programs\DataHub\domains\Grinding\Grinding.Pages\DummyItems.razor.cs(65,23): warning CS8632: Poznámka u typů odkazů s možnou hodnotou null by se měla v kódu používat jenom v kontextu poznámek #nullable. [c:\NON_Install_Programs\DataHub\domains\Grinding\Grinding.Pages\Grinding.Pages.csproj]
c:\NON_Install_Programs\DataHub\domains\Grinding\Grinding.Pages\DummyItemDetails.razor(43,22): warning CS8669: Poznámka pro typy odkazů s možnou hodnotou null by se měla používat jenom v kódu v rámci kontextu poznámek #nullable. Automaticky vygenerovaný kód vyžaduje explicitní direktivu #nullable ve zdroji. [c:\NON_Install_Programs\DataHub\domains\Grinding\Grinding.Pages\Grinding.Pages.csproj]
c:\NON_Install_Programs\DataHub\domains\Grinding\Grinding.Pages\Alarms.razor.cs(51,23): warning CS8632: Poznámka u typů odkazů s možnou hodnotou null by se měla v kódu používat jenom v kontextu poznámek #nullable. [c:\NON_Install_Programs\DataHub\domains\Grinding\Grinding.Pages\Grinding.Pages.csproj]
c:\NON_Install_Programs\DataHub\domains\Grinding\Grinding.Pages\Alarms.razor.cs(52,23): warning CS8632: Poznámka u typů odkazů s možnou hodnotou null by se měla v kódu používat jenom v kontextu poznámek #nullable. [c:\NON_Install_Programs\DataHub\domains\Grinding\Grinding.Pages\Grinding.Pages.csproj]
c:\NON_Install_Programs\DataHub\domains\Grinding\Grinding.Pages\Alarms.razor.cs(58,23): warning CS8632: Poznámka u typů odkazů s možnou hodnotou null by se měla v kódu používat jenom v kontextu poznámek #nullable. [c:\NON_Install_Programs\DataHub\domains\Grinding\Grinding.Pages\Grinding.Pages.csproj]
c:\NON_Install_Programs\DataHub\domains\Eisod\Eisod.Pages\EisodSdView.razor.cs(27,17): error CS0246: Typ nebo název oboru názvů GenericDataView<> se nenašel. (Nechybí direktiva using nebo odkaz na sestavení?) [c:\NON_Install_Programs\DataHub\domains\Eisod\Eisod.Pages\Eisod.Pages.csproj]
c:\NON_Install_Programs\DataHub\domains\Grinding\Grinding.Pages\AuditLogViewer.razor.cs(33,17): error CS0246: Typ nebo název oboru názvů GenericDataView<> se nenašel. (Nechybí direktiva using nebo odkaz na sestavení?) [c:\NON_Install_Programs\DataHub\domains\Grinding\Grinding.Pages\Grinding.Pages.csproj]
c:\NON_Install_Programs\DataHub\domains\Grinding\Grinding.Pages\DummyItems.razor.cs(62,17): error CS0246: Typ nebo název oboru názvů GenericDataView<> se nenašel. (Nechybí direktiva using nebo odkaz na sestavení?) [c:\NON_Install_Programs\DataHub\domains\Grinding\Grinding.Pages\Grinding.Pages.csproj]
c:\NON_Install_Programs\DataHub\domains\Grinding\Grinding.Pages\Alarms.razor.cs(50,17): error CS0246: Typ nebo název oboru názvů GenericDataView<> se nenašel. (Nechybí direktiva using nebo odkaz na sestavení?) [c:\NON_Install_Programs\DataHub\domains\Grinding\Grinding.Pages\Grinding.Pages.csproj]
    43 upozornění
    Počet chyb: 4

Uplynulý čas 00:00:03.74

Jsou k dispozici aktualizace úloh. Pokud chcete získat další informace, spusťte `dotnet workload list`.
