  Zjišťují se projekty, které se mají obnovit...
  Obnovil se projekt c:\NON_Install_Programs\DataHub\domains\Eisod\Eisod.Shared\Eisod.Shared.csproj (v 592 ms).
  Obnovil se projekt C:\NON_Install_Programs\DataHub\src\DataHub.Host\DataHub.Host.csproj (v 455 ms).
  Obnovil se projekt c:\NON_Install_Programs\DataHub\domains\Grinding\Grinding.Pages\Grinding.Pages.csproj (v 592 ms).
  Obnovil se projekt C:\NON_Install_Programs\DataHub\domains\Grinding\Grinding.Services\Grinding.Services.csproj (v 592 ms).
  Obnovil se projekt c:\NON_Install_Programs\DataHub\domains\Eisod\Eisod.Services\Eisod.Services.csproj (v 592 ms).
  Obnovil se projekt C:\NON_Install_Programs\DataHub\src\DataHub.Platform\DataHub.Platform.csproj (v 592 ms).
  Obnovil se projekt c:\NON_Install_Programs\DataHub\domains\Eisod\Eisod.Pages\Eisod.Pages.csproj (v 592 ms).
  Obnovil se projekt c:\NON_Install_Programs\DataHub\domains\Grinding\Grinding.Client\Grinding.Client.csproj (v 592 ms).
  Obnovil se projekt c:\NON_Install_Programs\DataHub\domains\Grinding\Grinding.Shared\Grinding.Shared.csproj (v 15 ms).
  1 z 10 projektů jsou v aktuálním stavu pro obnovení.
  DataHub.Core -> c:\NON_Install_Programs\DataHub\src\DataHub.Core\bin\Debug\net9.0\DataHub.Core.dll
  Grinding.Shared -> C:\NON_Install_Programs\DataHub\domains\Grinding\Grinding.Shared\bin\Debug\net9.0\Grinding.Shared.dll
  Eisod.Shared -> C:\NON_Install_Programs\DataHub\domains\Eisod\Eisod.Shared\bin\Debug\net9.0\Eisod.Shared.dll
  DataHub.Platform -> C:\NON_Install_Programs\DataHub\src\DataHub.Platform\bin\Debug\net9.0\DataHub.Platform.dll
  Eisod.Services -> c:\NON_Install_Programs\DataHub\domains\Eisod\Eisod.Services\bin\Debug\net9.0\Eisod.Services.dll
c:\NON_Install_Programs\DataHub\domains\Grinding\Grinding.Services\GrindingService.cs(46,50): warning CS8632: Poznámka u typů odkazů s možnou hodnotou null by se měla v kódu používat jenom v kontextu poznámek #nullable. [c:\NON_Install_Programs\DataHub\domains\Grinding\Grinding.Services\Grinding.Services.csproj]
c:\NON_Install_Programs\DataHub\domains\Grinding\Grinding.Services\IGrindingService.cs(10,37): warning CS8632: Poznámka u typů odkazů s možnou hodnotou null by se měla v kódu používat jenom v kontextu poznámek #nullable. [c:\NON_Install_Programs\DataHub\domains\Grinding\Grinding.Services\Grinding.Services.csproj]
c:\NON_Install_Programs\DataHub\domains\Grinding\Grinding.Services\AuditLogService.cs(46,41): warning CS8632: Poznámka u typů odkazů s možnou hodnotou null by se měla v kódu používat jenom v kontextu poznámek #nullable. [c:\NON_Install_Programs\DataHub\domains\Grinding\Grinding.Services\Grinding.Services.csproj]
c:\NON_Install_Programs\DataHub\domains\Grinding\Grinding.Services\IAlarmSpecificService.cs(12,31): warning CS8632: Poznámka u typů odkazů s možnou hodnotou null by se měla v kódu používat jenom v kontextu poznámek #nullable. [c:\NON_Install_Programs\DataHub\domains\Grinding\Grinding.Services\Grinding.Services.csproj]
c:\NON_Install_Programs\DataHub\domains\Grinding\Grinding.Services\AlarmService.cs(33,37): warning CS8632: Poznámka u typů odkazů s možnou hodnotou null by se měla v kódu používat jenom v kontextu poznámek #nullable. [c:\NON_Install_Programs\DataHub\domains\Grinding\Grinding.Services\Grinding.Services.csproj]
c:\NON_Install_Programs\DataHub\domains\Grinding\Grinding.Services\IAlarmSpecificService.cs(13,78): warning CS8632: Poznámka u typů odkazů s možnou hodnotou null by se měla v kódu používat jenom v kontextu poznámek #nullable. [c:\NON_Install_Programs\DataHub\domains\Grinding\Grinding.Services\Grinding.Services.csproj]
c:\NON_Install_Programs\DataHub\domains\Grinding\Grinding.Services\IAlarmSpecificService.cs(13,105): warning CS8632: Poznámka u typů odkazů s možnou hodnotou null by se měla v kódu používat jenom v kontextu poznámek #nullable. [c:\NON_Install_Programs\DataHub\domains\Grinding\Grinding.Services\Grinding.Services.csproj]
c:\NON_Install_Programs\DataHub\domains\Grinding\Grinding.Services\IAlarmSpecificService.cs(13,149): warning CS8632: Poznámka u typů odkazů s možnou hodnotou null by se měla v kódu používat jenom v kontextu poznámek #nullable. [c:\NON_Install_Programs\DataHub\domains\Grinding\Grinding.Services\Grinding.Services.csproj]
c:\NON_Install_Programs\DataHub\domains\Grinding\Grinding.Services\IAlarmSpecificService.cs(13,186): warning CS8632: Poznámka u typů odkazů s možnou hodnotou null by se měla v kódu používat jenom v kontextu poznámek #nullable. [c:\NON_Install_Programs\DataHub\domains\Grinding\Grinding.Services\Grinding.Services.csproj]
c:\NON_Install_Programs\DataHub\domains\Grinding\Grinding.Services\AlarmService.cs(52,106): warning CS8632: Poznámka u typů odkazů s možnou hodnotou null by se měla v kódu používat jenom v kontextu poznámek #nullable. [c:\NON_Install_Programs\DataHub\domains\Grinding\Grinding.Services\Grinding.Services.csproj]
c:\NON_Install_Programs\DataHub\domains\Grinding\Grinding.Services\AlarmService.cs(52,133): warning CS8632: Poznámka u typů odkazů s možnou hodnotou null by se měla v kódu používat jenom v kontextu poznámek #nullable. [c:\NON_Install_Programs\DataHub\domains\Grinding\Grinding.Services\Grinding.Services.csproj]
c:\NON_Install_Programs\DataHub\domains\Grinding\Grinding.Services\AlarmService.cs(52,177): warning CS8632: Poznámka u typů odkazů s možnou hodnotou null by se měla v kódu používat jenom v kontextu poznámek #nullable. [c:\NON_Install_Programs\DataHub\domains\Grinding\Grinding.Services\Grinding.Services.csproj]
c:\NON_Install_Programs\DataHub\domains\Grinding\Grinding.Services\AlarmService.cs(52,214): warning CS8632: Poznámka u typů odkazů s možnou hodnotou null by se měla v kódu používat jenom v kontextu poznámek #nullable. [c:\NON_Install_Programs\DataHub\domains\Grinding\Grinding.Services\Grinding.Services.csproj]
c:\NON_Install_Programs\DataHub\domains\Grinding\Grinding.Services\IOperationalService.cs(10,40): warning CS8632: Poznámka u typů odkazů s možnou hodnotou null by se měla v kódu používat jenom v kontextu poznámek #nullable. [c:\NON_Install_Programs\DataHub\domains\Grinding\Grinding.Services\Grinding.Services.csproj]
c:\NON_Install_Programs\DataHub\domains\Grinding\Grinding.Services\OperationalService.cs(42,53): warning CS8632: Poznámka u typů odkazů s možnou hodnotou null by se měla v kódu používat jenom v kontextu poznámek #nullable. [c:\NON_Install_Programs\DataHub\domains\Grinding\Grinding.Services\Grinding.Services.csproj]
c:\NON_Install_Programs\DataHub\domains\Grinding\Grinding.Services\AlarmService.cs(52,108): warning CS1066: Výchozí hodnota zadaná pro parametr filterName nebude mít žádný efekt, protože platí pro člen, který se používá v kontextech nedovolujících nepovinné argumenty. [c:\NON_Install_Programs\DataHub\domains\Grinding\Grinding.Services\Grinding.Services.csproj]
c:\NON_Install_Programs\DataHub\domains\Grinding\Grinding.Services\AlarmService.cs(52,135): warning CS1066: Výchozí hodnota zadaná pro parametr filterString nebude mít žádný efekt, protože platí pro člen, který se používá v kontextech nedovolujících nepovinné argumenty. [c:\NON_Install_Programs\DataHub\domains\Grinding\Grinding.Services\Grinding.Services.csproj]
c:\NON_Install_Programs\DataHub\domains\Grinding\Grinding.Services\AlarmService.cs(52,179): warning CS1066: Výchozí hodnota zadaná pro parametr filters nebude mít žádný efekt, protože platí pro člen, který se používá v kontextech nedovolujících nepovinné argumenty. [c:\NON_Install_Programs\DataHub\domains\Grinding\Grinding.Services\Grinding.Services.csproj]
c:\NON_Install_Programs\DataHub\domains\Grinding\Grinding.Services\AlarmService.cs(52,216): warning CS1066: Výchozí hodnota zadaná pro parametr sorts nebude mít žádný efekt, protože platí pro člen, který se používá v kontextech nedovolujících nepovinné argumenty. [c:\NON_Install_Programs\DataHub\domains\Grinding\Grinding.Services\Grinding.Services.csproj]
c:\NON_Install_Programs\DataHub\domains\Grinding\Grinding.Services\Repositories\AlarmRepository.cs(78,41): warning CS8632: Poznámka u typů odkazů s možnou hodnotou null by se měla v kódu používat jenom v kontextu poznámek #nullable. [c:\NON_Install_Programs\DataHub\domains\Grinding\Grinding.Services\Grinding.Services.csproj]
  Grinding.Services -> c:\NON_Install_Programs\DataHub\domains\Grinding\Grinding.Services\bin\Debug\net9.0\Grinding.Services.dll
  Eisod.Pages -> c:\NON_Install_Programs\DataHub\domains\Eisod\Eisod.Pages\bin\Debug\net9.0\Eisod.Pages.dll
  Grinding.Client -> c:\NON_Install_Programs\DataHub\domains\Grinding\Grinding.Client\bin\Debug\net9.0\Grinding.Client.dll
  Grinding.Pages -> c:\NON_Install_Programs\DataHub\domains\Grinding\Grinding.Pages\bin\Debug\net9.0\Grinding.Pages.dll
c:\NON_Install_Programs\DataHub\src\DataHub.Host\Components\Pages\DummyItems.razor.cs(14,7): warning CS0105: Direktiva using pro DataHub.Core.Services se objevila už dřív v tomto oboru názvů. [c:\NON_Install_Programs\DataHub\src\DataHub.Host\DataHub.Host.csproj]
c:\NON_Install_Programs\DataHub\src\DataHub.Host\Components\Pages\Error.razor(44,18): warning CS8669: Poznámka pro typy odkazů s možnou hodnotou null by se měla používat jenom v kódu v rámci kontextu poznámek #nullable. Automaticky vygenerovaný kód vyžaduje explicitní direktivu #nullable ve zdroji. [c:\NON_Install_Programs\DataHub\src\DataHub.Host\DataHub.Host.csproj]
c:\NON_Install_Programs\DataHub\src\DataHub.Host\Components\Pages\AuditLogViewer.razor.cs(30,23): warning CS8632: Poznámka u typů odkazů s možnou hodnotou null by se měla v kódu používat jenom v kontextu poznámek #nullable. [c:\NON_Install_Programs\DataHub\src\DataHub.Host\DataHub.Host.csproj]
c:\NON_Install_Programs\DataHub\src\DataHub.Host\Components\Pages\DummyItems.razor.cs(67,43): warning CS8632: Poznámka u typů odkazů s možnou hodnotou null by se měla v kódu používat jenom v kontextu poznámek #nullable. [c:\NON_Install_Programs\DataHub\src\DataHub.Host\DataHub.Host.csproj]
c:\NON_Install_Programs\DataHub\src\DataHub.Host\Components\Pages\DummyItems.razor.cs(69,23): warning CS8632: Poznámka u typů odkazů s možnou hodnotou null by se měla v kódu používat jenom v kontextu poznámek #nullable. [c:\NON_Install_Programs\DataHub\src\DataHub.Host\DataHub.Host.csproj]
c:\NON_Install_Programs\DataHub\src\DataHub.Host\Components\Pages\DummyItems.razor.cs(70,23): warning CS8632: Poznámka u typů odkazů s možnou hodnotou null by se měla v kódu používat jenom v kontextu poznámek #nullable. [c:\NON_Install_Programs\DataHub\src\DataHub.Host\DataHub.Host.csproj]
c:\NON_Install_Programs\DataHub\src\DataHub.Host\Components\Pages\AuditLogViewer.razor.cs(33,42): warning CS8632: Poznámka u typů odkazů s možnou hodnotou null by se měla v kódu používat jenom v kontextu poznámek #nullable. [c:\NON_Install_Programs\DataHub\src\DataHub.Host\DataHub.Host.csproj]
c:\NON_Install_Programs\DataHub\src\DataHub.Host\Program.cs(26,15): error CS0103: Název WebApplication v aktuálním kontextu neexistuje. [c:\NON_Install_Programs\DataHub\src\DataHub.Host\DataHub.Host.csproj]
c:\NON_Install_Programs\DataHub\src\DataHub.Host\Program.cs(60,28): error CS0305: Použití obecného prvku typ IRepository<TEntity> vyžaduje tento počet argumentů typů: 1. [c:\NON_Install_Programs\DataHub\src\DataHub.Host\DataHub.Host.csproj]
c:\NON_Install_Programs\DataHub\src\DataHub.Host\Program.cs(65,28): error CS0305: Použití obecného prvku typ IRepository<TEntity> vyžaduje tento počet argumentů typů: 1. [c:\NON_Install_Programs\DataHub\src\DataHub.Host\DataHub.Host.csproj]
c:\NON_Install_Programs\DataHub\src\DataHub.Host\Program.cs(130,46): error CS0246: Typ nebo název oboru názvů ILogger<> se nenašel. (Nechybí direktiva using nebo odkaz na sestavení?) [c:\NON_Install_Programs\DataHub\src\DataHub.Host\DataHub.Host.csproj]
c:\NON_Install_Programs\DataHub\src\DataHub.Host\Components\Pages\Login.razor(45,37): error CS0103: Název AppPermissions v aktuálním kontextu neexistuje. [c:\NON_Install_Programs\DataHub\src\DataHub.Host\DataHub.Host.csproj]
c:\NON_Install_Programs\DataHub\src\DataHub.Host\Components\Pages\Login.razor(45,23): error CS1503: Argument 1: Nejde převést z string na System.IO.BinaryReader. [c:\NON_Install_Programs\DataHub\src\DataHub.Host\DataHub.Host.csproj]
c:\NON_Install_Programs\DataHub\src\DataHub.Host\Components\Pages\Login.razor(46,37): error CS0103: Název AppPermissions v aktuálním kontextu neexistuje. [c:\NON_Install_Programs\DataHub\src\DataHub.Host\DataHub.Host.csproj]
c:\NON_Install_Programs\DataHub\src\DataHub.Host\Components\Pages\Login.razor(46,23): error CS1503: Argument 1: Nejde převést z string na System.IO.BinaryReader. [c:\NON_Install_Programs\DataHub\src\DataHub.Host\DataHub.Host.csproj]
c:\NON_Install_Programs\DataHub\src\DataHub.Host\Components\Pages\Login.razor(47,37): error CS0103: Název AppPermissions v aktuálním kontextu neexistuje. [c:\NON_Install_Programs\DataHub\src\DataHub.Host\DataHub.Host.csproj]
c:\NON_Install_Programs\DataHub\src\DataHub.Host\Components\Pages\Login.razor(47,23): error CS1503: Argument 1: Nejde převést z string na System.IO.BinaryReader. [c:\NON_Install_Programs\DataHub\src\DataHub.Host\DataHub.Host.csproj]
c:\NON_Install_Programs\DataHub\src\DataHub.Host\Components\Pages\Login.razor(58,37): error CS0103: Název AppPermissions v aktuálním kontextu neexistuje. [c:\NON_Install_Programs\DataHub\src\DataHub.Host\DataHub.Host.csproj]
c:\NON_Install_Programs\DataHub\src\DataHub.Host\Components\Pages\Login.razor(58,23): error CS1503: Argument 1: Nejde převést z string na System.IO.BinaryReader. [c:\NON_Install_Programs\DataHub\src\DataHub.Host\DataHub.Host.csproj]
c:\NON_Install_Programs\DataHub\src\DataHub.Host\Components\Pages\AuditLogViewer.razor.cs(72,49): error CS1501: Žádné přetížení pro metodu GetPagedAsync nepřevezme tento počet argumentů: 3. [c:\NON_Install_Programs\DataHub\src\DataHub.Host\DataHub.Host.csproj]
c:\NON_Install_Programs\DataHub\src\DataHub.Host\Components\Pages\Error.razor(14,17): error CS1061: IWebHostEnvironment neobsahuje definici pro IsDevelopment a nenašla se žádná dostupná metoda rozšíření IsDevelopment, která by přijímala první argument typu IWebHostEnvironment. (Nechybí direktiva using nebo odkaz na sestavení?) [c:\NON_Install_Programs\DataHub\src\DataHub.Host\DataHub.Host.csproj]
c:\NON_Install_Programs\DataHub\src\DataHub.Host\Components\Pages\AuditLogViewer.razor.cs(155,60): error CS1501: Žádné přetížení pro metodu GetPagedAsync nepřevezme tento počet argumentů: 3. [c:\NON_Install_Programs\DataHub\src\DataHub.Host\DataHub.Host.csproj]
c:\NON_Install_Programs\DataHub\src\DataHub.Host\Components\Layout\MainLayout.razor(23,30): error CS1061: IWebHostEnvironment neobsahuje definici pro IsDevelopment a nenašla se žádná dostupná metoda rozšíření IsDevelopment, která by přijímala první argument typu IWebHostEnvironment. (Nechybí direktiva using nebo odkaz na sestavení?) [c:\NON_Install_Programs\DataHub\src\DataHub.Host\DataHub.Host.csproj]
c:\NON_Install_Programs\DataHub\src\DataHub.Host\Components\Layout\DevAuthControl.razor(71,17): error CS0246: Typ nebo název oboru názvů DevelopmentAuthenticationStateProvider se nenašel. (Nechybí direktiva using nebo odkaz na sestavení?) [c:\NON_Install_Programs\DataHub\src\DataHub.Host\DataHub.Host.csproj]
c:\NON_Install_Programs\DataHub\src\DataHub.Host\Components\Layout\DevAuthControl.razor(80,17): error CS0246: Typ nebo název oboru názvů DevelopmentAuthenticationStateProvider se nenašel. (Nechybí direktiva using nebo odkaz na sestavení?) [c:\NON_Install_Programs\DataHub\src\DataHub.Host\DataHub.Host.csproj]

Sestavení SE NEZDAŘILO.

c:\NON_Install_Programs\DataHub\domains\Grinding\Grinding.Services\GrindingService.cs(46,50): warning CS8632: Poznámka u typů odkazů s možnou hodnotou null by se měla v kódu používat jenom v kontextu poznámek #nullable. [c:\NON_Install_Programs\DataHub\domains\Grinding\Grinding.Services\Grinding.Services.csproj]
c:\NON_Install_Programs\DataHub\domains\Grinding\Grinding.Services\IGrindingService.cs(10,37): warning CS8632: Poznámka u typů odkazů s možnou hodnotou null by se měla v kódu používat jenom v kontextu poznámek #nullable. [c:\NON_Install_Programs\DataHub\domains\Grinding\Grinding.Services\Grinding.Services.csproj]
c:\NON_Install_Programs\DataHub\domains\Grinding\Grinding.Services\AuditLogService.cs(46,41): warning CS8632: Poznámka u typů odkazů s možnou hodnotou null by se měla v kódu používat jenom v kontextu poznámek #nullable. [c:\NON_Install_Programs\DataHub\domains\Grinding\Grinding.Services\Grinding.Services.csproj]
c:\NON_Install_Programs\DataHub\domains\Grinding\Grinding.Services\IAlarmSpecificService.cs(12,31): warning CS8632: Poznámka u typů odkazů s možnou hodnotou null by se měla v kódu používat jenom v kontextu poznámek #nullable. [c:\NON_Install_Programs\DataHub\domains\Grinding\Grinding.Services\Grinding.Services.csproj]
c:\NON_Install_Programs\DataHub\domains\Grinding\Grinding.Services\AlarmService.cs(33,37): warning CS8632: Poznámka u typů odkazů s možnou hodnotou null by se měla v kódu používat jenom v kontextu poznámek #nullable. [c:\NON_Install_Programs\DataHub\domains\Grinding\Grinding.Services\Grinding.Services.csproj]
c:\NON_Install_Programs\DataHub\domains\Grinding\Grinding.Services\IAlarmSpecificService.cs(13,78): warning CS8632: Poznámka u typů odkazů s možnou hodnotou null by se měla v kódu používat jenom v kontextu poznámek #nullable. [c:\NON_Install_Programs\DataHub\domains\Grinding\Grinding.Services\Grinding.Services.csproj]
c:\NON_Install_Programs\DataHub\domains\Grinding\Grinding.Services\IAlarmSpecificService.cs(13,105): warning CS8632: Poznámka u typů odkazů s možnou hodnotou null by se měla v kódu používat jenom v kontextu poznámek #nullable. [c:\NON_Install_Programs\DataHub\domains\Grinding\Grinding.Services\Grinding.Services.csproj]
c:\NON_Install_Programs\DataHub\domains\Grinding\Grinding.Services\IAlarmSpecificService.cs(13,149): warning CS8632: Poznámka u typů odkazů s možnou hodnotou null by se měla v kódu používat jenom v kontextu poznámek #nullable. [c:\NON_Install_Programs\DataHub\domains\Grinding\Grinding.Services\Grinding.Services.csproj]
c:\NON_Install_Programs\DataHub\domains\Grinding\Grinding.Services\IAlarmSpecificService.cs(13,186): warning CS8632: Poznámka u typů odkazů s možnou hodnotou null by se měla v kódu používat jenom v kontextu poznámek #nullable. [c:\NON_Install_Programs\DataHub\domains\Grinding\Grinding.Services\Grinding.Services.csproj]
c:\NON_Install_Programs\DataHub\domains\Grinding\Grinding.Services\AlarmService.cs(52,106): warning CS8632: Poznámka u typů odkazů s možnou hodnotou null by se měla v kódu používat jenom v kontextu poznámek #nullable. [c:\NON_Install_Programs\DataHub\domains\Grinding\Grinding.Services\Grinding.Services.csproj]
c:\NON_Install_Programs\DataHub\domains\Grinding\Grinding.Services\AlarmService.cs(52,133): warning CS8632: Poznámka u typů odkazů s možnou hodnotou null by se měla v kódu používat jenom v kontextu poznámek #nullable. [c:\NON_Install_Programs\DataHub\domains\Grinding\Grinding.Services\Grinding.Services.csproj]
c:\NON_Install_Programs\DataHub\domains\Grinding\Grinding.Services\AlarmService.cs(52,177): warning CS8632: Poznámka u typů odkazů s možnou hodnotou null by se měla v kódu používat jenom v kontextu poznámek #nullable. [c:\NON_Install_Programs\DataHub\domains\Grinding\Grinding.Services\Grinding.Services.csproj]
c:\NON_Install_Programs\DataHub\domains\Grinding\Grinding.Services\AlarmService.cs(52,214): warning CS8632: Poznámka u typů odkazů s možnou hodnotou null by se měla v kódu používat jenom v kontextu poznámek #nullable. [c:\NON_Install_Programs\DataHub\domains\Grinding\Grinding.Services\Grinding.Services.csproj]
c:\NON_Install_Programs\DataHub\domains\Grinding\Grinding.Services\IOperationalService.cs(10,40): warning CS8632: Poznámka u typů odkazů s možnou hodnotou null by se měla v kódu používat jenom v kontextu poznámek #nullable. [c:\NON_Install_Programs\DataHub\domains\Grinding\Grinding.Services\Grinding.Services.csproj]
c:\NON_Install_Programs\DataHub\domains\Grinding\Grinding.Services\OperationalService.cs(42,53): warning CS8632: Poznámka u typů odkazů s možnou hodnotou null by se měla v kódu používat jenom v kontextu poznámek #nullable. [c:\NON_Install_Programs\DataHub\domains\Grinding\Grinding.Services\Grinding.Services.csproj]
c:\NON_Install_Programs\DataHub\domains\Grinding\Grinding.Services\AlarmService.cs(52,108): warning CS1066: Výchozí hodnota zadaná pro parametr filterName nebude mít žádný efekt, protože platí pro člen, který se používá v kontextech nedovolujících nepovinné argumenty. [c:\NON_Install_Programs\DataHub\domains\Grinding\Grinding.Services\Grinding.Services.csproj]
c:\NON_Install_Programs\DataHub\domains\Grinding\Grinding.Services\AlarmService.cs(52,135): warning CS1066: Výchozí hodnota zadaná pro parametr filterString nebude mít žádný efekt, protože platí pro člen, který se používá v kontextech nedovolujících nepovinné argumenty. [c:\NON_Install_Programs\DataHub\domains\Grinding\Grinding.Services\Grinding.Services.csproj]
c:\NON_Install_Programs\DataHub\domains\Grinding\Grinding.Services\AlarmService.cs(52,179): warning CS1066: Výchozí hodnota zadaná pro parametr filters nebude mít žádný efekt, protože platí pro člen, který se používá v kontextech nedovolujících nepovinné argumenty. [c:\NON_Install_Programs\DataHub\domains\Grinding\Grinding.Services\Grinding.Services.csproj]
c:\NON_Install_Programs\DataHub\domains\Grinding\Grinding.Services\AlarmService.cs(52,216): warning CS1066: Výchozí hodnota zadaná pro parametr sorts nebude mít žádný efekt, protože platí pro člen, který se používá v kontextech nedovolujících nepovinné argumenty. [c:\NON_Install_Programs\DataHub\domains\Grinding\Grinding.Services\Grinding.Services.csproj]
c:\NON_Install_Programs\DataHub\domains\Grinding\Grinding.Services\Repositories\AlarmRepository.cs(78,41): warning CS8632: Poznámka u typů odkazů s možnou hodnotou null by se měla v kódu používat jenom v kontextu poznámek #nullable. [c:\NON_Install_Programs\DataHub\domains\Grinding\Grinding.Services\Grinding.Services.csproj]
c:\NON_Install_Programs\DataHub\src\DataHub.Host\Components\Pages\DummyItems.razor.cs(14,7): warning CS0105: Direktiva using pro DataHub.Core.Services se objevila už dřív v tomto oboru názvů. [c:\NON_Install_Programs\DataHub\src\DataHub.Host\DataHub.Host.csproj]
c:\NON_Install_Programs\DataHub\src\DataHub.Host\Components\Pages\Error.razor(44,18): warning CS8669: Poznámka pro typy odkazů s možnou hodnotou null by se měla používat jenom v kódu v rámci kontextu poznámek #nullable. Automaticky vygenerovaný kód vyžaduje explicitní direktivu #nullable ve zdroji. [c:\NON_Install_Programs\DataHub\src\DataHub.Host\DataHub.Host.csproj]
c:\NON_Install_Programs\DataHub\src\DataHub.Host\Components\Pages\AuditLogViewer.razor.cs(30,23): warning CS8632: Poznámka u typů odkazů s možnou hodnotou null by se měla v kódu používat jenom v kontextu poznámek #nullable. [c:\NON_Install_Programs\DataHub\src\DataHub.Host\DataHub.Host.csproj]
c:\NON_Install_Programs\DataHub\src\DataHub.Host\Components\Pages\DummyItems.razor.cs(67,43): warning CS8632: Poznámka u typů odkazů s možnou hodnotou null by se měla v kódu používat jenom v kontextu poznámek #nullable. [c:\NON_Install_Programs\DataHub\src\DataHub.Host\DataHub.Host.csproj]
c:\NON_Install_Programs\DataHub\src\DataHub.Host\Components\Pages\DummyItems.razor.cs(69,23): warning CS8632: Poznámka u typů odkazů s možnou hodnotou null by se měla v kódu používat jenom v kontextu poznámek #nullable. [c:\NON_Install_Programs\DataHub\src\DataHub.Host\DataHub.Host.csproj]
c:\NON_Install_Programs\DataHub\src\DataHub.Host\Components\Pages\DummyItems.razor.cs(70,23): warning CS8632: Poznámka u typů odkazů s možnou hodnotou null by se měla v kódu používat jenom v kontextu poznámek #nullable. [c:\NON_Install_Programs\DataHub\src\DataHub.Host\DataHub.Host.csproj]
c:\NON_Install_Programs\DataHub\src\DataHub.Host\Components\Pages\AuditLogViewer.razor.cs(33,42): warning CS8632: Poznámka u typů odkazů s možnou hodnotou null by se měla v kódu používat jenom v kontextu poznámek #nullable. [c:\NON_Install_Programs\DataHub\src\DataHub.Host\DataHub.Host.csproj]
c:\NON_Install_Programs\DataHub\src\DataHub.Host\Program.cs(26,15): error CS0103: Název WebApplication v aktuálním kontextu neexistuje. [c:\NON_Install_Programs\DataHub\src\DataHub.Host\DataHub.Host.csproj]
c:\NON_Install_Programs\DataHub\src\DataHub.Host\Program.cs(60,28): error CS0305: Použití obecného prvku typ IRepository<TEntity> vyžaduje tento počet argumentů typů: 1. [c:\NON_Install_Programs\DataHub\src\DataHub.Host\DataHub.Host.csproj]
c:\NON_Install_Programs\DataHub\src\DataHub.Host\Program.cs(65,28): error CS0305: Použití obecného prvku typ IRepository<TEntity> vyžaduje tento počet argumentů typů: 1. [c:\NON_Install_Programs\DataHub\src\DataHub.Host\DataHub.Host.csproj]
c:\NON_Install_Programs\DataHub\src\DataHub.Host\Program.cs(130,46): error CS0246: Typ nebo název oboru názvů ILogger<> se nenašel. (Nechybí direktiva using nebo odkaz na sestavení?) [c:\NON_Install_Programs\DataHub\src\DataHub.Host\DataHub.Host.csproj]
c:\NON_Install_Programs\DataHub\src\DataHub.Host\Components\Pages\Login.razor(45,37): error CS0103: Název AppPermissions v aktuálním kontextu neexistuje. [c:\NON_Install_Programs\DataHub\src\DataHub.Host\DataHub.Host.csproj]
c:\NON_Install_Programs\DataHub\src\DataHub.Host\Components\Pages\Login.razor(45,23): error CS1503: Argument 1: Nejde převést z string na System.IO.BinaryReader. [c:\NON_Install_Programs\DataHub\src\DataHub.Host\DataHub.Host.csproj]
c:\NON_Install_Programs\DataHub\src\DataHub.Host\Components\Pages\Login.razor(46,37): error CS0103: Název AppPermissions v aktuálním kontextu neexistuje. [c:\NON_Install_Programs\DataHub\src\DataHub.Host\DataHub.Host.csproj]
c:\NON_Install_Programs\DataHub\src\DataHub.Host\Components\Pages\Login.razor(46,23): error CS1503: Argument 1: Nejde převést z string na System.IO.BinaryReader. [c:\NON_Install_Programs\DataHub\src\DataHub.Host\DataHub.Host.csproj]
c:\NON_Install_Programs\DataHub\src\DataHub.Host\Components\Pages\Login.razor(47,37): error CS0103: Název AppPermissions v aktuálním kontextu neexistuje. [c:\NON_Install_Programs\DataHub\src\DataHub.Host\DataHub.Host.csproj]
c:\NON_Install_Programs\DataHub\src\DataHub.Host\Components\Pages\Login.razor(47,23): error CS1503: Argument 1: Nejde převést z string na System.IO.BinaryReader. [c:\NON_Install_Programs\DataHub\src\DataHub.Host\DataHub.Host.csproj]
c:\NON_Install_Programs\DataHub\src\DataHub.Host\Components\Pages\Login.razor(58,37): error CS0103: Název AppPermissions v aktuálním kontextu neexistuje. [c:\NON_Install_Programs\DataHub\src\DataHub.Host\DataHub.Host.csproj]
c:\NON_Install_Programs\DataHub\src\DataHub.Host\Components\Pages\Login.razor(58,23): error CS1503: Argument 1: Nejde převést z string na System.IO.BinaryReader. [c:\NON_Install_Programs\DataHub\src\DataHub.Host\DataHub.Host.csproj]
c:\NON_Install_Programs\DataHub\src\DataHub.Host\Components\Pages\AuditLogViewer.razor.cs(72,49): error CS1501: Žádné přetížení pro metodu GetPagedAsync nepřevezme tento počet argumentů: 3. [c:\NON_Install_Programs\DataHub\src\DataHub.Host\DataHub.Host.csproj]
c:\NON_Install_Programs\DataHub\src\DataHub.Host\Components\Pages\Error.razor(14,17): error CS1061: IWebHostEnvironment neobsahuje definici pro IsDevelopment a nenašla se žádná dostupná metoda rozšíření IsDevelopment, která by přijímala první argument typu IWebHostEnvironment. (Nechybí direktiva using nebo odkaz na sestavení?) [c:\NON_Install_Programs\DataHub\src\DataHub.Host\DataHub.Host.csproj]
c:\NON_Install_Programs\DataHub\src\DataHub.Host\Components\Pages\AuditLogViewer.razor.cs(155,60): error CS1501: Žádné přetížení pro metodu GetPagedAsync nepřevezme tento počet argumentů: 3. [c:\NON_Install_Programs\DataHub\src\DataHub.Host\DataHub.Host.csproj]
c:\NON_Install_Programs\DataHub\src\DataHub.Host\Components\Layout\MainLayout.razor(23,30): error CS1061: IWebHostEnvironment neobsahuje definici pro IsDevelopment a nenašla se žádná dostupná metoda rozšíření IsDevelopment, která by přijímala první argument typu IWebHostEnvironment. (Nechybí direktiva using nebo odkaz na sestavení?) [c:\NON_Install_Programs\DataHub\src\DataHub.Host\DataHub.Host.csproj]
c:\NON_Install_Programs\DataHub\src\DataHub.Host\Components\Layout\DevAuthControl.razor(71,17): error CS0246: Typ nebo název oboru názvů DevelopmentAuthenticationStateProvider se nenašel. (Nechybí direktiva using nebo odkaz na sestavení?) [c:\NON_Install_Programs\DataHub\src\DataHub.Host\DataHub.Host.csproj]
c:\NON_Install_Programs\DataHub\src\DataHub.Host\Components\Layout\DevAuthControl.razor(80,17): error CS0246: Typ nebo název oboru názvů DevelopmentAuthenticationStateProvider se nenašel. (Nechybí direktiva using nebo odkaz na sestavení?) [c:\NON_Install_Programs\DataHub\src\DataHub.Host\DataHub.Host.csproj]
    27 upozornění
    Počet chyb: 18

Uplynulý čas 00:00:05.52

Jsou k dispozici aktualizace úloh. Pokud chcete získat další informace, spusťte `dotnet workload list`.
