  DataHub.Core -> C:\NON_Install_Programs\DataHub\src\DataHub.Core\bin\Debug\net9.0\DataHub.Core.dll
  Eisod.Shared -> C:\NON_Install_Programs\DataHub\domains\Eisod\Eisod.Shared\bin\Debug\net9.0\Eisod.Shared.dll
  Grinding.Shared -> C:\NON_Install_Programs\DataHub\domains\Grinding\Grinding.Shared\bin\Debug\net9.0\Grinding.Shared.dll
  DataHub.Platform -> C:\NON_Install_Programs\DataHub\src\DataHub.Platform\bin\Debug\net9.0\DataHub.Platform.dll
C:\NON_Install_Programs\DataHub\domains\Grinding\Grinding.Services\DummyItemService.cs(47,30): warning CS8632: Pozn├ímka u typ┼» odkaz┼» s mo┼żnou hodnotou null by se m─Ťla v k├│du pou┼ż├şvat jenom v kontextu pozn├ímek #nullable. [C:\NON_Install_Programs\DataHub\domains\Grinding\Grinding.Services\Grinding.Services.csproj]
C:\NON_Install_Programs\DataHub\domains\Grinding\Grinding.Services\GrindingService.cs(45,50): warning CS8632: Pozn├ímka u typ┼» odkaz┼» s mo┼żnou hodnotou null by se m─Ťla v k├│du pou┼ż├şvat jenom v kontextu pozn├ímek #nullable. [C:\NON_Install_Programs\DataHub\domains\Grinding\Grinding.Services\Grinding.Services.csproj]
C:\NON_Install_Programs\DataHub\domains\Grinding\Grinding.Services\IGrindingService.cs(10,37): warning CS8632: Pozn├ímka u typ┼» odkaz┼» s mo┼żnou hodnotou null by se m─Ťla v k├│du pou┼ż├şvat jenom v kontextu pozn├ímek #nullable. [C:\NON_Install_Programs\DataHub\domains\Grinding\Grinding.Services\Grinding.Services.csproj]
C:\NON_Install_Programs\DataHub\domains\Grinding\Grinding.Services\AuditLogService.cs(47,41): warning CS8632: Pozn├ímka u typ┼» odkaz┼» s mo┼żnou hodnotou null by se m─Ťla v k├│du pou┼ż├şvat jenom v kontextu pozn├ímek #nullable. [C:\NON_Install_Programs\DataHub\domains\Grinding\Grinding.Services\Grinding.Services.csproj]
C:\NON_Install_Programs\DataHub\domains\Grinding\Grinding.Services\DummyItemService.cs(98,124): warning CS8632: Pozn├ímka u typ┼» odkaz┼» s mo┼żnou hodnotou null by se m─Ťla v k├│du pou┼ż├şvat jenom v kontextu pozn├ímek #nullable. [C:\NON_Install_Programs\DataHub\domains\Grinding\Grinding.Services\Grinding.Services.csproj]
C:\NON_Install_Programs\DataHub\domains\Grinding\Grinding.Services\IAlarmSpecificService.cs(12,31): warning CS8632: Pozn├ímka u typ┼» odkaz┼» s mo┼żnou hodnotou null by se m─Ťla v k├│du pou┼ż├şvat jenom v kontextu pozn├ímek #nullable. [C:\NON_Install_Programs\DataHub\domains\Grinding\Grinding.Services\Grinding.Services.csproj]
C:\NON_Install_Programs\DataHub\domains\Grinding\Grinding.Services\AlarmService.cs(31,37): warning CS8632: Pozn├ímka u typ┼» odkaz┼» s mo┼żnou hodnotou null by se m─Ťla v k├│du pou┼ż├şvat jenom v kontextu pozn├ímek #nullable. [C:\NON_Install_Programs\DataHub\domains\Grinding\Grinding.Services\Grinding.Services.csproj]
C:\NON_Install_Programs\DataHub\domains\Grinding\Grinding.Services\IAlarmSpecificService.cs(13,78): warning CS8632: Pozn├ímka u typ┼» odkaz┼» s mo┼żnou hodnotou null by se m─Ťla v k├│du pou┼ż├şvat jenom v kontextu pozn├ímek #nullable. [C:\NON_Install_Programs\DataHub\domains\Grinding\Grinding.Services\Grinding.Services.csproj]
C:\NON_Install_Programs\DataHub\domains\Grinding\Grinding.Services\IAlarmSpecificService.cs(13,105): warning CS8632: Pozn├ímka u typ┼» odkaz┼» s mo┼żnou hodnotou null by se m─Ťla v k├│du pou┼ż├şvat jenom v kontextu pozn├ímek #nullable. [C:\NON_Install_Programs\DataHub\domains\Grinding\Grinding.Services\Grinding.Services.csproj]
C:\NON_Install_Programs\DataHub\domains\Grinding\Grinding.Services\IAlarmSpecificService.cs(13,149): warning CS8632: Pozn├ímka u typ┼» odkaz┼» s mo┼żnou hodnotou null by se m─Ťla v k├│du pou┼ż├şvat jenom v kontextu pozn├ímek #nullable. [C:\NON_Install_Programs\DataHub\domains\Grinding\Grinding.Services\Grinding.Services.csproj]
C:\NON_Install_Programs\DataHub\domains\Grinding\Grinding.Services\IAlarmSpecificService.cs(13,186): warning CS8632: Pozn├ímka u typ┼» odkaz┼» s mo┼żnou hodnotou null by se m─Ťla v k├│du pou┼ż├şvat jenom v kontextu pozn├ímek #nullable. [C:\NON_Install_Programs\DataHub\domains\Grinding\Grinding.Services\Grinding.Services.csproj]
C:\NON_Install_Programs\DataHub\domains\Grinding\Grinding.Services\DummyItemService.cs(17,37): error CS0535: DummyItemService neimplementuje ─Źlen rozhran├ş IDataService<DummyItem>.GetPagedAsync(DataRequestBase). [C:\NON_Install_Programs\DataHub\domains\Grinding\Grinding.Services\Grinding.Services.csproj]
C:\NON_Install_Programs\DataHub\domains\Grinding\Grinding.Services\AlarmService.cs(51,106): warning CS8632: Pozn├ímka u typ┼» odkaz┼» s mo┼żnou hodnotou null by se m─Ťla v k├│du pou┼ż├şvat jenom v kontextu pozn├ímek #nullable. [C:\NON_Install_Programs\DataHub\domains\Grinding\Grinding.Services\Grinding.Services.csproj]
C:\NON_Install_Programs\DataHub\domains\Grinding\Grinding.Services\AlarmService.cs(51,133): warning CS8632: Pozn├ímka u typ┼» odkaz┼» s mo┼żnou hodnotou null by se m─Ťla v k├│du pou┼ż├şvat jenom v kontextu pozn├ímek #nullable. [C:\NON_Install_Programs\DataHub\domains\Grinding\Grinding.Services\Grinding.Services.csproj]
C:\NON_Install_Programs\DataHub\domains\Grinding\Grinding.Services\AlarmService.cs(51,177): warning CS8632: Pozn├ímka u typ┼» odkaz┼» s mo┼żnou hodnotou null by se m─Ťla v k├│du pou┼ż├şvat jenom v kontextu pozn├ímek #nullable. [C:\NON_Install_Programs\DataHub\domains\Grinding\Grinding.Services\Grinding.Services.csproj]
C:\NON_Install_Programs\DataHub\domains\Grinding\Grinding.Services\AlarmService.cs(51,214): warning CS8632: Pozn├ímka u typ┼» odkaz┼» s mo┼żnou hodnotou null by se m─Ťla v k├│du pou┼ż├şvat jenom v kontextu pozn├ímek #nullable. [C:\NON_Install_Programs\DataHub\domains\Grinding\Grinding.Services\Grinding.Services.csproj]
C:\NON_Install_Programs\DataHub\domains\Grinding\Grinding.Services\IOperationalService.cs(10,40): warning CS8632: Pozn├ímka u typ┼» odkaz┼» s mo┼żnou hodnotou null by se m─Ťla v k├│du pou┼ż├şvat jenom v kontextu pozn├ímek #nullable. [C:\NON_Install_Programs\DataHub\domains\Grinding\Grinding.Services\Grinding.Services.csproj]
C:\NON_Install_Programs\DataHub\domains\Grinding\Grinding.Services\OperationalService.cs(42,53): warning CS8632: Pozn├ímka u typ┼» odkaz┼» s mo┼żnou hodnotou null by se m─Ťla v k├│du pou┼ż├şvat jenom v kontextu pozn├ímek #nullable. [C:\NON_Install_Programs\DataHub\domains\Grinding\Grinding.Services\Grinding.Services.csproj]
C:\NON_Install_Programs\DataHub\domains\Grinding\Grinding.Services\AlarmService.cs(51,108): warning CS1066: V├Żchoz├ş hodnota zadan├í pro parametr filterName nebude m├şt ┼ż├ídn├Ż efekt, proto┼że plat├ş pro ─Źlen, kter├Ż se pou┼ż├şv├í v kontextech nedovoluj├şc├şch nepovinn├ę argumenty. [C:\NON_Install_Programs\DataHub\domains\Grinding\Grinding.Services\Grinding.Services.csproj]
C:\NON_Install_Programs\DataHub\domains\Grinding\Grinding.Services\AlarmService.cs(51,135): warning CS1066: V├Żchoz├ş hodnota zadan├í pro parametr filterString nebude m├şt ┼ż├ídn├Ż efekt, proto┼że plat├ş pro ─Źlen, kter├Ż se pou┼ż├şv├í v kontextech nedovoluj├şc├şch nepovinn├ę argumenty. [C:\NON_Install_Programs\DataHub\domains\Grinding\Grinding.Services\Grinding.Services.csproj]
C:\NON_Install_Programs\DataHub\domains\Grinding\Grinding.Services\AlarmService.cs(51,179): warning CS1066: V├Żchoz├ş hodnota zadan├í pro parametr filters nebude m├şt ┼ż├ídn├Ż efekt, proto┼że plat├ş pro ─Źlen, kter├Ż se pou┼ż├şv├í v kontextech nedovoluj├şc├şch nepovinn├ę argumenty. [C:\NON_Install_Programs\DataHub\domains\Grinding\Grinding.Services\Grinding.Services.csproj]
C:\NON_Install_Programs\DataHub\domains\Grinding\Grinding.Services\AlarmService.cs(51,216): warning CS1066: V├Żchoz├ş hodnota zadan├í pro parametr sorts nebude m├şt ┼ż├ídn├Ż efekt, proto┼że plat├ş pro ─Źlen, kter├Ż se pou┼ż├şv├í v kontextech nedovoluj├şc├şch nepovinn├ę argumenty. [C:\NON_Install_Programs\DataHub\domains\Grinding\Grinding.Services\Grinding.Services.csproj]
C:\NON_Install_Programs\DataHub\domains\Eisod\Eisod.Services\ViewEisodSdService.cs(22,13): error CS0191: Do pole jen pro ─Źten├ş nen├ş mo┼żn├ę p┼Öi┼Öazovat hodnoty (krom─Ť p┼Ö├şpadu, kdy je v konstruktoru nebo v metod─Ť setter jen pro inicializaci typu, ve kter├ęm je pole definovan├ę, nebo v inicializ├ítoru prom─Ťnn├ę). [C:\NON_Install_Programs\DataHub\domains\Eisod\Eisod.Services\Eisod.Services.csproj]
C:\NON_Install_Programs\DataHub\domains\Eisod\Eisod.Services\ServerViewEisodSdService.cs(24,13): error CS0191: Do pole jen pro ─Źten├ş nen├ş mo┼żn├ę p┼Öi┼Öazovat hodnoty (krom─Ť p┼Ö├şpadu, kdy je v konstruktoru nebo v metod─Ť setter jen pro inicializaci typu, ve kter├ęm je pole definovan├ę, nebo v inicializ├ítoru prom─Ťnn├ę). [C:\NON_Install_Programs\DataHub\domains\Eisod\Eisod.Services\Eisod.Services.csproj]

Sestaven├ş SE NEZDA┼śILO.

C:\NON_Install_Programs\DataHub\domains\Grinding\Grinding.Services\DummyItemService.cs(47,30): warning CS8632: Pozn├ímka u typ┼» odkaz┼» s mo┼żnou hodnotou null by se m─Ťla v k├│du pou┼ż├şvat jenom v kontextu pozn├ímek #nullable. [C:\NON_Install_Programs\DataHub\domains\Grinding\Grinding.Services\Grinding.Services.csproj]
C:\NON_Install_Programs\DataHub\domains\Grinding\Grinding.Services\GrindingService.cs(45,50): warning CS8632: Pozn├ímka u typ┼» odkaz┼» s mo┼żnou hodnotou null by se m─Ťla v k├│du pou┼ż├şvat jenom v kontextu pozn├ímek #nullable. [C:\NON_Install_Programs\DataHub\domains\Grinding\Grinding.Services\Grinding.Services.csproj]
C:\NON_Install_Programs\DataHub\domains\Grinding\Grinding.Services\IGrindingService.cs(10,37): warning CS8632: Pozn├ímka u typ┼» odkaz┼» s mo┼żnou hodnotou null by se m─Ťla v k├│du pou┼ż├şvat jenom v kontextu pozn├ímek #nullable. [C:\NON_Install_Programs\DataHub\domains\Grinding\Grinding.Services\Grinding.Services.csproj]
C:\NON_Install_Programs\DataHub\domains\Grinding\Grinding.Services\AuditLogService.cs(47,41): warning CS8632: Pozn├ímka u typ┼» odkaz┼» s mo┼żnou hodnotou null by se m─Ťla v k├│du pou┼ż├şvat jenom v kontextu pozn├ímek #nullable. [C:\NON_Install_Programs\DataHub\domains\Grinding\Grinding.Services\Grinding.Services.csproj]
C:\NON_Install_Programs\DataHub\domains\Grinding\Grinding.Services\DummyItemService.cs(98,124): warning CS8632: Pozn├ímka u typ┼» odkaz┼» s mo┼żnou hodnotou null by se m─Ťla v k├│du pou┼ż├şvat jenom v kontextu pozn├ímek #nullable. [C:\NON_Install_Programs\DataHub\domains\Grinding\Grinding.Services\Grinding.Services.csproj]
C:\NON_Install_Programs\DataHub\domains\Grinding\Grinding.Services\IAlarmSpecificService.cs(12,31): warning CS8632: Pozn├ímka u typ┼» odkaz┼» s mo┼żnou hodnotou null by se m─Ťla v k├│du pou┼ż├şvat jenom v kontextu pozn├ímek #nullable. [C:\NON_Install_Programs\DataHub\domains\Grinding\Grinding.Services\Grinding.Services.csproj]
C:\NON_Install_Programs\DataHub\domains\Grinding\Grinding.Services\AlarmService.cs(31,37): warning CS8632: Pozn├ímka u typ┼» odkaz┼» s mo┼żnou hodnotou null by se m─Ťla v k├│du pou┼ż├şvat jenom v kontextu pozn├ímek #nullable. [C:\NON_Install_Programs\DataHub\domains\Grinding\Grinding.Services\Grinding.Services.csproj]
C:\NON_Install_Programs\DataHub\domains\Grinding\Grinding.Services\IAlarmSpecificService.cs(13,78): warning CS8632: Pozn├ímka u typ┼» odkaz┼» s mo┼żnou hodnotou null by se m─Ťla v k├│du pou┼ż├şvat jenom v kontextu pozn├ímek #nullable. [C:\NON_Install_Programs\DataHub\domains\Grinding\Grinding.Services\Grinding.Services.csproj]
C:\NON_Install_Programs\DataHub\domains\Grinding\Grinding.Services\IAlarmSpecificService.cs(13,105): warning CS8632: Pozn├ímka u typ┼» odkaz┼» s mo┼żnou hodnotou null by se m─Ťla v k├│du pou┼ż├şvat jenom v kontextu pozn├ímek #nullable. [C:\NON_Install_Programs\DataHub\domains\Grinding\Grinding.Services\Grinding.Services.csproj]
C:\NON_Install_Programs\DataHub\domains\Grinding\Grinding.Services\IAlarmSpecificService.cs(13,149): warning CS8632: Pozn├ímka u typ┼» odkaz┼» s mo┼żnou hodnotou null by se m─Ťla v k├│du pou┼ż├şvat jenom v kontextu pozn├ímek #nullable. [C:\NON_Install_Programs\DataHub\domains\Grinding\Grinding.Services\Grinding.Services.csproj]
C:\NON_Install_Programs\DataHub\domains\Grinding\Grinding.Services\IAlarmSpecificService.cs(13,186): warning CS8632: Pozn├ímka u typ┼» odkaz┼» s mo┼żnou hodnotou null by se m─Ťla v k├│du pou┼ż├şvat jenom v kontextu pozn├ímek #nullable. [C:\NON_Install_Programs\DataHub\domains\Grinding\Grinding.Services\Grinding.Services.csproj]
C:\NON_Install_Programs\DataHub\domains\Grinding\Grinding.Services\AlarmService.cs(51,106): warning CS8632: Pozn├ímka u typ┼» odkaz┼» s mo┼żnou hodnotou null by se m─Ťla v k├│du pou┼ż├şvat jenom v kontextu pozn├ímek #nullable. [C:\NON_Install_Programs\DataHub\domains\Grinding\Grinding.Services\Grinding.Services.csproj]
C:\NON_Install_Programs\DataHub\domains\Grinding\Grinding.Services\AlarmService.cs(51,133): warning CS8632: Pozn├ímka u typ┼» odkaz┼» s mo┼żnou hodnotou null by se m─Ťla v k├│du pou┼ż├şvat jenom v kontextu pozn├ímek #nullable. [C:\NON_Install_Programs\DataHub\domains\Grinding\Grinding.Services\Grinding.Services.csproj]
C:\NON_Install_Programs\DataHub\domains\Grinding\Grinding.Services\AlarmService.cs(51,177): warning CS8632: Pozn├ímka u typ┼» odkaz┼» s mo┼żnou hodnotou null by se m─Ťla v k├│du pou┼ż├şvat jenom v kontextu pozn├ímek #nullable. [C:\NON_Install_Programs\DataHub\domains\Grinding\Grinding.Services\Grinding.Services.csproj]
C:\NON_Install_Programs\DataHub\domains\Grinding\Grinding.Services\AlarmService.cs(51,214): warning CS8632: Pozn├ímka u typ┼» odkaz┼» s mo┼żnou hodnotou null by se m─Ťla v k├│du pou┼ż├şvat jenom v kontextu pozn├ímek #nullable. [C:\NON_Install_Programs\DataHub\domains\Grinding\Grinding.Services\Grinding.Services.csproj]
C:\NON_Install_Programs\DataHub\domains\Grinding\Grinding.Services\IOperationalService.cs(10,40): warning CS8632: Pozn├ímka u typ┼» odkaz┼» s mo┼żnou hodnotou null by se m─Ťla v k├│du pou┼ż├şvat jenom v kontextu pozn├ímek #nullable. [C:\NON_Install_Programs\DataHub\domains\Grinding\Grinding.Services\Grinding.Services.csproj]
C:\NON_Install_Programs\DataHub\domains\Grinding\Grinding.Services\OperationalService.cs(42,53): warning CS8632: Pozn├ímka u typ┼» odkaz┼» s mo┼żnou hodnotou null by se m─Ťla v k├│du pou┼ż├şvat jenom v kontextu pozn├ímek #nullable. [C:\NON_Install_Programs\DataHub\domains\Grinding\Grinding.Services\Grinding.Services.csproj]
C:\NON_Install_Programs\DataHub\domains\Grinding\Grinding.Services\AlarmService.cs(51,108): warning CS1066: V├Żchoz├ş hodnota zadan├í pro parametr filterName nebude m├şt ┼ż├ídn├Ż efekt, proto┼że plat├ş pro ─Źlen, kter├Ż se pou┼ż├şv├í v kontextech nedovoluj├şc├şch nepovinn├ę argumenty. [C:\NON_Install_Programs\DataHub\domains\Grinding\Grinding.Services\Grinding.Services.csproj]
C:\NON_Install_Programs\DataHub\domains\Grinding\Grinding.Services\AlarmService.cs(51,135): warning CS1066: V├Żchoz├ş hodnota zadan├í pro parametr filterString nebude m├şt ┼ż├ídn├Ż efekt, proto┼że plat├ş pro ─Źlen, kter├Ż se pou┼ż├şv├í v kontextech nedovoluj├şc├şch nepovinn├ę argumenty. [C:\NON_Install_Programs\DataHub\domains\Grinding\Grinding.Services\Grinding.Services.csproj]
C:\NON_Install_Programs\DataHub\domains\Grinding\Grinding.Services\AlarmService.cs(51,179): warning CS1066: V├Żchoz├ş hodnota zadan├í pro parametr filters nebude m├şt ┼ż├ídn├Ż efekt, proto┼że plat├ş pro ─Źlen, kter├Ż se pou┼ż├şv├í v kontextech nedovoluj├şc├şch nepovinn├ę argumenty. [C:\NON_Install_Programs\DataHub\domains\Grinding\Grinding.Services\Grinding.Services.csproj]
C:\NON_Install_Programs\DataHub\domains\Grinding\Grinding.Services\AlarmService.cs(51,216): warning CS1066: V├Żchoz├ş hodnota zadan├í pro parametr sorts nebude m├şt ┼ż├ídn├Ż efekt, proto┼że plat├ş pro ─Źlen, kter├Ż se pou┼ż├şv├í v kontextech nedovoluj├şc├şch nepovinn├ę argumenty. [C:\NON_Install_Programs\DataHub\domains\Grinding\Grinding.Services\Grinding.Services.csproj]
C:\NON_Install_Programs\DataHub\domains\Grinding\Grinding.Services\DummyItemService.cs(17,37): error CS0535: DummyItemService neimplementuje ─Źlen rozhran├ş IDataService<DummyItem>.GetPagedAsync(DataRequestBase). [C:\NON_Install_Programs\DataHub\domains\Grinding\Grinding.Services\Grinding.Services.csproj]
C:\NON_Install_Programs\DataHub\domains\Eisod\Eisod.Services\ViewEisodSdService.cs(22,13): error CS0191: Do pole jen pro ─Źten├ş nen├ş mo┼żn├ę p┼Öi┼Öazovat hodnoty (krom─Ť p┼Ö├şpadu, kdy je v konstruktoru nebo v metod─Ť setter jen pro inicializaci typu, ve kter├ęm je pole definovan├ę, nebo v inicializ├ítoru prom─Ťnn├ę). [C:\NON_Install_Programs\DataHub\domains\Eisod\Eisod.Services\Eisod.Services.csproj]
C:\NON_Install_Programs\DataHub\domains\Eisod\Eisod.Services\ServerViewEisodSdService.cs(24,13): error CS0191: Do pole jen pro ─Źten├ş nen├ş mo┼żn├ę p┼Öi┼Öazovat hodnoty (krom─Ť p┼Ö├şpadu, kdy je v konstruktoru nebo v metod─Ť setter jen pro inicializaci typu, ve kter├ęm je pole definovan├ę, nebo v inicializ├ítoru prom─Ťnn├ę). [C:\NON_Install_Programs\DataHub\domains\Eisod\Eisod.Services\Eisod.Services.csproj]
    21 upozorn─Ťn├ş
    Po─Źet chyb: 3

Uplynul├Ż ─Źas 00:00:01.17

Jsou k dispozici aktualizace ├║loh. Pokud chcete z├şskat dal┼í├ş informace, spus┼ąte `dotnet workload list`.
