  Zjišťují se projekty, které se mají obnovit...
  Obnovil se projekt C:\NON_Install_Programs\DataHub\domains\Grinding\Grinding.Shared\Grinding.Shared.csproj (v 547 ms).
  Obnovil se projekt C:\NON_Install_Programs\DataHub\domains\Eisod\Eisod.Services\Eisod.Services.csproj (v 548 ms).
  Obnovil se projekt C:\NON_Install_Programs\DataHub\src\DataHub.Host\DataHub.Host.csproj (v 548 ms).
  Obnovil se projekt C:\NON_Install_Programs\DataHub\src\DataHub.Platform\DataHub.Platform.csproj (v 410 ms).
  Obnovil se projekt c:\NON_Install_Programs\DataHub\domains\Eisod\Eisod.Pages\Eisod.Pages.csproj (v 548 ms).
  Obnovil se projekt C:\NON_Install_Programs\DataHub\domains\Grinding\Grinding.Services\Grinding.Services.csproj (v 547 ms).
  Obnovil se projekt c:\NON_Install_Programs\DataHub\domains\Grinding\Grinding.Pages\Grinding.Pages.csproj (v 548 ms).
  Obnovil se projekt c:\NON_Install_Programs\DataHub\domains\Grinding\Grinding.Client\Grinding.Client.csproj (v 548 ms).
  2 z 10 projektů jsou v aktuálním stavu pro obnovení.
  DataHub.Core -> c:\NON_Install_Programs\DataHub\src\DataHub.Core\bin\Debug\net9.0\DataHub.Core.dll
  Grinding.Shared -> C:\NON_Install_Programs\DataHub\domains\Grinding\Grinding.Shared\bin\Debug\net9.0\Grinding.Shared.dll
c:\NON_Install_Programs\DataHub\domains\Eisod\Eisod.Shared\Models\ViewEisodSd.cs(24,18): warning CS8632: Poznámka u typů odkazů s možnou hodnotou null by se měla v kódu používat jenom v kontextu poznámek #nullable. [c:\NON_Install_Programs\DataHub\domains\Eisod\Eisod.Shared\Eisod.Shared.csproj]
c:\NON_Install_Programs\DataHub\domains\Eisod\Eisod.Shared\Models\ViewEisodSd.cs(28,18): warning CS8632: Poznámka u typů odkazů s možnou hodnotou null by se měla v kódu používat jenom v kontextu poznámek #nullable. [c:\NON_Install_Programs\DataHub\domains\Eisod\Eisod.Shared\Eisod.Shared.csproj]
c:\NON_Install_Programs\DataHub\domains\Eisod\Eisod.Shared\Models\ViewEisodSd.cs(32,18): warning CS8632: Poznámka u typů odkazů s možnou hodnotou null by se měla v kódu používat jenom v kontextu poznámek #nullable. [c:\NON_Install_Programs\DataHub\domains\Eisod\Eisod.Shared\Eisod.Shared.csproj]
c:\NON_Install_Programs\DataHub\domains\Eisod\Eisod.Shared\Models\ViewEisodSd.cs(42,18): warning CS8632: Poznámka u typů odkazů s možnou hodnotou null by se měla v kódu používat jenom v kontextu poznámek #nullable. [c:\NON_Install_Programs\DataHub\domains\Eisod\Eisod.Shared\Eisod.Shared.csproj]
  Eisod.Shared -> c:\NON_Install_Programs\DataHub\domains\Eisod\Eisod.Shared\bin\Debug\net9.0\Eisod.Shared.dll
c:\NON_Install_Programs\DataHub\src\DataHub.Platform\Repositories\DummyItemRepository.cs(51,30): warning CS8632: Poznámka u typů odkazů s možnou hodnotou null by se měla v kódu používat jenom v kontextu poznámek #nullable. [c:\NON_Install_Programs\DataHub\src\DataHub.Platform\DataHub.Platform.csproj]
c:\NON_Install_Programs\DataHub\src\DataHub.Platform\Repositories\DummyItemRepository.cs(71,30): warning CS8632: Poznámka u typů odkazů s možnou hodnotou null by se měla v kódu používat jenom v kontextu poznámek #nullable. [c:\NON_Install_Programs\DataHub\src\DataHub.Platform\DataHub.Platform.csproj]
c:\NON_Install_Programs\DataHub\src\DataHub.Platform\Repositories\Generic\Repository.cs(35,42): warning CS8632: Poznámka u typů odkazů s možnou hodnotou null by se měla v kódu používat jenom v kontextu poznámek #nullable. [c:\NON_Install_Programs\DataHub\src\DataHub.Platform\DataHub.Platform.csproj]
c:\NON_Install_Programs\DataHub\src\DataHub.Platform\Data\Interceptors\ComprehensiveAuditInterceptor.cs(36,54): warning CS8632: Poznámka u typů odkazů s možnou hodnotou null by se měla v kódu používat jenom v kontextu poznámek #nullable. [c:\NON_Install_Programs\DataHub\src\DataHub.Platform\DataHub.Platform.csproj]
c:\NON_Install_Programs\DataHub\src\DataHub.Platform\Data\ApplicationDbContext.cs(135,23): warning CS8632: Poznámka u typů odkazů s možnou hodnotou null by se měla v kódu používat jenom v kontextu poznámek #nullable. [c:\NON_Install_Programs\DataHub\src\DataHub.Platform\DataHub.Platform.csproj]
c:\NON_Install_Programs\DataHub\src\DataHub.Platform\Data\ApplicationDbContext.cs(151,23): warning CS8632: Poznámka u typů odkazů s možnou hodnotou null by se měla v kódu používat jenom v kontextu poznámek #nullable. [c:\NON_Install_Programs\DataHub\src\DataHub.Platform\DataHub.Platform.csproj]
c:\NON_Install_Programs\DataHub\src\DataHub.Platform\Data\ApplicationDbContext.cs(17,46): warning CS8632: Poznámka u typů odkazů s možnou hodnotou null by se měla v kódu používat jenom v kontextu poznámek #nullable. [c:\NON_Install_Programs\DataHub\src\DataHub.Platform\DataHub.Platform.csproj]
c:\NON_Install_Programs\DataHub\src\DataHub.Platform\Data\ApplicationDbContext.cs(19,105): warning CS8632: Poznámka u typů odkazů s možnou hodnotou null by se měla v kódu používat jenom v kontextu poznámek #nullable. [c:\NON_Install_Programs\DataHub\src\DataHub.Platform\DataHub.Platform.csproj]
c:\NON_Install_Programs\DataHub\src\DataHub.Platform\Repositories\AuditLogRepository.cs(47,44): warning CS8632: Poznámka u typů odkazů s možnou hodnotou null by se měla v kódu používat jenom v kontextu poznámek #nullable. [c:\NON_Install_Programs\DataHub\src\DataHub.Platform\DataHub.Platform.csproj]
c:\NON_Install_Programs\DataHub\src\DataHub.Platform\Repositories\DummyItemRepository.cs(82,53): warning CS8632: Poznámka u typů odkazů s možnou hodnotou null by se měla v kódu používat jenom v kontextu poznámek #nullable. [c:\NON_Install_Programs\DataHub\src\DataHub.Platform\DataHub.Platform.csproj]
c:\NON_Install_Programs\DataHub\src\DataHub.Platform\Repositories\DummyItemRepository.cs(84,49): warning CS8632: Poznámka u typů odkazů s možnou hodnotou null by se měla v kódu používat jenom v kontextu poznámek #nullable. [c:\NON_Install_Programs\DataHub\src\DataHub.Platform\DataHub.Platform.csproj]
c:\NON_Install_Programs\DataHub\src\DataHub.Platform\Data\ApplicationDbContext.cs(137,55): warning CS8632: Poznámka u typů odkazů s možnou hodnotou null by se měla v kódu používat jenom v kontextu poznámek #nullable. [c:\NON_Install_Programs\DataHub\src\DataHub.Platform\DataHub.Platform.csproj]
c:\NON_Install_Programs\DataHub\src\DataHub.Platform\Data\Interceptors\ComprehensiveAuditInterceptor.cs(57,31): warning CS8632: Poznámka u typů odkazů s možnou hodnotou null by se měla v kódu používat jenom v kontextu poznámek #nullable. [c:\NON_Install_Programs\DataHub\src\DataHub.Platform\DataHub.Platform.csproj]
c:\NON_Install_Programs\DataHub\src\DataHub.Platform\Data\Interceptors\ComprehensiveAuditInterceptor.cs(100,78): warning CS8632: Poznámka u typů odkazů s možnou hodnotou null by se měla v kódu používat jenom v kontextu poznámek #nullable. [c:\NON_Install_Programs\DataHub\src\DataHub.Platform\DataHub.Platform.csproj]
c:\NON_Install_Programs\DataHub\src\DataHub.Platform\Data\Interceptors\ComprehensiveAuditInterceptor.cs(101,78): warning CS8632: Poznámka u typů odkazů s možnou hodnotou null by se měla v kódu používat jenom v kontextu poznámek #nullable. [c:\NON_Install_Programs\DataHub\src\DataHub.Platform\DataHub.Platform.csproj]
c:\NON_Install_Programs\DataHub\src\DataHub.Platform\Data\Interceptors\ComprehensiveAuditInterceptor.cs(136,57): warning CS8632: Poznámka u typů odkazů s možnou hodnotou null by se měla v kódu používat jenom v kontextu poznámek #nullable. [c:\NON_Install_Programs\DataHub\src\DataHub.Platform\DataHub.Platform.csproj]
  DataHub.Platform -> C:\NON_Install_Programs\DataHub\src\DataHub.Platform\bin\Debug\net9.0\DataHub.Platform.dll
  Eisod.Services -> C:\NON_Install_Programs\DataHub\domains\Eisod\Eisod.Services\bin\Debug\net9.0\Eisod.Services.dll
  Grinding.Services -> C:\NON_Install_Programs\DataHub\domains\Grinding\Grinding.Services\bin\Debug\net9.0\Grinding.Services.dll
  Grinding.Client -> c:\NON_Install_Programs\DataHub\domains\Grinding\Grinding.Client\bin\Debug\net9.0\Grinding.Client.dll
  Eisod.Pages -> c:\NON_Install_Programs\DataHub\domains\Eisod\Eisod.Pages\bin\Debug\net9.0\Eisod.Pages.dll
  Grinding.Pages -> c:\NON_Install_Programs\DataHub\domains\Grinding\Grinding.Pages\bin\Debug\net9.0\Grinding.Pages.dll
c:\NON_Install_Programs\DataHub\src\DataHub.Host\Components\Pages\DummyItems.razor.cs(12,7): warning CS0105: Direktiva using pro DataHub.Core.Services se objevila už dřív v tomto oboru názvů. [c:\NON_Install_Programs\DataHub\src\DataHub.Host\DataHub.Host.csproj]
c:\NON_Install_Programs\DataHub\src\DataHub.Host\Components\Layout\DevAuthControl.razor(2,22): error CS0234: Typ nebo název oboru názvů Services neexistuje v oboru názvů RPK_BlazorApp. (Nechybí odkaz na sestavení?) [c:\NON_Install_Programs\DataHub\src\DataHub.Host\DataHub.Host.csproj]
c:\NON_Install_Programs\DataHub\src\DataHub.Host\Components\Layout\DevAuthControl.razor(4,22): error CS0234: Typ nebo název oboru názvů Shared neexistuje v oboru názvů RPK_BlazorApp. (Nechybí odkaz na sestavení?) [c:\NON_Install_Programs\DataHub\src\DataHub.Host\DataHub.Host.csproj]
c:\NON_Install_Programs\DataHub\src\DataHub.Host\Components\Pages\Error.razor(44,18): warning CS8669: Poznámka pro typy odkazů s možnou hodnotou null by se měla používat jenom v kódu v rámci kontextu poznámek #nullable. Automaticky vygenerovaný kód vyžaduje explicitní direktivu #nullable ve zdroji. [c:\NON_Install_Programs\DataHub\src\DataHub.Host\DataHub.Host.csproj]
c:\NON_Install_Programs\DataHub\src\DataHub.Host\Components\Pages\AuditLogViewer.razor.cs(18,26): error CS0246: Typ nebo název oboru názvů IAuditLogService se nenašel. (Nechybí direktiva using nebo odkaz na sestavení?) [c:\NON_Install_Programs\DataHub\src\DataHub.Host\DataHub.Host.csproj]
c:\NON_Install_Programs\DataHub\src\DataHub.Host\Components\Pages\DummyItemAction.razor(24,12): error CS0246: Typ nebo název oboru názvů IDataService<> se nenašel. (Nechybí direktiva using nebo odkaz na sestavení?) [c:\NON_Install_Programs\DataHub\src\DataHub.Host\DataHub.Host.csproj]
c:\NON_Install_Programs\DataHub\src\DataHub.Host\Components\Pages\DummyItems.razor.cs(20,17): error CS0246: Typ nebo název oboru názvů IDataService<> se nenašel. (Nechybí direktiva using nebo odkaz na sestavení?) [c:\NON_Install_Programs\DataHub\src\DataHub.Host\DataHub.Host.csproj]
c:\NON_Install_Programs\DataHub\src\DataHub.Host\Components\Pages\DummyItems.razor.cs(45,28): error CS0246: Typ nebo název oboru názvů Stream se nenašel. (Nechybí direktiva using nebo odkaz na sestavení?) [c:\NON_Install_Programs\DataHub\src\DataHub.Host\DataHub.Host.csproj]
c:\NON_Install_Programs\DataHub\src\DataHub.Host\Components\Pages\AuditLogViewer.razor.cs(148,28): error CS0246: Typ nebo název oboru názvů Stream se nenašel. (Nechybí direktiva using nebo odkaz na sestavení?) [c:\NON_Install_Programs\DataHub\src\DataHub.Host\DataHub.Host.csproj]
c:\NON_Install_Programs\DataHub\src\DataHub.Host\Components\Pages\Login.razor(10,9): error CS0246: Typ nebo název oboru názvů DevelopmentAuthenticationStateProvider se nenašel. (Nechybí direktiva using nebo odkaz na sestavení?) [c:\NON_Install_Programs\DataHub\src\DataHub.Host\DataHub.Host.csproj]
c:\NON_Install_Programs\DataHub\src\DataHub.Host\Components\Pages\AuditLogViewer.razor.cs(28,23): warning CS8632: Poznámka u typů odkazů s možnou hodnotou null by se měla v kódu používat jenom v kontextu poznámek #nullable. [c:\NON_Install_Programs\DataHub\src\DataHub.Host\DataHub.Host.csproj]
c:\NON_Install_Programs\DataHub\src\DataHub.Host\Components\Pages\DummyItems.razor.cs(65,43): warning CS8632: Poznámka u typů odkazů s možnou hodnotou null by se měla v kódu používat jenom v kontextu poznámek #nullable. [c:\NON_Install_Programs\DataHub\src\DataHub.Host\DataHub.Host.csproj]
c:\NON_Install_Programs\DataHub\src\DataHub.Host\Components\Pages\DummyItems.razor.cs(67,23): warning CS8632: Poznámka u typů odkazů s možnou hodnotou null by se měla v kódu používat jenom v kontextu poznámek #nullable. [c:\NON_Install_Programs\DataHub\src\DataHub.Host\DataHub.Host.csproj]
c:\NON_Install_Programs\DataHub\src\DataHub.Host\Components\Pages\DummyItems.razor.cs(68,23): warning CS8632: Poznámka u typů odkazů s možnou hodnotou null by se měla v kódu používat jenom v kontextu poznámek #nullable. [c:\NON_Install_Programs\DataHub\src\DataHub.Host\DataHub.Host.csproj]
c:\NON_Install_Programs\DataHub\src\DataHub.Host\Components\Pages\AuditLogViewer.razor.cs(31,42): warning CS8632: Poznámka u typů odkazů s možnou hodnotou null by se měla v kódu používat jenom v kontextu poznámek #nullable. [c:\NON_Install_Programs\DataHub\src\DataHub.Host\DataHub.Host.csproj]

Sestavení SE NEZDAŘILO.

c:\NON_Install_Programs\DataHub\domains\Eisod\Eisod.Shared\Models\ViewEisodSd.cs(24,18): warning CS8632: Poznámka u typů odkazů s možnou hodnotou null by se měla v kódu používat jenom v kontextu poznámek #nullable. [c:\NON_Install_Programs\DataHub\domains\Eisod\Eisod.Shared\Eisod.Shared.csproj]
c:\NON_Install_Programs\DataHub\domains\Eisod\Eisod.Shared\Models\ViewEisodSd.cs(28,18): warning CS8632: Poznámka u typů odkazů s možnou hodnotou null by se měla v kódu používat jenom v kontextu poznámek #nullable. [c:\NON_Install_Programs\DataHub\domains\Eisod\Eisod.Shared\Eisod.Shared.csproj]
c:\NON_Install_Programs\DataHub\domains\Eisod\Eisod.Shared\Models\ViewEisodSd.cs(32,18): warning CS8632: Poznámka u typů odkazů s možnou hodnotou null by se měla v kódu používat jenom v kontextu poznámek #nullable. [c:\NON_Install_Programs\DataHub\domains\Eisod\Eisod.Shared\Eisod.Shared.csproj]
c:\NON_Install_Programs\DataHub\domains\Eisod\Eisod.Shared\Models\ViewEisodSd.cs(42,18): warning CS8632: Poznámka u typů odkazů s možnou hodnotou null by se měla v kódu používat jenom v kontextu poznámek #nullable. [c:\NON_Install_Programs\DataHub\domains\Eisod\Eisod.Shared\Eisod.Shared.csproj]
c:\NON_Install_Programs\DataHub\src\DataHub.Platform\Repositories\DummyItemRepository.cs(51,30): warning CS8632: Poznámka u typů odkazů s možnou hodnotou null by se měla v kódu používat jenom v kontextu poznámek #nullable. [c:\NON_Install_Programs\DataHub\src\DataHub.Platform\DataHub.Platform.csproj]
c:\NON_Install_Programs\DataHub\src\DataHub.Platform\Repositories\DummyItemRepository.cs(71,30): warning CS8632: Poznámka u typů odkazů s možnou hodnotou null by se měla v kódu používat jenom v kontextu poznámek #nullable. [c:\NON_Install_Programs\DataHub\src\DataHub.Platform\DataHub.Platform.csproj]
c:\NON_Install_Programs\DataHub\src\DataHub.Platform\Repositories\Generic\Repository.cs(35,42): warning CS8632: Poznámka u typů odkazů s možnou hodnotou null by se měla v kódu používat jenom v kontextu poznámek #nullable. [c:\NON_Install_Programs\DataHub\src\DataHub.Platform\DataHub.Platform.csproj]
c:\NON_Install_Programs\DataHub\src\DataHub.Platform\Data\Interceptors\ComprehensiveAuditInterceptor.cs(36,54): warning CS8632: Poznámka u typů odkazů s možnou hodnotou null by se měla v kódu používat jenom v kontextu poznámek #nullable. [c:\NON_Install_Programs\DataHub\src\DataHub.Platform\DataHub.Platform.csproj]
c:\NON_Install_Programs\DataHub\src\DataHub.Platform\Data\ApplicationDbContext.cs(135,23): warning CS8632: Poznámka u typů odkazů s možnou hodnotou null by se měla v kódu používat jenom v kontextu poznámek #nullable. [c:\NON_Install_Programs\DataHub\src\DataHub.Platform\DataHub.Platform.csproj]
c:\NON_Install_Programs\DataHub\src\DataHub.Platform\Data\ApplicationDbContext.cs(151,23): warning CS8632: Poznámka u typů odkazů s možnou hodnotou null by se měla v kódu používat jenom v kontextu poznámek #nullable. [c:\NON_Install_Programs\DataHub\src\DataHub.Platform\DataHub.Platform.csproj]
c:\NON_Install_Programs\DataHub\src\DataHub.Platform\Data\ApplicationDbContext.cs(17,46): warning CS8632: Poznámka u typů odkazů s možnou hodnotou null by se měla v kódu používat jenom v kontextu poznámek #nullable. [c:\NON_Install_Programs\DataHub\src\DataHub.Platform\DataHub.Platform.csproj]
c:\NON_Install_Programs\DataHub\src\DataHub.Platform\Data\ApplicationDbContext.cs(19,105): warning CS8632: Poznámka u typů odkazů s možnou hodnotou null by se měla v kódu používat jenom v kontextu poznámek #nullable. [c:\NON_Install_Programs\DataHub\src\DataHub.Platform\DataHub.Platform.csproj]
c:\NON_Install_Programs\DataHub\src\DataHub.Platform\Repositories\AuditLogRepository.cs(47,44): warning CS8632: Poznámka u typů odkazů s možnou hodnotou null by se měla v kódu používat jenom v kontextu poznámek #nullable. [c:\NON_Install_Programs\DataHub\src\DataHub.Platform\DataHub.Platform.csproj]
c:\NON_Install_Programs\DataHub\src\DataHub.Platform\Repositories\DummyItemRepository.cs(82,53): warning CS8632: Poznámka u typů odkazů s možnou hodnotou null by se měla v kódu používat jenom v kontextu poznámek #nullable. [c:\NON_Install_Programs\DataHub\src\DataHub.Platform\DataHub.Platform.csproj]
c:\NON_Install_Programs\DataHub\src\DataHub.Platform\Repositories\DummyItemRepository.cs(84,49): warning CS8632: Poznámka u typů odkazů s možnou hodnotou null by se měla v kódu používat jenom v kontextu poznámek #nullable. [c:\NON_Install_Programs\DataHub\src\DataHub.Platform\DataHub.Platform.csproj]
c:\NON_Install_Programs\DataHub\src\DataHub.Platform\Data\ApplicationDbContext.cs(137,55): warning CS8632: Poznámka u typů odkazů s možnou hodnotou null by se měla v kódu používat jenom v kontextu poznámek #nullable. [c:\NON_Install_Programs\DataHub\src\DataHub.Platform\DataHub.Platform.csproj]
c:\NON_Install_Programs\DataHub\src\DataHub.Platform\Data\Interceptors\ComprehensiveAuditInterceptor.cs(57,31): warning CS8632: Poznámka u typů odkazů s možnou hodnotou null by se měla v kódu používat jenom v kontextu poznámek #nullable. [c:\NON_Install_Programs\DataHub\src\DataHub.Platform\DataHub.Platform.csproj]
c:\NON_Install_Programs\DataHub\src\DataHub.Platform\Data\Interceptors\ComprehensiveAuditInterceptor.cs(100,78): warning CS8632: Poznámka u typů odkazů s možnou hodnotou null by se měla v kódu používat jenom v kontextu poznámek #nullable. [c:\NON_Install_Programs\DataHub\src\DataHub.Platform\DataHub.Platform.csproj]
c:\NON_Install_Programs\DataHub\src\DataHub.Platform\Data\Interceptors\ComprehensiveAuditInterceptor.cs(101,78): warning CS8632: Poznámka u typů odkazů s možnou hodnotou null by se měla v kódu používat jenom v kontextu poznámek #nullable. [c:\NON_Install_Programs\DataHub\src\DataHub.Platform\DataHub.Platform.csproj]
c:\NON_Install_Programs\DataHub\src\DataHub.Platform\Data\Interceptors\ComprehensiveAuditInterceptor.cs(136,57): warning CS8632: Poznámka u typů odkazů s možnou hodnotou null by se měla v kódu používat jenom v kontextu poznámek #nullable. [c:\NON_Install_Programs\DataHub\src\DataHub.Platform\DataHub.Platform.csproj]
c:\NON_Install_Programs\DataHub\src\DataHub.Host\Components\Pages\DummyItems.razor.cs(12,7): warning CS0105: Direktiva using pro DataHub.Core.Services se objevila už dřív v tomto oboru názvů. [c:\NON_Install_Programs\DataHub\src\DataHub.Host\DataHub.Host.csproj]
c:\NON_Install_Programs\DataHub\src\DataHub.Host\Components\Pages\Error.razor(44,18): warning CS8669: Poznámka pro typy odkazů s možnou hodnotou null by se měla používat jenom v kódu v rámci kontextu poznámek #nullable. Automaticky vygenerovaný kód vyžaduje explicitní direktivu #nullable ve zdroji. [c:\NON_Install_Programs\DataHub\src\DataHub.Host\DataHub.Host.csproj]
c:\NON_Install_Programs\DataHub\src\DataHub.Host\Components\Pages\AuditLogViewer.razor.cs(28,23): warning CS8632: Poznámka u typů odkazů s možnou hodnotou null by se měla v kódu používat jenom v kontextu poznámek #nullable. [c:\NON_Install_Programs\DataHub\src\DataHub.Host\DataHub.Host.csproj]
c:\NON_Install_Programs\DataHub\src\DataHub.Host\Components\Pages\DummyItems.razor.cs(65,43): warning CS8632: Poznámka u typů odkazů s možnou hodnotou null by se měla v kódu používat jenom v kontextu poznámek #nullable. [c:\NON_Install_Programs\DataHub\src\DataHub.Host\DataHub.Host.csproj]
c:\NON_Install_Programs\DataHub\src\DataHub.Host\Components\Pages\DummyItems.razor.cs(67,23): warning CS8632: Poznámka u typů odkazů s možnou hodnotou null by se měla v kódu používat jenom v kontextu poznámek #nullable. [c:\NON_Install_Programs\DataHub\src\DataHub.Host\DataHub.Host.csproj]
c:\NON_Install_Programs\DataHub\src\DataHub.Host\Components\Pages\DummyItems.razor.cs(68,23): warning CS8632: Poznámka u typů odkazů s možnou hodnotou null by se měla v kódu používat jenom v kontextu poznámek #nullable. [c:\NON_Install_Programs\DataHub\src\DataHub.Host\DataHub.Host.csproj]
c:\NON_Install_Programs\DataHub\src\DataHub.Host\Components\Pages\AuditLogViewer.razor.cs(31,42): warning CS8632: Poznámka u typů odkazů s možnou hodnotou null by se měla v kódu používat jenom v kontextu poznámek #nullable. [c:\NON_Install_Programs\DataHub\src\DataHub.Host\DataHub.Host.csproj]
c:\NON_Install_Programs\DataHub\src\DataHub.Host\Components\Layout\DevAuthControl.razor(2,22): error CS0234: Typ nebo název oboru názvů Services neexistuje v oboru názvů RPK_BlazorApp. (Nechybí odkaz na sestavení?) [c:\NON_Install_Programs\DataHub\src\DataHub.Host\DataHub.Host.csproj]
c:\NON_Install_Programs\DataHub\src\DataHub.Host\Components\Layout\DevAuthControl.razor(4,22): error CS0234: Typ nebo název oboru názvů Shared neexistuje v oboru názvů RPK_BlazorApp. (Nechybí odkaz na sestavení?) [c:\NON_Install_Programs\DataHub\src\DataHub.Host\DataHub.Host.csproj]
c:\NON_Install_Programs\DataHub\src\DataHub.Host\Components\Pages\AuditLogViewer.razor.cs(18,26): error CS0246: Typ nebo název oboru názvů IAuditLogService se nenašel. (Nechybí direktiva using nebo odkaz na sestavení?) [c:\NON_Install_Programs\DataHub\src\DataHub.Host\DataHub.Host.csproj]
c:\NON_Install_Programs\DataHub\src\DataHub.Host\Components\Pages\DummyItemAction.razor(24,12): error CS0246: Typ nebo název oboru názvů IDataService<> se nenašel. (Nechybí direktiva using nebo odkaz na sestavení?) [c:\NON_Install_Programs\DataHub\src\DataHub.Host\DataHub.Host.csproj]
c:\NON_Install_Programs\DataHub\src\DataHub.Host\Components\Pages\DummyItems.razor.cs(20,17): error CS0246: Typ nebo název oboru názvů IDataService<> se nenašel. (Nechybí direktiva using nebo odkaz na sestavení?) [c:\NON_Install_Programs\DataHub\src\DataHub.Host\DataHub.Host.csproj]
c:\NON_Install_Programs\DataHub\src\DataHub.Host\Components\Pages\DummyItems.razor.cs(45,28): error CS0246: Typ nebo název oboru názvů Stream se nenašel. (Nechybí direktiva using nebo odkaz na sestavení?) [c:\NON_Install_Programs\DataHub\src\DataHub.Host\DataHub.Host.csproj]
c:\NON_Install_Programs\DataHub\src\DataHub.Host\Components\Pages\AuditLogViewer.razor.cs(148,28): error CS0246: Typ nebo název oboru názvů Stream se nenašel. (Nechybí direktiva using nebo odkaz na sestavení?) [c:\NON_Install_Programs\DataHub\src\DataHub.Host\DataHub.Host.csproj]
c:\NON_Install_Programs\DataHub\src\DataHub.Host\Components\Pages\Login.razor(10,9): error CS0246: Typ nebo název oboru názvů DevelopmentAuthenticationStateProvider se nenašel. (Nechybí direktiva using nebo odkaz na sestavení?) [c:\NON_Install_Programs\DataHub\src\DataHub.Host\DataHub.Host.csproj]
    27 upozornění
    Počet chyb: 8

Uplynulý čas 00:00:05.92

Jsou k dispozici aktualizace úloh. Pokud chcete získat další informace, spusťte `dotnet workload list`.
