  Zji┼í┼ąuj├ş se projekty, kter├ę se maj├ş obnovit...
  Obnovil se projekt c:\NON_Install_Programs\DataHub\src\DataHub.Platform\DataHub.Platform.csproj (v 249 ms).
  Obnovil se projekt c:\NON_Install_Programs\DataHub\domains\Grinding\Grinding.Client\Grinding.Client.csproj (v 322 ms).
  Obnovil se projekt c:\NON_Install_Programs\DataHub\domains\Eisod\Eisod.Pages\Eisod.Pages.csproj (v 322 ms).
  Obnovil se projekt c:\NON_Install_Programs\DataHub\domains\Grinding\Grinding.Pages\Grinding.Pages.csproj (v 322 ms).
  Obnovil se projekt c:\NON_Install_Programs\DataHub\src\DataHub.Host\DataHub.Host.csproj (v 322 ms).
  Obnovil se projekt c:\NON_Install_Programs\DataHub\domains\Eisod\Eisod.Services\Eisod.Services.csproj (v 322 ms).
  Obnovil se projekt c:\NON_Install_Programs\DataHub\domains\Grinding\Grinding.Services\Grinding.Services.csproj (v 322 ms).
  3 z 10 projekt┼» jsou v aktu├íln├şm stavu pro obnoven├ş.
  DataHub.Core -> c:\NON_Install_Programs\DataHub\src\DataHub.Core\bin\Debug\net9.0\DataHub.Core.dll
  Eisod.Shared -> c:\NON_Install_Programs\DataHub\domains\Eisod\Eisod.Shared\bin\Debug\net9.0\Eisod.Shared.dll
c:\NON_Install_Programs\DataHub\domains\Grinding\Grinding.Shared\Models\Operational.cs(35,22): warning CS8632: Pozn├ímka u typ┼» odkaz┼» s mo┼żnou hodnotou null by se m─Ťla v k├│du pou┼ż├şvat jenom v kontextu pozn├ímek #nullable. [c:\NON_Install_Programs\DataHub\domains\Grinding\Grinding.Shared\Grinding.Shared.csproj]
c:\NON_Install_Programs\DataHub\domains\Grinding\Grinding.Shared\Dtos\OperationalRestPostRequestDTO.cs(34,22): warning CS8632: Pozn├ímka u typ┼» odkaz┼» s mo┼żnou hodnotou null by se m─Ťla v k├│du pou┼ż├şvat jenom v kontextu pozn├ímek #nullable. [c:\NON_Install_Programs\DataHub\domains\Grinding\Grinding.Shared\Grinding.Shared.csproj]
c:\NON_Install_Programs\DataHub\domains\Grinding\Grinding.Shared\Dtos\OperationalRestResponseDTO.cs(14,22): warning CS8632: Pozn├ímka u typ┼» odkaz┼» s mo┼żnou hodnotou null by se m─Ťla v k├│du pou┼ż├şvat jenom v kontextu pozn├ímek #nullable. [c:\NON_Install_Programs\DataHub\domains\Grinding\Grinding.Shared\Grinding.Shared.csproj]
  Grinding.Shared -> c:\NON_Install_Programs\DataHub\domains\Grinding\Grinding.Shared\bin\Debug\net9.0\Grinding.Shared.dll
  DataHub.Platform -> C:\NON_Install_Programs\DataHub\src\DataHub.Platform\bin\Debug\net9.0\DataHub.Platform.dll
c:\NON_Install_Programs\DataHub\domains\Grinding\Grinding.Services\GrindingService.cs(46,50): warning CS8632: Pozn├ímka u typ┼» odkaz┼» s mo┼żnou hodnotou null by se m─Ťla v k├│du pou┼ż├şvat jenom v kontextu pozn├ímek #nullable. [c:\NON_Install_Programs\DataHub\domains\Grinding\Grinding.Services\Grinding.Services.csproj]
c:\NON_Install_Programs\DataHub\domains\Grinding\Grinding.Services\IAlarmSpecificService.cs(12,31): warning CS8632: Pozn├ímka u typ┼» odkaz┼» s mo┼żnou hodnotou null by se m─Ťla v k├│du pou┼ż├şvat jenom v kontextu pozn├ímek #nullable. [c:\NON_Install_Programs\DataHub\domains\Grinding\Grinding.Services\Grinding.Services.csproj]
c:\NON_Install_Programs\DataHub\domains\Grinding\Grinding.Services\IGrindingService.cs(10,37): warning CS8632: Pozn├ímka u typ┼» odkaz┼» s mo┼żnou hodnotou null by se m─Ťla v k├│du pou┼ż├şvat jenom v kontextu pozn├ímek #nullable. [c:\NON_Install_Programs\DataHub\domains\Grinding\Grinding.Services\Grinding.Services.csproj]
c:\NON_Install_Programs\DataHub\domains\Grinding\Grinding.Services\AlarmService.cs(33,37): warning CS8632: Pozn├ímka u typ┼» odkaz┼» s mo┼żnou hodnotou null by se m─Ťla v k├│du pou┼ż├şvat jenom v kontextu pozn├ímek #nullable. [c:\NON_Install_Programs\DataHub\domains\Grinding\Grinding.Services\Grinding.Services.csproj]
c:\NON_Install_Programs\DataHub\domains\Grinding\Grinding.Services\AuditLogService.cs(46,41): warning CS8632: Pozn├ímka u typ┼» odkaz┼» s mo┼żnou hodnotou null by se m─Ťla v k├│du pou┼ż├şvat jenom v kontextu pozn├ímek #nullable. [c:\NON_Install_Programs\DataHub\domains\Grinding\Grinding.Services\Grinding.Services.csproj]
c:\NON_Install_Programs\DataHub\domains\Grinding\Grinding.Services\IAlarmSpecificService.cs(13,78): warning CS8632: Pozn├ímka u typ┼» odkaz┼» s mo┼żnou hodnotou null by se m─Ťla v k├│du pou┼ż├şvat jenom v kontextu pozn├ímek #nullable. [c:\NON_Install_Programs\DataHub\domains\Grinding\Grinding.Services\Grinding.Services.csproj]
c:\NON_Install_Programs\DataHub\domains\Grinding\Grinding.Services\IAlarmSpecificService.cs(13,105): warning CS8632: Pozn├ímka u typ┼» odkaz┼» s mo┼żnou hodnotou null by se m─Ťla v k├│du pou┼ż├şvat jenom v kontextu pozn├ímek #nullable. [c:\NON_Install_Programs\DataHub\domains\Grinding\Grinding.Services\Grinding.Services.csproj]
c:\NON_Install_Programs\DataHub\domains\Grinding\Grinding.Services\IAlarmSpecificService.cs(13,149): warning CS8632: Pozn├ímka u typ┼» odkaz┼» s mo┼żnou hodnotou null by se m─Ťla v k├│du pou┼ż├şvat jenom v kontextu pozn├ímek #nullable. [c:\NON_Install_Programs\DataHub\domains\Grinding\Grinding.Services\Grinding.Services.csproj]
c:\NON_Install_Programs\DataHub\domains\Grinding\Grinding.Services\IAlarmSpecificService.cs(13,186): warning CS8632: Pozn├ímka u typ┼» odkaz┼» s mo┼żnou hodnotou null by se m─Ťla v k├│du pou┼ż├şvat jenom v kontextu pozn├ímek #nullable. [c:\NON_Install_Programs\DataHub\domains\Grinding\Grinding.Services\Grinding.Services.csproj]
c:\NON_Install_Programs\DataHub\domains\Grinding\Grinding.Services\AlarmService.cs(52,106): warning CS8632: Pozn├ímka u typ┼» odkaz┼» s mo┼żnou hodnotou null by se m─Ťla v k├│du pou┼ż├şvat jenom v kontextu pozn├ímek #nullable. [c:\NON_Install_Programs\DataHub\domains\Grinding\Grinding.Services\Grinding.Services.csproj]
c:\NON_Install_Programs\DataHub\domains\Grinding\Grinding.Services\AlarmService.cs(52,133): warning CS8632: Pozn├ímka u typ┼» odkaz┼» s mo┼żnou hodnotou null by se m─Ťla v k├│du pou┼ż├şvat jenom v kontextu pozn├ímek #nullable. [c:\NON_Install_Programs\DataHub\domains\Grinding\Grinding.Services\Grinding.Services.csproj]
c:\NON_Install_Programs\DataHub\domains\Grinding\Grinding.Services\AlarmService.cs(52,177): warning CS8632: Pozn├ímka u typ┼» odkaz┼» s mo┼żnou hodnotou null by se m─Ťla v k├│du pou┼ż├şvat jenom v kontextu pozn├ímek #nullable. [c:\NON_Install_Programs\DataHub\domains\Grinding\Grinding.Services\Grinding.Services.csproj]
c:\NON_Install_Programs\DataHub\domains\Grinding\Grinding.Services\AlarmService.cs(52,214): warning CS8632: Pozn├ímka u typ┼» odkaz┼» s mo┼żnou hodnotou null by se m─Ťla v k├│du pou┼ż├şvat jenom v kontextu pozn├ímek #nullable. [c:\NON_Install_Programs\DataHub\domains\Grinding\Grinding.Services\Grinding.Services.csproj]
c:\NON_Install_Programs\DataHub\domains\Grinding\Grinding.Services\IOperationalService.cs(10,40): warning CS8632: Pozn├ímka u typ┼» odkaz┼» s mo┼żnou hodnotou null by se m─Ťla v k├│du pou┼ż├şvat jenom v kontextu pozn├ímek #nullable. [c:\NON_Install_Programs\DataHub\domains\Grinding\Grinding.Services\Grinding.Services.csproj]
c:\NON_Install_Programs\DataHub\domains\Grinding\Grinding.Services\OperationalService.cs(42,53): warning CS8632: Pozn├ímka u typ┼» odkaz┼» s mo┼żnou hodnotou null by se m─Ťla v k├│du pou┼ż├şvat jenom v kontextu pozn├ímek #nullable. [c:\NON_Install_Programs\DataHub\domains\Grinding\Grinding.Services\Grinding.Services.csproj]
c:\NON_Install_Programs\DataHub\domains\Grinding\Grinding.Services\AlarmService.cs(52,108): warning CS1066: V├Żchoz├ş hodnota zadan├í pro parametr filterName nebude m├şt ┼ż├ídn├Ż efekt, proto┼że plat├ş pro ─Źlen, kter├Ż se pou┼ż├şv├í v kontextech nedovoluj├şc├şch nepovinn├ę argumenty. [c:\NON_Install_Programs\DataHub\domains\Grinding\Grinding.Services\Grinding.Services.csproj]
c:\NON_Install_Programs\DataHub\domains\Grinding\Grinding.Services\AlarmService.cs(52,135): warning CS1066: V├Żchoz├ş hodnota zadan├í pro parametr filterString nebude m├şt ┼ż├ídn├Ż efekt, proto┼że plat├ş pro ─Źlen, kter├Ż se pou┼ż├şv├í v kontextech nedovoluj├şc├şch nepovinn├ę argumenty. [c:\NON_Install_Programs\DataHub\domains\Grinding\Grinding.Services\Grinding.Services.csproj]
c:\NON_Install_Programs\DataHub\domains\Grinding\Grinding.Services\AlarmService.cs(52,179): warning CS1066: V├Żchoz├ş hodnota zadan├í pro parametr filters nebude m├şt ┼ż├ídn├Ż efekt, proto┼że plat├ş pro ─Źlen, kter├Ż se pou┼ż├şv├í v kontextech nedovoluj├şc├şch nepovinn├ę argumenty. [c:\NON_Install_Programs\DataHub\domains\Grinding\Grinding.Services\Grinding.Services.csproj]
c:\NON_Install_Programs\DataHub\domains\Grinding\Grinding.Services\AlarmService.cs(52,216): warning CS1066: V├Żchoz├ş hodnota zadan├í pro parametr sorts nebude m├şt ┼ż├ídn├Ż efekt, proto┼że plat├ş pro ─Źlen, kter├Ż se pou┼ż├şv├í v kontextech nedovoluj├şc├şch nepovinn├ę argumenty. [c:\NON_Install_Programs\DataHub\domains\Grinding\Grinding.Services\Grinding.Services.csproj]
c:\NON_Install_Programs\DataHub\domains\Grinding\Grinding.Services\Repositories\AlarmRepository.cs(78,41): warning CS8632: Pozn├ímka u typ┼» odkaz┼» s mo┼żnou hodnotou null by se m─Ťla v k├│du pou┼ż├şvat jenom v kontextu pozn├ímek #nullable. [c:\NON_Install_Programs\DataHub\domains\Grinding\Grinding.Services\Grinding.Services.csproj]
  Eisod.Services -> c:\NON_Install_Programs\DataHub\domains\Eisod\Eisod.Services\bin\Debug\net9.0\Eisod.Services.dll
  Grinding.Services -> c:\NON_Install_Programs\DataHub\domains\Grinding\Grinding.Services\bin\Debug\net9.0\Grinding.Services.dll
  Grinding.Client -> c:\NON_Install_Programs\DataHub\domains\Grinding\Grinding.Client\bin\Debug\net9.0\Grinding.Client.dll
c:\NON_Install_Programs\DataHub\domains\Eisod\Eisod.Pages\EisodSdView.razor.cs(27,52): warning CS8632: Pozn├ímka u typ┼» odkaz┼» s mo┼żnou hodnotou null by se m─Ťla v k├│du pou┼ż├şvat jenom v kontextu pozn├ímek #nullable. [c:\NON_Install_Programs\DataHub\domains\Eisod\Eisod.Pages\Eisod.Pages.csproj]
c:\NON_Install_Programs\DataHub\domains\Eisod\Eisod.Pages\EisodSdView.razor.cs(29,23): warning CS8632: Pozn├ímka u typ┼» odkaz┼» s mo┼żnou hodnotou null by se m─Ťla v k├│du pou┼ż├şvat jenom v kontextu pozn├ímek #nullable. [c:\NON_Install_Programs\DataHub\domains\Eisod\Eisod.Pages\Eisod.Pages.csproj]
c:\NON_Install_Programs\DataHub\domains\Eisod\Eisod.Pages\EisodSdView.razor.cs(30,23): warning CS8632: Pozn├ímka u typ┼» odkaz┼» s mo┼żnou hodnotou null by se m─Ťla v k├│du pou┼ż├şvat jenom v kontextu pozn├ímek #nullable. [c:\NON_Install_Programs\DataHub\domains\Eisod\Eisod.Pages\Eisod.Pages.csproj]
c:\NON_Install_Programs\DataHub\domains\Grinding\Grinding.Pages\Alarms.razor.cs(50,46): warning CS8632: Pozn├ímka u typ┼» odkaz┼» s mo┼żnou hodnotou null by se m─Ťla v k├│du pou┼ż├şvat jenom v kontextu pozn├ímek #nullable. [c:\NON_Install_Programs\DataHub\domains\Grinding\Grinding.Pages\Grinding.Pages.csproj]
c:\NON_Install_Programs\DataHub\domains\Grinding\Grinding.Pages\AuditLogViewer.razor.cs(30,23): warning CS8632: Pozn├ímka u typ┼» odkaz┼» s mo┼żnou hodnotou null by se m─Ťla v k├│du pou┼ż├şvat jenom v kontextu pozn├ímek #nullable. [c:\NON_Install_Programs\DataHub\domains\Grinding\Grinding.Pages\Grinding.Pages.csproj]
c:\NON_Install_Programs\DataHub\domains\Grinding\Grinding.Pages\DummyItems.razor.cs(62,43): warning CS8632: Pozn├ímka u typ┼» odkaz┼» s mo┼żnou hodnotou null by se m─Ťla v k├│du pou┼ż├şvat jenom v kontextu pozn├ímek #nullable. [c:\NON_Install_Programs\DataHub\domains\Grinding\Grinding.Pages\Grinding.Pages.csproj]
c:\NON_Install_Programs\DataHub\domains\Grinding\Grinding.Pages\Alarms.razor.cs(51,23): warning CS8632: Pozn├ímka u typ┼» odkaz┼» s mo┼żnou hodnotou null by se m─Ťla v k├│du pou┼ż├şvat jenom v kontextu pozn├ímek #nullable. [c:\NON_Install_Programs\DataHub\domains\Grinding\Grinding.Pages\Grinding.Pages.csproj]
c:\NON_Install_Programs\DataHub\domains\Grinding\Grinding.Pages\Alarms.razor.cs(52,23): warning CS8632: Pozn├ímka u typ┼» odkaz┼» s mo┼żnou hodnotou null by se m─Ťla v k├│du pou┼ż├şvat jenom v kontextu pozn├ímek #nullable. [c:\NON_Install_Programs\DataHub\domains\Grinding\Grinding.Pages\Grinding.Pages.csproj]
c:\NON_Install_Programs\DataHub\domains\Grinding\Grinding.Pages\DummyItems.razor.cs(64,23): warning CS8632: Pozn├ímka u typ┼» odkaz┼» s mo┼żnou hodnotou null by se m─Ťla v k├│du pou┼ż├şvat jenom v kontextu pozn├ímek #nullable. [c:\NON_Install_Programs\DataHub\domains\Grinding\Grinding.Pages\Grinding.Pages.csproj]
c:\NON_Install_Programs\DataHub\domains\Grinding\Grinding.Pages\DummyItems.razor.cs(65,23): warning CS8632: Pozn├ímka u typ┼» odkaz┼» s mo┼żnou hodnotou null by se m─Ťla v k├│du pou┼ż├şvat jenom v kontextu pozn├ímek #nullable. [c:\NON_Install_Programs\DataHub\domains\Grinding\Grinding.Pages\Grinding.Pages.csproj]
c:\NON_Install_Programs\DataHub\domains\Grinding\Grinding.Pages\AuditLogViewer.razor.cs(33,42): warning CS8632: Pozn├ímka u typ┼» odkaz┼» s mo┼żnou hodnotou null by se m─Ťla v k├│du pou┼ż├şvat jenom v kontextu pozn├ímek #nullable. [c:\NON_Install_Programs\DataHub\domains\Grinding\Grinding.Pages\Grinding.Pages.csproj]
c:\NON_Install_Programs\DataHub\domains\Grinding\Grinding.Pages\Alarms.razor.cs(58,23): warning CS8632: Pozn├ímka u typ┼» odkaz┼» s mo┼żnou hodnotou null by se m─Ťla v k├│du pou┼ż├şvat jenom v kontextu pozn├ímek #nullable. [c:\NON_Install_Programs\DataHub\domains\Grinding\Grinding.Pages\Grinding.Pages.csproj]
c:\NON_Install_Programs\DataHub\domains\Grinding\Grinding.Pages\AlarmsView.razor(69,25): warning CS8669: Pozn├ímka pro typy odkaz┼» s mo┼żnou hodnotou null by se m─Ťla pou┼ż├şvat jenom v k├│du v r├ímci kontextu pozn├ímek #nullable. Automaticky vygenerovan├Ż k├│d vy┼żaduje explicitn├ş direktivu #nullable ve zdroji. [c:\NON_Install_Programs\DataHub\domains\Grinding\Grinding.Pages\Grinding.Pages.csproj]
c:\NON_Install_Programs\DataHub\domains\Grinding\Grinding.Pages\AlarmsView.razor(71,19): warning CS8669: Pozn├ímka pro typy odkaz┼» s mo┼żnou hodnotou null by se m─Ťla pou┼ż├şvat jenom v k├│du v r├ímci kontextu pozn├ímek #nullable. Automaticky vygenerovan├Ż k├│d vy┼żaduje explicitn├ş direktivu #nullable ve zdroji. [c:\NON_Install_Programs\DataHub\domains\Grinding\Grinding.Pages\Grinding.Pages.csproj]
c:\NON_Install_Programs\DataHub\domains\Grinding\Grinding.Pages\DummyItemDetails.razor(43,22): warning CS8669: Pozn├ímka pro typy odkaz┼» s mo┼żnou hodnotou null by se m─Ťla pou┼ż├şvat jenom v k├│du v r├ímci kontextu pozn├ímek #nullable. Automaticky vygenerovan├Ż k├│d vy┼żaduje explicitn├ş direktivu #nullable ve zdroji. [c:\NON_Install_Programs\DataHub\domains\Grinding\Grinding.Pages\Grinding.Pages.csproj]
  Eisod.Pages -> C:\NON_Install_Programs\DataHub\domains\Eisod\Eisod.Pages\bin\Debug\net9.0\Eisod.Pages.dll
  Grinding.Pages -> C:\NON_Install_Programs\DataHub\domains\Grinding\Grinding.Pages\bin\Debug\net9.0\Grinding.Pages.dll
c:\NON_Install_Programs\DataHub\src\DataHub.Host\Program.cs(41,38): error CS0104: ApplicationDbContext je nejednozna─Źn├Ż odkaz mezi DataHub.Core.Data.ApplicationDbContext a DataHub.Platform.Data.ApplicationDbContext. [c:\NON_Install_Programs\DataHub\src\DataHub.Host\DataHub.Host.csproj]

Sestaven├ş SE NEZDA┼śILO.

c:\NON_Install_Programs\DataHub\domains\Grinding\Grinding.Shared\Models\Operational.cs(35,22): warning CS8632: Pozn├ímka u typ┼» odkaz┼» s mo┼żnou hodnotou null by se m─Ťla v k├│du pou┼ż├şvat jenom v kontextu pozn├ímek #nullable. [c:\NON_Install_Programs\DataHub\domains\Grinding\Grinding.Shared\Grinding.Shared.csproj]
c:\NON_Install_Programs\DataHub\domains\Grinding\Grinding.Shared\Dtos\OperationalRestPostRequestDTO.cs(34,22): warning CS8632: Pozn├ímka u typ┼» odkaz┼» s mo┼żnou hodnotou null by se m─Ťla v k├│du pou┼ż├şvat jenom v kontextu pozn├ímek #nullable. [c:\NON_Install_Programs\DataHub\domains\Grinding\Grinding.Shared\Grinding.Shared.csproj]
c:\NON_Install_Programs\DataHub\domains\Grinding\Grinding.Shared\Dtos\OperationalRestResponseDTO.cs(14,22): warning CS8632: Pozn├ímka u typ┼» odkaz┼» s mo┼żnou hodnotou null by se m─Ťla v k├│du pou┼ż├şvat jenom v kontextu pozn├ímek #nullable. [c:\NON_Install_Programs\DataHub\domains\Grinding\Grinding.Shared\Grinding.Shared.csproj]
c:\NON_Install_Programs\DataHub\domains\Grinding\Grinding.Services\GrindingService.cs(46,50): warning CS8632: Pozn├ímka u typ┼» odkaz┼» s mo┼żnou hodnotou null by se m─Ťla v k├│du pou┼ż├şvat jenom v kontextu pozn├ímek #nullable. [c:\NON_Install_Programs\DataHub\domains\Grinding\Grinding.Services\Grinding.Services.csproj]
c:\NON_Install_Programs\DataHub\domains\Grinding\Grinding.Services\IAlarmSpecificService.cs(12,31): warning CS8632: Pozn├ímka u typ┼» odkaz┼» s mo┼żnou hodnotou null by se m─Ťla v k├│du pou┼ż├şvat jenom v kontextu pozn├ímek #nullable. [c:\NON_Install_Programs\DataHub\domains\Grinding\Grinding.Services\Grinding.Services.csproj]
c:\NON_Install_Programs\DataHub\domains\Grinding\Grinding.Services\IGrindingService.cs(10,37): warning CS8632: Pozn├ímka u typ┼» odkaz┼» s mo┼żnou hodnotou null by se m─Ťla v k├│du pou┼ż├şvat jenom v kontextu pozn├ímek #nullable. [c:\NON_Install_Programs\DataHub\domains\Grinding\Grinding.Services\Grinding.Services.csproj]
c:\NON_Install_Programs\DataHub\domains\Grinding\Grinding.Services\AlarmService.cs(33,37): warning CS8632: Pozn├ímka u typ┼» odkaz┼» s mo┼żnou hodnotou null by se m─Ťla v k├│du pou┼ż├şvat jenom v kontextu pozn├ímek #nullable. [c:\NON_Install_Programs\DataHub\domains\Grinding\Grinding.Services\Grinding.Services.csproj]
c:\NON_Install_Programs\DataHub\domains\Grinding\Grinding.Services\AuditLogService.cs(46,41): warning CS8632: Pozn├ímka u typ┼» odkaz┼» s mo┼żnou hodnotou null by se m─Ťla v k├│du pou┼ż├şvat jenom v kontextu pozn├ímek #nullable. [c:\NON_Install_Programs\DataHub\domains\Grinding\Grinding.Services\Grinding.Services.csproj]
c:\NON_Install_Programs\DataHub\domains\Grinding\Grinding.Services\IAlarmSpecificService.cs(13,78): warning CS8632: Pozn├ímka u typ┼» odkaz┼» s mo┼żnou hodnotou null by se m─Ťla v k├│du pou┼ż├şvat jenom v kontextu pozn├ímek #nullable. [c:\NON_Install_Programs\DataHub\domains\Grinding\Grinding.Services\Grinding.Services.csproj]
c:\NON_Install_Programs\DataHub\domains\Grinding\Grinding.Services\IAlarmSpecificService.cs(13,105): warning CS8632: Pozn├ímka u typ┼» odkaz┼» s mo┼żnou hodnotou null by se m─Ťla v k├│du pou┼ż├şvat jenom v kontextu pozn├ímek #nullable. [c:\NON_Install_Programs\DataHub\domains\Grinding\Grinding.Services\Grinding.Services.csproj]
c:\NON_Install_Programs\DataHub\domains\Grinding\Grinding.Services\IAlarmSpecificService.cs(13,149): warning CS8632: Pozn├ímka u typ┼» odkaz┼» s mo┼żnou hodnotou null by se m─Ťla v k├│du pou┼ż├şvat jenom v kontextu pozn├ímek #nullable. [c:\NON_Install_Programs\DataHub\domains\Grinding\Grinding.Services\Grinding.Services.csproj]
c:\NON_Install_Programs\DataHub\domains\Grinding\Grinding.Services\IAlarmSpecificService.cs(13,186): warning CS8632: Pozn├ímka u typ┼» odkaz┼» s mo┼żnou hodnotou null by se m─Ťla v k├│du pou┼ż├şvat jenom v kontextu pozn├ímek #nullable. [c:\NON_Install_Programs\DataHub\domains\Grinding\Grinding.Services\Grinding.Services.csproj]
c:\NON_Install_Programs\DataHub\domains\Grinding\Grinding.Services\AlarmService.cs(52,106): warning CS8632: Pozn├ímka u typ┼» odkaz┼» s mo┼żnou hodnotou null by se m─Ťla v k├│du pou┼ż├şvat jenom v kontextu pozn├ímek #nullable. [c:\NON_Install_Programs\DataHub\domains\Grinding\Grinding.Services\Grinding.Services.csproj]
c:\NON_Install_Programs\DataHub\domains\Grinding\Grinding.Services\AlarmService.cs(52,133): warning CS8632: Pozn├ímka u typ┼» odkaz┼» s mo┼żnou hodnotou null by se m─Ťla v k├│du pou┼ż├şvat jenom v kontextu pozn├ímek #nullable. [c:\NON_Install_Programs\DataHub\domains\Grinding\Grinding.Services\Grinding.Services.csproj]
c:\NON_Install_Programs\DataHub\domains\Grinding\Grinding.Services\AlarmService.cs(52,177): warning CS8632: Pozn├ímka u typ┼» odkaz┼» s mo┼żnou hodnotou null by se m─Ťla v k├│du pou┼ż├şvat jenom v kontextu pozn├ímek #nullable. [c:\NON_Install_Programs\DataHub\domains\Grinding\Grinding.Services\Grinding.Services.csproj]
c:\NON_Install_Programs\DataHub\domains\Grinding\Grinding.Services\AlarmService.cs(52,214): warning CS8632: Pozn├ímka u typ┼» odkaz┼» s mo┼żnou hodnotou null by se m─Ťla v k├│du pou┼ż├şvat jenom v kontextu pozn├ímek #nullable. [c:\NON_Install_Programs\DataHub\domains\Grinding\Grinding.Services\Grinding.Services.csproj]
c:\NON_Install_Programs\DataHub\domains\Grinding\Grinding.Services\IOperationalService.cs(10,40): warning CS8632: Pozn├ímka u typ┼» odkaz┼» s mo┼żnou hodnotou null by se m─Ťla v k├│du pou┼ż├şvat jenom v kontextu pozn├ímek #nullable. [c:\NON_Install_Programs\DataHub\domains\Grinding\Grinding.Services\Grinding.Services.csproj]
c:\NON_Install_Programs\DataHub\domains\Grinding\Grinding.Services\OperationalService.cs(42,53): warning CS8632: Pozn├ímka u typ┼» odkaz┼» s mo┼żnou hodnotou null by se m─Ťla v k├│du pou┼ż├şvat jenom v kontextu pozn├ímek #nullable. [c:\NON_Install_Programs\DataHub\domains\Grinding\Grinding.Services\Grinding.Services.csproj]
c:\NON_Install_Programs\DataHub\domains\Grinding\Grinding.Services\AlarmService.cs(52,108): warning CS1066: V├Żchoz├ş hodnota zadan├í pro parametr filterName nebude m├şt ┼ż├ídn├Ż efekt, proto┼że plat├ş pro ─Źlen, kter├Ż se pou┼ż├şv├í v kontextech nedovoluj├şc├şch nepovinn├ę argumenty. [c:\NON_Install_Programs\DataHub\domains\Grinding\Grinding.Services\Grinding.Services.csproj]
c:\NON_Install_Programs\DataHub\domains\Grinding\Grinding.Services\AlarmService.cs(52,135): warning CS1066: V├Żchoz├ş hodnota zadan├í pro parametr filterString nebude m├şt ┼ż├ídn├Ż efekt, proto┼że plat├ş pro ─Źlen, kter├Ż se pou┼ż├şv├í v kontextech nedovoluj├şc├şch nepovinn├ę argumenty. [c:\NON_Install_Programs\DataHub\domains\Grinding\Grinding.Services\Grinding.Services.csproj]
c:\NON_Install_Programs\DataHub\domains\Grinding\Grinding.Services\AlarmService.cs(52,179): warning CS1066: V├Żchoz├ş hodnota zadan├í pro parametr filters nebude m├şt ┼ż├ídn├Ż efekt, proto┼że plat├ş pro ─Źlen, kter├Ż se pou┼ż├şv├í v kontextech nedovoluj├şc├şch nepovinn├ę argumenty. [c:\NON_Install_Programs\DataHub\domains\Grinding\Grinding.Services\Grinding.Services.csproj]
c:\NON_Install_Programs\DataHub\domains\Grinding\Grinding.Services\AlarmService.cs(52,216): warning CS1066: V├Żchoz├ş hodnota zadan├í pro parametr sorts nebude m├şt ┼ż├ídn├Ż efekt, proto┼że plat├ş pro ─Źlen, kter├Ż se pou┼ż├şv├í v kontextech nedovoluj├şc├şch nepovinn├ę argumenty. [c:\NON_Install_Programs\DataHub\domains\Grinding\Grinding.Services\Grinding.Services.csproj]
c:\NON_Install_Programs\DataHub\domains\Grinding\Grinding.Services\Repositories\AlarmRepository.cs(78,41): warning CS8632: Pozn├ímka u typ┼» odkaz┼» s mo┼żnou hodnotou null by se m─Ťla v k├│du pou┼ż├şvat jenom v kontextu pozn├ímek #nullable. [c:\NON_Install_Programs\DataHub\domains\Grinding\Grinding.Services\Grinding.Services.csproj]
c:\NON_Install_Programs\DataHub\domains\Eisod\Eisod.Pages\EisodSdView.razor.cs(27,52): warning CS8632: Pozn├ímka u typ┼» odkaz┼» s mo┼żnou hodnotou null by se m─Ťla v k├│du pou┼ż├şvat jenom v kontextu pozn├ímek #nullable. [c:\NON_Install_Programs\DataHub\domains\Eisod\Eisod.Pages\Eisod.Pages.csproj]
c:\NON_Install_Programs\DataHub\domains\Eisod\Eisod.Pages\EisodSdView.razor.cs(29,23): warning CS8632: Pozn├ímka u typ┼» odkaz┼» s mo┼żnou hodnotou null by se m─Ťla v k├│du pou┼ż├şvat jenom v kontextu pozn├ímek #nullable. [c:\NON_Install_Programs\DataHub\domains\Eisod\Eisod.Pages\Eisod.Pages.csproj]
c:\NON_Install_Programs\DataHub\domains\Eisod\Eisod.Pages\EisodSdView.razor.cs(30,23): warning CS8632: Pozn├ímka u typ┼» odkaz┼» s mo┼żnou hodnotou null by se m─Ťla v k├│du pou┼ż├şvat jenom v kontextu pozn├ímek #nullable. [c:\NON_Install_Programs\DataHub\domains\Eisod\Eisod.Pages\Eisod.Pages.csproj]
c:\NON_Install_Programs\DataHub\domains\Grinding\Grinding.Pages\Alarms.razor.cs(50,46): warning CS8632: Pozn├ímka u typ┼» odkaz┼» s mo┼żnou hodnotou null by se m─Ťla v k├│du pou┼ż├şvat jenom v kontextu pozn├ímek #nullable. [c:\NON_Install_Programs\DataHub\domains\Grinding\Grinding.Pages\Grinding.Pages.csproj]
c:\NON_Install_Programs\DataHub\domains\Grinding\Grinding.Pages\AuditLogViewer.razor.cs(30,23): warning CS8632: Pozn├ímka u typ┼» odkaz┼» s mo┼żnou hodnotou null by se m─Ťla v k├│du pou┼ż├şvat jenom v kontextu pozn├ímek #nullable. [c:\NON_Install_Programs\DataHub\domains\Grinding\Grinding.Pages\Grinding.Pages.csproj]
c:\NON_Install_Programs\DataHub\domains\Grinding\Grinding.Pages\DummyItems.razor.cs(62,43): warning CS8632: Pozn├ímka u typ┼» odkaz┼» s mo┼żnou hodnotou null by se m─Ťla v k├│du pou┼ż├şvat jenom v kontextu pozn├ímek #nullable. [c:\NON_Install_Programs\DataHub\domains\Grinding\Grinding.Pages\Grinding.Pages.csproj]
c:\NON_Install_Programs\DataHub\domains\Grinding\Grinding.Pages\Alarms.razor.cs(51,23): warning CS8632: Pozn├ímka u typ┼» odkaz┼» s mo┼żnou hodnotou null by se m─Ťla v k├│du pou┼ż├şvat jenom v kontextu pozn├ímek #nullable. [c:\NON_Install_Programs\DataHub\domains\Grinding\Grinding.Pages\Grinding.Pages.csproj]
c:\NON_Install_Programs\DataHub\domains\Grinding\Grinding.Pages\Alarms.razor.cs(52,23): warning CS8632: Pozn├ímka u typ┼» odkaz┼» s mo┼żnou hodnotou null by se m─Ťla v k├│du pou┼ż├şvat jenom v kontextu pozn├ímek #nullable. [c:\NON_Install_Programs\DataHub\domains\Grinding\Grinding.Pages\Grinding.Pages.csproj]
c:\NON_Install_Programs\DataHub\domains\Grinding\Grinding.Pages\DummyItems.razor.cs(64,23): warning CS8632: Pozn├ímka u typ┼» odkaz┼» s mo┼żnou hodnotou null by se m─Ťla v k├│du pou┼ż├şvat jenom v kontextu pozn├ímek #nullable. [c:\NON_Install_Programs\DataHub\domains\Grinding\Grinding.Pages\Grinding.Pages.csproj]
c:\NON_Install_Programs\DataHub\domains\Grinding\Grinding.Pages\DummyItems.razor.cs(65,23): warning CS8632: Pozn├ímka u typ┼» odkaz┼» s mo┼żnou hodnotou null by se m─Ťla v k├│du pou┼ż├şvat jenom v kontextu pozn├ímek #nullable. [c:\NON_Install_Programs\DataHub\domains\Grinding\Grinding.Pages\Grinding.Pages.csproj]
c:\NON_Install_Programs\DataHub\domains\Grinding\Grinding.Pages\AuditLogViewer.razor.cs(33,42): warning CS8632: Pozn├ímka u typ┼» odkaz┼» s mo┼żnou hodnotou null by se m─Ťla v k├│du pou┼ż├şvat jenom v kontextu pozn├ímek #nullable. [c:\NON_Install_Programs\DataHub\domains\Grinding\Grinding.Pages\Grinding.Pages.csproj]
c:\NON_Install_Programs\DataHub\domains\Grinding\Grinding.Pages\Alarms.razor.cs(58,23): warning CS8632: Pozn├ímka u typ┼» odkaz┼» s mo┼żnou hodnotou null by se m─Ťla v k├│du pou┼ż├şvat jenom v kontextu pozn├ímek #nullable. [c:\NON_Install_Programs\DataHub\domains\Grinding\Grinding.Pages\Grinding.Pages.csproj]
c:\NON_Install_Programs\DataHub\domains\Grinding\Grinding.Pages\AlarmsView.razor(69,25): warning CS8669: Pozn├ímka pro typy odkaz┼» s mo┼żnou hodnotou null by se m─Ťla pou┼ż├şvat jenom v k├│du v r├ímci kontextu pozn├ímek #nullable. Automaticky vygenerovan├Ż k├│d vy┼żaduje explicitn├ş direktivu #nullable ve zdroji. [c:\NON_Install_Programs\DataHub\domains\Grinding\Grinding.Pages\Grinding.Pages.csproj]
c:\NON_Install_Programs\DataHub\domains\Grinding\Grinding.Pages\AlarmsView.razor(71,19): warning CS8669: Pozn├ímka pro typy odkaz┼» s mo┼żnou hodnotou null by se m─Ťla pou┼ż├şvat jenom v k├│du v r├ímci kontextu pozn├ímek #nullable. Automaticky vygenerovan├Ż k├│d vy┼żaduje explicitn├ş direktivu #nullable ve zdroji. [c:\NON_Install_Programs\DataHub\domains\Grinding\Grinding.Pages\Grinding.Pages.csproj]
c:\NON_Install_Programs\DataHub\domains\Grinding\Grinding.Pages\DummyItemDetails.razor(43,22): warning CS8669: Pozn├ímka pro typy odkaz┼» s mo┼żnou hodnotou null by se m─Ťla pou┼ż├şvat jenom v k├│du v r├ímci kontextu pozn├ímek #nullable. Automaticky vygenerovan├Ż k├│d vy┼żaduje explicitn├ş direktivu #nullable ve zdroji. [c:\NON_Install_Programs\DataHub\domains\Grinding\Grinding.Pages\Grinding.Pages.csproj]
c:\NON_Install_Programs\DataHub\src\DataHub.Host\Program.cs(41,38): error CS0104: ApplicationDbContext je nejednozna─Źn├Ż odkaz mezi DataHub.Core.Data.ApplicationDbContext a DataHub.Platform.Data.ApplicationDbContext. [c:\NON_Install_Programs\DataHub\src\DataHub.Host\DataHub.Host.csproj]
    38 upozorn─Ťn├ş
    Po─Źet chyb: 1

Uplynul├Ż ─Źas 00:00:03.37
