C:\NON_Install_Programs\DataHub\src\DataHub.Core\Components\Shared\FloatingQueryBuilder.razor.cs(17,34): warning CS0649: Do pole FloatingQueryBuilder<TItem>.draggableContainer se nikdy nic nep┼Öi┼Öad├ş. Bude m├şt v┼żdy v├Żchoz├ş hodnotu . [C:\NON_Install_Programs\DataHub\src\DataHub.Core\DataHub.Core.csproj]
C:\NON_Install_Programs\DataHub\src\DataHub.Core\Components\Shared\FloatingQueryBuilder.razor.cs(19,34): warning CS0169: Pole FloatingQueryBuilder<TItem>.queryNameField se nikdy nepou┼ż├şv├í. [C:\NON_Install_Programs\DataHub\src\DataHub.Core\DataHub.Core.csproj]
C:\NON_Install_Programs\DataHub\src\DataHub.Core\Components\Shared\FloatingQueryBuilder.razor.cs(18,34): warning CS0649: Do pole FloatingQueryBuilder<TItem>.draggableHeader se nikdy nic nep┼Öi┼Öad├ş. Bude m├şt v┼żdy v├Żchoz├ş hodnotu . [C:\NON_Install_Programs\DataHub\src\DataHub.Core\DataHub.Core.csproj]
C:\NON_Install_Programs\DataHub\src\DataHub.Core\Components\Shared\AdvancedFilterBuilder.razor.cs(27,22): warning CS0414: Pole AdvancedFilterBuilder<TItem>.showQueryBuilderModal m├í p┼Öi┼Öazenou hodnotu, ale nikdy se nepou┼ż├şv├í. [C:\NON_Install_Programs\DataHub\src\DataHub.Core\DataHub.Core.csproj]
  DataHub.Core -> C:\NON_Install_Programs\DataHub\src\DataHub.Core\bin\Debug\net9.0\DataHub.Core.dll
C:\NON_Install_Programs\DataHub\domains\Grinding\Grinding.Shared\Dtos\AlarmRestPostRequestDto.cs(26,16): error CS0246: Typ nebo n├ízev oboru n├ízv┼» List<> se nena┼íel. (Nechyb├ş direktiva using nebo odkaz na sestaven├ş?) [C:\NON_Install_Programs\DataHub\domains\Grinding\Grinding.Shared\Grinding.Shared.csproj]
C:\NON_Install_Programs\DataHub\domains\Grinding\Grinding.Shared\Dtos\GrindingRestPostRequestDTO.cs(46,16): error CS0246: Typ nebo n├ízev oboru n├ízv┼» List<> se nena┼íel. (Nechyb├ş direktiva using nebo odkaz na sestaven├ş?) [C:\NON_Install_Programs\DataHub\domains\Grinding\Grinding.Shared\Grinding.Shared.csproj]
C:\NON_Install_Programs\DataHub\domains\Grinding\Grinding.Shared\Dtos\OperationalRestPostRequestDTO.cs(34,22): warning CS8632: Pozn├ímka u typ┼» odkaz┼» s mo┼żnou hodnotou null by se m─Ťla v k├│du pou┼ż├şvat jenom v kontextu pozn├ímek #nullable. [C:\NON_Install_Programs\DataHub\domains\Grinding\Grinding.Shared\Grinding.Shared.csproj]
C:\NON_Install_Programs\DataHub\domains\Grinding\Grinding.Shared\Dtos\OperationalRestResponseDTO.cs(14,22): warning CS8632: Pozn├ímka u typ┼» odkaz┼» s mo┼żnou hodnotou null by se m─Ťla v k├│du pou┼ż├şvat jenom v kontextu pozn├ímek #nullable. [C:\NON_Install_Programs\DataHub\domains\Grinding\Grinding.Shared\Grinding.Shared.csproj]
C:\NON_Install_Programs\DataHub\domains\Grinding\Grinding.Shared\Models\Operational.cs(35,22): warning CS8632: Pozn├ímka u typ┼» odkaz┼» s mo┼żnou hodnotou null by se m─Ťla v k├│du pou┼ż├şvat jenom v kontextu pozn├ímek #nullable. [C:\NON_Install_Programs\DataHub\domains\Grinding\Grinding.Shared\Grinding.Shared.csproj]
C:\NON_Install_Programs\DataHub\domains\Eisod\Eisod.Shared\Models\ViewEisodSd.cs(24,18): warning CS8632: Pozn├ímka u typ┼» odkaz┼» s mo┼żnou hodnotou null by se m─Ťla v k├│du pou┼ż├şvat jenom v kontextu pozn├ímek #nullable. [C:\NON_Install_Programs\DataHub\domains\Eisod\Eisod.Shared\Eisod.Shared.csproj]
C:\NON_Install_Programs\DataHub\domains\Eisod\Eisod.Shared\Models\ViewEisodSd.cs(28,18): warning CS8632: Pozn├ímka u typ┼» odkaz┼» s mo┼żnou hodnotou null by se m─Ťla v k├│du pou┼ż├şvat jenom v kontextu pozn├ímek #nullable. [C:\NON_Install_Programs\DataHub\domains\Eisod\Eisod.Shared\Eisod.Shared.csproj]
C:\NON_Install_Programs\DataHub\domains\Eisod\Eisod.Shared\Models\ViewEisodSd.cs(32,18): warning CS8632: Pozn├ímka u typ┼» odkaz┼» s mo┼żnou hodnotou null by se m─Ťla v k├│du pou┼ż├şvat jenom v kontextu pozn├ímek #nullable. [C:\NON_Install_Programs\DataHub\domains\Eisod\Eisod.Shared\Eisod.Shared.csproj]
C:\NON_Install_Programs\DataHub\domains\Eisod\Eisod.Shared\Models\ViewEisodSd.cs(42,18): warning CS8632: Pozn├ímka u typ┼» odkaz┼» s mo┼żnou hodnotou null by se m─Ťla v k├│du pou┼ż├şvat jenom v kontextu pozn├ímek #nullable. [C:\NON_Install_Programs\DataHub\domains\Eisod\Eisod.Shared\Eisod.Shared.csproj]
  Eisod.Shared -> C:\NON_Install_Programs\DataHub\domains\Eisod\Eisod.Shared\bin\Debug\net9.0\Eisod.Shared.dll

Sestaven├ş SE NEZDA┼śILO.

C:\NON_Install_Programs\DataHub\src\DataHub.Core\Components\Shared\FloatingQueryBuilder.razor.cs(17,34): warning CS0649: Do pole FloatingQueryBuilder<TItem>.draggableContainer se nikdy nic nep┼Öi┼Öad├ş. Bude m├şt v┼żdy v├Żchoz├ş hodnotu . [C:\NON_Install_Programs\DataHub\src\DataHub.Core\DataHub.Core.csproj]
C:\NON_Install_Programs\DataHub\src\DataHub.Core\Components\Shared\FloatingQueryBuilder.razor.cs(19,34): warning CS0169: Pole FloatingQueryBuilder<TItem>.queryNameField se nikdy nepou┼ż├şv├í. [C:\NON_Install_Programs\DataHub\src\DataHub.Core\DataHub.Core.csproj]
C:\NON_Install_Programs\DataHub\src\DataHub.Core\Components\Shared\FloatingQueryBuilder.razor.cs(18,34): warning CS0649: Do pole FloatingQueryBuilder<TItem>.draggableHeader se nikdy nic nep┼Öi┼Öad├ş. Bude m├şt v┼żdy v├Żchoz├ş hodnotu . [C:\NON_Install_Programs\DataHub\src\DataHub.Core\DataHub.Core.csproj]
C:\NON_Install_Programs\DataHub\src\DataHub.Core\Components\Shared\AdvancedFilterBuilder.razor.cs(27,22): warning CS0414: Pole AdvancedFilterBuilder<TItem>.showQueryBuilderModal m├í p┼Öi┼Öazenou hodnotu, ale nikdy se nepou┼ż├şv├í. [C:\NON_Install_Programs\DataHub\src\DataHub.Core\DataHub.Core.csproj]
C:\NON_Install_Programs\DataHub\domains\Grinding\Grinding.Shared\Dtos\OperationalRestPostRequestDTO.cs(34,22): warning CS8632: Pozn├ímka u typ┼» odkaz┼» s mo┼żnou hodnotou null by se m─Ťla v k├│du pou┼ż├şvat jenom v kontextu pozn├ímek #nullable. [C:\NON_Install_Programs\DataHub\domains\Grinding\Grinding.Shared\Grinding.Shared.csproj]
C:\NON_Install_Programs\DataHub\domains\Grinding\Grinding.Shared\Dtos\OperationalRestResponseDTO.cs(14,22): warning CS8632: Pozn├ímka u typ┼» odkaz┼» s mo┼żnou hodnotou null by se m─Ťla v k├│du pou┼ż├şvat jenom v kontextu pozn├ímek #nullable. [C:\NON_Install_Programs\DataHub\domains\Grinding\Grinding.Shared\Grinding.Shared.csproj]
C:\NON_Install_Programs\DataHub\domains\Grinding\Grinding.Shared\Models\Operational.cs(35,22): warning CS8632: Pozn├ímka u typ┼» odkaz┼» s mo┼żnou hodnotou null by se m─Ťla v k├│du pou┼ż├şvat jenom v kontextu pozn├ímek #nullable. [C:\NON_Install_Programs\DataHub\domains\Grinding\Grinding.Shared\Grinding.Shared.csproj]
C:\NON_Install_Programs\DataHub\domains\Eisod\Eisod.Shared\Models\ViewEisodSd.cs(24,18): warning CS8632: Pozn├ímka u typ┼» odkaz┼» s mo┼żnou hodnotou null by se m─Ťla v k├│du pou┼ż├şvat jenom v kontextu pozn├ímek #nullable. [C:\NON_Install_Programs\DataHub\domains\Eisod\Eisod.Shared\Eisod.Shared.csproj]
C:\NON_Install_Programs\DataHub\domains\Eisod\Eisod.Shared\Models\ViewEisodSd.cs(28,18): warning CS8632: Pozn├ímka u typ┼» odkaz┼» s mo┼żnou hodnotou null by se m─Ťla v k├│du pou┼ż├şvat jenom v kontextu pozn├ímek #nullable. [C:\NON_Install_Programs\DataHub\domains\Eisod\Eisod.Shared\Eisod.Shared.csproj]
C:\NON_Install_Programs\DataHub\domains\Eisod\Eisod.Shared\Models\ViewEisodSd.cs(32,18): warning CS8632: Pozn├ímka u typ┼» odkaz┼» s mo┼żnou hodnotou null by se m─Ťla v k├│du pou┼ż├şvat jenom v kontextu pozn├ímek #nullable. [C:\NON_Install_Programs\DataHub\domains\Eisod\Eisod.Shared\Eisod.Shared.csproj]
C:\NON_Install_Programs\DataHub\domains\Eisod\Eisod.Shared\Models\ViewEisodSd.cs(42,18): warning CS8632: Pozn├ímka u typ┼» odkaz┼» s mo┼żnou hodnotou null by se m─Ťla v k├│du pou┼ż├şvat jenom v kontextu pozn├ímek #nullable. [C:\NON_Install_Programs\DataHub\domains\Eisod\Eisod.Shared\Eisod.Shared.csproj]
C:\NON_Install_Programs\DataHub\domains\Grinding\Grinding.Shared\Dtos\AlarmRestPostRequestDto.cs(26,16): error CS0246: Typ nebo n├ízev oboru n├ízv┼» List<> se nena┼íel. (Nechyb├ş direktiva using nebo odkaz na sestaven├ş?) [C:\NON_Install_Programs\DataHub\domains\Grinding\Grinding.Shared\Grinding.Shared.csproj]
C:\NON_Install_Programs\DataHub\domains\Grinding\Grinding.Shared\Dtos\GrindingRestPostRequestDTO.cs(46,16): error CS0246: Typ nebo n├ízev oboru n├ízv┼» List<> se nena┼íel. (Nechyb├ş direktiva using nebo odkaz na sestaven├ş?) [C:\NON_Install_Programs\DataHub\domains\Grinding\Grinding.Shared\Grinding.Shared.csproj]
    11 upozorn─Ťn├ş
    Po─Źet chyb: 2

Uplynul├Ż ─Źas 00:00:02.42

Jsou k dispozici aktualizace ├║loh. Pokud chcete z├şskat dal┼í├ş informace, spus┼ąte `dotnet workload list`.
