  Zji┼í┼ąuj├ş se projekty, kter├ę se maj├ş obnovit...
  Obnovil se projekt C:\NON_Install_Programs\DataHub\domains\Eisod\Eisod.Shared\Eisod.Shared.csproj (v 409 ms).
  Obnovil se projekt C:\NON_Install_Programs\DataHub\src\DataHub.Platform\DataHub.Platform.csproj (v 407 ms).
  Obnovil se projekt c:\NON_Install_Programs\DataHub\domains\Grinding\Grinding.Pages\Grinding.Pages.csproj (v 409 ms).
  Obnovil se projekt c:\NON_Install_Programs\DataHub\src\DataHub.Host\DataHub.Host.csproj (v 323 ms).
  Obnovil se projekt c:\NON_Install_Programs\DataHub\domains\Eisod\Eisod.Services\Eisod.Services.csproj (v 408 ms).
  Obnovil se projekt c:\NON_Install_Programs\DataHub\domains\Eisod\Eisod.Pages\Eisod.Pages.csproj (v 322 ms).
  Obnovil se projekt c:\NON_Install_Programs\DataHub\domains\Grinding\Grinding.Client\Grinding.Client.csproj (v 412 ms).
  Obnovil se projekt C:\NON_Install_Programs\DataHub\domains\Grinding\Grinding.Services\Grinding.Services.csproj (v 407 ms).
  2 z 10 projekt┼» jsou v aktu├íln├şm stavu pro obnoven├ş.
c:\NON_Install_Programs\DataHub\src\DataHub.Core\Components\Shared\GenericEntityActionPage.razor(40,42): error CS0246: Typ nebo n├ízev oboru n├ízv┼» Icons se nena┼íel. (Nechyb├ş direktiva using nebo odkaz na sestaven├ş?) [c:\NON_Install_Programs\DataHub\src\DataHub.Core\DataHub.Core.csproj]
c:\NON_Install_Programs\DataHub\src\DataHub.Core\Components\Shared\GenericEntityActionPage.razor(79,112): error CS0246: Typ nebo n├ízev oboru n├ízv┼» Icons se nena┼íel. (Nechyb├ş direktiva using nebo odkaz na sestaven├ş?) [c:\NON_Install_Programs\DataHub\src\DataHub.Core\DataHub.Core.csproj]
c:\NON_Install_Programs\DataHub\src\DataHub.Core\Components\Shared\GenericEntityActionPage.razor(85,112): error CS0246: Typ nebo n├ízev oboru n├ízv┼» Icons se nena┼íel. (Nechyb├ş direktiva using nebo odkaz na sestaven├ş?) [c:\NON_Install_Programs\DataHub\src\DataHub.Core\DataHub.Core.csproj]
c:\NON_Install_Programs\DataHub\src\DataHub.Core\Components\Shared\GenericEntityActionPage.razor(91,112): error CS0246: Typ nebo n├ízev oboru n├ízv┼» Icons se nena┼íel. (Nechyb├ş direktiva using nebo odkaz na sestaven├ş?) [c:\NON_Install_Programs\DataHub\src\DataHub.Core\DataHub.Core.csproj]
c:\NON_Install_Programs\DataHub\src\DataHub.Core\Components\Shared\GenericEntityActionPage.razor(111,150): error CS0246: Typ nebo n├ízev oboru n├ízv┼» Icons se nena┼íel. (Nechyb├ş direktiva using nebo odkaz na sestaven├ş?) [c:\NON_Install_Programs\DataHub\src\DataHub.Core\DataHub.Core.csproj]
c:\NON_Install_Programs\DataHub\src\DataHub.Core\Components\Shared\GenericEntityActionPage.razor(120,119): error CS0246: Typ nebo n├ízev oboru n├ízv┼» Icons se nena┼íel. (Nechyb├ş direktiva using nebo odkaz na sestaven├ş?) [c:\NON_Install_Programs\DataHub\src\DataHub.Core\DataHub.Core.csproj]
c:\NON_Install_Programs\DataHub\src\DataHub.Core\Components\Shared\GenericEntityActionPage.razor(126,121): error CS0246: Typ nebo n├ízev oboru n├ízv┼» Icons se nena┼íel. (Nechyb├ş direktiva using nebo odkaz na sestaven├ş?) [c:\NON_Install_Programs\DataHub\src\DataHub.Core\DataHub.Core.csproj]
c:\NON_Install_Programs\DataHub\src\DataHub.Core\obj\Debug\net9.0\Microsoft.CodeAnalysis.Razor.Compiler\Microsoft.NET.Sdk.Razor.SourceGenerators.RazorSourceGenerator\Components_Shared_GenericEntityActionPage_razor.g.cs(660,190): error CS1662: v├Żraz lambda nejde p┼Öev├ęst na zam├Ż┼ílen├Ż typ deleg├íta, proto┼że n─Ťkter├ę z n├ívratov├Żch typ┼» v bloku nejsou implicitn─Ť p┼Öevediteln├ę na n├ívratov├Ż typ tohoto deleg├íta. [c:\NON_Install_Programs\DataHub\src\DataHub.Core\DataHub.Core.csproj]
c:\NON_Install_Programs\DataHub\src\DataHub.Core\Components\Shared\GenericEntityActionPage.razor(141,112): error CS0117: HorizontalAlignment neobsahuje definici pro Between. [c:\NON_Install_Programs\DataHub\src\DataHub.Core\DataHub.Core.csproj]
c:\NON_Install_Programs\DataHub\src\DataHub.Core\Components\Shared\GenericEntityActionPage.razor(147,115): error CS0246: Typ nebo n├ízev oboru n├ízv┼» Icons se nena┼íel. (Nechyb├ş direktiva using nebo odkaz na sestaven├ş?) [c:\NON_Install_Programs\DataHub\src\DataHub.Core\DataHub.Core.csproj]
c:\NON_Install_Programs\DataHub\src\DataHub.Core\Components\Shared\GenericEntityActionPage.razor(150,118): error CS0246: Typ nebo n├ízev oboru n├ízv┼» Icons se nena┼íel. (Nechyb├ş direktiva using nebo odkaz na sestaven├ş?) [c:\NON_Install_Programs\DataHub\src\DataHub.Core\DataHub.Core.csproj]
c:\NON_Install_Programs\DataHub\src\DataHub.Core\Components\Shared\GenericEntityActionPage.razor(153,108): error CS0246: Typ nebo n├ízev oboru n├ízv┼» Icons se nena┼íel. (Nechyb├ş direktiva using nebo odkaz na sestaven├ş?) [c:\NON_Install_Programs\DataHub\src\DataHub.Core\DataHub.Core.csproj]
c:\NON_Install_Programs\DataHub\src\DataHub.Core\Components\Shared\GenericEntityActionPage.razor(156,108): error CS0246: Typ nebo n├ízev oboru n├ízv┼» Icons se nena┼íel. (Nechyb├ş direktiva using nebo odkaz na sestaven├ş?) [c:\NON_Install_Programs\DataHub\src\DataHub.Core\DataHub.Core.csproj]
c:\NON_Install_Programs\DataHub\src\DataHub.Core\Components\Shared\GenericEntityActionPage.razor(243,67): warning CS8629: Typ hodnoty, kter├í p┼Öipou┼ít├ş hodnotu null, nem┼»┼że b├Żt null. [c:\NON_Install_Programs\DataHub\src\DataHub.Core\DataHub.Core.csproj]
c:\NON_Install_Programs\DataHub\src\DataHub.Core\Components\Shared\GenericEntityActionPage.razor(253,63): warning CS8629: Typ hodnoty, kter├í p┼Öipou┼ít├ş hodnotu null, nem┼»┼że b├Żt null. [c:\NON_Install_Programs\DataHub\src\DataHub.Core\DataHub.Core.csproj]

Sestaven├ş SE NEZDA┼śILO.

c:\NON_Install_Programs\DataHub\src\DataHub.Core\Components\Shared\GenericEntityActionPage.razor(243,67): warning CS8629: Typ hodnoty, kter├í p┼Öipou┼ít├ş hodnotu null, nem┼»┼że b├Żt null. [c:\NON_Install_Programs\DataHub\src\DataHub.Core\DataHub.Core.csproj]
c:\NON_Install_Programs\DataHub\src\DataHub.Core\Components\Shared\GenericEntityActionPage.razor(253,63): warning CS8629: Typ hodnoty, kter├í p┼Öipou┼ít├ş hodnotu null, nem┼»┼że b├Żt null. [c:\NON_Install_Programs\DataHub\src\DataHub.Core\DataHub.Core.csproj]
c:\NON_Install_Programs\DataHub\src\DataHub.Core\Components\Shared\GenericEntityActionPage.razor(40,42): error CS0246: Typ nebo n├ízev oboru n├ízv┼» Icons se nena┼íel. (Nechyb├ş direktiva using nebo odkaz na sestaven├ş?) [c:\NON_Install_Programs\DataHub\src\DataHub.Core\DataHub.Core.csproj]
c:\NON_Install_Programs\DataHub\src\DataHub.Core\Components\Shared\GenericEntityActionPage.razor(79,112): error CS0246: Typ nebo n├ízev oboru n├ízv┼» Icons se nena┼íel. (Nechyb├ş direktiva using nebo odkaz na sestaven├ş?) [c:\NON_Install_Programs\DataHub\src\DataHub.Core\DataHub.Core.csproj]
c:\NON_Install_Programs\DataHub\src\DataHub.Core\Components\Shared\GenericEntityActionPage.razor(85,112): error CS0246: Typ nebo n├ízev oboru n├ízv┼» Icons se nena┼íel. (Nechyb├ş direktiva using nebo odkaz na sestaven├ş?) [c:\NON_Install_Programs\DataHub\src\DataHub.Core\DataHub.Core.csproj]
c:\NON_Install_Programs\DataHub\src\DataHub.Core\Components\Shared\GenericEntityActionPage.razor(91,112): error CS0246: Typ nebo n├ízev oboru n├ízv┼» Icons se nena┼íel. (Nechyb├ş direktiva using nebo odkaz na sestaven├ş?) [c:\NON_Install_Programs\DataHub\src\DataHub.Core\DataHub.Core.csproj]
c:\NON_Install_Programs\DataHub\src\DataHub.Core\Components\Shared\GenericEntityActionPage.razor(111,150): error CS0246: Typ nebo n├ízev oboru n├ízv┼» Icons se nena┼íel. (Nechyb├ş direktiva using nebo odkaz na sestaven├ş?) [c:\NON_Install_Programs\DataHub\src\DataHub.Core\DataHub.Core.csproj]
c:\NON_Install_Programs\DataHub\src\DataHub.Core\Components\Shared\GenericEntityActionPage.razor(120,119): error CS0246: Typ nebo n├ízev oboru n├ízv┼» Icons se nena┼íel. (Nechyb├ş direktiva using nebo odkaz na sestaven├ş?) [c:\NON_Install_Programs\DataHub\src\DataHub.Core\DataHub.Core.csproj]
c:\NON_Install_Programs\DataHub\src\DataHub.Core\Components\Shared\GenericEntityActionPage.razor(126,121): error CS0246: Typ nebo n├ízev oboru n├ízv┼» Icons se nena┼íel. (Nechyb├ş direktiva using nebo odkaz na sestaven├ş?) [c:\NON_Install_Programs\DataHub\src\DataHub.Core\DataHub.Core.csproj]
c:\NON_Install_Programs\DataHub\src\DataHub.Core\obj\Debug\net9.0\Microsoft.CodeAnalysis.Razor.Compiler\Microsoft.NET.Sdk.Razor.SourceGenerators.RazorSourceGenerator\Components_Shared_GenericEntityActionPage_razor.g.cs(660,190): error CS1662: v├Żraz lambda nejde p┼Öev├ęst na zam├Ż┼ílen├Ż typ deleg├íta, proto┼że n─Ťkter├ę z n├ívratov├Żch typ┼» v bloku nejsou implicitn─Ť p┼Öevediteln├ę na n├ívratov├Ż typ tohoto deleg├íta. [c:\NON_Install_Programs\DataHub\src\DataHub.Core\DataHub.Core.csproj]
c:\NON_Install_Programs\DataHub\src\DataHub.Core\Components\Shared\GenericEntityActionPage.razor(141,112): error CS0117: HorizontalAlignment neobsahuje definici pro Between. [c:\NON_Install_Programs\DataHub\src\DataHub.Core\DataHub.Core.csproj]
c:\NON_Install_Programs\DataHub\src\DataHub.Core\Components\Shared\GenericEntityActionPage.razor(147,115): error CS0246: Typ nebo n├ízev oboru n├ízv┼» Icons se nena┼íel. (Nechyb├ş direktiva using nebo odkaz na sestaven├ş?) [c:\NON_Install_Programs\DataHub\src\DataHub.Core\DataHub.Core.csproj]
c:\NON_Install_Programs\DataHub\src\DataHub.Core\Components\Shared\GenericEntityActionPage.razor(150,118): error CS0246: Typ nebo n├ízev oboru n├ízv┼» Icons se nena┼íel. (Nechyb├ş direktiva using nebo odkaz na sestaven├ş?) [c:\NON_Install_Programs\DataHub\src\DataHub.Core\DataHub.Core.csproj]
c:\NON_Install_Programs\DataHub\src\DataHub.Core\Components\Shared\GenericEntityActionPage.razor(153,108): error CS0246: Typ nebo n├ízev oboru n├ízv┼» Icons se nena┼íel. (Nechyb├ş direktiva using nebo odkaz na sestaven├ş?) [c:\NON_Install_Programs\DataHub\src\DataHub.Core\DataHub.Core.csproj]
c:\NON_Install_Programs\DataHub\src\DataHub.Core\Components\Shared\GenericEntityActionPage.razor(156,108): error CS0246: Typ nebo n├ízev oboru n├ízv┼» Icons se nena┼íel. (Nechyb├ş direktiva using nebo odkaz na sestaven├ş?) [c:\NON_Install_Programs\DataHub\src\DataHub.Core\DataHub.Core.csproj]
    2 upozorn─Ťn├ş
    Po─Źet chyb: 13

Uplynul├Ż ─Źas 00:00:03.02
