  Zjišťují se projekty, které se mají obnovit...
  Obnovil se projekt C:\NON_Install_Programs\DataHub\src\DataHub.Host\DataHub.Host.csproj (v 285 ms).
  Obnovil se projekt c:\NON_Install_Programs\DataHub\domains\Eisod\Eisod.Pages\Eisod.Pages.csproj (v 359 ms).
  Obnovil se projekt C:\NON_Install_Programs\DataHub\domains\Eisod\Eisod.Services\Eisod.Services.csproj (v 359 ms).
  Obnovil se projekt C:\NON_Install_Programs\DataHub\domains\Grinding\Grinding.Services\Grinding.Services.csproj (v 359 ms).
  Obnovil se projekt c:\NON_Install_Programs\DataHub\domains\Grinding\Grinding.Pages\Grinding.Pages.csproj (v 359 ms).
  Obnovil se projekt c:\NON_Install_Programs\DataHub\domains\Grinding\Grinding.Client\Grinding.Client.csproj (v 359 ms).
  Obnovil se projekt C:\NON_Install_Programs\DataHub\domains\Grinding\Grinding.Shared\Grinding.Shared.csproj (v 359 ms).
  Obnovil se projekt C:\NON_Install_Programs\DataHub\src\DataHub.Platform\DataHub.Platform.csproj (v 359 ms).
  2 z 10 projektů jsou v aktuálním stavu pro obnovení.
  DataHub.Core -> c:\NON_Install_Programs\DataHub\src\DataHub.Core\bin\Debug\net9.0\DataHub.Core.dll
  Eisod.Shared -> c:\NON_Install_Programs\DataHub\domains\Eisod\Eisod.Shared\bin\Debug\net9.0\Eisod.Shared.dll
  Grinding.Shared -> c:\NON_Install_Programs\DataHub\domains\Grinding\Grinding.Shared\bin\Debug\net9.0\Grinding.Shared.dll
c:\NON_Install_Programs\DataHub\src\DataHub.Platform\Repositories\Generic\Repository.cs(35,42): warning CS8632: Poznámka u typů odkazů s možnou hodnotou null by se měla v kódu používat jenom v kontextu poznámek #nullable. [c:\NON_Install_Programs\DataHub\src\DataHub.Platform\DataHub.Platform.csproj]
c:\NON_Install_Programs\DataHub\src\DataHub.Platform\Repositories\DummyItemRepository.cs(51,30): warning CS8632: Poznámka u typů odkazů s možnou hodnotou null by se měla v kódu používat jenom v kontextu poznámek #nullable. [c:\NON_Install_Programs\DataHub\src\DataHub.Platform\DataHub.Platform.csproj]
c:\NON_Install_Programs\DataHub\src\DataHub.Platform\Repositories\DummyItemRepository.cs(71,30): warning CS8632: Poznámka u typů odkazů s možnou hodnotou null by se měla v kódu používat jenom v kontextu poznámek #nullable. [c:\NON_Install_Programs\DataHub\src\DataHub.Platform\DataHub.Platform.csproj]
c:\NON_Install_Programs\DataHub\src\DataHub.Platform\Data\Interceptors\ComprehensiveAuditInterceptor.cs(36,54): warning CS8632: Poznámka u typů odkazů s možnou hodnotou null by se měla v kódu používat jenom v kontextu poznámek #nullable. [c:\NON_Install_Programs\DataHub\src\DataHub.Platform\DataHub.Platform.csproj]
c:\NON_Install_Programs\DataHub\src\DataHub.Platform\Data\ApplicationDbContext.cs(135,23): warning CS8632: Poznámka u typů odkazů s možnou hodnotou null by se měla v kódu používat jenom v kontextu poznámek #nullable. [c:\NON_Install_Programs\DataHub\src\DataHub.Platform\DataHub.Platform.csproj]
c:\NON_Install_Programs\DataHub\src\DataHub.Platform\Data\ApplicationDbContext.cs(151,23): warning CS8632: Poznámka u typů odkazů s možnou hodnotou null by se měla v kódu používat jenom v kontextu poznámek #nullable. [c:\NON_Install_Programs\DataHub\src\DataHub.Platform\DataHub.Platform.csproj]
c:\NON_Install_Programs\DataHub\src\DataHub.Platform\Data\ApplicationDbContext.cs(17,46): warning CS8632: Poznámka u typů odkazů s možnou hodnotou null by se měla v kódu používat jenom v kontextu poznámek #nullable. [c:\NON_Install_Programs\DataHub\src\DataHub.Platform\DataHub.Platform.csproj]
c:\NON_Install_Programs\DataHub\src\DataHub.Platform\Data\ApplicationDbContext.cs(19,105): warning CS8632: Poznámka u typů odkazů s možnou hodnotou null by se měla v kódu používat jenom v kontextu poznámek #nullable. [c:\NON_Install_Programs\DataHub\src\DataHub.Platform\DataHub.Platform.csproj]
c:\NON_Install_Programs\DataHub\src\DataHub.Platform\Repositories\AuditLogRepository.cs(47,44): warning CS8632: Poznámka u typů odkazů s možnou hodnotou null by se měla v kódu používat jenom v kontextu poznámek #nullable. [c:\NON_Install_Programs\DataHub\src\DataHub.Platform\DataHub.Platform.csproj]
c:\NON_Install_Programs\DataHub\src\DataHub.Platform\Repositories\DummyItemRepository.cs(82,53): warning CS8632: Poznámka u typů odkazů s možnou hodnotou null by se měla v kódu používat jenom v kontextu poznámek #nullable. [c:\NON_Install_Programs\DataHub\src\DataHub.Platform\DataHub.Platform.csproj]
c:\NON_Install_Programs\DataHub\src\DataHub.Platform\Repositories\DummyItemRepository.cs(84,49): warning CS8632: Poznámka u typů odkazů s možnou hodnotou null by se měla v kódu používat jenom v kontextu poznámek #nullable. [c:\NON_Install_Programs\DataHub\src\DataHub.Platform\DataHub.Platform.csproj]
c:\NON_Install_Programs\DataHub\src\DataHub.Platform\Data\Interceptors\ComprehensiveAuditInterceptor.cs(57,31): warning CS8632: Poznámka u typů odkazů s možnou hodnotou null by se měla v kódu používat jenom v kontextu poznámek #nullable. [c:\NON_Install_Programs\DataHub\src\DataHub.Platform\DataHub.Platform.csproj]
c:\NON_Install_Programs\DataHub\src\DataHub.Platform\Data\Interceptors\ComprehensiveAuditInterceptor.cs(100,78): warning CS8632: Poznámka u typů odkazů s možnou hodnotou null by se měla v kódu používat jenom v kontextu poznámek #nullable. [c:\NON_Install_Programs\DataHub\src\DataHub.Platform\DataHub.Platform.csproj]
c:\NON_Install_Programs\DataHub\src\DataHub.Platform\Data\Interceptors\ComprehensiveAuditInterceptor.cs(101,78): warning CS8632: Poznámka u typů odkazů s možnou hodnotou null by se měla v kódu používat jenom v kontextu poznámek #nullable. [c:\NON_Install_Programs\DataHub\src\DataHub.Platform\DataHub.Platform.csproj]
c:\NON_Install_Programs\DataHub\src\DataHub.Platform\Data\ApplicationDbContext.cs(137,55): warning CS8632: Poznámka u typů odkazů s možnou hodnotou null by se měla v kódu používat jenom v kontextu poznámek #nullable. [c:\NON_Install_Programs\DataHub\src\DataHub.Platform\DataHub.Platform.csproj]
c:\NON_Install_Programs\DataHub\src\DataHub.Platform\Data\Interceptors\ComprehensiveAuditInterceptor.cs(136,57): warning CS8632: Poznámka u typů odkazů s možnou hodnotou null by se měla v kódu používat jenom v kontextu poznámek #nullable. [c:\NON_Install_Programs\DataHub\src\DataHub.Platform\DataHub.Platform.csproj]
  DataHub.Platform -> C:\NON_Install_Programs\DataHub\src\DataHub.Platform\bin\Debug\net9.0\DataHub.Platform.dll
  Eisod.Services -> C:\NON_Install_Programs\DataHub\domains\Eisod\Eisod.Services\bin\Debug\net9.0\Eisod.Services.dll
c:\NON_Install_Programs\DataHub\domains\Grinding\Grinding.Services\GrindingService.cs(46,50): warning CS8632: Poznámka u typů odkazů s možnou hodnotou null by se měla v kódu používat jenom v kontextu poznámek #nullable. [c:\NON_Install_Programs\DataHub\domains\Grinding\Grinding.Services\Grinding.Services.csproj]
c:\NON_Install_Programs\DataHub\domains\Grinding\Grinding.Services\IAlarmSpecificService.cs(12,31): warning CS8632: Poznámka u typů odkazů s možnou hodnotou null by se měla v kódu používat jenom v kontextu poznámek #nullable. [c:\NON_Install_Programs\DataHub\domains\Grinding\Grinding.Services\Grinding.Services.csproj]
c:\NON_Install_Programs\DataHub\domains\Grinding\Grinding.Services\AuditLogService.cs(46,41): warning CS8632: Poznámka u typů odkazů s možnou hodnotou null by se měla v kódu používat jenom v kontextu poznámek #nullable. [c:\NON_Install_Programs\DataHub\domains\Grinding\Grinding.Services\Grinding.Services.csproj]
c:\NON_Install_Programs\DataHub\domains\Grinding\Grinding.Services\IGrindingService.cs(10,37): warning CS8632: Poznámka u typů odkazů s možnou hodnotou null by se měla v kódu používat jenom v kontextu poznámek #nullable. [c:\NON_Install_Programs\DataHub\domains\Grinding\Grinding.Services\Grinding.Services.csproj]
c:\NON_Install_Programs\DataHub\domains\Grinding\Grinding.Services\IAlarmSpecificService.cs(13,78): warning CS8632: Poznámka u typů odkazů s možnou hodnotou null by se měla v kódu používat jenom v kontextu poznámek #nullable. [c:\NON_Install_Programs\DataHub\domains\Grinding\Grinding.Services\Grinding.Services.csproj]
c:\NON_Install_Programs\DataHub\domains\Grinding\Grinding.Services\IAlarmSpecificService.cs(13,105): warning CS8632: Poznámka u typů odkazů s možnou hodnotou null by se měla v kódu používat jenom v kontextu poznámek #nullable. [c:\NON_Install_Programs\DataHub\domains\Grinding\Grinding.Services\Grinding.Services.csproj]
c:\NON_Install_Programs\DataHub\domains\Grinding\Grinding.Services\IAlarmSpecificService.cs(13,149): warning CS8632: Poznámka u typů odkazů s možnou hodnotou null by se měla v kódu používat jenom v kontextu poznámek #nullable. [c:\NON_Install_Programs\DataHub\domains\Grinding\Grinding.Services\Grinding.Services.csproj]
c:\NON_Install_Programs\DataHub\domains\Grinding\Grinding.Services\IAlarmSpecificService.cs(13,186): warning CS8632: Poznámka u typů odkazů s možnou hodnotou null by se měla v kódu používat jenom v kontextu poznámek #nullable. [c:\NON_Install_Programs\DataHub\domains\Grinding\Grinding.Services\Grinding.Services.csproj]
c:\NON_Install_Programs\DataHub\domains\Grinding\Grinding.Services\AlarmService.cs(33,37): warning CS8632: Poznámka u typů odkazů s možnou hodnotou null by se měla v kódu používat jenom v kontextu poznámek #nullable. [c:\NON_Install_Programs\DataHub\domains\Grinding\Grinding.Services\Grinding.Services.csproj]
c:\NON_Install_Programs\DataHub\domains\Grinding\Grinding.Services\IOperationalService.cs(10,40): warning CS8632: Poznámka u typů odkazů s možnou hodnotou null by se měla v kódu používat jenom v kontextu poznámek #nullable. [c:\NON_Install_Programs\DataHub\domains\Grinding\Grinding.Services\Grinding.Services.csproj]
c:\NON_Install_Programs\DataHub\domains\Grinding\Grinding.Services\OperationalService.cs(42,53): warning CS8632: Poznámka u typů odkazů s možnou hodnotou null by se měla v kódu používat jenom v kontextu poznámek #nullable. [c:\NON_Install_Programs\DataHub\domains\Grinding\Grinding.Services\Grinding.Services.csproj]
c:\NON_Install_Programs\DataHub\domains\Grinding\Grinding.Services\AlarmService.cs(52,106): warning CS8632: Poznámka u typů odkazů s možnou hodnotou null by se měla v kódu používat jenom v kontextu poznámek #nullable. [c:\NON_Install_Programs\DataHub\domains\Grinding\Grinding.Services\Grinding.Services.csproj]
c:\NON_Install_Programs\DataHub\domains\Grinding\Grinding.Services\AlarmService.cs(52,133): warning CS8632: Poznámka u typů odkazů s možnou hodnotou null by se měla v kódu používat jenom v kontextu poznámek #nullable. [c:\NON_Install_Programs\DataHub\domains\Grinding\Grinding.Services\Grinding.Services.csproj]
c:\NON_Install_Programs\DataHub\domains\Grinding\Grinding.Services\AlarmService.cs(52,177): warning CS8632: Poznámka u typů odkazů s možnou hodnotou null by se měla v kódu používat jenom v kontextu poznámek #nullable. [c:\NON_Install_Programs\DataHub\domains\Grinding\Grinding.Services\Grinding.Services.csproj]
c:\NON_Install_Programs\DataHub\domains\Grinding\Grinding.Services\AlarmService.cs(52,214): warning CS8632: Poznámka u typů odkazů s možnou hodnotou null by se měla v kódu používat jenom v kontextu poznámek #nullable. [c:\NON_Install_Programs\DataHub\domains\Grinding\Grinding.Services\Grinding.Services.csproj]
c:\NON_Install_Programs\DataHub\domains\Grinding\Grinding.Services\AlarmService.cs(52,108): warning CS1066: Výchozí hodnota zadaná pro parametr filterName nebude mít žádný efekt, protože platí pro člen, který se používá v kontextech nedovolujících nepovinné argumenty. [c:\NON_Install_Programs\DataHub\domains\Grinding\Grinding.Services\Grinding.Services.csproj]
c:\NON_Install_Programs\DataHub\domains\Grinding\Grinding.Services\AlarmService.cs(52,135): warning CS1066: Výchozí hodnota zadaná pro parametr filterString nebude mít žádný efekt, protože platí pro člen, který se používá v kontextech nedovolujících nepovinné argumenty. [c:\NON_Install_Programs\DataHub\domains\Grinding\Grinding.Services\Grinding.Services.csproj]
c:\NON_Install_Programs\DataHub\domains\Grinding\Grinding.Services\AlarmService.cs(52,179): warning CS1066: Výchozí hodnota zadaná pro parametr filters nebude mít žádný efekt, protože platí pro člen, který se používá v kontextech nedovolujících nepovinné argumenty. [c:\NON_Install_Programs\DataHub\domains\Grinding\Grinding.Services\Grinding.Services.csproj]
c:\NON_Install_Programs\DataHub\domains\Grinding\Grinding.Services\AlarmService.cs(52,216): warning CS1066: Výchozí hodnota zadaná pro parametr sorts nebude mít žádný efekt, protože platí pro člen, který se používá v kontextech nedovolujících nepovinné argumenty. [c:\NON_Install_Programs\DataHub\domains\Grinding\Grinding.Services\Grinding.Services.csproj]
c:\NON_Install_Programs\DataHub\domains\Grinding\Grinding.Services\Repositories\AlarmRepository.cs(78,41): warning CS8632: Poznámka u typů odkazů s možnou hodnotou null by se měla v kódu používat jenom v kontextu poznámek #nullable. [c:\NON_Install_Programs\DataHub\domains\Grinding\Grinding.Services\Grinding.Services.csproj]
  Grinding.Services -> C:\NON_Install_Programs\DataHub\domains\Grinding\Grinding.Services\bin\Debug\net9.0\Grinding.Services.dll
c:\NON_Install_Programs\DataHub\domains\Eisod\Eisod.Pages\EisodSdView.razor.cs(27,52): warning CS8632: Poznámka u typů odkazů s možnou hodnotou null by se měla v kódu používat jenom v kontextu poznámek #nullable. [c:\NON_Install_Programs\DataHub\domains\Eisod\Eisod.Pages\Eisod.Pages.csproj]
c:\NON_Install_Programs\DataHub\domains\Eisod\Eisod.Pages\EisodSdView.razor.cs(29,23): warning CS8632: Poznámka u typů odkazů s možnou hodnotou null by se měla v kódu používat jenom v kontextu poznámek #nullable. [c:\NON_Install_Programs\DataHub\domains\Eisod\Eisod.Pages\Eisod.Pages.csproj]
c:\NON_Install_Programs\DataHub\domains\Eisod\Eisod.Pages\EisodSdView.razor.cs(30,23): warning CS8632: Poznámka u typů odkazů s možnou hodnotou null by se měla v kódu používat jenom v kontextu poznámek #nullable. [c:\NON_Install_Programs\DataHub\domains\Eisod\Eisod.Pages\Eisod.Pages.csproj]
c:\NON_Install_Programs\DataHub\domains\Eisod\Eisod.Pages\EisodSdView.razor.cs(112,24): error CS0266: Typ System.Collections.Generic.IEnumerable<Eisod.Shared.Models.ViewEisodSd> nejde implicitně převést na typ System.Collections.Generic.IEnumerable<DataHub.Core.Models.UI.ViewEisodSdUIModel>. Existuje explicitní převod. (Nechybí výraz přetypování?) [c:\NON_Install_Programs\DataHub\domains\Eisod\Eisod.Pages\Eisod.Pages.csproj]
c:\NON_Install_Programs\DataHub\domains\Eisod\Eisod.Pages\EisodSdView.razor.cs(157,50): error CS0411: Argumenty typu pro metodu IExcelExportService.ExportToExcelAsync<TItem>(IEnumerable<TItem>, List<ColumnDefinition<TItem>>, string?, string?) nejde stanovit z použití. Zadejte argumenty typu explicitně. [c:\NON_Install_Programs\DataHub\domains\Eisod\Eisod.Pages\Eisod.Pages.csproj]
c:\NON_Install_Programs\DataHub\domains\Eisod\Eisod.Pages\EisodSdView.razor(34,40): error CS0246: Typ nebo název oboru názvů Icons se nenašel. (Nechybí direktiva using nebo odkaz na sestavení?) [c:\NON_Install_Programs\DataHub\domains\Eisod\Eisod.Pages\Eisod.Pages.csproj]
c:\NON_Install_Programs\DataHub\domains\Eisod\Eisod.Pages\obj\Debug\net9.0\Microsoft.CodeAnalysis.Razor.Compiler\Microsoft.NET.Sdk.Razor.SourceGenerators.RazorSourceGenerator\EisodSdView_razor.g.cs(387,154): error CS1662: výraz lambda nejde převést na zamýšlený typ delegáta, protože některé z návratových typů v bloku nejsou implicitně převeditelné na návratový typ tohoto delegáta. [c:\NON_Install_Programs\DataHub\domains\Eisod\Eisod.Pages\Eisod.Pages.csproj]
  Grinding.Client -> c:\NON_Install_Programs\DataHub\domains\Grinding\Grinding.Client\bin\Debug\net9.0\Grinding.Client.dll
c:\NON_Install_Programs\DataHub\domains\Grinding\Grinding.Pages\AlarmsView.razor(69,25): warning CS8669: Poznámka pro typy odkazů s možnou hodnotou null by se měla používat jenom v kódu v rámci kontextu poznámek #nullable. Automaticky vygenerovaný kód vyžaduje explicitní direktivu #nullable ve zdroji. [c:\NON_Install_Programs\DataHub\domains\Grinding\Grinding.Pages\Grinding.Pages.csproj]
c:\NON_Install_Programs\DataHub\domains\Grinding\Grinding.Pages\AlarmsView.razor(71,19): warning CS8669: Poznámka pro typy odkazů s možnou hodnotou null by se měla používat jenom v kódu v rámci kontextu poznámek #nullable. Automaticky vygenerovaný kód vyžaduje explicitní direktivu #nullable ve zdroji. [c:\NON_Install_Programs\DataHub\domains\Grinding\Grinding.Pages\Grinding.Pages.csproj]
c:\NON_Install_Programs\DataHub\domains\Grinding\Grinding.Pages\DummyItemDetails.razor(43,22): warning CS8669: Poznámka pro typy odkazů s možnou hodnotou null by se měla používat jenom v kódu v rámci kontextu poznámek #nullable. Automaticky vygenerovaný kód vyžaduje explicitní direktivu #nullable ve zdroji. [c:\NON_Install_Programs\DataHub\domains\Grinding\Grinding.Pages\Grinding.Pages.csproj]
c:\NON_Install_Programs\DataHub\domains\Grinding\Grinding.Pages\AuditLogViewer.razor.cs(30,23): warning CS8632: Poznámka u typů odkazů s možnou hodnotou null by se měla v kódu používat jenom v kontextu poznámek #nullable. [c:\NON_Install_Programs\DataHub\domains\Grinding\Grinding.Pages\Grinding.Pages.csproj]
c:\NON_Install_Programs\DataHub\domains\Grinding\Grinding.Pages\DummyItems.razor.cs(62,43): warning CS8632: Poznámka u typů odkazů s možnou hodnotou null by se měla v kódu používat jenom v kontextu poznámek #nullable. [c:\NON_Install_Programs\DataHub\domains\Grinding\Grinding.Pages\Grinding.Pages.csproj]
c:\NON_Install_Programs\DataHub\domains\Grinding\Grinding.Pages\Alarms.razor.cs(50,46): warning CS8632: Poznámka u typů odkazů s možnou hodnotou null by se měla v kódu používat jenom v kontextu poznámek #nullable. [c:\NON_Install_Programs\DataHub\domains\Grinding\Grinding.Pages\Grinding.Pages.csproj]
c:\NON_Install_Programs\DataHub\domains\Grinding\Grinding.Pages\DummyItems.razor.cs(64,23): warning CS8632: Poznámka u typů odkazů s možnou hodnotou null by se měla v kódu používat jenom v kontextu poznámek #nullable. [c:\NON_Install_Programs\DataHub\domains\Grinding\Grinding.Pages\Grinding.Pages.csproj]
c:\NON_Install_Programs\DataHub\domains\Grinding\Grinding.Pages\Alarms.razor.cs(51,23): warning CS8632: Poznámka u typů odkazů s možnou hodnotou null by se měla v kódu používat jenom v kontextu poznámek #nullable. [c:\NON_Install_Programs\DataHub\domains\Grinding\Grinding.Pages\Grinding.Pages.csproj]
c:\NON_Install_Programs\DataHub\domains\Grinding\Grinding.Pages\DummyItems.razor.cs(65,23): warning CS8632: Poznámka u typů odkazů s možnou hodnotou null by se měla v kódu používat jenom v kontextu poznámek #nullable. [c:\NON_Install_Programs\DataHub\domains\Grinding\Grinding.Pages\Grinding.Pages.csproj]
c:\NON_Install_Programs\DataHub\domains\Grinding\Grinding.Pages\Alarms.razor.cs(52,23): warning CS8632: Poznámka u typů odkazů s možnou hodnotou null by se měla v kódu používat jenom v kontextu poznámek #nullable. [c:\NON_Install_Programs\DataHub\domains\Grinding\Grinding.Pages\Grinding.Pages.csproj]
c:\NON_Install_Programs\DataHub\domains\Grinding\Grinding.Pages\AuditLogViewer.razor.cs(33,42): warning CS8632: Poznámka u typů odkazů s možnou hodnotou null by se měla v kódu používat jenom v kontextu poznámek #nullable. [c:\NON_Install_Programs\DataHub\domains\Grinding\Grinding.Pages\Grinding.Pages.csproj]
c:\NON_Install_Programs\DataHub\domains\Grinding\Grinding.Pages\Alarms.razor.cs(58,23): warning CS8632: Poznámka u typů odkazů s možnou hodnotou null by se měla v kódu používat jenom v kontextu poznámek #nullable. [c:\NON_Install_Programs\DataHub\domains\Grinding\Grinding.Pages\Grinding.Pages.csproj]
c:\NON_Install_Programs\DataHub\domains\Grinding\Grinding.Pages\AuditLogViewer.razor(33,40): error CS0246: Typ nebo název oboru názvů Icons se nenašel. (Nechybí direktiva using nebo odkaz na sestavení?) [c:\NON_Install_Programs\DataHub\domains\Grinding\Grinding.Pages\Grinding.Pages.csproj]
c:\NON_Install_Programs\DataHub\domains\Grinding\Grinding.Pages\obj\Debug\net9.0\Microsoft.CodeAnalysis.Razor.Compiler\Microsoft.NET.Sdk.Razor.SourceGenerators.RazorSourceGenerator\AuditLogViewer_razor.g.cs(381,144): error CS1662: výraz lambda nejde převést na zamýšlený typ delegáta, protože některé z návratových typů v bloku nejsou implicitně převeditelné na návratový typ tohoto delegáta. [c:\NON_Install_Programs\DataHub\domains\Grinding\Grinding.Pages\Grinding.Pages.csproj]
c:\NON_Install_Programs\DataHub\domains\Grinding\Grinding.Pages\Alarms.razor(58,40): error CS0246: Typ nebo název oboru názvů Icons se nenašel. (Nechybí direktiva using nebo odkaz na sestavení?) [c:\NON_Install_Programs\DataHub\domains\Grinding\Grinding.Pages\Grinding.Pages.csproj]
c:\NON_Install_Programs\DataHub\domains\Grinding\Grinding.Pages\Alarms.razor(60,40): error CS0246: Typ nebo název oboru názvů Icons se nenašel. (Nechybí direktiva using nebo odkaz na sestavení?) [c:\NON_Install_Programs\DataHub\domains\Grinding\Grinding.Pages\Grinding.Pages.csproj]
c:\NON_Install_Programs\DataHub\domains\Grinding\Grinding.Pages\obj\Debug\net9.0\Microsoft.CodeAnalysis.Razor.Compiler\Microsoft.NET.Sdk.Razor.SourceGenerators.RazorSourceGenerator\Alarms_razor.g.cs(725,148): error CS1662: výraz lambda nejde převést na zamýšlený typ delegáta, protože některé z návratových typů v bloku nejsou implicitně převeditelné na návratový typ tohoto delegáta. [c:\NON_Install_Programs\DataHub\domains\Grinding\Grinding.Pages\Grinding.Pages.csproj]
c:\NON_Install_Programs\DataHub\domains\Grinding\Grinding.Pages\DummyItems.razor(43,40): error CS0246: Typ nebo název oboru názvů Icons se nenašel. (Nechybí direktiva using nebo odkaz na sestavení?) [c:\NON_Install_Programs\DataHub\domains\Grinding\Grinding.Pages\Grinding.Pages.csproj]
c:\NON_Install_Programs\DataHub\domains\Grinding\Grinding.Pages\DummyItems.razor(44,40): error CS0246: Typ nebo název oboru názvů Icons se nenašel. (Nechybí direktiva using nebo odkaz na sestavení?) [c:\NON_Install_Programs\DataHub\domains\Grinding\Grinding.Pages\Grinding.Pages.csproj]
c:\NON_Install_Programs\DataHub\domains\Grinding\Grinding.Pages\DummyItems.razor(45,40): error CS0246: Typ nebo název oboru názvů Icons se nenašel. (Nechybí direktiva using nebo odkaz na sestavení?) [c:\NON_Install_Programs\DataHub\domains\Grinding\Grinding.Pages\Grinding.Pages.csproj]
c:\NON_Install_Programs\DataHub\domains\Grinding\Grinding.Pages\obj\Debug\net9.0\Microsoft.CodeAnalysis.Razor.Compiler\Microsoft.NET.Sdk.Razor.SourceGenerators.RazorSourceGenerator\DummyItems_razor.g.cs(620,145): error CS1662: výraz lambda nejde převést na zamýšlený typ delegáta, protože některé z návratových typů v bloku nejsou implicitně převeditelné na návratový typ tohoto delegáta. [c:\NON_Install_Programs\DataHub\domains\Grinding\Grinding.Pages\Grinding.Pages.csproj]

Sestavení SE NEZDAŘILO.

c:\NON_Install_Programs\DataHub\src\DataHub.Platform\Repositories\Generic\Repository.cs(35,42): warning CS8632: Poznámka u typů odkazů s možnou hodnotou null by se měla v kódu používat jenom v kontextu poznámek #nullable. [c:\NON_Install_Programs\DataHub\src\DataHub.Platform\DataHub.Platform.csproj]
c:\NON_Install_Programs\DataHub\src\DataHub.Platform\Repositories\DummyItemRepository.cs(51,30): warning CS8632: Poznámka u typů odkazů s možnou hodnotou null by se měla v kódu používat jenom v kontextu poznámek #nullable. [c:\NON_Install_Programs\DataHub\src\DataHub.Platform\DataHub.Platform.csproj]
c:\NON_Install_Programs\DataHub\src\DataHub.Platform\Repositories\DummyItemRepository.cs(71,30): warning CS8632: Poznámka u typů odkazů s možnou hodnotou null by se měla v kódu používat jenom v kontextu poznámek #nullable. [c:\NON_Install_Programs\DataHub\src\DataHub.Platform\DataHub.Platform.csproj]
c:\NON_Install_Programs\DataHub\src\DataHub.Platform\Data\Interceptors\ComprehensiveAuditInterceptor.cs(36,54): warning CS8632: Poznámka u typů odkazů s možnou hodnotou null by se měla v kódu používat jenom v kontextu poznámek #nullable. [c:\NON_Install_Programs\DataHub\src\DataHub.Platform\DataHub.Platform.csproj]
c:\NON_Install_Programs\DataHub\src\DataHub.Platform\Data\ApplicationDbContext.cs(135,23): warning CS8632: Poznámka u typů odkazů s možnou hodnotou null by se měla v kódu používat jenom v kontextu poznámek #nullable. [c:\NON_Install_Programs\DataHub\src\DataHub.Platform\DataHub.Platform.csproj]
c:\NON_Install_Programs\DataHub\src\DataHub.Platform\Data\ApplicationDbContext.cs(151,23): warning CS8632: Poznámka u typů odkazů s možnou hodnotou null by se měla v kódu používat jenom v kontextu poznámek #nullable. [c:\NON_Install_Programs\DataHub\src\DataHub.Platform\DataHub.Platform.csproj]
c:\NON_Install_Programs\DataHub\src\DataHub.Platform\Data\ApplicationDbContext.cs(17,46): warning CS8632: Poznámka u typů odkazů s možnou hodnotou null by se měla v kódu používat jenom v kontextu poznámek #nullable. [c:\NON_Install_Programs\DataHub\src\DataHub.Platform\DataHub.Platform.csproj]
c:\NON_Install_Programs\DataHub\src\DataHub.Platform\Data\ApplicationDbContext.cs(19,105): warning CS8632: Poznámka u typů odkazů s možnou hodnotou null by se měla v kódu používat jenom v kontextu poznámek #nullable. [c:\NON_Install_Programs\DataHub\src\DataHub.Platform\DataHub.Platform.csproj]
c:\NON_Install_Programs\DataHub\src\DataHub.Platform\Repositories\AuditLogRepository.cs(47,44): warning CS8632: Poznámka u typů odkazů s možnou hodnotou null by se měla v kódu používat jenom v kontextu poznámek #nullable. [c:\NON_Install_Programs\DataHub\src\DataHub.Platform\DataHub.Platform.csproj]
c:\NON_Install_Programs\DataHub\src\DataHub.Platform\Repositories\DummyItemRepository.cs(82,53): warning CS8632: Poznámka u typů odkazů s možnou hodnotou null by se měla v kódu používat jenom v kontextu poznámek #nullable. [c:\NON_Install_Programs\DataHub\src\DataHub.Platform\DataHub.Platform.csproj]
c:\NON_Install_Programs\DataHub\src\DataHub.Platform\Repositories\DummyItemRepository.cs(84,49): warning CS8632: Poznámka u typů odkazů s možnou hodnotou null by se měla v kódu používat jenom v kontextu poznámek #nullable. [c:\NON_Install_Programs\DataHub\src\DataHub.Platform\DataHub.Platform.csproj]
c:\NON_Install_Programs\DataHub\src\DataHub.Platform\Data\Interceptors\ComprehensiveAuditInterceptor.cs(57,31): warning CS8632: Poznámka u typů odkazů s možnou hodnotou null by se měla v kódu používat jenom v kontextu poznámek #nullable. [c:\NON_Install_Programs\DataHub\src\DataHub.Platform\DataHub.Platform.csproj]
c:\NON_Install_Programs\DataHub\src\DataHub.Platform\Data\Interceptors\ComprehensiveAuditInterceptor.cs(100,78): warning CS8632: Poznámka u typů odkazů s možnou hodnotou null by se měla v kódu používat jenom v kontextu poznámek #nullable. [c:\NON_Install_Programs\DataHub\src\DataHub.Platform\DataHub.Platform.csproj]
c:\NON_Install_Programs\DataHub\src\DataHub.Platform\Data\Interceptors\ComprehensiveAuditInterceptor.cs(101,78): warning CS8632: Poznámka u typů odkazů s možnou hodnotou null by se měla v kódu používat jenom v kontextu poznámek #nullable. [c:\NON_Install_Programs\DataHub\src\DataHub.Platform\DataHub.Platform.csproj]
c:\NON_Install_Programs\DataHub\src\DataHub.Platform\Data\ApplicationDbContext.cs(137,55): warning CS8632: Poznámka u typů odkazů s možnou hodnotou null by se měla v kódu používat jenom v kontextu poznámek #nullable. [c:\NON_Install_Programs\DataHub\src\DataHub.Platform\DataHub.Platform.csproj]
c:\NON_Install_Programs\DataHub\src\DataHub.Platform\Data\Interceptors\ComprehensiveAuditInterceptor.cs(136,57): warning CS8632: Poznámka u typů odkazů s možnou hodnotou null by se měla v kódu používat jenom v kontextu poznámek #nullable. [c:\NON_Install_Programs\DataHub\src\DataHub.Platform\DataHub.Platform.csproj]
c:\NON_Install_Programs\DataHub\domains\Grinding\Grinding.Services\GrindingService.cs(46,50): warning CS8632: Poznámka u typů odkazů s možnou hodnotou null by se měla v kódu používat jenom v kontextu poznámek #nullable. [c:\NON_Install_Programs\DataHub\domains\Grinding\Grinding.Services\Grinding.Services.csproj]
c:\NON_Install_Programs\DataHub\domains\Grinding\Grinding.Services\IAlarmSpecificService.cs(12,31): warning CS8632: Poznámka u typů odkazů s možnou hodnotou null by se měla v kódu používat jenom v kontextu poznámek #nullable. [c:\NON_Install_Programs\DataHub\domains\Grinding\Grinding.Services\Grinding.Services.csproj]
c:\NON_Install_Programs\DataHub\domains\Grinding\Grinding.Services\AuditLogService.cs(46,41): warning CS8632: Poznámka u typů odkazů s možnou hodnotou null by se měla v kódu používat jenom v kontextu poznámek #nullable. [c:\NON_Install_Programs\DataHub\domains\Grinding\Grinding.Services\Grinding.Services.csproj]
c:\NON_Install_Programs\DataHub\domains\Grinding\Grinding.Services\IGrindingService.cs(10,37): warning CS8632: Poznámka u typů odkazů s možnou hodnotou null by se měla v kódu používat jenom v kontextu poznámek #nullable. [c:\NON_Install_Programs\DataHub\domains\Grinding\Grinding.Services\Grinding.Services.csproj]
c:\NON_Install_Programs\DataHub\domains\Grinding\Grinding.Services\IAlarmSpecificService.cs(13,78): warning CS8632: Poznámka u typů odkazů s možnou hodnotou null by se měla v kódu používat jenom v kontextu poznámek #nullable. [c:\NON_Install_Programs\DataHub\domains\Grinding\Grinding.Services\Grinding.Services.csproj]
c:\NON_Install_Programs\DataHub\domains\Grinding\Grinding.Services\IAlarmSpecificService.cs(13,105): warning CS8632: Poznámka u typů odkazů s možnou hodnotou null by se měla v kódu používat jenom v kontextu poznámek #nullable. [c:\NON_Install_Programs\DataHub\domains\Grinding\Grinding.Services\Grinding.Services.csproj]
c:\NON_Install_Programs\DataHub\domains\Grinding\Grinding.Services\IAlarmSpecificService.cs(13,149): warning CS8632: Poznámka u typů odkazů s možnou hodnotou null by se měla v kódu používat jenom v kontextu poznámek #nullable. [c:\NON_Install_Programs\DataHub\domains\Grinding\Grinding.Services\Grinding.Services.csproj]
c:\NON_Install_Programs\DataHub\domains\Grinding\Grinding.Services\IAlarmSpecificService.cs(13,186): warning CS8632: Poznámka u typů odkazů s možnou hodnotou null by se měla v kódu používat jenom v kontextu poznámek #nullable. [c:\NON_Install_Programs\DataHub\domains\Grinding\Grinding.Services\Grinding.Services.csproj]
c:\NON_Install_Programs\DataHub\domains\Grinding\Grinding.Services\AlarmService.cs(33,37): warning CS8632: Poznámka u typů odkazů s možnou hodnotou null by se měla v kódu používat jenom v kontextu poznámek #nullable. [c:\NON_Install_Programs\DataHub\domains\Grinding\Grinding.Services\Grinding.Services.csproj]
c:\NON_Install_Programs\DataHub\domains\Grinding\Grinding.Services\IOperationalService.cs(10,40): warning CS8632: Poznámka u typů odkazů s možnou hodnotou null by se měla v kódu používat jenom v kontextu poznámek #nullable. [c:\NON_Install_Programs\DataHub\domains\Grinding\Grinding.Services\Grinding.Services.csproj]
c:\NON_Install_Programs\DataHub\domains\Grinding\Grinding.Services\OperationalService.cs(42,53): warning CS8632: Poznámka u typů odkazů s možnou hodnotou null by se měla v kódu používat jenom v kontextu poznámek #nullable. [c:\NON_Install_Programs\DataHub\domains\Grinding\Grinding.Services\Grinding.Services.csproj]
c:\NON_Install_Programs\DataHub\domains\Grinding\Grinding.Services\AlarmService.cs(52,106): warning CS8632: Poznámka u typů odkazů s možnou hodnotou null by se měla v kódu používat jenom v kontextu poznámek #nullable. [c:\NON_Install_Programs\DataHub\domains\Grinding\Grinding.Services\Grinding.Services.csproj]
c:\NON_Install_Programs\DataHub\domains\Grinding\Grinding.Services\AlarmService.cs(52,133): warning CS8632: Poznámka u typů odkazů s možnou hodnotou null by se měla v kódu používat jenom v kontextu poznámek #nullable. [c:\NON_Install_Programs\DataHub\domains\Grinding\Grinding.Services\Grinding.Services.csproj]
c:\NON_Install_Programs\DataHub\domains\Grinding\Grinding.Services\AlarmService.cs(52,177): warning CS8632: Poznámka u typů odkazů s možnou hodnotou null by se měla v kódu používat jenom v kontextu poznámek #nullable. [c:\NON_Install_Programs\DataHub\domains\Grinding\Grinding.Services\Grinding.Services.csproj]
c:\NON_Install_Programs\DataHub\domains\Grinding\Grinding.Services\AlarmService.cs(52,214): warning CS8632: Poznámka u typů odkazů s možnou hodnotou null by se měla v kódu používat jenom v kontextu poznámek #nullable. [c:\NON_Install_Programs\DataHub\domains\Grinding\Grinding.Services\Grinding.Services.csproj]
c:\NON_Install_Programs\DataHub\domains\Grinding\Grinding.Services\AlarmService.cs(52,108): warning CS1066: Výchozí hodnota zadaná pro parametr filterName nebude mít žádný efekt, protože platí pro člen, který se používá v kontextech nedovolujících nepovinné argumenty. [c:\NON_Install_Programs\DataHub\domains\Grinding\Grinding.Services\Grinding.Services.csproj]
c:\NON_Install_Programs\DataHub\domains\Grinding\Grinding.Services\AlarmService.cs(52,135): warning CS1066: Výchozí hodnota zadaná pro parametr filterString nebude mít žádný efekt, protože platí pro člen, který se používá v kontextech nedovolujících nepovinné argumenty. [c:\NON_Install_Programs\DataHub\domains\Grinding\Grinding.Services\Grinding.Services.csproj]
c:\NON_Install_Programs\DataHub\domains\Grinding\Grinding.Services\AlarmService.cs(52,179): warning CS1066: Výchozí hodnota zadaná pro parametr filters nebude mít žádný efekt, protože platí pro člen, který se používá v kontextech nedovolujících nepovinné argumenty. [c:\NON_Install_Programs\DataHub\domains\Grinding\Grinding.Services\Grinding.Services.csproj]
c:\NON_Install_Programs\DataHub\domains\Grinding\Grinding.Services\AlarmService.cs(52,216): warning CS1066: Výchozí hodnota zadaná pro parametr sorts nebude mít žádný efekt, protože platí pro člen, který se používá v kontextech nedovolujících nepovinné argumenty. [c:\NON_Install_Programs\DataHub\domains\Grinding\Grinding.Services\Grinding.Services.csproj]
c:\NON_Install_Programs\DataHub\domains\Grinding\Grinding.Services\Repositories\AlarmRepository.cs(78,41): warning CS8632: Poznámka u typů odkazů s možnou hodnotou null by se měla v kódu používat jenom v kontextu poznámek #nullable. [c:\NON_Install_Programs\DataHub\domains\Grinding\Grinding.Services\Grinding.Services.csproj]
c:\NON_Install_Programs\DataHub\domains\Eisod\Eisod.Pages\EisodSdView.razor.cs(27,52): warning CS8632: Poznámka u typů odkazů s možnou hodnotou null by se měla v kódu používat jenom v kontextu poznámek #nullable. [c:\NON_Install_Programs\DataHub\domains\Eisod\Eisod.Pages\Eisod.Pages.csproj]
c:\NON_Install_Programs\DataHub\domains\Eisod\Eisod.Pages\EisodSdView.razor.cs(29,23): warning CS8632: Poznámka u typů odkazů s možnou hodnotou null by se měla v kódu používat jenom v kontextu poznámek #nullable. [c:\NON_Install_Programs\DataHub\domains\Eisod\Eisod.Pages\Eisod.Pages.csproj]
c:\NON_Install_Programs\DataHub\domains\Eisod\Eisod.Pages\EisodSdView.razor.cs(30,23): warning CS8632: Poznámka u typů odkazů s možnou hodnotou null by se měla v kódu používat jenom v kontextu poznámek #nullable. [c:\NON_Install_Programs\DataHub\domains\Eisod\Eisod.Pages\Eisod.Pages.csproj]
c:\NON_Install_Programs\DataHub\domains\Grinding\Grinding.Pages\AlarmsView.razor(69,25): warning CS8669: Poznámka pro typy odkazů s možnou hodnotou null by se měla používat jenom v kódu v rámci kontextu poznámek #nullable. Automaticky vygenerovaný kód vyžaduje explicitní direktivu #nullable ve zdroji. [c:\NON_Install_Programs\DataHub\domains\Grinding\Grinding.Pages\Grinding.Pages.csproj]
c:\NON_Install_Programs\DataHub\domains\Grinding\Grinding.Pages\AlarmsView.razor(71,19): warning CS8669: Poznámka pro typy odkazů s možnou hodnotou null by se měla používat jenom v kódu v rámci kontextu poznámek #nullable. Automaticky vygenerovaný kód vyžaduje explicitní direktivu #nullable ve zdroji. [c:\NON_Install_Programs\DataHub\domains\Grinding\Grinding.Pages\Grinding.Pages.csproj]
c:\NON_Install_Programs\DataHub\domains\Grinding\Grinding.Pages\DummyItemDetails.razor(43,22): warning CS8669: Poznámka pro typy odkazů s možnou hodnotou null by se měla používat jenom v kódu v rámci kontextu poznámek #nullable. Automaticky vygenerovaný kód vyžaduje explicitní direktivu #nullable ve zdroji. [c:\NON_Install_Programs\DataHub\domains\Grinding\Grinding.Pages\Grinding.Pages.csproj]
c:\NON_Install_Programs\DataHub\domains\Grinding\Grinding.Pages\AuditLogViewer.razor.cs(30,23): warning CS8632: Poznámka u typů odkazů s možnou hodnotou null by se měla v kódu používat jenom v kontextu poznámek #nullable. [c:\NON_Install_Programs\DataHub\domains\Grinding\Grinding.Pages\Grinding.Pages.csproj]
c:\NON_Install_Programs\DataHub\domains\Grinding\Grinding.Pages\DummyItems.razor.cs(62,43): warning CS8632: Poznámka u typů odkazů s možnou hodnotou null by se měla v kódu používat jenom v kontextu poznámek #nullable. [c:\NON_Install_Programs\DataHub\domains\Grinding\Grinding.Pages\Grinding.Pages.csproj]
c:\NON_Install_Programs\DataHub\domains\Grinding\Grinding.Pages\Alarms.razor.cs(50,46): warning CS8632: Poznámka u typů odkazů s možnou hodnotou null by se měla v kódu používat jenom v kontextu poznámek #nullable. [c:\NON_Install_Programs\DataHub\domains\Grinding\Grinding.Pages\Grinding.Pages.csproj]
c:\NON_Install_Programs\DataHub\domains\Grinding\Grinding.Pages\DummyItems.razor.cs(64,23): warning CS8632: Poznámka u typů odkazů s možnou hodnotou null by se měla v kódu používat jenom v kontextu poznámek #nullable. [c:\NON_Install_Programs\DataHub\domains\Grinding\Grinding.Pages\Grinding.Pages.csproj]
c:\NON_Install_Programs\DataHub\domains\Grinding\Grinding.Pages\Alarms.razor.cs(51,23): warning CS8632: Poznámka u typů odkazů s možnou hodnotou null by se měla v kódu používat jenom v kontextu poznámek #nullable. [c:\NON_Install_Programs\DataHub\domains\Grinding\Grinding.Pages\Grinding.Pages.csproj]
c:\NON_Install_Programs\DataHub\domains\Grinding\Grinding.Pages\DummyItems.razor.cs(65,23): warning CS8632: Poznámka u typů odkazů s možnou hodnotou null by se měla v kódu používat jenom v kontextu poznámek #nullable. [c:\NON_Install_Programs\DataHub\domains\Grinding\Grinding.Pages\Grinding.Pages.csproj]
c:\NON_Install_Programs\DataHub\domains\Grinding\Grinding.Pages\Alarms.razor.cs(52,23): warning CS8632: Poznámka u typů odkazů s možnou hodnotou null by se měla v kódu používat jenom v kontextu poznámek #nullable. [c:\NON_Install_Programs\DataHub\domains\Grinding\Grinding.Pages\Grinding.Pages.csproj]
c:\NON_Install_Programs\DataHub\domains\Grinding\Grinding.Pages\AuditLogViewer.razor.cs(33,42): warning CS8632: Poznámka u typů odkazů s možnou hodnotou null by se měla v kódu používat jenom v kontextu poznámek #nullable. [c:\NON_Install_Programs\DataHub\domains\Grinding\Grinding.Pages\Grinding.Pages.csproj]
c:\NON_Install_Programs\DataHub\domains\Grinding\Grinding.Pages\Alarms.razor.cs(58,23): warning CS8632: Poznámka u typů odkazů s možnou hodnotou null by se měla v kódu používat jenom v kontextu poznámek #nullable. [c:\NON_Install_Programs\DataHub\domains\Grinding\Grinding.Pages\Grinding.Pages.csproj]
c:\NON_Install_Programs\DataHub\domains\Eisod\Eisod.Pages\EisodSdView.razor.cs(112,24): error CS0266: Typ System.Collections.Generic.IEnumerable<Eisod.Shared.Models.ViewEisodSd> nejde implicitně převést na typ System.Collections.Generic.IEnumerable<DataHub.Core.Models.UI.ViewEisodSdUIModel>. Existuje explicitní převod. (Nechybí výraz přetypování?) [c:\NON_Install_Programs\DataHub\domains\Eisod\Eisod.Pages\Eisod.Pages.csproj]
c:\NON_Install_Programs\DataHub\domains\Eisod\Eisod.Pages\EisodSdView.razor.cs(157,50): error CS0411: Argumenty typu pro metodu IExcelExportService.ExportToExcelAsync<TItem>(IEnumerable<TItem>, List<ColumnDefinition<TItem>>, string?, string?) nejde stanovit z použití. Zadejte argumenty typu explicitně. [c:\NON_Install_Programs\DataHub\domains\Eisod\Eisod.Pages\Eisod.Pages.csproj]
c:\NON_Install_Programs\DataHub\domains\Eisod\Eisod.Pages\EisodSdView.razor(34,40): error CS0246: Typ nebo název oboru názvů Icons se nenašel. (Nechybí direktiva using nebo odkaz na sestavení?) [c:\NON_Install_Programs\DataHub\domains\Eisod\Eisod.Pages\Eisod.Pages.csproj]
c:\NON_Install_Programs\DataHub\domains\Eisod\Eisod.Pages\obj\Debug\net9.0\Microsoft.CodeAnalysis.Razor.Compiler\Microsoft.NET.Sdk.Razor.SourceGenerators.RazorSourceGenerator\EisodSdView_razor.g.cs(387,154): error CS1662: výraz lambda nejde převést na zamýšlený typ delegáta, protože některé z návratových typů v bloku nejsou implicitně převeditelné na návratový typ tohoto delegáta. [c:\NON_Install_Programs\DataHub\domains\Eisod\Eisod.Pages\Eisod.Pages.csproj]
c:\NON_Install_Programs\DataHub\domains\Grinding\Grinding.Pages\AuditLogViewer.razor(33,40): error CS0246: Typ nebo název oboru názvů Icons se nenašel. (Nechybí direktiva using nebo odkaz na sestavení?) [c:\NON_Install_Programs\DataHub\domains\Grinding\Grinding.Pages\Grinding.Pages.csproj]
c:\NON_Install_Programs\DataHub\domains\Grinding\Grinding.Pages\obj\Debug\net9.0\Microsoft.CodeAnalysis.Razor.Compiler\Microsoft.NET.Sdk.Razor.SourceGenerators.RazorSourceGenerator\AuditLogViewer_razor.g.cs(381,144): error CS1662: výraz lambda nejde převést na zamýšlený typ delegáta, protože některé z návratových typů v bloku nejsou implicitně převeditelné na návratový typ tohoto delegáta. [c:\NON_Install_Programs\DataHub\domains\Grinding\Grinding.Pages\Grinding.Pages.csproj]
c:\NON_Install_Programs\DataHub\domains\Grinding\Grinding.Pages\Alarms.razor(58,40): error CS0246: Typ nebo název oboru názvů Icons se nenašel. (Nechybí direktiva using nebo odkaz na sestavení?) [c:\NON_Install_Programs\DataHub\domains\Grinding\Grinding.Pages\Grinding.Pages.csproj]
c:\NON_Install_Programs\DataHub\domains\Grinding\Grinding.Pages\Alarms.razor(60,40): error CS0246: Typ nebo název oboru názvů Icons se nenašel. (Nechybí direktiva using nebo odkaz na sestavení?) [c:\NON_Install_Programs\DataHub\domains\Grinding\Grinding.Pages\Grinding.Pages.csproj]
c:\NON_Install_Programs\DataHub\domains\Grinding\Grinding.Pages\obj\Debug\net9.0\Microsoft.CodeAnalysis.Razor.Compiler\Microsoft.NET.Sdk.Razor.SourceGenerators.RazorSourceGenerator\Alarms_razor.g.cs(725,148): error CS1662: výraz lambda nejde převést na zamýšlený typ delegáta, protože některé z návratových typů v bloku nejsou implicitně převeditelné na návratový typ tohoto delegáta. [c:\NON_Install_Programs\DataHub\domains\Grinding\Grinding.Pages\Grinding.Pages.csproj]
c:\NON_Install_Programs\DataHub\domains\Grinding\Grinding.Pages\DummyItems.razor(43,40): error CS0246: Typ nebo název oboru názvů Icons se nenašel. (Nechybí direktiva using nebo odkaz na sestavení?) [c:\NON_Install_Programs\DataHub\domains\Grinding\Grinding.Pages\Grinding.Pages.csproj]
c:\NON_Install_Programs\DataHub\domains\Grinding\Grinding.Pages\DummyItems.razor(44,40): error CS0246: Typ nebo název oboru názvů Icons se nenašel. (Nechybí direktiva using nebo odkaz na sestavení?) [c:\NON_Install_Programs\DataHub\domains\Grinding\Grinding.Pages\Grinding.Pages.csproj]
c:\NON_Install_Programs\DataHub\domains\Grinding\Grinding.Pages\DummyItems.razor(45,40): error CS0246: Typ nebo název oboru názvů Icons se nenašel. (Nechybí direktiva using nebo odkaz na sestavení?) [c:\NON_Install_Programs\DataHub\domains\Grinding\Grinding.Pages\Grinding.Pages.csproj]
c:\NON_Install_Programs\DataHub\domains\Grinding\Grinding.Pages\obj\Debug\net9.0\Microsoft.CodeAnalysis.Razor.Compiler\Microsoft.NET.Sdk.Razor.SourceGenerators.RazorSourceGenerator\DummyItems_razor.g.cs(620,145): error CS1662: výraz lambda nejde převést na zamýšlený typ delegáta, protože některé z návratových typů v bloku nejsou implicitně převeditelné na návratový typ tohoto delegáta. [c:\NON_Install_Programs\DataHub\domains\Grinding\Grinding.Pages\Grinding.Pages.csproj]
    51 upozornění
    Počet chyb: 13

Uplynulý čas 00:00:03.23

Jsou k dispozici aktualizace úloh. Pokud chcete získat další informace, spusťte `dotnet workload list`.
