  Zjišťují se projekty, které se mají obnovit...
  Obnovil se projekt c:\NON_Install_Programs\DataHub\domains\Grinding\Grinding.Shared\Grinding.Shared.csproj (v 413 ms).
  Obnovil se projekt C:\NON_Install_Programs\DataHub\domains\Eisod\Eisod.Services\Eisod.Services.csproj (v 413 ms).
  Obnovil se projekt C:\NON_Install_Programs\DataHub\src\DataHub.Host\DataHub.Host.csproj (v 330 ms).
  Obnovil se projekt c:\NON_Install_Programs\DataHub\domains\Eisod\Eisod.Pages\Eisod.Pages.csproj (v 413 ms).
  Obnovil se projekt c:\NON_Install_Programs\DataHub\domains\Grinding\Grinding.Client\Grinding.Client.csproj (v 414 ms).
  Obnovil se projekt C:\NON_Install_Programs\DataHub\src\DataHub.Platform\DataHub.Platform.csproj (v 414 ms).
  Obnovil se projekt C:\NON_Install_Programs\DataHub\domains\Grinding\Grinding.Services\Grinding.Services.csproj (v 414 ms).
  Obnovil se projekt c:\NON_Install_Programs\DataHub\domains\Grinding\Grinding.Pages\Grinding.Pages.csproj (v 413 ms).
  2 z 10 projektů jsou v aktuálním stavu pro obnovení.
  DataHub.Core -> c:\NON_Install_Programs\DataHub\src\DataHub.Core\bin\Debug\net9.0\DataHub.Core.dll
c:\NON_Install_Programs\DataHub\domains\Eisod\Eisod.Shared\Models\ViewEisodSd.cs(24,18): warning CS8632: Poznámka u typů odkazů s možnou hodnotou null by se měla v kódu používat jenom v kontextu poznámek #nullable. [c:\NON_Install_Programs\DataHub\domains\Eisod\Eisod.Shared\Eisod.Shared.csproj]
c:\NON_Install_Programs\DataHub\domains\Grinding\Grinding.Shared\Dtos\OperationalRestPostRequestDTO.cs(34,22): warning CS8632: Poznámka u typů odkazů s možnou hodnotou null by se měla v kódu používat jenom v kontextu poznámek #nullable. [c:\NON_Install_Programs\DataHub\domains\Grinding\Grinding.Shared\Grinding.Shared.csproj]
c:\NON_Install_Programs\DataHub\domains\Eisod\Eisod.Shared\Models\ViewEisodSd.cs(28,18): warning CS8632: Poznámka u typů odkazů s možnou hodnotou null by se měla v kódu používat jenom v kontextu poznámek #nullable. [c:\NON_Install_Programs\DataHub\domains\Eisod\Eisod.Shared\Eisod.Shared.csproj]
c:\NON_Install_Programs\DataHub\domains\Eisod\Eisod.Shared\Models\ViewEisodSd.cs(32,18): warning CS8632: Poznámka u typů odkazů s možnou hodnotou null by se měla v kódu používat jenom v kontextu poznámek #nullable. [c:\NON_Install_Programs\DataHub\domains\Eisod\Eisod.Shared\Eisod.Shared.csproj]
c:\NON_Install_Programs\DataHub\domains\Eisod\Eisod.Shared\Models\ViewEisodSd.cs(42,18): warning CS8632: Poznámka u typů odkazů s možnou hodnotou null by se měla v kódu používat jenom v kontextu poznámek #nullable. [c:\NON_Install_Programs\DataHub\domains\Eisod\Eisod.Shared\Eisod.Shared.csproj]
c:\NON_Install_Programs\DataHub\domains\Grinding\Grinding.Shared\Dtos\OperationalRestResponseDTO.cs(14,22): warning CS8632: Poznámka u typů odkazů s možnou hodnotou null by se měla v kódu používat jenom v kontextu poznámek #nullable. [c:\NON_Install_Programs\DataHub\domains\Grinding\Grinding.Shared\Grinding.Shared.csproj]
c:\NON_Install_Programs\DataHub\domains\Grinding\Grinding.Shared\Models\Operational.cs(35,22): warning CS8632: Poznámka u typů odkazů s možnou hodnotou null by se měla v kódu používat jenom v kontextu poznámek #nullable. [c:\NON_Install_Programs\DataHub\domains\Grinding\Grinding.Shared\Grinding.Shared.csproj]
  Eisod.Shared -> C:\NON_Install_Programs\DataHub\domains\Eisod\Eisod.Shared\bin\Debug\net9.0\Eisod.Shared.dll
  Grinding.Shared -> C:\NON_Install_Programs\DataHub\domains\Grinding\Grinding.Shared\bin\Debug\net9.0\Grinding.Shared.dll
c:\NON_Install_Programs\DataHub\src\DataHub.Platform\Repositories\DummyItemRepository.cs(51,30): warning CS8632: Poznámka u typů odkazů s možnou hodnotou null by se měla v kódu používat jenom v kontextu poznámek #nullable. [c:\NON_Install_Programs\DataHub\src\DataHub.Platform\DataHub.Platform.csproj]
c:\NON_Install_Programs\DataHub\src\DataHub.Platform\Repositories\DummyItemRepository.cs(71,30): warning CS8632: Poznámka u typů odkazů s možnou hodnotou null by se měla v kódu používat jenom v kontextu poznámek #nullable. [c:\NON_Install_Programs\DataHub\src\DataHub.Platform\DataHub.Platform.csproj]
c:\NON_Install_Programs\DataHub\src\DataHub.Platform\Repositories\Generic\Repository.cs(35,42): warning CS8632: Poznámka u typů odkazů s možnou hodnotou null by se měla v kódu používat jenom v kontextu poznámek #nullable. [c:\NON_Install_Programs\DataHub\src\DataHub.Platform\DataHub.Platform.csproj]
c:\NON_Install_Programs\DataHub\src\DataHub.Platform\Data\Interceptors\ComprehensiveAuditInterceptor.cs(36,54): warning CS8632: Poznámka u typů odkazů s možnou hodnotou null by se měla v kódu používat jenom v kontextu poznámek #nullable. [c:\NON_Install_Programs\DataHub\src\DataHub.Platform\DataHub.Platform.csproj]
c:\NON_Install_Programs\DataHub\src\DataHub.Platform\Data\ApplicationDbContext.cs(135,23): warning CS8632: Poznámka u typů odkazů s možnou hodnotou null by se měla v kódu používat jenom v kontextu poznámek #nullable. [c:\NON_Install_Programs\DataHub\src\DataHub.Platform\DataHub.Platform.csproj]
c:\NON_Install_Programs\DataHub\src\DataHub.Platform\Data\ApplicationDbContext.cs(151,23): warning CS8632: Poznámka u typů odkazů s možnou hodnotou null by se měla v kódu používat jenom v kontextu poznámek #nullable. [c:\NON_Install_Programs\DataHub\src\DataHub.Platform\DataHub.Platform.csproj]
c:\NON_Install_Programs\DataHub\src\DataHub.Platform\Data\ApplicationDbContext.cs(17,46): warning CS8632: Poznámka u typů odkazů s možnou hodnotou null by se měla v kódu používat jenom v kontextu poznámek #nullable. [c:\NON_Install_Programs\DataHub\src\DataHub.Platform\DataHub.Platform.csproj]
c:\NON_Install_Programs\DataHub\src\DataHub.Platform\Data\ApplicationDbContext.cs(19,105): warning CS8632: Poznámka u typů odkazů s možnou hodnotou null by se měla v kódu používat jenom v kontextu poznámek #nullable. [c:\NON_Install_Programs\DataHub\src\DataHub.Platform\DataHub.Platform.csproj]
c:\NON_Install_Programs\DataHub\src\DataHub.Platform\Repositories\AuditLogRepository.cs(47,44): warning CS8632: Poznámka u typů odkazů s možnou hodnotou null by se měla v kódu používat jenom v kontextu poznámek #nullable. [c:\NON_Install_Programs\DataHub\src\DataHub.Platform\DataHub.Platform.csproj]
c:\NON_Install_Programs\DataHub\src\DataHub.Platform\Data\ApplicationDbContext.cs(137,55): warning CS8632: Poznámka u typů odkazů s možnou hodnotou null by se měla v kódu používat jenom v kontextu poznámek #nullable. [c:\NON_Install_Programs\DataHub\src\DataHub.Platform\DataHub.Platform.csproj]
c:\NON_Install_Programs\DataHub\src\DataHub.Platform\Data\Interceptors\ComprehensiveAuditInterceptor.cs(57,31): warning CS8632: Poznámka u typů odkazů s možnou hodnotou null by se měla v kódu používat jenom v kontextu poznámek #nullable. [c:\NON_Install_Programs\DataHub\src\DataHub.Platform\DataHub.Platform.csproj]
c:\NON_Install_Programs\DataHub\src\DataHub.Platform\Data\Interceptors\ComprehensiveAuditInterceptor.cs(100,78): warning CS8632: Poznámka u typů odkazů s možnou hodnotou null by se měla v kódu používat jenom v kontextu poznámek #nullable. [c:\NON_Install_Programs\DataHub\src\DataHub.Platform\DataHub.Platform.csproj]
c:\NON_Install_Programs\DataHub\src\DataHub.Platform\Data\Interceptors\ComprehensiveAuditInterceptor.cs(101,78): warning CS8632: Poznámka u typů odkazů s možnou hodnotou null by se měla v kódu používat jenom v kontextu poznámek #nullable. [c:\NON_Install_Programs\DataHub\src\DataHub.Platform\DataHub.Platform.csproj]
c:\NON_Install_Programs\DataHub\src\DataHub.Platform\Data\Interceptors\ComprehensiveAuditInterceptor.cs(136,57): warning CS8632: Poznámka u typů odkazů s možnou hodnotou null by se měla v kódu používat jenom v kontextu poznámek #nullable. [c:\NON_Install_Programs\DataHub\src\DataHub.Platform\DataHub.Platform.csproj]
c:\NON_Install_Programs\DataHub\src\DataHub.Platform\Repositories\DummyItemRepository.cs(82,53): warning CS8632: Poznámka u typů odkazů s možnou hodnotou null by se měla v kódu používat jenom v kontextu poznámek #nullable. [c:\NON_Install_Programs\DataHub\src\DataHub.Platform\DataHub.Platform.csproj]
c:\NON_Install_Programs\DataHub\src\DataHub.Platform\Repositories\DummyItemRepository.cs(84,49): warning CS8632: Poznámka u typů odkazů s možnou hodnotou null by se měla v kódu používat jenom v kontextu poznámek #nullable. [c:\NON_Install_Programs\DataHub\src\DataHub.Platform\DataHub.Platform.csproj]
  DataHub.Platform -> c:\NON_Install_Programs\DataHub\src\DataHub.Platform\bin\Debug\net9.0\DataHub.Platform.dll
  Eisod.Services -> C:\NON_Install_Programs\DataHub\domains\Eisod\Eisod.Services\bin\Debug\net9.0\Eisod.Services.dll
  Grinding.Services -> C:\NON_Install_Programs\DataHub\domains\Grinding\Grinding.Services\bin\Debug\net9.0\Grinding.Services.dll
  Grinding.Client -> c:\NON_Install_Programs\DataHub\domains\Grinding\Grinding.Client\bin\Debug\net9.0\Grinding.Client.dll
c:\NON_Install_Programs\DataHub\domains\Eisod\Eisod.Pages\EisodSdView.razor.cs(27,52): warning CS8632: Poznámka u typů odkazů s možnou hodnotou null by se měla v kódu používat jenom v kontextu poznámek #nullable. [c:\NON_Install_Programs\DataHub\domains\Eisod\Eisod.Pages\Eisod.Pages.csproj]
c:\NON_Install_Programs\DataHub\domains\Eisod\Eisod.Pages\EisodSdView.razor.cs(29,23): warning CS8632: Poznámka u typů odkazů s možnou hodnotou null by se měla v kódu používat jenom v kontextu poznámek #nullable. [c:\NON_Install_Programs\DataHub\domains\Eisod\Eisod.Pages\Eisod.Pages.csproj]
c:\NON_Install_Programs\DataHub\domains\Eisod\Eisod.Pages\EisodSdView.razor.cs(30,23): warning CS8632: Poznámka u typů odkazů s možnou hodnotou null by se měla v kódu používat jenom v kontextu poznámek #nullable. [c:\NON_Install_Programs\DataHub\domains\Eisod\Eisod.Pages\Eisod.Pages.csproj]
c:\NON_Install_Programs\DataHub\domains\Grinding\Grinding.Pages\DummyItemDetails.razor(43,22): warning CS8669: Poznámka pro typy odkazů s možnou hodnotou null by se měla používat jenom v kódu v rámci kontextu poznámek #nullable. Automaticky vygenerovaný kód vyžaduje explicitní direktivu #nullable ve zdroji. [c:\NON_Install_Programs\DataHub\domains\Grinding\Grinding.Pages\Grinding.Pages.csproj]
c:\NON_Install_Programs\DataHub\domains\Grinding\Grinding.Pages\AlarmsView.razor(69,25): warning CS8669: Poznámka pro typy odkazů s možnou hodnotou null by se měla používat jenom v kódu v rámci kontextu poznámek #nullable. Automaticky vygenerovaný kód vyžaduje explicitní direktivu #nullable ve zdroji. [c:\NON_Install_Programs\DataHub\domains\Grinding\Grinding.Pages\Grinding.Pages.csproj]
c:\NON_Install_Programs\DataHub\domains\Grinding\Grinding.Pages\AlarmsView.razor(71,19): warning CS8669: Poznámka pro typy odkazů s možnou hodnotou null by se měla používat jenom v kódu v rámci kontextu poznámek #nullable. Automaticky vygenerovaný kód vyžaduje explicitní direktivu #nullable ve zdroji. [c:\NON_Install_Programs\DataHub\domains\Grinding\Grinding.Pages\Grinding.Pages.csproj]
c:\NON_Install_Programs\DataHub\domains\Grinding\Grinding.Pages\AuditLogViewer.razor.cs(30,23): warning CS8632: Poznámka u typů odkazů s možnou hodnotou null by se měla v kódu používat jenom v kontextu poznámek #nullable. [c:\NON_Install_Programs\DataHub\domains\Grinding\Grinding.Pages\Grinding.Pages.csproj]
c:\NON_Install_Programs\DataHub\domains\Grinding\Grinding.Pages\DummyItems.razor.cs(62,43): warning CS8632: Poznámka u typů odkazů s možnou hodnotou null by se měla v kódu používat jenom v kontextu poznámek #nullable. [c:\NON_Install_Programs\DataHub\domains\Grinding\Grinding.Pages\Grinding.Pages.csproj]
c:\NON_Install_Programs\DataHub\domains\Grinding\Grinding.Pages\Alarms.razor.cs(50,46): warning CS8632: Poznámka u typů odkazů s možnou hodnotou null by se měla v kódu používat jenom v kontextu poznámek #nullable. [c:\NON_Install_Programs\DataHub\domains\Grinding\Grinding.Pages\Grinding.Pages.csproj]
c:\NON_Install_Programs\DataHub\domains\Grinding\Grinding.Pages\Alarms.razor.cs(51,23): warning CS8632: Poznámka u typů odkazů s možnou hodnotou null by se měla v kódu používat jenom v kontextu poznámek #nullable. [c:\NON_Install_Programs\DataHub\domains\Grinding\Grinding.Pages\Grinding.Pages.csproj]
c:\NON_Install_Programs\DataHub\domains\Grinding\Grinding.Pages\DummyItems.razor.cs(64,23): warning CS8632: Poznámka u typů odkazů s možnou hodnotou null by se měla v kódu používat jenom v kontextu poznámek #nullable. [c:\NON_Install_Programs\DataHub\domains\Grinding\Grinding.Pages\Grinding.Pages.csproj]
c:\NON_Install_Programs\DataHub\domains\Grinding\Grinding.Pages\Alarms.razor.cs(52,23): warning CS8632: Poznámka u typů odkazů s možnou hodnotou null by se měla v kódu používat jenom v kontextu poznámek #nullable. [c:\NON_Install_Programs\DataHub\domains\Grinding\Grinding.Pages\Grinding.Pages.csproj]
c:\NON_Install_Programs\DataHub\domains\Grinding\Grinding.Pages\DummyItems.razor.cs(65,23): warning CS8632: Poznámka u typů odkazů s možnou hodnotou null by se měla v kódu používat jenom v kontextu poznámek #nullable. [c:\NON_Install_Programs\DataHub\domains\Grinding\Grinding.Pages\Grinding.Pages.csproj]
c:\NON_Install_Programs\DataHub\domains\Grinding\Grinding.Pages\AuditLogViewer.razor.cs(33,42): warning CS8632: Poznámka u typů odkazů s možnou hodnotou null by se měla v kódu používat jenom v kontextu poznámek #nullable. [c:\NON_Install_Programs\DataHub\domains\Grinding\Grinding.Pages\Grinding.Pages.csproj]
c:\NON_Install_Programs\DataHub\domains\Grinding\Grinding.Pages\Alarms.razor.cs(58,23): warning CS8632: Poznámka u typů odkazů s možnou hodnotou null by se měla v kódu používat jenom v kontextu poznámek #nullable. [c:\NON_Install_Programs\DataHub\domains\Grinding\Grinding.Pages\Grinding.Pages.csproj]
  Eisod.Pages -> c:\NON_Install_Programs\DataHub\domains\Eisod\Eisod.Pages\bin\Debug\net9.0\Eisod.Pages.dll
  Grinding.Pages -> c:\NON_Install_Programs\DataHub\domains\Grinding\Grinding.Pages\bin\Debug\net9.0\Grinding.Pages.dll
c:\NON_Install_Programs\DataHub\src\DataHub.Host\Components\Shared\AdvancedFilterBuilder.razor(33,5): error RZ9985: Multiple components use the tag 'QueryBuilderModal'. Components: DataHub.Core.Components.Shared.QueryBuilderModal<TItem>, DataHub.Host.Components.Shared.QueryBuilderModal<TItem>, RPK_BlazorApp.Components.Shared.QueryBuilderModal<TItem>, Microsoft.AspNetCore.Components.Bind, DataHub.Core.Components.Shared.QueryBuilderModal<TItem> [c:\NON_Install_Programs\DataHub\src\DataHub.Host\DataHub.Host.csproj]
c:\NON_Install_Programs\DataHub\src\DataHub.Host\Components\Layout\Layout\MainLayout.razor(26,17): error RZ9985: Multiple components use the tag 'DevAuthControl'. Components: DataHub.Host.Components.Layout.DevAuthControl, DataHub.Host.Components.Layout.Layout.DevAuthControl [c:\NON_Install_Programs\DataHub\src\DataHub.Host\DataHub.Host.csproj]
c:\NON_Install_Programs\DataHub\src\DataHub.Host\Components\Layout\Layout\MainLayout.razor(31,9): error RZ9985: Multiple components use the tag 'NavMenu'. Components: DataHub.Host.Components.Layout.Layout.NavMenu, DataHub.Host.Components.Layout.NavMenu [c:\NON_Install_Programs\DataHub\src\DataHub.Host\DataHub.Host.csproj]
c:\NON_Install_Programs\DataHub\src\DataHub.Host\Components\Pages\DummyItems.razor.cs(12,7): warning CS0105: Direktiva using pro DataHub.Core.Services se objevila už dřív v tomto oboru názvů. [c:\NON_Install_Programs\DataHub\src\DataHub.Host\DataHub.Host.csproj]
c:\NON_Install_Programs\DataHub\src\DataHub.Host\Components\Shared\AdvancedFilterBuilder.razor.cs(5,28): error CS0234: Typ nebo název oboru názvů UI neexistuje v oboru názvů RPK_BlazorApp.Models. (Nechybí odkaz na sestavení?) [c:\NON_Install_Programs\DataHub\src\DataHub.Host\DataHub.Host.csproj]
c:\NON_Install_Programs\DataHub\src\DataHub.Host\Components\Shared\AdvancedFilterBuilder.razor.cs(6,21): error CS0234: Typ nebo název oboru názvů Services neexistuje v oboru názvů RPK_BlazorApp. (Nechybí odkaz na sestavení?) [c:\NON_Install_Programs\DataHub\src\DataHub.Host\DataHub.Host.csproj]
c:\NON_Install_Programs\DataHub\src\DataHub.Host\Components\Shared\AdvancedFilterBuilder.razor.cs(10,28): error CS0234: Typ nebo název oboru názvů DataGrid neexistuje v oboru názvů RPK_BlazorApp.Models. (Nechybí odkaz na sestavení?) [c:\NON_Install_Programs\DataHub\src\DataHub.Host\DataHub.Host.csproj]
c:\NON_Install_Programs\DataHub\src\DataHub.Host\Components\Shared\FloatingQueryBuilder.razor.cs(4,28): error CS0234: Typ nebo název oboru názvů UI neexistuje v oboru názvů RPK_BlazorApp.Models. (Nechybí odkaz na sestavení?) [c:\NON_Install_Programs\DataHub\src\DataHub.Host\DataHub.Host.csproj]
c:\NON_Install_Programs\DataHub\src\DataHub.Host\Components\Shared\GenericSort.razor.cs(2,28): error CS0234: Typ nebo název oboru názvů UI neexistuje v oboru názvů RPK_BlazorApp.Models. (Nechybí odkaz na sestavení?) [c:\NON_Install_Programs\DataHub\src\DataHub.Host\DataHub.Host.csproj]
c:\NON_Install_Programs\DataHub\src\DataHub.Host\Components\Shared\GenericSort.razor.cs(6,28): error CS0234: Typ nebo název oboru názvů DataGrid neexistuje v oboru názvů RPK_BlazorApp.Models. (Nechybí odkaz na sestavení?) [c:\NON_Install_Programs\DataHub\src\DataHub.Host\DataHub.Host.csproj]
c:\NON_Install_Programs\DataHub\src\DataHub.Host\Components\Shared\QueryBuilderModal.razor.cs(4,28): error CS0234: Typ nebo název oboru názvů UI neexistuje v oboru názvů RPK_BlazorApp.Models. (Nechybí odkaz na sestavení?) [c:\NON_Install_Programs\DataHub\src\DataHub.Host\DataHub.Host.csproj]
c:\NON_Install_Programs\DataHub\src\DataHub.Host\Components\Shared\QueryBuilderModal.razor.cs(8,28): error CS0234: Typ nebo název oboru názvů DataGrid neexistuje v oboru názvů RPK_BlazorApp.Models. (Nechybí odkaz na sestavení?) [c:\NON_Install_Programs\DataHub\src\DataHub.Host\DataHub.Host.csproj]
c:\NON_Install_Programs\DataHub\src\DataHub.Host\Components\_Imports.razor(10,58): error CS0234: Typ nebo název oboru názvů Emojis neexistuje v oboru názvů Microsoft.FluentUI.AspNetCore.Components. (Nechybí odkaz na sestavení?) [c:\NON_Install_Programs\DataHub\src\DataHub.Host\DataHub.Host.csproj]
c:\NON_Install_Programs\DataHub\src\DataHub.Host\Components\_Imports.razor(10,58): error CS0234: Typ nebo název oboru názvů Emojis neexistuje v oboru názvů Microsoft.FluentUI.AspNetCore.Components. (Nechybí odkaz na sestavení?) [c:\NON_Install_Programs\DataHub\src\DataHub.Host\DataHub.Host.csproj]
c:\NON_Install_Programs\DataHub\src\DataHub.Host\Components\_Imports.razor(10,58): error CS0234: Typ nebo název oboru názvů Emojis neexistuje v oboru názvů Microsoft.FluentUI.AspNetCore.Components. (Nechybí odkaz na sestavení?) [c:\NON_Install_Programs\DataHub\src\DataHub.Host\DataHub.Host.csproj]
c:\NON_Install_Programs\DataHub\src\DataHub.Host\Components\_Imports.razor(10,58): error CS0234: Typ nebo název oboru názvů Emojis neexistuje v oboru názvů Microsoft.FluentUI.AspNetCore.Components. (Nechybí odkaz na sestavení?) [c:\NON_Install_Programs\DataHub\src\DataHub.Host\DataHub.Host.csproj]
c:\NON_Install_Programs\DataHub\src\DataHub.Host\Components\Shared\GenericDataView.razor(5,29): error CS0234: Typ nebo název oboru názvů DataGrid neexistuje v oboru názvů RPK_BlazorApp.Models. (Nechybí odkaz na sestavení?) [c:\NON_Install_Programs\DataHub\src\DataHub.Host\DataHub.Host.csproj]
c:\NON_Install_Programs\DataHub\src\DataHub.Host\Components\Shared\GenericDataView.razor(6,29): error CS0234: Typ nebo název oboru názvů UI neexistuje v oboru názvů RPK_BlazorApp.Models. (Nechybí odkaz na sestavení?) [c:\NON_Install_Programs\DataHub\src\DataHub.Host\DataHub.Host.csproj]
c:\NON_Install_Programs\DataHub\src\DataHub.Host\Components\Shared\GenericDataView.razor(7,22): error CS0234: Typ nebo název oboru názvů Services neexistuje v oboru názvů RPK_BlazorApp. (Nechybí odkaz na sestavení?) [c:\NON_Install_Programs\DataHub\src\DataHub.Host\DataHub.Host.csproj]
c:\NON_Install_Programs\DataHub\src\DataHub.Host\Components\_Imports.razor(10,58): error CS0234: Typ nebo název oboru názvů Emojis neexistuje v oboru názvů Microsoft.FluentUI.AspNetCore.Components. (Nechybí odkaz na sestavení?) [c:\NON_Install_Programs\DataHub\src\DataHub.Host\DataHub.Host.csproj]
c:\NON_Install_Programs\DataHub\src\DataHub.Host\Components\Layout\DevAuthControl.razor(2,22): error CS0234: Typ nebo název oboru názvů Services neexistuje v oboru názvů RPK_BlazorApp. (Nechybí odkaz na sestavení?) [c:\NON_Install_Programs\DataHub\src\DataHub.Host\DataHub.Host.csproj]
c:\NON_Install_Programs\DataHub\src\DataHub.Host\Components\Layout\DevAuthControl.razor(4,22): error CS0234: Typ nebo název oboru názvů Shared neexistuje v oboru názvů RPK_BlazorApp. (Nechybí odkaz na sestavení?) [c:\NON_Install_Programs\DataHub\src\DataHub.Host\DataHub.Host.csproj]
c:\NON_Install_Programs\DataHub\src\DataHub.Host\Components\_Imports.razor(10,58): error CS0234: Typ nebo název oboru názvů Emojis neexistuje v oboru názvů Microsoft.FluentUI.AspNetCore.Components. (Nechybí odkaz na sestavení?) [c:\NON_Install_Programs\DataHub\src\DataHub.Host\DataHub.Host.csproj]
c:\NON_Install_Programs\DataHub\src\DataHub.Host\Components\Shared\GenericFilter.razor(4,29): error CS0234: Typ nebo název oboru názvů DataGrid neexistuje v oboru názvů RPK_BlazorApp.Models. (Nechybí odkaz na sestavení?) [c:\NON_Install_Programs\DataHub\src\DataHub.Host\DataHub.Host.csproj]
c:\NON_Install_Programs\DataHub\src\DataHub.Host\Components\Shared\GenericFilter.razor(5,29): error CS0234: Typ nebo název oboru názvů UI neexistuje v oboru názvů RPK_BlazorApp.Models. (Nechybí odkaz na sestavení?) [c:\NON_Install_Programs\DataHub\src\DataHub.Host\DataHub.Host.csproj]
c:\NON_Install_Programs\DataHub\src\DataHub.Host\Components\_Imports.razor(10,58): error CS0234: Typ nebo název oboru názvů Emojis neexistuje v oboru názvů Microsoft.FluentUI.AspNetCore.Components. (Nechybí odkaz na sestavení?) [c:\NON_Install_Programs\DataHub\src\DataHub.Host\DataHub.Host.csproj]
c:\NON_Install_Programs\DataHub\src\DataHub.Host\Components\_Imports.razor(10,58): error CS0234: Typ nebo název oboru názvů Emojis neexistuje v oboru názvů Microsoft.FluentUI.AspNetCore.Components. (Nechybí odkaz na sestavení?) [c:\NON_Install_Programs\DataHub\src\DataHub.Host\DataHub.Host.csproj]
c:\NON_Install_Programs\DataHub\src\DataHub.Host\Components\Shared\AdvancedCriteriaInput.razor(1,29): error CS0234: Typ nebo název oboru názvů UI neexistuje v oboru názvů RPK_BlazorApp.Models. (Nechybí odkaz na sestavení?) [c:\NON_Install_Programs\DataHub\src\DataHub.Host\DataHub.Host.csproj]
c:\NON_Install_Programs\DataHub\src\DataHub.Host\Components\Shared\AdvancedCriteriaInput.razor(2,22): error CS0234: Typ nebo název oboru názvů Services neexistuje v oboru názvů RPK_BlazorApp. (Nechybí odkaz na sestavení?) [c:\NON_Install_Programs\DataHub\src\DataHub.Host\DataHub.Host.csproj]
c:\NON_Install_Programs\DataHub\src\DataHub.Host\Components\_Imports.razor(10,58): error CS0234: Typ nebo název oboru názvů Emojis neexistuje v oboru názvů Microsoft.FluentUI.AspNetCore.Components. (Nechybí odkaz na sestavení?) [c:\NON_Install_Programs\DataHub\src\DataHub.Host\DataHub.Host.csproj]
c:\NON_Install_Programs\DataHub\src\DataHub.Host\Components\Shared\GenericSort.razor.cs(12,33): error CS0246: Typ nebo název oboru názvů ColumnDefinition<> se nenašel. (Nechybí direktiva using nebo odkaz na sestavení?) [c:\NON_Install_Programs\DataHub\src\DataHub.Host\DataHub.Host.csproj]
c:\NON_Install_Programs\DataHub\src\DataHub.Host\Components\Shared\AdvancedFilterBuilder.razor.cs(16,25): error CS0246: Typ nebo název oboru názvů QueryParserService se nenašel. (Nechybí direktiva using nebo odkaz na sestavení?) [c:\NON_Install_Programs\DataHub\src\DataHub.Host\DataHub.Host.csproj]
c:\NON_Install_Programs\DataHub\src\DataHub.Host\Components\_Imports.razor(10,58): error CS0234: Typ nebo název oboru názvů Emojis neexistuje v oboru názvů Microsoft.FluentUI.AspNetCore.Components. (Nechybí odkaz na sestavení?) [c:\NON_Install_Programs\DataHub\src\DataHub.Host\DataHub.Host.csproj]
c:\NON_Install_Programs\DataHub\src\DataHub.Host\Components\Shared\GenericSort.razor.cs(13,47): error CS0246: Typ nebo název oboru názvů SortCriterion se nenašel. (Nechybí direktiva using nebo odkaz na sestavení?) [c:\NON_Install_Programs\DataHub\src\DataHub.Host\DataHub.Host.csproj]
c:\NON_Install_Programs\DataHub\src\DataHub.Host\Components\Shared\FloatingQueryBuilder.razor.cs(23,33): error CS0246: Typ nebo název oboru názvů ColumnDefinition se nenašel. (Nechybí direktiva using nebo odkaz na sestavení?) [c:\NON_Install_Programs\DataHub\src\DataHub.Host\DataHub.Host.csproj]
c:\NON_Install_Programs\DataHub\src\DataHub.Host\Components\Shared\AdvancedFilterBuilder.razor.cs(17,25): error CS0246: Typ nebo název oboru názvů UserPreferenceService se nenašel. (Nechybí direktiva using nebo odkaz na sestavení?) [c:\NON_Install_Programs\DataHub\src\DataHub.Host\DataHub.Host.csproj]
c:\NON_Install_Programs\DataHub\src\DataHub.Host\Components\Shared\GenericSort.razor.cs(35,36): error CS0246: Typ nebo název oboru názvů SortCriterion se nenašel. (Nechybí direktiva using nebo odkaz na sestavení?) [c:\NON_Install_Programs\DataHub\src\DataHub.Host\DataHub.Host.csproj]
c:\NON_Install_Programs\DataHub\src\DataHub.Host\Components\Shared\GenericSort.razor.cs(17,33): error CS0115: GenericSort<TItem>.OnInitialized(): Nenašla se vhodná metoda k přepsání. [c:\NON_Install_Programs\DataHub\src\DataHub.Host\DataHub.Host.csproj]
c:\NON_Install_Programs\DataHub\src\DataHub.Host\Components\Shared\FloatingQueryBuilder.razor.cs(24,33): error CS0246: Typ nebo název oboru názvů UserSavedCriteria se nenašel. (Nechybí direktiva using nebo odkaz na sestavení?) [c:\NON_Install_Programs\DataHub\src\DataHub.Host\DataHub.Host.csproj]
c:\NON_Install_Programs\DataHub\src\DataHub.Host\Components\_Imports.razor(10,58): error CS0234: Typ nebo název oboru názvů Emojis neexistuje v oboru názvů Microsoft.FluentUI.AspNetCore.Components. (Nechybí odkaz na sestavení?) [c:\NON_Install_Programs\DataHub\src\DataHub.Host\DataHub.Host.csproj]
c:\NON_Install_Programs\DataHub\src\DataHub.Host\Components\Shared\AdvancedFilterBuilder.razor(1,29): error CS0234: Typ nebo název oboru názvů UI neexistuje v oboru názvů RPK_BlazorApp.Models. (Nechybí odkaz na sestavení?) [c:\NON_Install_Programs\DataHub\src\DataHub.Host\DataHub.Host.csproj]
c:\NON_Install_Programs\DataHub\src\DataHub.Host\Components\Shared\AdvancedFilterBuilder.razor(2,22): error CS0234: Typ nebo název oboru názvů Services neexistuje v oboru názvů RPK_BlazorApp. (Nechybí odkaz na sestavení?) [c:\NON_Install_Programs\DataHub\src\DataHub.Host\DataHub.Host.csproj]
c:\NON_Install_Programs\DataHub\src\DataHub.Host\Components\Shared\AdvancedFilterBuilder.razor(5,29): error CS0234: Typ nebo název oboru názvů DataGrid neexistuje v oboru názvů RPK_BlazorApp.Models. (Nechybí odkaz na sestavení?) [c:\NON_Install_Programs\DataHub\src\DataHub.Host\DataHub.Host.csproj]
c:\NON_Install_Programs\DataHub\src\DataHub.Host\Components\Shared\AdvancedFilterBuilder.razor.cs(22,42): error CS0246: Typ nebo název oboru názvů SavedCriteria se nenašel. (Nechybí direktiva using nebo odkaz na sestavení?) [c:\NON_Install_Programs\DataHub\src\DataHub.Host\DataHub.Host.csproj]
c:\NON_Install_Programs\DataHub\src\DataHub.Host\Components\Shared\GenericSort.razor.cs(15,22): error CS0246: Typ nebo název oboru názvů SortCriterion se nenašel. (Nechybí direktiva using nebo odkaz na sestavení?) [c:\NON_Install_Programs\DataHub\src\DataHub.Host\DataHub.Host.csproj]
c:\NON_Install_Programs\DataHub\src\DataHub.Host\Components\Shared\FloatingQueryBuilder.razor.cs(25,42): error CS0246: Typ nebo název oboru názvů SavedCriteria se nenašel. (Nechybí direktiva using nebo odkaz na sestavení?) [c:\NON_Install_Programs\DataHub\src\DataHub.Host\DataHub.Host.csproj]
c:\NON_Install_Programs\DataHub\src\DataHub.Host\Components\Shared\AdvancedFilterBuilder.razor.cs(24,40): error CS0234: Typ nebo název oboru názvů DataGrid neexistuje v oboru názvů RPK_BlazorApp.Models. (Nechybí odkaz na sestavení?) [c:\NON_Install_Programs\DataHub\src\DataHub.Host\DataHub.Host.csproj]
c:\NON_Install_Programs\DataHub\src\DataHub.Host\Components\_Imports.razor(10,58): error CS0234: Typ nebo název oboru názvů Emojis neexistuje v oboru názvů Microsoft.FluentUI.AspNetCore.Components. (Nechybí odkaz na sestavení?) [c:\NON_Install_Programs\DataHub\src\DataHub.Host\DataHub.Host.csproj]
c:\NON_Install_Programs\DataHub\src\DataHub.Host\Components\Shared\FloatingQueryBuilder.razor.cs(27,42): error CS0246: Typ nebo název oboru názvů SavedCriteria se nenašel. (Nechybí direktiva using nebo odkaz na sestavení?) [c:\NON_Install_Programs\DataHub\src\DataHub.Host\DataHub.Host.csproj]
c:\NON_Install_Programs\DataHub\src\DataHub.Host\Components\Shared\AdvancedFilterBuilder.razor.cs(43,51): error CS0246: Typ nebo název oboru názvů SavedCriteria se nenašel. (Nechybí direktiva using nebo odkaz na sestavení?) [c:\NON_Install_Programs\DataHub\src\DataHub.Host\DataHub.Host.csproj]
c:\NON_Install_Programs\DataHub\src\DataHub.Host\Components\Shared\AdvancedFilterBuilder.razor.cs(66,47): error CS0246: Typ nebo název oboru názvů SavedCriteria se nenašel. (Nechybí direktiva using nebo odkaz na sestavení?) [c:\NON_Install_Programs\DataHub\src\DataHub.Host\DataHub.Host.csproj]
c:\NON_Install_Programs\DataHub\src\DataHub.Host\Components\Shared\FloatingQueryBuilder.razor.cs(66,32): error CS0246: Typ nebo název oboru názvů UserSavedCriteria se nenašel. (Nechybí direktiva using nebo odkaz na sestavení?) [c:\NON_Install_Programs\DataHub\src\DataHub.Host\DataHub.Host.csproj]
c:\NON_Install_Programs\DataHub\src\DataHub.Host\Components\_Imports.razor(10,58): error CS0234: Typ nebo název oboru názvů Emojis neexistuje v oboru názvů Microsoft.FluentUI.AspNetCore.Components. (Nechybí odkaz na sestavení?) [c:\NON_Install_Programs\DataHub\src\DataHub.Host\DataHub.Host.csproj]
c:\NON_Install_Programs\DataHub\src\DataHub.Host\Components\Shared\AdvancedFilterBuilder.razor.cs(28,22): error CS0246: Typ nebo název oboru názvů SavedCriteria se nenašel. (Nechybí direktiva using nebo odkaz na sestavení?) [c:\NON_Install_Programs\DataHub\src\DataHub.Host\DataHub.Host.csproj]
c:\NON_Install_Programs\DataHub\src\DataHub.Host\Components\Shared\AdvancedFilterBuilder.razor.cs(135,23): warning CS8632: Poznámka u typů odkazů s možnou hodnotou null by se měla v kódu používat jenom v kontextu poznámek #nullable. [c:\NON_Install_Programs\DataHub\src\DataHub.Host\DataHub.Host.csproj]
c:\NON_Install_Programs\DataHub\src\DataHub.Host\Components\Shared\QueryBuilderModal.razor.cs(25,28): error CS0234: Typ nebo název oboru názvů DataGrid neexistuje v oboru názvů RPK_BlazorApp.Models. (Nechybí odkaz na sestavení?) [c:\NON_Install_Programs\DataHub\src\DataHub.Host\DataHub.Host.csproj]
c:\NON_Install_Programs\DataHub\src\DataHub.Host\Components\Shared\FloatingQueryBuilder.razor.cs(19,32): warning CS8632: Poznámka u typů odkazů s možnou hodnotou null by se měla v kódu používat jenom v kontextu poznámek #nullable. [c:\NON_Install_Programs\DataHub\src\DataHub.Host\DataHub.Host.csproj]
c:\NON_Install_Programs\DataHub\src\DataHub.Host\Components\Shared\QueryBuilderModal.razor.cs(28,21): error CS0246: Typ nebo název oboru názvů SavedCriteria se nenašel. (Nechybí direktiva using nebo odkaz na sestavení?) [c:\NON_Install_Programs\DataHub\src\DataHub.Host\DataHub.Host.csproj]
c:\NON_Install_Programs\DataHub\src\DataHub.Host\Components\Shared\QueryBuilderModal.razor.cs(30,32): error CS0246: Typ nebo název oboru názvů SavedCriteria se nenašel. (Nechybí direktiva using nebo odkaz na sestavení?) [c:\NON_Install_Programs\DataHub\src\DataHub.Host\DataHub.Host.csproj]
c:\NON_Install_Programs\DataHub\src\DataHub.Host\Components\_Imports.razor(10,58): error CS0234: Typ nebo název oboru názvů Emojis neexistuje v oboru názvů Microsoft.FluentUI.AspNetCore.Components. (Nechybí odkaz na sestavení?) [c:\NON_Install_Programs\DataHub\src\DataHub.Host\DataHub.Host.csproj]
c:\NON_Install_Programs\DataHub\src\DataHub.Host\Components\Shared\QueryBuilderModal.razor.cs(44,30): error CS0246: Typ nebo název oboru názvů SavedCriteria se nenašel. (Nechybí direktiva using nebo odkaz na sestavení?) [c:\NON_Install_Programs\DataHub\src\DataHub.Host\DataHub.Host.csproj]
c:\NON_Install_Programs\DataHub\src\DataHub.Host\Components\Shared\QueryBuilderModal.razor.cs(50,30): error CS0246: Typ nebo název oboru názvů SavedCriteria se nenašel. (Nechybí direktiva using nebo odkaz na sestavení?) [c:\NON_Install_Programs\DataHub\src\DataHub.Host\DataHub.Host.csproj]
c:\NON_Install_Programs\DataHub\src\DataHub.Host\Components\_Imports.razor(10,58): error CS0234: Typ nebo název oboru názvů Emojis neexistuje v oboru názvů Microsoft.FluentUI.AspNetCore.Components. (Nechybí odkaz na sestavení?) [c:\NON_Install_Programs\DataHub\src\DataHub.Host\DataHub.Host.csproj]
c:\NON_Install_Programs\DataHub\src\DataHub.Host\Components\_Imports.razor(10,58): error CS0234: Typ nebo název oboru názvů Emojis neexistuje v oboru názvů Microsoft.FluentUI.AspNetCore.Components. (Nechybí odkaz na sestavení?) [c:\NON_Install_Programs\DataHub\src\DataHub.Host\DataHub.Host.csproj]
c:\NON_Install_Programs\DataHub\src\DataHub.Host\Components\Layout\Layout\DevAuthControl.razor(2,22): error CS0234: Typ nebo název oboru názvů Services neexistuje v oboru názvů RPK_BlazorApp. (Nechybí odkaz na sestavení?) [c:\NON_Install_Programs\DataHub\src\DataHub.Host\DataHub.Host.csproj]
c:\NON_Install_Programs\DataHub\src\DataHub.Host\Components\Layout\Layout\DevAuthControl.razor(4,22): error CS0234: Typ nebo název oboru názvů Shared neexistuje v oboru názvů RPK_BlazorApp. (Nechybí odkaz na sestavení?) [c:\NON_Install_Programs\DataHub\src\DataHub.Host\DataHub.Host.csproj]
c:\NON_Install_Programs\DataHub\src\DataHub.Host\Components\Shared\GenericFilter.razor(63,29): error CS0246: Typ nebo název oboru názvů ColumnDefinition<> se nenašel. (Nechybí direktiva using nebo odkaz na sestavení?) [c:\NON_Install_Programs\DataHub\src\DataHub.Host\DataHub.Host.csproj]
c:\NON_Install_Programs\DataHub\src\DataHub.Host\Components\_Imports.razor(10,58): error CS0234: Typ nebo název oboru názvů Emojis neexistuje v oboru názvů Microsoft.FluentUI.AspNetCore.Components. (Nechybí odkaz na sestavení?) [c:\NON_Install_Programs\DataHub\src\DataHub.Host\DataHub.Host.csproj]
c:\NON_Install_Programs\DataHub\src\DataHub.Host\Components\_Imports.razor(10,58): error CS0234: Typ nebo název oboru názvů Emojis neexistuje v oboru názvů Microsoft.FluentUI.AspNetCore.Components. (Nechybí odkaz na sestavení?) [c:\NON_Install_Programs\DataHub\src\DataHub.Host\DataHub.Host.csproj]
c:\NON_Install_Programs\DataHub\src\DataHub.Host\Components\Shared\GenericEntityActionPage.razor(2,22): error CS0234: Typ nebo název oboru názvů Services neexistuje v oboru názvů RPK_BlazorApp. (Nechybí odkaz na sestavení?) [c:\NON_Install_Programs\DataHub\src\DataHub.Host\DataHub.Host.csproj]
c:\NON_Install_Programs\DataHub\src\DataHub.Host\Components\Shared\GenericEntityActionPage.razor(3,29): error CS0234: Typ nebo název oboru názvů Interfaces neexistuje v oboru názvů RPK_BlazorApp.Models. (Nechybí odkaz na sestavení?) [c:\NON_Install_Programs\DataHub\src\DataHub.Host\DataHub.Host.csproj]
c:\NON_Install_Programs\DataHub\src\DataHub.Host\Components\Shared\GenericEntityActionPage.razor(4,22): error CS0234: Typ nebo název oboru názvů Services neexistuje v oboru názvů RPK_BlazorApp. (Nechybí odkaz na sestavení?) [c:\NON_Install_Programs\DataHub\src\DataHub.Host\DataHub.Host.csproj]
c:\NON_Install_Programs\DataHub\src\DataHub.Host\Components\Shared\GenericDataView.razor(83,29): error CS0246: Typ nebo název oboru názvů DataRequestBase se nenašel. (Nechybí direktiva using nebo odkaz na sestavení?) [c:\NON_Install_Programs\DataHub\src\DataHub.Host\DataHub.Host.csproj]
c:\NON_Install_Programs\DataHub\src\DataHub.Host\Components\Shared\GenericDataView.razor(83,51): error CS0246: Typ nebo název oboru názvů DataResult<> se nenašel. (Nechybí direktiva using nebo odkaz na sestavení?) [c:\NON_Install_Programs\DataHub\src\DataHub.Host\DataHub.Host.csproj]
c:\NON_Install_Programs\DataHub\src\DataHub.Host\Components\Shared\GenericFilter.razor(64,43): error CS0246: Typ nebo název oboru názvů FilterCriterion se nenašel. (Nechybí direktiva using nebo odkaz na sestavení?) [c:\NON_Install_Programs\DataHub\src\DataHub.Host\DataHub.Host.csproj]
c:\NON_Install_Programs\DataHub\src\DataHub.Host\Components\_Imports.razor(10,58): error CS0234: Typ nebo název oboru názvů Emojis neexistuje v oboru názvů Microsoft.FluentUI.AspNetCore.Components. (Nechybí odkaz na sestavení?) [c:\NON_Install_Programs\DataHub\src\DataHub.Host\DataHub.Host.csproj]
c:\NON_Install_Programs\DataHub\src\DataHub.Host\Components\Shared\GenericFilter.razor(66,18): error CS0246: Typ nebo název oboru názvů ColumnDefinition<> se nenašel. (Nechybí direktiva using nebo odkaz na sestavení?) [c:\NON_Install_Programs\DataHub\src\DataHub.Host\DataHub.Host.csproj]
c:\NON_Install_Programs\DataHub\src\DataHub.Host\Components\Pages\AuditLogViewer.razor.cs(18,26): error CS0246: Typ nebo název oboru názvů IAuditLogService se nenašel. (Nechybí direktiva using nebo odkaz na sestavení?) [c:\NON_Install_Programs\DataHub\src\DataHub.Host\DataHub.Host.csproj]
c:\NON_Install_Programs\DataHub\src\DataHub.Host\Components\_Imports.razor(10,58): error CS0234: Typ nebo název oboru názvů Emojis neexistuje v oboru názvů Microsoft.FluentUI.AspNetCore.Components. (Nechybí odkaz na sestavení?) [c:\NON_Install_Programs\DataHub\src\DataHub.Host\DataHub.Host.csproj]
c:\NON_Install_Programs\DataHub\src\DataHub.Host\Components\Shared\GenericDataView.razor(84,29): error CS0246: Typ nebo název oboru názvů DataRequestBase se nenašel. (Nechybí direktiva using nebo odkaz na sestavení?) [c:\NON_Install_Programs\DataHub\src\DataHub.Host\DataHub.Host.csproj]
c:\NON_Install_Programs\DataHub\src\DataHub.Host\Components\Shared\GenericDataView.razor(84,51): error CS0246: Typ nebo název oboru názvů Stream se nenašel. (Nechybí direktiva using nebo odkaz na sestavení?) [c:\NON_Install_Programs\DataHub\src\DataHub.Host\DataHub.Host.csproj]
c:\NON_Install_Programs\DataHub\src\DataHub.Host\Components\Shared\GenericFilter.razor(70,22): error CS0246: Typ nebo název oboru názvů ILogger<> se nenašel. (Nechybí direktiva using nebo odkaz na sestavení?) [c:\NON_Install_Programs\DataHub\src\DataHub.Host\DataHub.Host.csproj]
c:\NON_Install_Programs\DataHub\src\DataHub.Host\Components\Shared\GenericFilter.razor(93,66): warning CS8669: Poznámka pro typy odkazů s možnou hodnotou null by se měla používat jenom v kódu v rámci kontextu poznámek #nullable. Automaticky vygenerovaný kód vyžaduje explicitní direktivu #nullable ve zdroji. [c:\NON_Install_Programs\DataHub\src\DataHub.Host\DataHub.Host.csproj]
c:\NON_Install_Programs\DataHub\src\DataHub.Host\Components\_Imports.razor(10,58): error CS0234: Typ nebo název oboru názvů Emojis neexistuje v oboru názvů Microsoft.FluentUI.AspNetCore.Components. (Nechybí odkaz na sestavení?) [c:\NON_Install_Programs\DataHub\src\DataHub.Host\DataHub.Host.csproj]
c:\NON_Install_Programs\DataHub\src\DataHub.Host\Components\Shared\GenericSort.razor(1,29): error CS0234: Typ nebo název oboru názvů UI neexistuje v oboru názvů RPK_BlazorApp.Models. (Nechybí odkaz na sestavení?) [c:\NON_Install_Programs\DataHub\src\DataHub.Host\DataHub.Host.csproj]
c:\NON_Install_Programs\DataHub\src\DataHub.Host\Components\Shared\GenericDataView.razor(86,29): error CS0246: Typ nebo název oboru názvů ColumnDefinition<> se nenašel. (Nechybí direktiva using nebo odkaz na sestavení?) [c:\NON_Install_Programs\DataHub\src\DataHub.Host\DataHub.Host.csproj]
c:\NON_Install_Programs\DataHub\src\DataHub.Host\Components\Shared\GenericFilter.razor(111,65): warning CS8669: Poznámka pro typy odkazů s možnou hodnotou null by se měla používat jenom v kódu v rámci kontextu poznámek #nullable. Automaticky vygenerovaný kód vyžaduje explicitní direktivu #nullable ve zdroji. [c:\NON_Install_Programs\DataHub\src\DataHub.Host\DataHub.Host.csproj]
c:\NON_Install_Programs\DataHub\src\DataHub.Host\Components\Shared\GenericFilter.razor(111,25): error CS0246: Typ nebo název oboru názvů FilterOperator se nenašel. (Nechybí direktiva using nebo odkaz na sestavení?) [c:\NON_Install_Programs\DataHub\src\DataHub.Host\DataHub.Host.csproj]
c:\NON_Install_Programs\DataHub\src\DataHub.Host\Components\Pages\DummyItems.razor.cs(20,17): error CS0246: Typ nebo název oboru názvů IDataService<> se nenašel. (Nechybí direktiva using nebo odkaz na sestavení?) [c:\NON_Install_Programs\DataHub\src\DataHub.Host\DataHub.Host.csproj]
c:\NON_Install_Programs\DataHub\src\DataHub.Host\Components\Pages\AuditLogViewer.razor.cs(148,28): error CS0246: Typ nebo název oboru názvů Stream se nenašel. (Nechybí direktiva using nebo odkaz na sestavení?) [c:\NON_Install_Programs\DataHub\src\DataHub.Host\DataHub.Host.csproj]
c:\NON_Install_Programs\DataHub\src\DataHub.Host\Components\Shared\GenericDataView.razor(87,29): error CS0246: Typ nebo název oboru názvů FilterCriterion se nenašel. (Nechybí direktiva using nebo odkaz na sestavení?) [c:\NON_Install_Programs\DataHub\src\DataHub.Host\DataHub.Host.csproj]
c:\NON_Install_Programs\DataHub\src\DataHub.Host\Components\Pages\AuditLogViewer.razor.cs(28,23): warning CS8632: Poznámka u typů odkazů s možnou hodnotou null by se měla v kódu používat jenom v kontextu poznámek #nullable. [c:\NON_Install_Programs\DataHub\src\DataHub.Host\DataHub.Host.csproj]
c:\NON_Install_Programs\DataHub\src\DataHub.Host\Components\Shared\GenericDataView.razor(90,45): warning CS8669: Poznámka pro typy odkazů s možnou hodnotou null by se měla používat jenom v kódu v rámci kontextu poznámek #nullable. Automaticky vygenerovaný kód vyžaduje explicitní direktivu #nullable ve zdroji. [c:\NON_Install_Programs\DataHub\src\DataHub.Host\DataHub.Host.csproj]
c:\NON_Install_Programs\DataHub\src\DataHub.Host\Components\Pages\AuditLogViewer.razor.cs(31,42): warning CS8632: Poznámka u typů odkazů s možnou hodnotou null by se měla v kódu používat jenom v kontextu poznámek #nullable. [c:\NON_Install_Programs\DataHub\src\DataHub.Host\DataHub.Host.csproj]
c:\NON_Install_Programs\DataHub\src\DataHub.Host\Components\Shared\GenericFilter.razor(193,16): error CS0246: Typ nebo název oboru názvů ColumnDefinition<> se nenašel. (Nechybí direktiva using nebo odkaz na sestavení?) [c:\NON_Install_Programs\DataHub\src\DataHub.Host\DataHub.Host.csproj]
c:\NON_Install_Programs\DataHub\src\DataHub.Host\Components\Pages\DummyItems.razor.cs(45,28): error CS0246: Typ nebo název oboru názvů Stream se nenašel. (Nechybí direktiva using nebo odkaz na sestavení?) [c:\NON_Install_Programs\DataHub\src\DataHub.Host\DataHub.Host.csproj]
c:\NON_Install_Programs\DataHub\src\DataHub.Host\Components\Shared\GenericDataView.razor(94,22): error CS0246: Typ nebo název oboru názvů ILogger<> se nenašel. (Nechybí direktiva using nebo odkaz na sestavení?) [c:\NON_Install_Programs\DataHub\src\DataHub.Host\DataHub.Host.csproj]
c:\NON_Install_Programs\DataHub\src\DataHub.Host\Components\Shared\GenericFilter.razor(195,16): error CS0246: Typ nebo název oboru názvů FilterOperator se nenašel. (Nechybí direktiva using nebo odkaz na sestavení?) [c:\NON_Install_Programs\DataHub\src\DataHub.Host\DataHub.Host.csproj]
c:\NON_Install_Programs\DataHub\src\DataHub.Host\Components\Pages\DummyItems.razor.cs(65,43): warning CS8632: Poznámka u typů odkazů s možnou hodnotou null by se měla v kódu používat jenom v kontextu poznámek #nullable. [c:\NON_Install_Programs\DataHub\src\DataHub.Host\DataHub.Host.csproj]
c:\NON_Install_Programs\DataHub\src\DataHub.Host\Components\Pages\DummyItems.razor.cs(67,23): warning CS8632: Poznámka u typů odkazů s možnou hodnotou null by se měla v kódu používat jenom v kontextu poznámek #nullable. [c:\NON_Install_Programs\DataHub\src\DataHub.Host\DataHub.Host.csproj]
c:\NON_Install_Programs\DataHub\src\DataHub.Host\Components\Pages\DummyItems.razor.cs(68,23): warning CS8632: Poznámka u typů odkazů s možnou hodnotou null by se měla v kódu používat jenom v kontextu poznámek #nullable. [c:\NON_Install_Programs\DataHub\src\DataHub.Host\DataHub.Host.csproj]
c:\NON_Install_Programs\DataHub\src\DataHub.Host\Components\_Imports.razor(10,58): error CS0234: Typ nebo název oboru názvů Emojis neexistuje v oboru názvů Microsoft.FluentUI.AspNetCore.Components. (Nechybí odkaz na sestavení?) [c:\NON_Install_Programs\DataHub\src\DataHub.Host\DataHub.Host.csproj]
c:\NON_Install_Programs\DataHub\src\DataHub.Host\Components\Shared\GenericDataView.razor(101,18): warning CS8669: Poznámka pro typy odkazů s možnou hodnotou null by se měla používat jenom v kódu v rámci kontextu poznámek #nullable. Automaticky vygenerovaný kód vyžaduje explicitní direktivu #nullable ve zdroji. [c:\NON_Install_Programs\DataHub\src\DataHub.Host\DataHub.Host.csproj]
c:\NON_Install_Programs\DataHub\src\DataHub.Host\Components\Pages\Error.razor(44,18): warning CS8669: Poznámka pro typy odkazů s možnou hodnotou null by se měla používat jenom v kódu v rámci kontextu poznámek #nullable. Automaticky vygenerovaný kód vyžaduje explicitní direktivu #nullable ve zdroji. [c:\NON_Install_Programs\DataHub\src\DataHub.Host\DataHub.Host.csproj]
c:\NON_Install_Programs\DataHub\src\DataHub.Host\Components\Shared\QueryBuilderModal.razor(2,29): error CS0234: Typ nebo název oboru názvů UI neexistuje v oboru názvů RPK_BlazorApp.Models. (Nechybí odkaz na sestavení?) [c:\NON_Install_Programs\DataHub\src\DataHub.Host\DataHub.Host.csproj]
c:\NON_Install_Programs\DataHub\src\DataHub.Host\Components\Shared\QueryBuilderModal.razor(3,22): error CS0234: Typ nebo název oboru názvů Services neexistuje v oboru názvů RPK_BlazorApp. (Nechybí odkaz na sestavení?) [c:\NON_Install_Programs\DataHub\src\DataHub.Host\DataHub.Host.csproj]
c:\NON_Install_Programs\DataHub\src\DataHub.Host\Components\Shared\QueryBuilderModal.razor(4,29): error CS0234: Typ nebo název oboru názvů DataGrid neexistuje v oboru názvů RPK_BlazorApp.Models. (Nechybí odkaz na sestavení?) [c:\NON_Install_Programs\DataHub\src\DataHub.Host\DataHub.Host.csproj]
c:\NON_Install_Programs\DataHub\src\DataHub.Host\Components\Pages\DummyItemAction.razor(24,12): error CS0246: Typ nebo název oboru názvů IDataService<> se nenašel. (Nechybí direktiva using nebo odkaz na sestavení?) [c:\NON_Install_Programs\DataHub\src\DataHub.Host\DataHub.Host.csproj]
c:\NON_Install_Programs\DataHub\src\DataHub.Host\Components\Pages\Login.razor(10,9): error CS0246: Typ nebo název oboru názvů DevelopmentAuthenticationStateProvider se nenašel. (Nechybí direktiva using nebo odkaz na sestavení?) [c:\NON_Install_Programs\DataHub\src\DataHub.Host\DataHub.Host.csproj]
c:\NON_Install_Programs\DataHub\src\DataHub.Host\Components\_Imports.razor(10,58): error CS0234: Typ nebo název oboru názvů Emojis neexistuje v oboru názvů Microsoft.FluentUI.AspNetCore.Components. (Nechybí odkaz na sestavení?) [c:\NON_Install_Programs\DataHub\src\DataHub.Host\DataHub.Host.csproj]
c:\NON_Install_Programs\DataHub\src\DataHub.Host\Components\Shared\FloatingQueryBuilder.razor(3,29): error CS0234: Typ nebo název oboru názvů UI neexistuje v oboru názvů RPK_BlazorApp.Models. (Nechybí odkaz na sestavení?) [c:\NON_Install_Programs\DataHub\src\DataHub.Host\DataHub.Host.csproj]
c:\NON_Install_Programs\DataHub\src\DataHub.Host\Components\Shared\FloatingQueryBuilder.razor(4,22): error CS0234: Typ nebo název oboru názvů Services neexistuje v oboru názvů RPK_BlazorApp. (Nechybí odkaz na sestavení?) [c:\NON_Install_Programs\DataHub\src\DataHub.Host\DataHub.Host.csproj]
c:\NON_Install_Programs\DataHub\src\DataHub.Host\Components\Shared\FloatingQueryBuilder.razor(5,29): error CS0234: Typ nebo název oboru názvů DataGrid neexistuje v oboru názvů RPK_BlazorApp.Models. (Nechybí odkaz na sestavení?) [c:\NON_Install_Programs\DataHub\src\DataHub.Host\DataHub.Host.csproj]
c:\NON_Install_Programs\DataHub\src\DataHub.Host\Components\Shared\AdvancedCriteriaInput.razor(21,26): error CS0246: Typ nebo název oboru názvů SavedCriteria se nenašel. (Nechybí direktiva using nebo odkaz na sestavení?) [c:\NON_Install_Programs\DataHub\src\DataHub.Host\DataHub.Host.csproj]
c:\NON_Install_Programs\DataHub\src\DataHub.Host\Components\Shared\AdvancedCriteriaInput.razor(3,9): error CS0246: Typ nebo název oboru názvů QueryParserService se nenašel. (Nechybí direktiva using nebo odkaz na sestavení?) [c:\NON_Install_Programs\DataHub\src\DataHub.Host\DataHub.Host.csproj]
c:\NON_Install_Programs\DataHub\src\DataHub.Host\Components\Shared\GenericEntityActionPage.razor(9,51): error CS0246: Typ nebo název oboru názvů IAuditableEntity se nenašel. (Nechybí direktiva using nebo odkaz na sestavení?) [c:\NON_Install_Programs\DataHub\src\DataHub.Host\DataHub.Host.csproj]
c:\NON_Install_Programs\DataHub\src\DataHub.Host\Components\Shared\GenericEntityActionPage.razor(100,12): error CS0246: Typ nebo název oboru názvů IDataService<> se nenašel. (Nechybí direktiva using nebo odkaz na sestavení?) [c:\NON_Install_Programs\DataHub\src\DataHub.Host\DataHub.Host.csproj]
c:\NON_Install_Programs\DataHub\src\DataHub.Host\Components\Shared\GenericEntityActionPage.razor(15,9): error CS0246: Typ nebo název oboru názvů ILogger<> se nenašel. (Nechybí direktiva using nebo odkaz na sestavení?) [c:\NON_Install_Programs\DataHub\src\DataHub.Host\DataHub.Host.csproj]
c:\NON_Install_Programs\DataHub\src\DataHub.Host\Components\Shared\GenericEntityActionPage.razor(13,9): error CS0246: Typ nebo název oboru názvů ChangeSetService se nenašel. (Nechybí direktiva using nebo odkaz na sestavení?) [c:\NON_Install_Programs\DataHub\src\DataHub.Host\DataHub.Host.csproj]
c:\NON_Install_Programs\DataHub\src\DataHub.Host\Components\Shared\GenericEntityActionPage.razor(12,9): error CS0246: Typ nebo název oboru názvů NavigationContextService se nenašel. (Nechybí direktiva using nebo odkaz na sestavení?) [c:\NON_Install_Programs\DataHub\src\DataHub.Host\DataHub.Host.csproj]

Sestavení SE NEZDAŘILO.

c:\NON_Install_Programs\DataHub\domains\Eisod\Eisod.Shared\Models\ViewEisodSd.cs(24,18): warning CS8632: Poznámka u typů odkazů s možnou hodnotou null by se měla v kódu používat jenom v kontextu poznámek #nullable. [c:\NON_Install_Programs\DataHub\domains\Eisod\Eisod.Shared\Eisod.Shared.csproj]
c:\NON_Install_Programs\DataHub\domains\Grinding\Grinding.Shared\Dtos\OperationalRestPostRequestDTO.cs(34,22): warning CS8632: Poznámka u typů odkazů s možnou hodnotou null by se měla v kódu používat jenom v kontextu poznámek #nullable. [c:\NON_Install_Programs\DataHub\domains\Grinding\Grinding.Shared\Grinding.Shared.csproj]
c:\NON_Install_Programs\DataHub\domains\Eisod\Eisod.Shared\Models\ViewEisodSd.cs(28,18): warning CS8632: Poznámka u typů odkazů s možnou hodnotou null by se měla v kódu používat jenom v kontextu poznámek #nullable. [c:\NON_Install_Programs\DataHub\domains\Eisod\Eisod.Shared\Eisod.Shared.csproj]
c:\NON_Install_Programs\DataHub\domains\Eisod\Eisod.Shared\Models\ViewEisodSd.cs(32,18): warning CS8632: Poznámka u typů odkazů s možnou hodnotou null by se měla v kódu používat jenom v kontextu poznámek #nullable. [c:\NON_Install_Programs\DataHub\domains\Eisod\Eisod.Shared\Eisod.Shared.csproj]
c:\NON_Install_Programs\DataHub\domains\Eisod\Eisod.Shared\Models\ViewEisodSd.cs(42,18): warning CS8632: Poznámka u typů odkazů s možnou hodnotou null by se měla v kódu používat jenom v kontextu poznámek #nullable. [c:\NON_Install_Programs\DataHub\domains\Eisod\Eisod.Shared\Eisod.Shared.csproj]
c:\NON_Install_Programs\DataHub\domains\Grinding\Grinding.Shared\Dtos\OperationalRestResponseDTO.cs(14,22): warning CS8632: Poznámka u typů odkazů s možnou hodnotou null by se měla v kódu používat jenom v kontextu poznámek #nullable. [c:\NON_Install_Programs\DataHub\domains\Grinding\Grinding.Shared\Grinding.Shared.csproj]
c:\NON_Install_Programs\DataHub\domains\Grinding\Grinding.Shared\Models\Operational.cs(35,22): warning CS8632: Poznámka u typů odkazů s možnou hodnotou null by se měla v kódu používat jenom v kontextu poznámek #nullable. [c:\NON_Install_Programs\DataHub\domains\Grinding\Grinding.Shared\Grinding.Shared.csproj]
c:\NON_Install_Programs\DataHub\src\DataHub.Platform\Repositories\DummyItemRepository.cs(51,30): warning CS8632: Poznámka u typů odkazů s možnou hodnotou null by se měla v kódu používat jenom v kontextu poznámek #nullable. [c:\NON_Install_Programs\DataHub\src\DataHub.Platform\DataHub.Platform.csproj]
c:\NON_Install_Programs\DataHub\src\DataHub.Platform\Repositories\DummyItemRepository.cs(71,30): warning CS8632: Poznámka u typů odkazů s možnou hodnotou null by se měla v kódu používat jenom v kontextu poznámek #nullable. [c:\NON_Install_Programs\DataHub\src\DataHub.Platform\DataHub.Platform.csproj]
c:\NON_Install_Programs\DataHub\src\DataHub.Platform\Repositories\Generic\Repository.cs(35,42): warning CS8632: Poznámka u typů odkazů s možnou hodnotou null by se měla v kódu používat jenom v kontextu poznámek #nullable. [c:\NON_Install_Programs\DataHub\src\DataHub.Platform\DataHub.Platform.csproj]
c:\NON_Install_Programs\DataHub\src\DataHub.Platform\Data\Interceptors\ComprehensiveAuditInterceptor.cs(36,54): warning CS8632: Poznámka u typů odkazů s možnou hodnotou null by se měla v kódu používat jenom v kontextu poznámek #nullable. [c:\NON_Install_Programs\DataHub\src\DataHub.Platform\DataHub.Platform.csproj]
c:\NON_Install_Programs\DataHub\src\DataHub.Platform\Data\ApplicationDbContext.cs(135,23): warning CS8632: Poznámka u typů odkazů s možnou hodnotou null by se měla v kódu používat jenom v kontextu poznámek #nullable. [c:\NON_Install_Programs\DataHub\src\DataHub.Platform\DataHub.Platform.csproj]
c:\NON_Install_Programs\DataHub\src\DataHub.Platform\Data\ApplicationDbContext.cs(151,23): warning CS8632: Poznámka u typů odkazů s možnou hodnotou null by se měla v kódu používat jenom v kontextu poznámek #nullable. [c:\NON_Install_Programs\DataHub\src\DataHub.Platform\DataHub.Platform.csproj]
c:\NON_Install_Programs\DataHub\src\DataHub.Platform\Data\ApplicationDbContext.cs(17,46): warning CS8632: Poznámka u typů odkazů s možnou hodnotou null by se měla v kódu používat jenom v kontextu poznámek #nullable. [c:\NON_Install_Programs\DataHub\src\DataHub.Platform\DataHub.Platform.csproj]
c:\NON_Install_Programs\DataHub\src\DataHub.Platform\Data\ApplicationDbContext.cs(19,105): warning CS8632: Poznámka u typů odkazů s možnou hodnotou null by se měla v kódu používat jenom v kontextu poznámek #nullable. [c:\NON_Install_Programs\DataHub\src\DataHub.Platform\DataHub.Platform.csproj]
c:\NON_Install_Programs\DataHub\src\DataHub.Platform\Repositories\AuditLogRepository.cs(47,44): warning CS8632: Poznámka u typů odkazů s možnou hodnotou null by se měla v kódu používat jenom v kontextu poznámek #nullable. [c:\NON_Install_Programs\DataHub\src\DataHub.Platform\DataHub.Platform.csproj]
c:\NON_Install_Programs\DataHub\src\DataHub.Platform\Data\ApplicationDbContext.cs(137,55): warning CS8632: Poznámka u typů odkazů s možnou hodnotou null by se měla v kódu používat jenom v kontextu poznámek #nullable. [c:\NON_Install_Programs\DataHub\src\DataHub.Platform\DataHub.Platform.csproj]
c:\NON_Install_Programs\DataHub\src\DataHub.Platform\Data\Interceptors\ComprehensiveAuditInterceptor.cs(57,31): warning CS8632: Poznámka u typů odkazů s možnou hodnotou null by se měla v kódu používat jenom v kontextu poznámek #nullable. [c:\NON_Install_Programs\DataHub\src\DataHub.Platform\DataHub.Platform.csproj]
c:\NON_Install_Programs\DataHub\src\DataHub.Platform\Data\Interceptors\ComprehensiveAuditInterceptor.cs(100,78): warning CS8632: Poznámka u typů odkazů s možnou hodnotou null by se měla v kódu používat jenom v kontextu poznámek #nullable. [c:\NON_Install_Programs\DataHub\src\DataHub.Platform\DataHub.Platform.csproj]
c:\NON_Install_Programs\DataHub\src\DataHub.Platform\Data\Interceptors\ComprehensiveAuditInterceptor.cs(101,78): warning CS8632: Poznámka u typů odkazů s možnou hodnotou null by se měla v kódu používat jenom v kontextu poznámek #nullable. [c:\NON_Install_Programs\DataHub\src\DataHub.Platform\DataHub.Platform.csproj]
c:\NON_Install_Programs\DataHub\src\DataHub.Platform\Data\Interceptors\ComprehensiveAuditInterceptor.cs(136,57): warning CS8632: Poznámka u typů odkazů s možnou hodnotou null by se měla v kódu používat jenom v kontextu poznámek #nullable. [c:\NON_Install_Programs\DataHub\src\DataHub.Platform\DataHub.Platform.csproj]
c:\NON_Install_Programs\DataHub\src\DataHub.Platform\Repositories\DummyItemRepository.cs(82,53): warning CS8632: Poznámka u typů odkazů s možnou hodnotou null by se měla v kódu používat jenom v kontextu poznámek #nullable. [c:\NON_Install_Programs\DataHub\src\DataHub.Platform\DataHub.Platform.csproj]
c:\NON_Install_Programs\DataHub\src\DataHub.Platform\Repositories\DummyItemRepository.cs(84,49): warning CS8632: Poznámka u typů odkazů s možnou hodnotou null by se měla v kódu používat jenom v kontextu poznámek #nullable. [c:\NON_Install_Programs\DataHub\src\DataHub.Platform\DataHub.Platform.csproj]
c:\NON_Install_Programs\DataHub\domains\Eisod\Eisod.Pages\EisodSdView.razor.cs(27,52): warning CS8632: Poznámka u typů odkazů s možnou hodnotou null by se měla v kódu používat jenom v kontextu poznámek #nullable. [c:\NON_Install_Programs\DataHub\domains\Eisod\Eisod.Pages\Eisod.Pages.csproj]
c:\NON_Install_Programs\DataHub\domains\Eisod\Eisod.Pages\EisodSdView.razor.cs(29,23): warning CS8632: Poznámka u typů odkazů s možnou hodnotou null by se měla v kódu používat jenom v kontextu poznámek #nullable. [c:\NON_Install_Programs\DataHub\domains\Eisod\Eisod.Pages\Eisod.Pages.csproj]
c:\NON_Install_Programs\DataHub\domains\Eisod\Eisod.Pages\EisodSdView.razor.cs(30,23): warning CS8632: Poznámka u typů odkazů s možnou hodnotou null by se měla v kódu používat jenom v kontextu poznámek #nullable. [c:\NON_Install_Programs\DataHub\domains\Eisod\Eisod.Pages\Eisod.Pages.csproj]
c:\NON_Install_Programs\DataHub\domains\Grinding\Grinding.Pages\DummyItemDetails.razor(43,22): warning CS8669: Poznámka pro typy odkazů s možnou hodnotou null by se měla používat jenom v kódu v rámci kontextu poznámek #nullable. Automaticky vygenerovaný kód vyžaduje explicitní direktivu #nullable ve zdroji. [c:\NON_Install_Programs\DataHub\domains\Grinding\Grinding.Pages\Grinding.Pages.csproj]
c:\NON_Install_Programs\DataHub\domains\Grinding\Grinding.Pages\AlarmsView.razor(69,25): warning CS8669: Poznámka pro typy odkazů s možnou hodnotou null by se měla používat jenom v kódu v rámci kontextu poznámek #nullable. Automaticky vygenerovaný kód vyžaduje explicitní direktivu #nullable ve zdroji. [c:\NON_Install_Programs\DataHub\domains\Grinding\Grinding.Pages\Grinding.Pages.csproj]
c:\NON_Install_Programs\DataHub\domains\Grinding\Grinding.Pages\AlarmsView.razor(71,19): warning CS8669: Poznámka pro typy odkazů s možnou hodnotou null by se měla používat jenom v kódu v rámci kontextu poznámek #nullable. Automaticky vygenerovaný kód vyžaduje explicitní direktivu #nullable ve zdroji. [c:\NON_Install_Programs\DataHub\domains\Grinding\Grinding.Pages\Grinding.Pages.csproj]
c:\NON_Install_Programs\DataHub\domains\Grinding\Grinding.Pages\AuditLogViewer.razor.cs(30,23): warning CS8632: Poznámka u typů odkazů s možnou hodnotou null by se měla v kódu používat jenom v kontextu poznámek #nullable. [c:\NON_Install_Programs\DataHub\domains\Grinding\Grinding.Pages\Grinding.Pages.csproj]
c:\NON_Install_Programs\DataHub\domains\Grinding\Grinding.Pages\DummyItems.razor.cs(62,43): warning CS8632: Poznámka u typů odkazů s možnou hodnotou null by se měla v kódu používat jenom v kontextu poznámek #nullable. [c:\NON_Install_Programs\DataHub\domains\Grinding\Grinding.Pages\Grinding.Pages.csproj]
c:\NON_Install_Programs\DataHub\domains\Grinding\Grinding.Pages\Alarms.razor.cs(50,46): warning CS8632: Poznámka u typů odkazů s možnou hodnotou null by se měla v kódu používat jenom v kontextu poznámek #nullable. [c:\NON_Install_Programs\DataHub\domains\Grinding\Grinding.Pages\Grinding.Pages.csproj]
c:\NON_Install_Programs\DataHub\domains\Grinding\Grinding.Pages\Alarms.razor.cs(51,23): warning CS8632: Poznámka u typů odkazů s možnou hodnotou null by se měla v kódu používat jenom v kontextu poznámek #nullable. [c:\NON_Install_Programs\DataHub\domains\Grinding\Grinding.Pages\Grinding.Pages.csproj]
c:\NON_Install_Programs\DataHub\domains\Grinding\Grinding.Pages\DummyItems.razor.cs(64,23): warning CS8632: Poznámka u typů odkazů s možnou hodnotou null by se měla v kódu používat jenom v kontextu poznámek #nullable. [c:\NON_Install_Programs\DataHub\domains\Grinding\Grinding.Pages\Grinding.Pages.csproj]
c:\NON_Install_Programs\DataHub\domains\Grinding\Grinding.Pages\Alarms.razor.cs(52,23): warning CS8632: Poznámka u typů odkazů s možnou hodnotou null by se měla v kódu používat jenom v kontextu poznámek #nullable. [c:\NON_Install_Programs\DataHub\domains\Grinding\Grinding.Pages\Grinding.Pages.csproj]
c:\NON_Install_Programs\DataHub\domains\Grinding\Grinding.Pages\DummyItems.razor.cs(65,23): warning CS8632: Poznámka u typů odkazů s možnou hodnotou null by se měla v kódu používat jenom v kontextu poznámek #nullable. [c:\NON_Install_Programs\DataHub\domains\Grinding\Grinding.Pages\Grinding.Pages.csproj]
c:\NON_Install_Programs\DataHub\domains\Grinding\Grinding.Pages\AuditLogViewer.razor.cs(33,42): warning CS8632: Poznámka u typů odkazů s možnou hodnotou null by se měla v kódu používat jenom v kontextu poznámek #nullable. [c:\NON_Install_Programs\DataHub\domains\Grinding\Grinding.Pages\Grinding.Pages.csproj]
c:\NON_Install_Programs\DataHub\domains\Grinding\Grinding.Pages\Alarms.razor.cs(58,23): warning CS8632: Poznámka u typů odkazů s možnou hodnotou null by se měla v kódu používat jenom v kontextu poznámek #nullable. [c:\NON_Install_Programs\DataHub\domains\Grinding\Grinding.Pages\Grinding.Pages.csproj]
c:\NON_Install_Programs\DataHub\src\DataHub.Host\Components\Pages\DummyItems.razor.cs(12,7): warning CS0105: Direktiva using pro DataHub.Core.Services se objevila už dřív v tomto oboru názvů. [c:\NON_Install_Programs\DataHub\src\DataHub.Host\DataHub.Host.csproj]
c:\NON_Install_Programs\DataHub\src\DataHub.Host\Components\Shared\AdvancedFilterBuilder.razor.cs(135,23): warning CS8632: Poznámka u typů odkazů s možnou hodnotou null by se měla v kódu používat jenom v kontextu poznámek #nullable. [c:\NON_Install_Programs\DataHub\src\DataHub.Host\DataHub.Host.csproj]
c:\NON_Install_Programs\DataHub\src\DataHub.Host\Components\Shared\FloatingQueryBuilder.razor.cs(19,32): warning CS8632: Poznámka u typů odkazů s možnou hodnotou null by se měla v kódu používat jenom v kontextu poznámek #nullable. [c:\NON_Install_Programs\DataHub\src\DataHub.Host\DataHub.Host.csproj]
c:\NON_Install_Programs\DataHub\src\DataHub.Host\Components\Shared\GenericFilter.razor(93,66): warning CS8669: Poznámka pro typy odkazů s možnou hodnotou null by se měla používat jenom v kódu v rámci kontextu poznámek #nullable. Automaticky vygenerovaný kód vyžaduje explicitní direktivu #nullable ve zdroji. [c:\NON_Install_Programs\DataHub\src\DataHub.Host\DataHub.Host.csproj]
c:\NON_Install_Programs\DataHub\src\DataHub.Host\Components\Shared\GenericFilter.razor(111,65): warning CS8669: Poznámka pro typy odkazů s možnou hodnotou null by se měla používat jenom v kódu v rámci kontextu poznámek #nullable. Automaticky vygenerovaný kód vyžaduje explicitní direktivu #nullable ve zdroji. [c:\NON_Install_Programs\DataHub\src\DataHub.Host\DataHub.Host.csproj]
c:\NON_Install_Programs\DataHub\src\DataHub.Host\Components\Pages\AuditLogViewer.razor.cs(28,23): warning CS8632: Poznámka u typů odkazů s možnou hodnotou null by se měla v kódu používat jenom v kontextu poznámek #nullable. [c:\NON_Install_Programs\DataHub\src\DataHub.Host\DataHub.Host.csproj]
c:\NON_Install_Programs\DataHub\src\DataHub.Host\Components\Shared\GenericDataView.razor(90,45): warning CS8669: Poznámka pro typy odkazů s možnou hodnotou null by se měla používat jenom v kódu v rámci kontextu poznámek #nullable. Automaticky vygenerovaný kód vyžaduje explicitní direktivu #nullable ve zdroji. [c:\NON_Install_Programs\DataHub\src\DataHub.Host\DataHub.Host.csproj]
c:\NON_Install_Programs\DataHub\src\DataHub.Host\Components\Pages\AuditLogViewer.razor.cs(31,42): warning CS8632: Poznámka u typů odkazů s možnou hodnotou null by se měla v kódu používat jenom v kontextu poznámek #nullable. [c:\NON_Install_Programs\DataHub\src\DataHub.Host\DataHub.Host.csproj]
c:\NON_Install_Programs\DataHub\src\DataHub.Host\Components\Pages\DummyItems.razor.cs(65,43): warning CS8632: Poznámka u typů odkazů s možnou hodnotou null by se měla v kódu používat jenom v kontextu poznámek #nullable. [c:\NON_Install_Programs\DataHub\src\DataHub.Host\DataHub.Host.csproj]
c:\NON_Install_Programs\DataHub\src\DataHub.Host\Components\Pages\DummyItems.razor.cs(67,23): warning CS8632: Poznámka u typů odkazů s možnou hodnotou null by se měla v kódu používat jenom v kontextu poznámek #nullable. [c:\NON_Install_Programs\DataHub\src\DataHub.Host\DataHub.Host.csproj]
c:\NON_Install_Programs\DataHub\src\DataHub.Host\Components\Pages\DummyItems.razor.cs(68,23): warning CS8632: Poznámka u typů odkazů s možnou hodnotou null by se měla v kódu používat jenom v kontextu poznámek #nullable. [c:\NON_Install_Programs\DataHub\src\DataHub.Host\DataHub.Host.csproj]
c:\NON_Install_Programs\DataHub\src\DataHub.Host\Components\Shared\GenericDataView.razor(101,18): warning CS8669: Poznámka pro typy odkazů s možnou hodnotou null by se měla používat jenom v kódu v rámci kontextu poznámek #nullable. Automaticky vygenerovaný kód vyžaduje explicitní direktivu #nullable ve zdroji. [c:\NON_Install_Programs\DataHub\src\DataHub.Host\DataHub.Host.csproj]
c:\NON_Install_Programs\DataHub\src\DataHub.Host\Components\Pages\Error.razor(44,18): warning CS8669: Poznámka pro typy odkazů s možnou hodnotou null by se měla používat jenom v kódu v rámci kontextu poznámek #nullable. Automaticky vygenerovaný kód vyžaduje explicitní direktivu #nullable ve zdroji. [c:\NON_Install_Programs\DataHub\src\DataHub.Host\DataHub.Host.csproj]
c:\NON_Install_Programs\DataHub\src\DataHub.Host\Components\Shared\AdvancedFilterBuilder.razor(33,5): error RZ9985: Multiple components use the tag 'QueryBuilderModal'. Components: DataHub.Core.Components.Shared.QueryBuilderModal<TItem>, DataHub.Host.Components.Shared.QueryBuilderModal<TItem>, RPK_BlazorApp.Components.Shared.QueryBuilderModal<TItem>, Microsoft.AspNetCore.Components.Bind, DataHub.Core.Components.Shared.QueryBuilderModal<TItem> [c:\NON_Install_Programs\DataHub\src\DataHub.Host\DataHub.Host.csproj]
c:\NON_Install_Programs\DataHub\src\DataHub.Host\Components\Layout\Layout\MainLayout.razor(26,17): error RZ9985: Multiple components use the tag 'DevAuthControl'. Components: DataHub.Host.Components.Layout.DevAuthControl, DataHub.Host.Components.Layout.Layout.DevAuthControl [c:\NON_Install_Programs\DataHub\src\DataHub.Host\DataHub.Host.csproj]
c:\NON_Install_Programs\DataHub\src\DataHub.Host\Components\Layout\Layout\MainLayout.razor(31,9): error RZ9985: Multiple components use the tag 'NavMenu'. Components: DataHub.Host.Components.Layout.Layout.NavMenu, DataHub.Host.Components.Layout.NavMenu [c:\NON_Install_Programs\DataHub\src\DataHub.Host\DataHub.Host.csproj]
c:\NON_Install_Programs\DataHub\src\DataHub.Host\Components\Shared\AdvancedFilterBuilder.razor.cs(5,28): error CS0234: Typ nebo název oboru názvů UI neexistuje v oboru názvů RPK_BlazorApp.Models. (Nechybí odkaz na sestavení?) [c:\NON_Install_Programs\DataHub\src\DataHub.Host\DataHub.Host.csproj]
c:\NON_Install_Programs\DataHub\src\DataHub.Host\Components\Shared\AdvancedFilterBuilder.razor.cs(6,21): error CS0234: Typ nebo název oboru názvů Services neexistuje v oboru názvů RPK_BlazorApp. (Nechybí odkaz na sestavení?) [c:\NON_Install_Programs\DataHub\src\DataHub.Host\DataHub.Host.csproj]
c:\NON_Install_Programs\DataHub\src\DataHub.Host\Components\Shared\AdvancedFilterBuilder.razor.cs(10,28): error CS0234: Typ nebo název oboru názvů DataGrid neexistuje v oboru názvů RPK_BlazorApp.Models. (Nechybí odkaz na sestavení?) [c:\NON_Install_Programs\DataHub\src\DataHub.Host\DataHub.Host.csproj]
c:\NON_Install_Programs\DataHub\src\DataHub.Host\Components\Shared\FloatingQueryBuilder.razor.cs(4,28): error CS0234: Typ nebo název oboru názvů UI neexistuje v oboru názvů RPK_BlazorApp.Models. (Nechybí odkaz na sestavení?) [c:\NON_Install_Programs\DataHub\src\DataHub.Host\DataHub.Host.csproj]
c:\NON_Install_Programs\DataHub\src\DataHub.Host\Components\Shared\GenericSort.razor.cs(2,28): error CS0234: Typ nebo název oboru názvů UI neexistuje v oboru názvů RPK_BlazorApp.Models. (Nechybí odkaz na sestavení?) [c:\NON_Install_Programs\DataHub\src\DataHub.Host\DataHub.Host.csproj]
c:\NON_Install_Programs\DataHub\src\DataHub.Host\Components\Shared\GenericSort.razor.cs(6,28): error CS0234: Typ nebo název oboru názvů DataGrid neexistuje v oboru názvů RPK_BlazorApp.Models. (Nechybí odkaz na sestavení?) [c:\NON_Install_Programs\DataHub\src\DataHub.Host\DataHub.Host.csproj]
c:\NON_Install_Programs\DataHub\src\DataHub.Host\Components\Shared\QueryBuilderModal.razor.cs(4,28): error CS0234: Typ nebo název oboru názvů UI neexistuje v oboru názvů RPK_BlazorApp.Models. (Nechybí odkaz na sestavení?) [c:\NON_Install_Programs\DataHub\src\DataHub.Host\DataHub.Host.csproj]
c:\NON_Install_Programs\DataHub\src\DataHub.Host\Components\Shared\QueryBuilderModal.razor.cs(8,28): error CS0234: Typ nebo název oboru názvů DataGrid neexistuje v oboru názvů RPK_BlazorApp.Models. (Nechybí odkaz na sestavení?) [c:\NON_Install_Programs\DataHub\src\DataHub.Host\DataHub.Host.csproj]
c:\NON_Install_Programs\DataHub\src\DataHub.Host\Components\_Imports.razor(10,58): error CS0234: Typ nebo název oboru názvů Emojis neexistuje v oboru názvů Microsoft.FluentUI.AspNetCore.Components. (Nechybí odkaz na sestavení?) [c:\NON_Install_Programs\DataHub\src\DataHub.Host\DataHub.Host.csproj]
c:\NON_Install_Programs\DataHub\src\DataHub.Host\Components\_Imports.razor(10,58): error CS0234: Typ nebo název oboru názvů Emojis neexistuje v oboru názvů Microsoft.FluentUI.AspNetCore.Components. (Nechybí odkaz na sestavení?) [c:\NON_Install_Programs\DataHub\src\DataHub.Host\DataHub.Host.csproj]
c:\NON_Install_Programs\DataHub\src\DataHub.Host\Components\_Imports.razor(10,58): error CS0234: Typ nebo název oboru názvů Emojis neexistuje v oboru názvů Microsoft.FluentUI.AspNetCore.Components. (Nechybí odkaz na sestavení?) [c:\NON_Install_Programs\DataHub\src\DataHub.Host\DataHub.Host.csproj]
c:\NON_Install_Programs\DataHub\src\DataHub.Host\Components\_Imports.razor(10,58): error CS0234: Typ nebo název oboru názvů Emojis neexistuje v oboru názvů Microsoft.FluentUI.AspNetCore.Components. (Nechybí odkaz na sestavení?) [c:\NON_Install_Programs\DataHub\src\DataHub.Host\DataHub.Host.csproj]
c:\NON_Install_Programs\DataHub\src\DataHub.Host\Components\Shared\GenericDataView.razor(5,29): error CS0234: Typ nebo název oboru názvů DataGrid neexistuje v oboru názvů RPK_BlazorApp.Models. (Nechybí odkaz na sestavení?) [c:\NON_Install_Programs\DataHub\src\DataHub.Host\DataHub.Host.csproj]
c:\NON_Install_Programs\DataHub\src\DataHub.Host\Components\Shared\GenericDataView.razor(6,29): error CS0234: Typ nebo název oboru názvů UI neexistuje v oboru názvů RPK_BlazorApp.Models. (Nechybí odkaz na sestavení?) [c:\NON_Install_Programs\DataHub\src\DataHub.Host\DataHub.Host.csproj]
c:\NON_Install_Programs\DataHub\src\DataHub.Host\Components\Shared\GenericDataView.razor(7,22): error CS0234: Typ nebo název oboru názvů Services neexistuje v oboru názvů RPK_BlazorApp. (Nechybí odkaz na sestavení?) [c:\NON_Install_Programs\DataHub\src\DataHub.Host\DataHub.Host.csproj]
c:\NON_Install_Programs\DataHub\src\DataHub.Host\Components\_Imports.razor(10,58): error CS0234: Typ nebo název oboru názvů Emojis neexistuje v oboru názvů Microsoft.FluentUI.AspNetCore.Components. (Nechybí odkaz na sestavení?) [c:\NON_Install_Programs\DataHub\src\DataHub.Host\DataHub.Host.csproj]
c:\NON_Install_Programs\DataHub\src\DataHub.Host\Components\Layout\DevAuthControl.razor(2,22): error CS0234: Typ nebo název oboru názvů Services neexistuje v oboru názvů RPK_BlazorApp. (Nechybí odkaz na sestavení?) [c:\NON_Install_Programs\DataHub\src\DataHub.Host\DataHub.Host.csproj]
c:\NON_Install_Programs\DataHub\src\DataHub.Host\Components\Layout\DevAuthControl.razor(4,22): error CS0234: Typ nebo název oboru názvů Shared neexistuje v oboru názvů RPK_BlazorApp. (Nechybí odkaz na sestavení?) [c:\NON_Install_Programs\DataHub\src\DataHub.Host\DataHub.Host.csproj]
c:\NON_Install_Programs\DataHub\src\DataHub.Host\Components\_Imports.razor(10,58): error CS0234: Typ nebo název oboru názvů Emojis neexistuje v oboru názvů Microsoft.FluentUI.AspNetCore.Components. (Nechybí odkaz na sestavení?) [c:\NON_Install_Programs\DataHub\src\DataHub.Host\DataHub.Host.csproj]
c:\NON_Install_Programs\DataHub\src\DataHub.Host\Components\Shared\GenericFilter.razor(4,29): error CS0234: Typ nebo název oboru názvů DataGrid neexistuje v oboru názvů RPK_BlazorApp.Models. (Nechybí odkaz na sestavení?) [c:\NON_Install_Programs\DataHub\src\DataHub.Host\DataHub.Host.csproj]
c:\NON_Install_Programs\DataHub\src\DataHub.Host\Components\Shared\GenericFilter.razor(5,29): error CS0234: Typ nebo název oboru názvů UI neexistuje v oboru názvů RPK_BlazorApp.Models. (Nechybí odkaz na sestavení?) [c:\NON_Install_Programs\DataHub\src\DataHub.Host\DataHub.Host.csproj]
c:\NON_Install_Programs\DataHub\src\DataHub.Host\Components\_Imports.razor(10,58): error CS0234: Typ nebo název oboru názvů Emojis neexistuje v oboru názvů Microsoft.FluentUI.AspNetCore.Components. (Nechybí odkaz na sestavení?) [c:\NON_Install_Programs\DataHub\src\DataHub.Host\DataHub.Host.csproj]
c:\NON_Install_Programs\DataHub\src\DataHub.Host\Components\_Imports.razor(10,58): error CS0234: Typ nebo název oboru názvů Emojis neexistuje v oboru názvů Microsoft.FluentUI.AspNetCore.Components. (Nechybí odkaz na sestavení?) [c:\NON_Install_Programs\DataHub\src\DataHub.Host\DataHub.Host.csproj]
c:\NON_Install_Programs\DataHub\src\DataHub.Host\Components\Shared\AdvancedCriteriaInput.razor(1,29): error CS0234: Typ nebo název oboru názvů UI neexistuje v oboru názvů RPK_BlazorApp.Models. (Nechybí odkaz na sestavení?) [c:\NON_Install_Programs\DataHub\src\DataHub.Host\DataHub.Host.csproj]
c:\NON_Install_Programs\DataHub\src\DataHub.Host\Components\Shared\AdvancedCriteriaInput.razor(2,22): error CS0234: Typ nebo název oboru názvů Services neexistuje v oboru názvů RPK_BlazorApp. (Nechybí odkaz na sestavení?) [c:\NON_Install_Programs\DataHub\src\DataHub.Host\DataHub.Host.csproj]
c:\NON_Install_Programs\DataHub\src\DataHub.Host\Components\_Imports.razor(10,58): error CS0234: Typ nebo název oboru názvů Emojis neexistuje v oboru názvů Microsoft.FluentUI.AspNetCore.Components. (Nechybí odkaz na sestavení?) [c:\NON_Install_Programs\DataHub\src\DataHub.Host\DataHub.Host.csproj]
c:\NON_Install_Programs\DataHub\src\DataHub.Host\Components\Shared\GenericSort.razor.cs(12,33): error CS0246: Typ nebo název oboru názvů ColumnDefinition<> se nenašel. (Nechybí direktiva using nebo odkaz na sestavení?) [c:\NON_Install_Programs\DataHub\src\DataHub.Host\DataHub.Host.csproj]
c:\NON_Install_Programs\DataHub\src\DataHub.Host\Components\Shared\AdvancedFilterBuilder.razor.cs(16,25): error CS0246: Typ nebo název oboru názvů QueryParserService se nenašel. (Nechybí direktiva using nebo odkaz na sestavení?) [c:\NON_Install_Programs\DataHub\src\DataHub.Host\DataHub.Host.csproj]
c:\NON_Install_Programs\DataHub\src\DataHub.Host\Components\_Imports.razor(10,58): error CS0234: Typ nebo název oboru názvů Emojis neexistuje v oboru názvů Microsoft.FluentUI.AspNetCore.Components. (Nechybí odkaz na sestavení?) [c:\NON_Install_Programs\DataHub\src\DataHub.Host\DataHub.Host.csproj]
c:\NON_Install_Programs\DataHub\src\DataHub.Host\Components\Shared\GenericSort.razor.cs(13,47): error CS0246: Typ nebo název oboru názvů SortCriterion se nenašel. (Nechybí direktiva using nebo odkaz na sestavení?) [c:\NON_Install_Programs\DataHub\src\DataHub.Host\DataHub.Host.csproj]
c:\NON_Install_Programs\DataHub\src\DataHub.Host\Components\Shared\FloatingQueryBuilder.razor.cs(23,33): error CS0246: Typ nebo název oboru názvů ColumnDefinition se nenašel. (Nechybí direktiva using nebo odkaz na sestavení?) [c:\NON_Install_Programs\DataHub\src\DataHub.Host\DataHub.Host.csproj]
c:\NON_Install_Programs\DataHub\src\DataHub.Host\Components\Shared\AdvancedFilterBuilder.razor.cs(17,25): error CS0246: Typ nebo název oboru názvů UserPreferenceService se nenašel. (Nechybí direktiva using nebo odkaz na sestavení?) [c:\NON_Install_Programs\DataHub\src\DataHub.Host\DataHub.Host.csproj]
c:\NON_Install_Programs\DataHub\src\DataHub.Host\Components\Shared\GenericSort.razor.cs(35,36): error CS0246: Typ nebo název oboru názvů SortCriterion se nenašel. (Nechybí direktiva using nebo odkaz na sestavení?) [c:\NON_Install_Programs\DataHub\src\DataHub.Host\DataHub.Host.csproj]
c:\NON_Install_Programs\DataHub\src\DataHub.Host\Components\Shared\GenericSort.razor.cs(17,33): error CS0115: GenericSort<TItem>.OnInitialized(): Nenašla se vhodná metoda k přepsání. [c:\NON_Install_Programs\DataHub\src\DataHub.Host\DataHub.Host.csproj]
c:\NON_Install_Programs\DataHub\src\DataHub.Host\Components\Shared\FloatingQueryBuilder.razor.cs(24,33): error CS0246: Typ nebo název oboru názvů UserSavedCriteria se nenašel. (Nechybí direktiva using nebo odkaz na sestavení?) [c:\NON_Install_Programs\DataHub\src\DataHub.Host\DataHub.Host.csproj]
c:\NON_Install_Programs\DataHub\src\DataHub.Host\Components\_Imports.razor(10,58): error CS0234: Typ nebo název oboru názvů Emojis neexistuje v oboru názvů Microsoft.FluentUI.AspNetCore.Components. (Nechybí odkaz na sestavení?) [c:\NON_Install_Programs\DataHub\src\DataHub.Host\DataHub.Host.csproj]
c:\NON_Install_Programs\DataHub\src\DataHub.Host\Components\Shared\AdvancedFilterBuilder.razor(1,29): error CS0234: Typ nebo název oboru názvů UI neexistuje v oboru názvů RPK_BlazorApp.Models. (Nechybí odkaz na sestavení?) [c:\NON_Install_Programs\DataHub\src\DataHub.Host\DataHub.Host.csproj]
c:\NON_Install_Programs\DataHub\src\DataHub.Host\Components\Shared\AdvancedFilterBuilder.razor(2,22): error CS0234: Typ nebo název oboru názvů Services neexistuje v oboru názvů RPK_BlazorApp. (Nechybí odkaz na sestavení?) [c:\NON_Install_Programs\DataHub\src\DataHub.Host\DataHub.Host.csproj]
c:\NON_Install_Programs\DataHub\src\DataHub.Host\Components\Shared\AdvancedFilterBuilder.razor(5,29): error CS0234: Typ nebo název oboru názvů DataGrid neexistuje v oboru názvů RPK_BlazorApp.Models. (Nechybí odkaz na sestavení?) [c:\NON_Install_Programs\DataHub\src\DataHub.Host\DataHub.Host.csproj]
c:\NON_Install_Programs\DataHub\src\DataHub.Host\Components\Shared\AdvancedFilterBuilder.razor.cs(22,42): error CS0246: Typ nebo název oboru názvů SavedCriteria se nenašel. (Nechybí direktiva using nebo odkaz na sestavení?) [c:\NON_Install_Programs\DataHub\src\DataHub.Host\DataHub.Host.csproj]
c:\NON_Install_Programs\DataHub\src\DataHub.Host\Components\Shared\GenericSort.razor.cs(15,22): error CS0246: Typ nebo název oboru názvů SortCriterion se nenašel. (Nechybí direktiva using nebo odkaz na sestavení?) [c:\NON_Install_Programs\DataHub\src\DataHub.Host\DataHub.Host.csproj]
c:\NON_Install_Programs\DataHub\src\DataHub.Host\Components\Shared\FloatingQueryBuilder.razor.cs(25,42): error CS0246: Typ nebo název oboru názvů SavedCriteria se nenašel. (Nechybí direktiva using nebo odkaz na sestavení?) [c:\NON_Install_Programs\DataHub\src\DataHub.Host\DataHub.Host.csproj]
c:\NON_Install_Programs\DataHub\src\DataHub.Host\Components\Shared\AdvancedFilterBuilder.razor.cs(24,40): error CS0234: Typ nebo název oboru názvů DataGrid neexistuje v oboru názvů RPK_BlazorApp.Models. (Nechybí odkaz na sestavení?) [c:\NON_Install_Programs\DataHub\src\DataHub.Host\DataHub.Host.csproj]
c:\NON_Install_Programs\DataHub\src\DataHub.Host\Components\_Imports.razor(10,58): error CS0234: Typ nebo název oboru názvů Emojis neexistuje v oboru názvů Microsoft.FluentUI.AspNetCore.Components. (Nechybí odkaz na sestavení?) [c:\NON_Install_Programs\DataHub\src\DataHub.Host\DataHub.Host.csproj]
c:\NON_Install_Programs\DataHub\src\DataHub.Host\Components\Shared\FloatingQueryBuilder.razor.cs(27,42): error CS0246: Typ nebo název oboru názvů SavedCriteria se nenašel. (Nechybí direktiva using nebo odkaz na sestavení?) [c:\NON_Install_Programs\DataHub\src\DataHub.Host\DataHub.Host.csproj]
c:\NON_Install_Programs\DataHub\src\DataHub.Host\Components\Shared\AdvancedFilterBuilder.razor.cs(43,51): error CS0246: Typ nebo název oboru názvů SavedCriteria se nenašel. (Nechybí direktiva using nebo odkaz na sestavení?) [c:\NON_Install_Programs\DataHub\src\DataHub.Host\DataHub.Host.csproj]
c:\NON_Install_Programs\DataHub\src\DataHub.Host\Components\Shared\AdvancedFilterBuilder.razor.cs(66,47): error CS0246: Typ nebo název oboru názvů SavedCriteria se nenašel. (Nechybí direktiva using nebo odkaz na sestavení?) [c:\NON_Install_Programs\DataHub\src\DataHub.Host\DataHub.Host.csproj]
c:\NON_Install_Programs\DataHub\src\DataHub.Host\Components\Shared\FloatingQueryBuilder.razor.cs(66,32): error CS0246: Typ nebo název oboru názvů UserSavedCriteria se nenašel. (Nechybí direktiva using nebo odkaz na sestavení?) [c:\NON_Install_Programs\DataHub\src\DataHub.Host\DataHub.Host.csproj]
c:\NON_Install_Programs\DataHub\src\DataHub.Host\Components\_Imports.razor(10,58): error CS0234: Typ nebo název oboru názvů Emojis neexistuje v oboru názvů Microsoft.FluentUI.AspNetCore.Components. (Nechybí odkaz na sestavení?) [c:\NON_Install_Programs\DataHub\src\DataHub.Host\DataHub.Host.csproj]
c:\NON_Install_Programs\DataHub\src\DataHub.Host\Components\Shared\AdvancedFilterBuilder.razor.cs(28,22): error CS0246: Typ nebo název oboru názvů SavedCriteria se nenašel. (Nechybí direktiva using nebo odkaz na sestavení?) [c:\NON_Install_Programs\DataHub\src\DataHub.Host\DataHub.Host.csproj]
c:\NON_Install_Programs\DataHub\src\DataHub.Host\Components\Shared\QueryBuilderModal.razor.cs(25,28): error CS0234: Typ nebo název oboru názvů DataGrid neexistuje v oboru názvů RPK_BlazorApp.Models. (Nechybí odkaz na sestavení?) [c:\NON_Install_Programs\DataHub\src\DataHub.Host\DataHub.Host.csproj]
c:\NON_Install_Programs\DataHub\src\DataHub.Host\Components\Shared\QueryBuilderModal.razor.cs(28,21): error CS0246: Typ nebo název oboru názvů SavedCriteria se nenašel. (Nechybí direktiva using nebo odkaz na sestavení?) [c:\NON_Install_Programs\DataHub\src\DataHub.Host\DataHub.Host.csproj]
c:\NON_Install_Programs\DataHub\src\DataHub.Host\Components\Shared\QueryBuilderModal.razor.cs(30,32): error CS0246: Typ nebo název oboru názvů SavedCriteria se nenašel. (Nechybí direktiva using nebo odkaz na sestavení?) [c:\NON_Install_Programs\DataHub\src\DataHub.Host\DataHub.Host.csproj]
c:\NON_Install_Programs\DataHub\src\DataHub.Host\Components\_Imports.razor(10,58): error CS0234: Typ nebo název oboru názvů Emojis neexistuje v oboru názvů Microsoft.FluentUI.AspNetCore.Components. (Nechybí odkaz na sestavení?) [c:\NON_Install_Programs\DataHub\src\DataHub.Host\DataHub.Host.csproj]
c:\NON_Install_Programs\DataHub\src\DataHub.Host\Components\Shared\QueryBuilderModal.razor.cs(44,30): error CS0246: Typ nebo název oboru názvů SavedCriteria se nenašel. (Nechybí direktiva using nebo odkaz na sestavení?) [c:\NON_Install_Programs\DataHub\src\DataHub.Host\DataHub.Host.csproj]
c:\NON_Install_Programs\DataHub\src\DataHub.Host\Components\Shared\QueryBuilderModal.razor.cs(50,30): error CS0246: Typ nebo název oboru názvů SavedCriteria se nenašel. (Nechybí direktiva using nebo odkaz na sestavení?) [c:\NON_Install_Programs\DataHub\src\DataHub.Host\DataHub.Host.csproj]
c:\NON_Install_Programs\DataHub\src\DataHub.Host\Components\_Imports.razor(10,58): error CS0234: Typ nebo název oboru názvů Emojis neexistuje v oboru názvů Microsoft.FluentUI.AspNetCore.Components. (Nechybí odkaz na sestavení?) [c:\NON_Install_Programs\DataHub\src\DataHub.Host\DataHub.Host.csproj]
c:\NON_Install_Programs\DataHub\src\DataHub.Host\Components\_Imports.razor(10,58): error CS0234: Typ nebo název oboru názvů Emojis neexistuje v oboru názvů Microsoft.FluentUI.AspNetCore.Components. (Nechybí odkaz na sestavení?) [c:\NON_Install_Programs\DataHub\src\DataHub.Host\DataHub.Host.csproj]
c:\NON_Install_Programs\DataHub\src\DataHub.Host\Components\Layout\Layout\DevAuthControl.razor(2,22): error CS0234: Typ nebo název oboru názvů Services neexistuje v oboru názvů RPK_BlazorApp. (Nechybí odkaz na sestavení?) [c:\NON_Install_Programs\DataHub\src\DataHub.Host\DataHub.Host.csproj]
c:\NON_Install_Programs\DataHub\src\DataHub.Host\Components\Layout\Layout\DevAuthControl.razor(4,22): error CS0234: Typ nebo název oboru názvů Shared neexistuje v oboru názvů RPK_BlazorApp. (Nechybí odkaz na sestavení?) [c:\NON_Install_Programs\DataHub\src\DataHub.Host\DataHub.Host.csproj]
c:\NON_Install_Programs\DataHub\src\DataHub.Host\Components\Shared\GenericFilter.razor(63,29): error CS0246: Typ nebo název oboru názvů ColumnDefinition<> se nenašel. (Nechybí direktiva using nebo odkaz na sestavení?) [c:\NON_Install_Programs\DataHub\src\DataHub.Host\DataHub.Host.csproj]
c:\NON_Install_Programs\DataHub\src\DataHub.Host\Components\_Imports.razor(10,58): error CS0234: Typ nebo název oboru názvů Emojis neexistuje v oboru názvů Microsoft.FluentUI.AspNetCore.Components. (Nechybí odkaz na sestavení?) [c:\NON_Install_Programs\DataHub\src\DataHub.Host\DataHub.Host.csproj]
c:\NON_Install_Programs\DataHub\src\DataHub.Host\Components\_Imports.razor(10,58): error CS0234: Typ nebo název oboru názvů Emojis neexistuje v oboru názvů Microsoft.FluentUI.AspNetCore.Components. (Nechybí odkaz na sestavení?) [c:\NON_Install_Programs\DataHub\src\DataHub.Host\DataHub.Host.csproj]
c:\NON_Install_Programs\DataHub\src\DataHub.Host\Components\Shared\GenericEntityActionPage.razor(2,22): error CS0234: Typ nebo název oboru názvů Services neexistuje v oboru názvů RPK_BlazorApp. (Nechybí odkaz na sestavení?) [c:\NON_Install_Programs\DataHub\src\DataHub.Host\DataHub.Host.csproj]
c:\NON_Install_Programs\DataHub\src\DataHub.Host\Components\Shared\GenericEntityActionPage.razor(3,29): error CS0234: Typ nebo název oboru názvů Interfaces neexistuje v oboru názvů RPK_BlazorApp.Models. (Nechybí odkaz na sestavení?) [c:\NON_Install_Programs\DataHub\src\DataHub.Host\DataHub.Host.csproj]
c:\NON_Install_Programs\DataHub\src\DataHub.Host\Components\Shared\GenericEntityActionPage.razor(4,22): error CS0234: Typ nebo název oboru názvů Services neexistuje v oboru názvů RPK_BlazorApp. (Nechybí odkaz na sestavení?) [c:\NON_Install_Programs\DataHub\src\DataHub.Host\DataHub.Host.csproj]
c:\NON_Install_Programs\DataHub\src\DataHub.Host\Components\Shared\GenericDataView.razor(83,29): error CS0246: Typ nebo název oboru názvů DataRequestBase se nenašel. (Nechybí direktiva using nebo odkaz na sestavení?) [c:\NON_Install_Programs\DataHub\src\DataHub.Host\DataHub.Host.csproj]
c:\NON_Install_Programs\DataHub\src\DataHub.Host\Components\Shared\GenericDataView.razor(83,51): error CS0246: Typ nebo název oboru názvů DataResult<> se nenašel. (Nechybí direktiva using nebo odkaz na sestavení?) [c:\NON_Install_Programs\DataHub\src\DataHub.Host\DataHub.Host.csproj]
c:\NON_Install_Programs\DataHub\src\DataHub.Host\Components\Shared\GenericFilter.razor(64,43): error CS0246: Typ nebo název oboru názvů FilterCriterion se nenašel. (Nechybí direktiva using nebo odkaz na sestavení?) [c:\NON_Install_Programs\DataHub\src\DataHub.Host\DataHub.Host.csproj]
c:\NON_Install_Programs\DataHub\src\DataHub.Host\Components\_Imports.razor(10,58): error CS0234: Typ nebo název oboru názvů Emojis neexistuje v oboru názvů Microsoft.FluentUI.AspNetCore.Components. (Nechybí odkaz na sestavení?) [c:\NON_Install_Programs\DataHub\src\DataHub.Host\DataHub.Host.csproj]
c:\NON_Install_Programs\DataHub\src\DataHub.Host\Components\Shared\GenericFilter.razor(66,18): error CS0246: Typ nebo název oboru názvů ColumnDefinition<> se nenašel. (Nechybí direktiva using nebo odkaz na sestavení?) [c:\NON_Install_Programs\DataHub\src\DataHub.Host\DataHub.Host.csproj]
c:\NON_Install_Programs\DataHub\src\DataHub.Host\Components\Pages\AuditLogViewer.razor.cs(18,26): error CS0246: Typ nebo název oboru názvů IAuditLogService se nenašel. (Nechybí direktiva using nebo odkaz na sestavení?) [c:\NON_Install_Programs\DataHub\src\DataHub.Host\DataHub.Host.csproj]
c:\NON_Install_Programs\DataHub\src\DataHub.Host\Components\_Imports.razor(10,58): error CS0234: Typ nebo název oboru názvů Emojis neexistuje v oboru názvů Microsoft.FluentUI.AspNetCore.Components. (Nechybí odkaz na sestavení?) [c:\NON_Install_Programs\DataHub\src\DataHub.Host\DataHub.Host.csproj]
c:\NON_Install_Programs\DataHub\src\DataHub.Host\Components\Shared\GenericDataView.razor(84,29): error CS0246: Typ nebo název oboru názvů DataRequestBase se nenašel. (Nechybí direktiva using nebo odkaz na sestavení?) [c:\NON_Install_Programs\DataHub\src\DataHub.Host\DataHub.Host.csproj]
c:\NON_Install_Programs\DataHub\src\DataHub.Host\Components\Shared\GenericDataView.razor(84,51): error CS0246: Typ nebo název oboru názvů Stream se nenašel. (Nechybí direktiva using nebo odkaz na sestavení?) [c:\NON_Install_Programs\DataHub\src\DataHub.Host\DataHub.Host.csproj]
c:\NON_Install_Programs\DataHub\src\DataHub.Host\Components\Shared\GenericFilter.razor(70,22): error CS0246: Typ nebo název oboru názvů ILogger<> se nenašel. (Nechybí direktiva using nebo odkaz na sestavení?) [c:\NON_Install_Programs\DataHub\src\DataHub.Host\DataHub.Host.csproj]
c:\NON_Install_Programs\DataHub\src\DataHub.Host\Components\_Imports.razor(10,58): error CS0234: Typ nebo název oboru názvů Emojis neexistuje v oboru názvů Microsoft.FluentUI.AspNetCore.Components. (Nechybí odkaz na sestavení?) [c:\NON_Install_Programs\DataHub\src\DataHub.Host\DataHub.Host.csproj]
c:\NON_Install_Programs\DataHub\src\DataHub.Host\Components\Shared\GenericSort.razor(1,29): error CS0234: Typ nebo název oboru názvů UI neexistuje v oboru názvů RPK_BlazorApp.Models. (Nechybí odkaz na sestavení?) [c:\NON_Install_Programs\DataHub\src\DataHub.Host\DataHub.Host.csproj]
c:\NON_Install_Programs\DataHub\src\DataHub.Host\Components\Shared\GenericDataView.razor(86,29): error CS0246: Typ nebo název oboru názvů ColumnDefinition<> se nenašel. (Nechybí direktiva using nebo odkaz na sestavení?) [c:\NON_Install_Programs\DataHub\src\DataHub.Host\DataHub.Host.csproj]
c:\NON_Install_Programs\DataHub\src\DataHub.Host\Components\Shared\GenericFilter.razor(111,25): error CS0246: Typ nebo název oboru názvů FilterOperator se nenašel. (Nechybí direktiva using nebo odkaz na sestavení?) [c:\NON_Install_Programs\DataHub\src\DataHub.Host\DataHub.Host.csproj]
c:\NON_Install_Programs\DataHub\src\DataHub.Host\Components\Pages\DummyItems.razor.cs(20,17): error CS0246: Typ nebo název oboru názvů IDataService<> se nenašel. (Nechybí direktiva using nebo odkaz na sestavení?) [c:\NON_Install_Programs\DataHub\src\DataHub.Host\DataHub.Host.csproj]
c:\NON_Install_Programs\DataHub\src\DataHub.Host\Components\Pages\AuditLogViewer.razor.cs(148,28): error CS0246: Typ nebo název oboru názvů Stream se nenašel. (Nechybí direktiva using nebo odkaz na sestavení?) [c:\NON_Install_Programs\DataHub\src\DataHub.Host\DataHub.Host.csproj]
c:\NON_Install_Programs\DataHub\src\DataHub.Host\Components\Shared\GenericDataView.razor(87,29): error CS0246: Typ nebo název oboru názvů FilterCriterion se nenašel. (Nechybí direktiva using nebo odkaz na sestavení?) [c:\NON_Install_Programs\DataHub\src\DataHub.Host\DataHub.Host.csproj]
c:\NON_Install_Programs\DataHub\src\DataHub.Host\Components\Shared\GenericFilter.razor(193,16): error CS0246: Typ nebo název oboru názvů ColumnDefinition<> se nenašel. (Nechybí direktiva using nebo odkaz na sestavení?) [c:\NON_Install_Programs\DataHub\src\DataHub.Host\DataHub.Host.csproj]
c:\NON_Install_Programs\DataHub\src\DataHub.Host\Components\Pages\DummyItems.razor.cs(45,28): error CS0246: Typ nebo název oboru názvů Stream se nenašel. (Nechybí direktiva using nebo odkaz na sestavení?) [c:\NON_Install_Programs\DataHub\src\DataHub.Host\DataHub.Host.csproj]
c:\NON_Install_Programs\DataHub\src\DataHub.Host\Components\Shared\GenericDataView.razor(94,22): error CS0246: Typ nebo název oboru názvů ILogger<> se nenašel. (Nechybí direktiva using nebo odkaz na sestavení?) [c:\NON_Install_Programs\DataHub\src\DataHub.Host\DataHub.Host.csproj]
c:\NON_Install_Programs\DataHub\src\DataHub.Host\Components\Shared\GenericFilter.razor(195,16): error CS0246: Typ nebo název oboru názvů FilterOperator se nenašel. (Nechybí direktiva using nebo odkaz na sestavení?) [c:\NON_Install_Programs\DataHub\src\DataHub.Host\DataHub.Host.csproj]
c:\NON_Install_Programs\DataHub\src\DataHub.Host\Components\_Imports.razor(10,58): error CS0234: Typ nebo název oboru názvů Emojis neexistuje v oboru názvů Microsoft.FluentUI.AspNetCore.Components. (Nechybí odkaz na sestavení?) [c:\NON_Install_Programs\DataHub\src\DataHub.Host\DataHub.Host.csproj]
c:\NON_Install_Programs\DataHub\src\DataHub.Host\Components\Shared\QueryBuilderModal.razor(2,29): error CS0234: Typ nebo název oboru názvů UI neexistuje v oboru názvů RPK_BlazorApp.Models. (Nechybí odkaz na sestavení?) [c:\NON_Install_Programs\DataHub\src\DataHub.Host\DataHub.Host.csproj]
c:\NON_Install_Programs\DataHub\src\DataHub.Host\Components\Shared\QueryBuilderModal.razor(3,22): error CS0234: Typ nebo název oboru názvů Services neexistuje v oboru názvů RPK_BlazorApp. (Nechybí odkaz na sestavení?) [c:\NON_Install_Programs\DataHub\src\DataHub.Host\DataHub.Host.csproj]
c:\NON_Install_Programs\DataHub\src\DataHub.Host\Components\Shared\QueryBuilderModal.razor(4,29): error CS0234: Typ nebo název oboru názvů DataGrid neexistuje v oboru názvů RPK_BlazorApp.Models. (Nechybí odkaz na sestavení?) [c:\NON_Install_Programs\DataHub\src\DataHub.Host\DataHub.Host.csproj]
c:\NON_Install_Programs\DataHub\src\DataHub.Host\Components\Pages\DummyItemAction.razor(24,12): error CS0246: Typ nebo název oboru názvů IDataService<> se nenašel. (Nechybí direktiva using nebo odkaz na sestavení?) [c:\NON_Install_Programs\DataHub\src\DataHub.Host\DataHub.Host.csproj]
c:\NON_Install_Programs\DataHub\src\DataHub.Host\Components\Pages\Login.razor(10,9): error CS0246: Typ nebo název oboru názvů DevelopmentAuthenticationStateProvider se nenašel. (Nechybí direktiva using nebo odkaz na sestavení?) [c:\NON_Install_Programs\DataHub\src\DataHub.Host\DataHub.Host.csproj]
c:\NON_Install_Programs\DataHub\src\DataHub.Host\Components\_Imports.razor(10,58): error CS0234: Typ nebo název oboru názvů Emojis neexistuje v oboru názvů Microsoft.FluentUI.AspNetCore.Components. (Nechybí odkaz na sestavení?) [c:\NON_Install_Programs\DataHub\src\DataHub.Host\DataHub.Host.csproj]
c:\NON_Install_Programs\DataHub\src\DataHub.Host\Components\Shared\FloatingQueryBuilder.razor(3,29): error CS0234: Typ nebo název oboru názvů UI neexistuje v oboru názvů RPK_BlazorApp.Models. (Nechybí odkaz na sestavení?) [c:\NON_Install_Programs\DataHub\src\DataHub.Host\DataHub.Host.csproj]
c:\NON_Install_Programs\DataHub\src\DataHub.Host\Components\Shared\FloatingQueryBuilder.razor(4,22): error CS0234: Typ nebo název oboru názvů Services neexistuje v oboru názvů RPK_BlazorApp. (Nechybí odkaz na sestavení?) [c:\NON_Install_Programs\DataHub\src\DataHub.Host\DataHub.Host.csproj]
c:\NON_Install_Programs\DataHub\src\DataHub.Host\Components\Shared\FloatingQueryBuilder.razor(5,29): error CS0234: Typ nebo název oboru názvů DataGrid neexistuje v oboru názvů RPK_BlazorApp.Models. (Nechybí odkaz na sestavení?) [c:\NON_Install_Programs\DataHub\src\DataHub.Host\DataHub.Host.csproj]
c:\NON_Install_Programs\DataHub\src\DataHub.Host\Components\Shared\AdvancedCriteriaInput.razor(21,26): error CS0246: Typ nebo název oboru názvů SavedCriteria se nenašel. (Nechybí direktiva using nebo odkaz na sestavení?) [c:\NON_Install_Programs\DataHub\src\DataHub.Host\DataHub.Host.csproj]
c:\NON_Install_Programs\DataHub\src\DataHub.Host\Components\Shared\AdvancedCriteriaInput.razor(3,9): error CS0246: Typ nebo název oboru názvů QueryParserService se nenašel. (Nechybí direktiva using nebo odkaz na sestavení?) [c:\NON_Install_Programs\DataHub\src\DataHub.Host\DataHub.Host.csproj]
c:\NON_Install_Programs\DataHub\src\DataHub.Host\Components\Shared\GenericEntityActionPage.razor(9,51): error CS0246: Typ nebo název oboru názvů IAuditableEntity se nenašel. (Nechybí direktiva using nebo odkaz na sestavení?) [c:\NON_Install_Programs\DataHub\src\DataHub.Host\DataHub.Host.csproj]
c:\NON_Install_Programs\DataHub\src\DataHub.Host\Components\Shared\GenericEntityActionPage.razor(100,12): error CS0246: Typ nebo název oboru názvů IDataService<> se nenašel. (Nechybí direktiva using nebo odkaz na sestavení?) [c:\NON_Install_Programs\DataHub\src\DataHub.Host\DataHub.Host.csproj]
c:\NON_Install_Programs\DataHub\src\DataHub.Host\Components\Shared\GenericEntityActionPage.razor(15,9): error CS0246: Typ nebo název oboru názvů ILogger<> se nenašel. (Nechybí direktiva using nebo odkaz na sestavení?) [c:\NON_Install_Programs\DataHub\src\DataHub.Host\DataHub.Host.csproj]
c:\NON_Install_Programs\DataHub\src\DataHub.Host\Components\Shared\GenericEntityActionPage.razor(13,9): error CS0246: Typ nebo název oboru názvů ChangeSetService se nenašel. (Nechybí direktiva using nebo odkaz na sestavení?) [c:\NON_Install_Programs\DataHub\src\DataHub.Host\DataHub.Host.csproj]
c:\NON_Install_Programs\DataHub\src\DataHub.Host\Components\Shared\GenericEntityActionPage.razor(12,9): error CS0246: Typ nebo název oboru názvů NavigationContextService se nenašel. (Nechybí direktiva using nebo odkaz na sestavení?) [c:\NON_Install_Programs\DataHub\src\DataHub.Host\DataHub.Host.csproj]
    51 upozornění
    Počet chyb: 107

Uplynulý čas 00:00:09.65

Jsou k dispozici aktualizace úloh. Pokud chcete získat další informace, spusťte `dotnet workload list`.
