C:\NON_Install_Programs\DataHub\src\DataHub.Core\Components\Shared\FloatingQueryBuilder.razor.cs(8,17): error CS0234: Typ nebo n├ízev oboru n├ízv┼» FluentUI neexistuje v oboru n├ízv┼» Microsoft. (Nechyb├ş odkaz na sestaven├ş?) [C:\NON_Install_Programs\DataHub\src\DataHub.Core\DataHub.Core.csproj]
C:\NON_Install_Programs\DataHub\src\DataHub.Core\Components\Shared\QueryBuilderModal.razor.cs(7,17): error CS0234: Typ nebo n├ízev oboru n├ízv┼» FluentUI neexistuje v oboru n├ízv┼» Microsoft. (Nechyb├ş odkaz na sestaven├ş?) [C:\NON_Install_Programs\DataHub\src\DataHub.Core\DataHub.Core.csproj]
C:\NON_Install_Programs\DataHub\src\DataHub.Core\Data\ApplicationDbContext.cs(1,17): error CS0234: Typ nebo n├ízev oboru n├ízv┼» EntityFrameworkCore neexistuje v oboru n├ízv┼» Microsoft. (Nechyb├ş odkaz na sestaven├ş?) [C:\NON_Install_Programs\DataHub\src\DataHub.Core\DataHub.Core.csproj]
C:\NON_Install_Programs\DataHub\src\DataHub.Core\Data\ApplicationDbContext.cs(2,17): error CS0234: Typ nebo n├ízev oboru n├ízv┼» EntityFrameworkCore neexistuje v oboru n├ízv┼» Microsoft. (Nechyb├ş odkaz na sestaven├ş?) [C:\NON_Install_Programs\DataHub\src\DataHub.Core\DataHub.Core.csproj]
C:\NON_Install_Programs\DataHub\src\DataHub.Core\Data\Interceptors\ComprehensiveAuditInterceptor.cs(1,17): error CS0234: Typ nebo n├ízev oboru n├ízv┼» EntityFrameworkCore neexistuje v oboru n├ízv┼» Microsoft. (Nechyb├ş odkaz na sestaven├ş?) [C:\NON_Install_Programs\DataHub\src\DataHub.Core\DataHub.Core.csproj]
C:\NON_Install_Programs\DataHub\src\DataHub.Core\Data\Interceptors\ComprehensiveAuditInterceptor.cs(2,17): error CS0234: Typ nebo n├ízev oboru n├ízv┼» EntityFrameworkCore neexistuje v oboru n├ízv┼» Microsoft. (Nechyb├ş odkaz na sestaven├ş?) [C:\NON_Install_Programs\DataHub\src\DataHub.Core\DataHub.Core.csproj]
C:\NON_Install_Programs\DataHub\src\DataHub.Core\Data\Interceptors\ComprehensiveAuditInterceptor.cs(3,17): error CS0234: Typ nebo n├ízev oboru n├ízv┼» EntityFrameworkCore neexistuje v oboru n├ízv┼» Microsoft. (Nechyb├ş odkaz na sestaven├ş?) [C:\NON_Install_Programs\DataHub\src\DataHub.Core\DataHub.Core.csproj]
C:\NON_Install_Programs\DataHub\src\DataHub.Core\Interfaces\IRepository.cs(4,17): error CS0234: Typ nebo n├ízev oboru n├ízv┼» EntityFrameworkCore neexistuje v oboru n├ízv┼» Microsoft. (Nechyb├ş odkaz na sestaven├ş?) [C:\NON_Install_Programs\DataHub\src\DataHub.Core\DataHub.Core.csproj]
C:\NON_Install_Programs\DataHub\src\DataHub.Core\Models\DataGrid\DataGridModels.cs(1,7): error CS0246: Typ nebo n├ízev oboru n├ízv┼» RPK_BlazorApp se nena┼íel. (Nechyb├ş direktiva using nebo odkaz na sestaven├ş?) [C:\NON_Install_Programs\DataHub\src\DataHub.Core\DataHub.Core.csproj]
C:\NON_Install_Programs\DataHub\src\DataHub.Core\Models\DbPproiDisContext.cs(3,17): error CS0234: Typ nebo n├ízev oboru n├ízv┼» EntityFrameworkCore neexistuje v oboru n├ízv┼» Microsoft. (Nechyb├ş odkaz na sestaven├ş?) [C:\NON_Install_Programs\DataHub\src\DataHub.Core\DataHub.Core.csproj]
C:\NON_Install_Programs\DataHub\src\DataHub.Core\Models\ViewEisodSd.cs(5,17): error CS0234: Typ nebo n├ízev oboru n├ízv┼» EntityFrameworkCore neexistuje v oboru n├ízv┼» Microsoft. (Nechyb├ş odkaz na sestaven├ş?) [C:\NON_Install_Programs\DataHub\src\DataHub.Core\DataHub.Core.csproj]
C:\NON_Install_Programs\DataHub\src\DataHub.Core\Services\DummyItemService.cs(11,19): error CS0234: Typ nebo n├ízev oboru n├ízv┼» Dynamic neexistuje v oboru n├ízv┼» System.Linq. (Nechyb├ş odkaz na sestaven├ş?) [C:\NON_Install_Programs\DataHub\src\DataHub.Core\DataHub.Core.csproj]
C:\NON_Install_Programs\DataHub\src\DataHub.Core\Services\UserPreferenceService.cs(2,17): error CS0234: Typ nebo n├ízev oboru n├ízv┼» EntityFrameworkCore neexistuje v oboru n├ízv┼» Microsoft. (Nechyb├ş odkaz na sestaven├ş?) [C:\NON_Install_Programs\DataHub\src\DataHub.Core\DataHub.Core.csproj]
C:\NON_Install_Programs\DataHub\src\DataHub.Core\Data\ApplicationDbContext.cs(12,41): error CS0246: Typ nebo n├ízev oboru n├ízv┼» DbContext se nena┼íel. (Nechyb├ş direktiva using nebo odkaz na sestaven├ş?) [C:\NON_Install_Programs\DataHub\src\DataHub.Core\DataHub.Core.csproj]
C:\NON_Install_Programs\DataHub\src\DataHub.Core\Interfaces\IRepository.cs(8,92): error CS0246: Typ nebo n├ízev oboru n├ízv┼» DbContext se nena┼íel. (Nechyb├ş direktiva using nebo odkaz na sestaven├ş?) [C:\NON_Install_Programs\DataHub\src\DataHub.Core\DataHub.Core.csproj]
C:\NON_Install_Programs\DataHub\src\DataHub.Core\Interfaces\IAlarmRepository.cs(10,22): error CS0311: Typ DataHub.Core.Data.ApplicationDbContext nejde pou┼ż├şt jako parametr typu TContext v obecn├ęm typu nebo metod─Ť IRepository<TEntity, TContext>. Neexistuje ┼ż├ídn├Ż implicitn├ş p┼Öevod odkazu z DataHub.Core.Data.ApplicationDbContext na DbContext. [C:\NON_Install_Programs\DataHub\src\DataHub.Core\DataHub.Core.csproj]
C:\NON_Install_Programs\DataHub\src\DataHub.Core\Data\ApplicationDbContext.cs(16,37): error CS0246: Typ nebo n├ízev oboru n├ízv┼» DbContextOptions<> se nena┼íel. (Nechyb├ş direktiva using nebo odkaz na sestaven├ş?) [C:\NON_Install_Programs\DataHub\src\DataHub.Core\DataHub.Core.csproj]
C:\NON_Install_Programs\DataHub\src\DataHub.Core\Interfaces\IAuditLogRepository.cs(7,22): error CS0311: Typ DataHub.Core.Data.ApplicationDbContext nejde pou┼ż├şt jako parametr typu TContext v obecn├ęm typu nebo metod─Ť IRepository<TEntity, TContext>. Neexistuje ┼ż├ídn├Ż implicitn├ş p┼Öevod odkazu z DataHub.Core.Data.ApplicationDbContext na DbContext. [C:\NON_Install_Programs\DataHub\src\DataHub.Core\DataHub.Core.csproj]
C:\NON_Install_Programs\DataHub\src\DataHub.Core\Data\ApplicationDbContext.cs(22,16): error CS0246: Typ nebo n├ízev oboru n├ízv┼» DbSet<> se nena┼íel. (Nechyb├ş direktiva using nebo odkaz na sestaven├ş?) [C:\NON_Install_Programs\DataHub\src\DataHub.Core\DataHub.Core.csproj]
C:\NON_Install_Programs\DataHub\src\DataHub.Core\Data\ApplicationDbContext.cs(23,16): error CS0246: Typ nebo n├ízev oboru n├ízv┼» DbSet<> se nena┼íel. (Nechyb├ş direktiva using nebo odkaz na sestaven├ş?) [C:\NON_Install_Programs\DataHub\src\DataHub.Core\DataHub.Core.csproj]
C:\NON_Install_Programs\DataHub\src\DataHub.Core\Interfaces\IGrindingRepository.cs(7,22): error CS0311: Typ DataHub.Core.Data.ApplicationDbContext nejde pou┼ż├şt jako parametr typu TContext v obecn├ęm typu nebo metod─Ť IRepository<TEntity, TContext>. Neexistuje ┼ż├ídn├Ż implicitn├ş p┼Öevod odkazu z DataHub.Core.Data.ApplicationDbContext na DbContext. [C:\NON_Install_Programs\DataHub\src\DataHub.Core\DataHub.Core.csproj]
C:\NON_Install_Programs\DataHub\src\DataHub.Core\Interfaces\IOperationalRepository.cs(7,22): error CS0311: Typ DataHub.Core.Data.ApplicationDbContext nejde pou┼ż├şt jako parametr typu TContext v obecn├ęm typu nebo metod─Ť IRepository<TEntity, TContext>. Neexistuje ┼ż├ídn├Ż implicitn├ş p┼Öevod odkazu z DataHub.Core.Data.ApplicationDbContext na DbContext. [C:\NON_Install_Programs\DataHub\src\DataHub.Core\DataHub.Core.csproj]
C:\NON_Install_Programs\DataHub\src\DataHub.Core\Data\ApplicationDbContext.cs(24,16): error CS0246: Typ nebo n├ízev oboru n├ízv┼» DbSet<> se nena┼íel. (Nechyb├ş direktiva using nebo odkaz na sestaven├ş?) [C:\NON_Install_Programs\DataHub\src\DataHub.Core\DataHub.Core.csproj]
C:\NON_Install_Programs\DataHub\src\DataHub.Core\Data\ApplicationDbContext.cs(25,16): error CS0246: Typ nebo n├ízev oboru n├ízv┼» DbSet<> se nena┼íel. (Nechyb├ş direktiva using nebo odkaz na sestaven├ş?) [C:\NON_Install_Programs\DataHub\src\DataHub.Core\DataHub.Core.csproj]
C:\NON_Install_Programs\DataHub\src\DataHub.Core\Components\Shared\FloatingQueryBuilder.razor.cs(19,17): error CS0246: Typ nebo n├ízev oboru n├ízv┼» FluentTextField se nena┼íel. (Nechyb├ş direktiva using nebo odkaz na sestaven├ş?) [C:\NON_Install_Programs\DataHub\src\DataHub.Core\DataHub.Core.csproj]
C:\NON_Install_Programs\DataHub\src\DataHub.Core\Data\ApplicationDbContext.cs(26,16): error CS0246: Typ nebo n├ízev oboru n├ízv┼» DbSet<> se nena┼íel. (Nechyb├ş direktiva using nebo odkaz na sestaven├ş?) [C:\NON_Install_Programs\DataHub\src\DataHub.Core\DataHub.Core.csproj]
C:\NON_Install_Programs\DataHub\src\DataHub.Core\Data\ApplicationDbContext.cs(27,16): error CS0246: Typ nebo n├ízev oboru n├ízv┼» DbSet<> se nena┼íel. (Nechyb├ş direktiva using nebo odkaz na sestaven├ş?) [C:\NON_Install_Programs\DataHub\src\DataHub.Core\DataHub.Core.csproj]
C:\NON_Install_Programs\DataHub\src\DataHub.Core\Data\ApplicationDbContext.cs(28,16): error CS0246: Typ nebo n├ízev oboru n├ízv┼» DbSet<> se nena┼íel. (Nechyb├ş direktiva using nebo odkaz na sestaven├ş?) [C:\NON_Install_Programs\DataHub\src\DataHub.Core\DataHub.Core.csproj]
C:\NON_Install_Programs\DataHub\src\DataHub.Core\Interfaces\IViewEisodSdRepository.cs(7,72): error CS0246: Typ nebo n├ízev oboru n├ízv┼» EisodDbContext se nena┼íel. (Nechyb├ş direktiva using nebo odkaz na sestaven├ş?) [C:\NON_Install_Programs\DataHub\src\DataHub.Core\DataHub.Core.csproj]
C:\NON_Install_Programs\DataHub\src\DataHub.Core\Data\ApplicationDbContext.cs(61,49): error CS0246: Typ nebo n├ízev oboru n├ízv┼» ModelBuilder se nena┼íel. (Nechyb├ş direktiva using nebo odkaz na sestaven├ş?) [C:\NON_Install_Programs\DataHub\src\DataHub.Core\DataHub.Core.csproj]
C:\NON_Install_Programs\DataHub\src\DataHub.Core\Components\Shared\GenericSort.razor.cs(17,33): error CS0115: GenericSort<TItem>.OnInitialized(): Nena┼íla se vhodn├í metoda k p┼Öeps├ín├ş. [C:\NON_Install_Programs\DataHub\src\DataHub.Core\DataHub.Core.csproj]
C:\NON_Install_Programs\DataHub\src\DataHub.Core\Services\ExcelExportService.cs(13,26): error CS0246: Typ nebo n├ízev oboru n├ízv┼» ILogger<> se nena┼íel. (Nechyb├ş direktiva using nebo odkaz na sestaven├ş?) [C:\NON_Install_Programs\DataHub\src\DataHub.Core\DataHub.Core.csproj]
C:\NON_Install_Programs\DataHub\src\DataHub.Core\Services\ExcelExportService.cs(15,35): error CS0246: Typ nebo n├ízev oboru n├ízv┼» ILogger<> se nena┼íel. (Nechyb├ş direktiva using nebo odkaz na sestaven├ş?) [C:\NON_Install_Programs\DataHub\src\DataHub.Core\DataHub.Core.csproj]
C:\NON_Install_Programs\DataHub\src\DataHub.Core\Models\DbPproiDisContext.cs(7,42): error CS0246: Typ nebo n├ízev oboru n├ízv┼» DbContext se nena┼íel. (Nechyb├ş direktiva using nebo odkaz na sestaven├ş?) [C:\NON_Install_Programs\DataHub\src\DataHub.Core\DataHub.Core.csproj]
C:\NON_Install_Programs\DataHub\src\DataHub.Core\Models\DbPproiDisContext.cs(13,30): error CS0246: Typ nebo n├ízev oboru n├ízv┼» DbContextOptions<> se nena┼íel. (Nechyb├ş direktiva using nebo odkaz na sestaven├ş?) [C:\NON_Install_Programs\DataHub\src\DataHub.Core\DataHub.Core.csproj]
C:\NON_Install_Programs\DataHub\src\DataHub.Core\Models\DbPproiDisContext.cs(18,20): error CS0246: Typ nebo n├ízev oboru n├ízv┼» DbSet<> se nena┼íel. (Nechyb├ş direktiva using nebo odkaz na sestaven├ş?) [C:\NON_Install_Programs\DataHub\src\DataHub.Core\DataHub.Core.csproj]
C:\NON_Install_Programs\DataHub\src\DataHub.Core\Models\DbPproiDisContext.cs(20,43): error CS0246: Typ nebo n├ízev oboru n├ízv┼» DbContextOptionsBuilder se nena┼íel. (Nechyb├ş direktiva using nebo odkaz na sestaven├ş?) [C:\NON_Install_Programs\DataHub\src\DataHub.Core\DataHub.Core.csproj]
C:\NON_Install_Programs\DataHub\src\DataHub.Core\Models\DbPproiDisContext.cs(23,45): error CS0246: Typ nebo n├ízev oboru n├ízv┼» ModelBuilder se nena┼íel. (Nechyb├ş direktiva using nebo odkaz na sestaven├ş?) [C:\NON_Install_Programs\DataHub\src\DataHub.Core\DataHub.Core.csproj]
C:\NON_Install_Programs\DataHub\src\DataHub.Core\Data\Interceptors\ComprehensiveAuditInterceptor.cs(16,50): error CS0246: Typ nebo n├ízev oboru n├ízv┼» SaveChangesInterceptor se nena┼íel. (Nechyb├ş direktiva using nebo odkaz na sestaven├ş?) [C:\NON_Install_Programs\DataHub\src\DataHub.Core\DataHub.Core.csproj]
C:\NON_Install_Programs\DataHub\src\DataHub.Core\Services\NavigationContextService.cs(11,16): error CS0104: RecordInteractionMode je nejednozna─Źn├Ż odkaz mezi DataHub.Core.Models.RecordInteractionMode a DataHub.Core.Models.UI.RecordInteractionMode. [C:\NON_Install_Programs\DataHub\src\DataHub.Core\DataHub.Core.csproj]
C:\NON_Install_Programs\DataHub\src\DataHub.Core\Services\NavigationContextService.cs(13,83): error CS0104: RecordInteractionMode je nejednozna─Źn├Ż odkaz mezi DataHub.Core.Models.RecordInteractionMode a DataHub.Core.Models.UI.RecordInteractionMode. [C:\NON_Install_Programs\DataHub\src\DataHub.Core\DataHub.Core.csproj]
C:\NON_Install_Programs\DataHub\src\DataHub.Core\Models\DbPproiDisContext.cs(33,41): error CS0246: Typ nebo n├ízev oboru n├ízv┼» ModelBuilder se nena┼íel. (Nechyb├ş direktiva using nebo odkaz na sestaven├ş?) [C:\NON_Install_Programs\DataHub\src\DataHub.Core\DataHub.Core.csproj]
C:\NON_Install_Programs\DataHub\src\DataHub.Core\Services\UserPreferenceService.cs(18,26): error CS0246: Typ nebo n├ízev oboru n├ízv┼» IDbContextFactory<> se nena┼íel. (Nechyb├ş direktiva using nebo odkaz na sestaven├ş?) [C:\NON_Install_Programs\DataHub\src\DataHub.Core\DataHub.Core.csproj]
C:\NON_Install_Programs\DataHub\src\DataHub.Core\Data\Interceptors\ComprehensiveAuditInterceptor.cs(21,63): error CS0246: Typ nebo n├ízev oboru n├ízv┼» DbContextEventData se nena┼íel. (Nechyb├ş direktiva using nebo odkaz na sestaven├ş?) [C:\NON_Install_Programs\DataHub\src\DataHub.Core\DataHub.Core.csproj]
C:\NON_Install_Programs\DataHub\src\DataHub.Core\Data\Interceptors\ComprehensiveAuditInterceptor.cs(21,93): error CS0246: Typ nebo n├ízev oboru n├ízv┼» InterceptionResult<> se nena┼íel. (Nechyb├ş direktiva using nebo odkaz na sestaven├ş?) [C:\NON_Install_Programs\DataHub\src\DataHub.Core\DataHub.Core.csproj]
C:\NON_Install_Programs\DataHub\src\DataHub.Core\Data\Interceptors\ComprehensiveAuditInterceptor.cs(21,25): error CS0246: Typ nebo n├ízev oboru n├ízv┼» InterceptionResult<> se nena┼íel. (Nechyb├ş direktiva using nebo odkaz na sestaven├ş?) [C:\NON_Install_Programs\DataHub\src\DataHub.Core\DataHub.Core.csproj]
C:\NON_Install_Programs\DataHub\src\DataHub.Core\Data\Interceptors\ComprehensiveAuditInterceptor.cs(28,13): error CS0246: Typ nebo n├ízev oboru n├ízv┼» DbContextEventData se nena┼íel. (Nechyb├ş direktiva using nebo odkaz na sestaven├ş?) [C:\NON_Install_Programs\DataHub\src\DataHub.Core\DataHub.Core.csproj]
C:\NON_Install_Programs\DataHub\src\DataHub.Core\Data\Interceptors\ComprehensiveAuditInterceptor.cs(29,13): error CS0246: Typ nebo n├ízev oboru n├ízv┼» InterceptionResult<> se nena┼íel. (Nechyb├ş direktiva using nebo odkaz na sestaven├ş?) [C:\NON_Install_Programs\DataHub\src\DataHub.Core\DataHub.Core.csproj]
C:\NON_Install_Programs\DataHub\src\DataHub.Core\Data\Interceptors\ComprehensiveAuditInterceptor.cs(27,35): error CS0246: Typ nebo n├ízev oboru n├ízv┼» InterceptionResult<> se nena┼íel. (Nechyb├ş direktiva using nebo odkaz na sestaven├ş?) [C:\NON_Install_Programs\DataHub\src\DataHub.Core\DataHub.Core.csproj]
C:\NON_Install_Programs\DataHub\src\DataHub.Core\Services\UserPreferenceService.cs(22,38): error CS0246: Typ nebo n├ízev oboru n├ízv┼» IDbContextFactory<> se nena┼íel. (Nechyb├ş direktiva using nebo odkaz na sestaven├ş?) [C:\NON_Install_Programs\DataHub\src\DataHub.Core\DataHub.Core.csproj]
C:\NON_Install_Programs\DataHub\src\DataHub.Core\Data\Interceptors\ComprehensiveAuditInterceptor.cs(36,45): error CS0246: Typ nebo n├ízev oboru n├ízv┼» DbContext se nena┼íel. (Nechyb├ş direktiva using nebo odkaz na sestaven├ş?) [C:\NON_Install_Programs\DataHub\src\DataHub.Core\DataHub.Core.csproj]
C:\NON_Install_Programs\DataHub\src\DataHub.Core\Data\Interceptors\ComprehensiveAuditInterceptor.cs(119,44): error CS0246: Typ nebo n├ízev oboru n├ízv┼» EntityEntry se nena┼íel. (Nechyb├ş direktiva using nebo odkaz na sestaven├ş?) [C:\NON_Install_Programs\DataHub\src\DataHub.Core\DataHub.Core.csproj]
C:\NON_Install_Programs\DataHub\src\DataHub.Core\Data\Interceptors\ComprehensiveAuditInterceptor.cs(132,39): error CS0246: Typ nebo n├ízev oboru n├ízv┼» EntityEntry se nena┼íel. (Nechyb├ş direktiva using nebo odkaz na sestaven├ş?) [C:\NON_Install_Programs\DataHub\src\DataHub.Core\DataHub.Core.csproj]
C:\NON_Install_Programs\DataHub\src\DataHub.Core\Data\Interceptors\ComprehensiveAuditInterceptor.cs(146,47): error CS0246: Typ nebo n├ízev oboru n├ízv┼» EntityEntry se nena┼íel. (Nechyb├ş direktiva using nebo odkaz na sestaven├ş?) [C:\NON_Install_Programs\DataHub\src\DataHub.Core\DataHub.Core.csproj]

Sestaven├ş SE NEZDA┼śILO.

C:\NON_Install_Programs\DataHub\src\DataHub.Core\Components\Shared\FloatingQueryBuilder.razor.cs(8,17): error CS0234: Typ nebo n├ízev oboru n├ízv┼» FluentUI neexistuje v oboru n├ízv┼» Microsoft. (Nechyb├ş odkaz na sestaven├ş?) [C:\NON_Install_Programs\DataHub\src\DataHub.Core\DataHub.Core.csproj]
C:\NON_Install_Programs\DataHub\src\DataHub.Core\Components\Shared\QueryBuilderModal.razor.cs(7,17): error CS0234: Typ nebo n├ízev oboru n├ízv┼» FluentUI neexistuje v oboru n├ízv┼» Microsoft. (Nechyb├ş odkaz na sestaven├ş?) [C:\NON_Install_Programs\DataHub\src\DataHub.Core\DataHub.Core.csproj]
C:\NON_Install_Programs\DataHub\src\DataHub.Core\Data\ApplicationDbContext.cs(1,17): error CS0234: Typ nebo n├ízev oboru n├ízv┼» EntityFrameworkCore neexistuje v oboru n├ízv┼» Microsoft. (Nechyb├ş odkaz na sestaven├ş?) [C:\NON_Install_Programs\DataHub\src\DataHub.Core\DataHub.Core.csproj]
C:\NON_Install_Programs\DataHub\src\DataHub.Core\Data\ApplicationDbContext.cs(2,17): error CS0234: Typ nebo n├ízev oboru n├ízv┼» EntityFrameworkCore neexistuje v oboru n├ízv┼» Microsoft. (Nechyb├ş odkaz na sestaven├ş?) [C:\NON_Install_Programs\DataHub\src\DataHub.Core\DataHub.Core.csproj]
C:\NON_Install_Programs\DataHub\src\DataHub.Core\Data\Interceptors\ComprehensiveAuditInterceptor.cs(1,17): error CS0234: Typ nebo n├ízev oboru n├ízv┼» EntityFrameworkCore neexistuje v oboru n├ízv┼» Microsoft. (Nechyb├ş odkaz na sestaven├ş?) [C:\NON_Install_Programs\DataHub\src\DataHub.Core\DataHub.Core.csproj]
C:\NON_Install_Programs\DataHub\src\DataHub.Core\Data\Interceptors\ComprehensiveAuditInterceptor.cs(2,17): error CS0234: Typ nebo n├ízev oboru n├ízv┼» EntityFrameworkCore neexistuje v oboru n├ízv┼» Microsoft. (Nechyb├ş odkaz na sestaven├ş?) [C:\NON_Install_Programs\DataHub\src\DataHub.Core\DataHub.Core.csproj]
C:\NON_Install_Programs\DataHub\src\DataHub.Core\Data\Interceptors\ComprehensiveAuditInterceptor.cs(3,17): error CS0234: Typ nebo n├ízev oboru n├ízv┼» EntityFrameworkCore neexistuje v oboru n├ízv┼» Microsoft. (Nechyb├ş odkaz na sestaven├ş?) [C:\NON_Install_Programs\DataHub\src\DataHub.Core\DataHub.Core.csproj]
C:\NON_Install_Programs\DataHub\src\DataHub.Core\Interfaces\IRepository.cs(4,17): error CS0234: Typ nebo n├ízev oboru n├ízv┼» EntityFrameworkCore neexistuje v oboru n├ízv┼» Microsoft. (Nechyb├ş odkaz na sestaven├ş?) [C:\NON_Install_Programs\DataHub\src\DataHub.Core\DataHub.Core.csproj]
C:\NON_Install_Programs\DataHub\src\DataHub.Core\Models\DataGrid\DataGridModels.cs(1,7): error CS0246: Typ nebo n├ízev oboru n├ízv┼» RPK_BlazorApp se nena┼íel. (Nechyb├ş direktiva using nebo odkaz na sestaven├ş?) [C:\NON_Install_Programs\DataHub\src\DataHub.Core\DataHub.Core.csproj]
C:\NON_Install_Programs\DataHub\src\DataHub.Core\Models\DbPproiDisContext.cs(3,17): error CS0234: Typ nebo n├ízev oboru n├ízv┼» EntityFrameworkCore neexistuje v oboru n├ízv┼» Microsoft. (Nechyb├ş odkaz na sestaven├ş?) [C:\NON_Install_Programs\DataHub\src\DataHub.Core\DataHub.Core.csproj]
C:\NON_Install_Programs\DataHub\src\DataHub.Core\Models\ViewEisodSd.cs(5,17): error CS0234: Typ nebo n├ízev oboru n├ízv┼» EntityFrameworkCore neexistuje v oboru n├ízv┼» Microsoft. (Nechyb├ş odkaz na sestaven├ş?) [C:\NON_Install_Programs\DataHub\src\DataHub.Core\DataHub.Core.csproj]
C:\NON_Install_Programs\DataHub\src\DataHub.Core\Services\DummyItemService.cs(11,19): error CS0234: Typ nebo n├ízev oboru n├ízv┼» Dynamic neexistuje v oboru n├ízv┼» System.Linq. (Nechyb├ş odkaz na sestaven├ş?) [C:\NON_Install_Programs\DataHub\src\DataHub.Core\DataHub.Core.csproj]
C:\NON_Install_Programs\DataHub\src\DataHub.Core\Services\UserPreferenceService.cs(2,17): error CS0234: Typ nebo n├ízev oboru n├ízv┼» EntityFrameworkCore neexistuje v oboru n├ízv┼» Microsoft. (Nechyb├ş odkaz na sestaven├ş?) [C:\NON_Install_Programs\DataHub\src\DataHub.Core\DataHub.Core.csproj]
C:\NON_Install_Programs\DataHub\src\DataHub.Core\Data\ApplicationDbContext.cs(12,41): error CS0246: Typ nebo n├ízev oboru n├ízv┼» DbContext se nena┼íel. (Nechyb├ş direktiva using nebo odkaz na sestaven├ş?) [C:\NON_Install_Programs\DataHub\src\DataHub.Core\DataHub.Core.csproj]
C:\NON_Install_Programs\DataHub\src\DataHub.Core\Interfaces\IRepository.cs(8,92): error CS0246: Typ nebo n├ízev oboru n├ízv┼» DbContext se nena┼íel. (Nechyb├ş direktiva using nebo odkaz na sestaven├ş?) [C:\NON_Install_Programs\DataHub\src\DataHub.Core\DataHub.Core.csproj]
C:\NON_Install_Programs\DataHub\src\DataHub.Core\Interfaces\IAlarmRepository.cs(10,22): error CS0311: Typ DataHub.Core.Data.ApplicationDbContext nejde pou┼ż├şt jako parametr typu TContext v obecn├ęm typu nebo metod─Ť IRepository<TEntity, TContext>. Neexistuje ┼ż├ídn├Ż implicitn├ş p┼Öevod odkazu z DataHub.Core.Data.ApplicationDbContext na DbContext. [C:\NON_Install_Programs\DataHub\src\DataHub.Core\DataHub.Core.csproj]
C:\NON_Install_Programs\DataHub\src\DataHub.Core\Data\ApplicationDbContext.cs(16,37): error CS0246: Typ nebo n├ízev oboru n├ízv┼» DbContextOptions<> se nena┼íel. (Nechyb├ş direktiva using nebo odkaz na sestaven├ş?) [C:\NON_Install_Programs\DataHub\src\DataHub.Core\DataHub.Core.csproj]
C:\NON_Install_Programs\DataHub\src\DataHub.Core\Interfaces\IAuditLogRepository.cs(7,22): error CS0311: Typ DataHub.Core.Data.ApplicationDbContext nejde pou┼ż├şt jako parametr typu TContext v obecn├ęm typu nebo metod─Ť IRepository<TEntity, TContext>. Neexistuje ┼ż├ídn├Ż implicitn├ş p┼Öevod odkazu z DataHub.Core.Data.ApplicationDbContext na DbContext. [C:\NON_Install_Programs\DataHub\src\DataHub.Core\DataHub.Core.csproj]
C:\NON_Install_Programs\DataHub\src\DataHub.Core\Data\ApplicationDbContext.cs(22,16): error CS0246: Typ nebo n├ízev oboru n├ízv┼» DbSet<> se nena┼íel. (Nechyb├ş direktiva using nebo odkaz na sestaven├ş?) [C:\NON_Install_Programs\DataHub\src\DataHub.Core\DataHub.Core.csproj]
C:\NON_Install_Programs\DataHub\src\DataHub.Core\Data\ApplicationDbContext.cs(23,16): error CS0246: Typ nebo n├ízev oboru n├ízv┼» DbSet<> se nena┼íel. (Nechyb├ş direktiva using nebo odkaz na sestaven├ş?) [C:\NON_Install_Programs\DataHub\src\DataHub.Core\DataHub.Core.csproj]
C:\NON_Install_Programs\DataHub\src\DataHub.Core\Interfaces\IGrindingRepository.cs(7,22): error CS0311: Typ DataHub.Core.Data.ApplicationDbContext nejde pou┼ż├şt jako parametr typu TContext v obecn├ęm typu nebo metod─Ť IRepository<TEntity, TContext>. Neexistuje ┼ż├ídn├Ż implicitn├ş p┼Öevod odkazu z DataHub.Core.Data.ApplicationDbContext na DbContext. [C:\NON_Install_Programs\DataHub\src\DataHub.Core\DataHub.Core.csproj]
C:\NON_Install_Programs\DataHub\src\DataHub.Core\Interfaces\IOperationalRepository.cs(7,22): error CS0311: Typ DataHub.Core.Data.ApplicationDbContext nejde pou┼ż├şt jako parametr typu TContext v obecn├ęm typu nebo metod─Ť IRepository<TEntity, TContext>. Neexistuje ┼ż├ídn├Ż implicitn├ş p┼Öevod odkazu z DataHub.Core.Data.ApplicationDbContext na DbContext. [C:\NON_Install_Programs\DataHub\src\DataHub.Core\DataHub.Core.csproj]
C:\NON_Install_Programs\DataHub\src\DataHub.Core\Data\ApplicationDbContext.cs(24,16): error CS0246: Typ nebo n├ízev oboru n├ízv┼» DbSet<> se nena┼íel. (Nechyb├ş direktiva using nebo odkaz na sestaven├ş?) [C:\NON_Install_Programs\DataHub\src\DataHub.Core\DataHub.Core.csproj]
C:\NON_Install_Programs\DataHub\src\DataHub.Core\Data\ApplicationDbContext.cs(25,16): error CS0246: Typ nebo n├ízev oboru n├ízv┼» DbSet<> se nena┼íel. (Nechyb├ş direktiva using nebo odkaz na sestaven├ş?) [C:\NON_Install_Programs\DataHub\src\DataHub.Core\DataHub.Core.csproj]
C:\NON_Install_Programs\DataHub\src\DataHub.Core\Components\Shared\FloatingQueryBuilder.razor.cs(19,17): error CS0246: Typ nebo n├ízev oboru n├ízv┼» FluentTextField se nena┼íel. (Nechyb├ş direktiva using nebo odkaz na sestaven├ş?) [C:\NON_Install_Programs\DataHub\src\DataHub.Core\DataHub.Core.csproj]
C:\NON_Install_Programs\DataHub\src\DataHub.Core\Data\ApplicationDbContext.cs(26,16): error CS0246: Typ nebo n├ízev oboru n├ízv┼» DbSet<> se nena┼íel. (Nechyb├ş direktiva using nebo odkaz na sestaven├ş?) [C:\NON_Install_Programs\DataHub\src\DataHub.Core\DataHub.Core.csproj]
C:\NON_Install_Programs\DataHub\src\DataHub.Core\Data\ApplicationDbContext.cs(27,16): error CS0246: Typ nebo n├ízev oboru n├ízv┼» DbSet<> se nena┼íel. (Nechyb├ş direktiva using nebo odkaz na sestaven├ş?) [C:\NON_Install_Programs\DataHub\src\DataHub.Core\DataHub.Core.csproj]
C:\NON_Install_Programs\DataHub\src\DataHub.Core\Data\ApplicationDbContext.cs(28,16): error CS0246: Typ nebo n├ízev oboru n├ízv┼» DbSet<> se nena┼íel. (Nechyb├ş direktiva using nebo odkaz na sestaven├ş?) [C:\NON_Install_Programs\DataHub\src\DataHub.Core\DataHub.Core.csproj]
C:\NON_Install_Programs\DataHub\src\DataHub.Core\Interfaces\IViewEisodSdRepository.cs(7,72): error CS0246: Typ nebo n├ízev oboru n├ízv┼» EisodDbContext se nena┼íel. (Nechyb├ş direktiva using nebo odkaz na sestaven├ş?) [C:\NON_Install_Programs\DataHub\src\DataHub.Core\DataHub.Core.csproj]
C:\NON_Install_Programs\DataHub\src\DataHub.Core\Data\ApplicationDbContext.cs(61,49): error CS0246: Typ nebo n├ízev oboru n├ízv┼» ModelBuilder se nena┼íel. (Nechyb├ş direktiva using nebo odkaz na sestaven├ş?) [C:\NON_Install_Programs\DataHub\src\DataHub.Core\DataHub.Core.csproj]
C:\NON_Install_Programs\DataHub\src\DataHub.Core\Components\Shared\GenericSort.razor.cs(17,33): error CS0115: GenericSort<TItem>.OnInitialized(): Nena┼íla se vhodn├í metoda k p┼Öeps├ín├ş. [C:\NON_Install_Programs\DataHub\src\DataHub.Core\DataHub.Core.csproj]
C:\NON_Install_Programs\DataHub\src\DataHub.Core\Services\ExcelExportService.cs(13,26): error CS0246: Typ nebo n├ízev oboru n├ízv┼» ILogger<> se nena┼íel. (Nechyb├ş direktiva using nebo odkaz na sestaven├ş?) [C:\NON_Install_Programs\DataHub\src\DataHub.Core\DataHub.Core.csproj]
C:\NON_Install_Programs\DataHub\src\DataHub.Core\Services\ExcelExportService.cs(15,35): error CS0246: Typ nebo n├ízev oboru n├ízv┼» ILogger<> se nena┼íel. (Nechyb├ş direktiva using nebo odkaz na sestaven├ş?) [C:\NON_Install_Programs\DataHub\src\DataHub.Core\DataHub.Core.csproj]
C:\NON_Install_Programs\DataHub\src\DataHub.Core\Models\DbPproiDisContext.cs(7,42): error CS0246: Typ nebo n├ízev oboru n├ízv┼» DbContext se nena┼íel. (Nechyb├ş direktiva using nebo odkaz na sestaven├ş?) [C:\NON_Install_Programs\DataHub\src\DataHub.Core\DataHub.Core.csproj]
C:\NON_Install_Programs\DataHub\src\DataHub.Core\Models\DbPproiDisContext.cs(13,30): error CS0246: Typ nebo n├ízev oboru n├ízv┼» DbContextOptions<> se nena┼íel. (Nechyb├ş direktiva using nebo odkaz na sestaven├ş?) [C:\NON_Install_Programs\DataHub\src\DataHub.Core\DataHub.Core.csproj]
C:\NON_Install_Programs\DataHub\src\DataHub.Core\Models\DbPproiDisContext.cs(18,20): error CS0246: Typ nebo n├ízev oboru n├ízv┼» DbSet<> se nena┼íel. (Nechyb├ş direktiva using nebo odkaz na sestaven├ş?) [C:\NON_Install_Programs\DataHub\src\DataHub.Core\DataHub.Core.csproj]
C:\NON_Install_Programs\DataHub\src\DataHub.Core\Models\DbPproiDisContext.cs(20,43): error CS0246: Typ nebo n├ízev oboru n├ízv┼» DbContextOptionsBuilder se nena┼íel. (Nechyb├ş direktiva using nebo odkaz na sestaven├ş?) [C:\NON_Install_Programs\DataHub\src\DataHub.Core\DataHub.Core.csproj]
C:\NON_Install_Programs\DataHub\src\DataHub.Core\Models\DbPproiDisContext.cs(23,45): error CS0246: Typ nebo n├ízev oboru n├ízv┼» ModelBuilder se nena┼íel. (Nechyb├ş direktiva using nebo odkaz na sestaven├ş?) [C:\NON_Install_Programs\DataHub\src\DataHub.Core\DataHub.Core.csproj]
C:\NON_Install_Programs\DataHub\src\DataHub.Core\Data\Interceptors\ComprehensiveAuditInterceptor.cs(16,50): error CS0246: Typ nebo n├ízev oboru n├ízv┼» SaveChangesInterceptor se nena┼íel. (Nechyb├ş direktiva using nebo odkaz na sestaven├ş?) [C:\NON_Install_Programs\DataHub\src\DataHub.Core\DataHub.Core.csproj]
C:\NON_Install_Programs\DataHub\src\DataHub.Core\Services\NavigationContextService.cs(11,16): error CS0104: RecordInteractionMode je nejednozna─Źn├Ż odkaz mezi DataHub.Core.Models.RecordInteractionMode a DataHub.Core.Models.UI.RecordInteractionMode. [C:\NON_Install_Programs\DataHub\src\DataHub.Core\DataHub.Core.csproj]
C:\NON_Install_Programs\DataHub\src\DataHub.Core\Services\NavigationContextService.cs(13,83): error CS0104: RecordInteractionMode je nejednozna─Źn├Ż odkaz mezi DataHub.Core.Models.RecordInteractionMode a DataHub.Core.Models.UI.RecordInteractionMode. [C:\NON_Install_Programs\DataHub\src\DataHub.Core\DataHub.Core.csproj]
C:\NON_Install_Programs\DataHub\src\DataHub.Core\Models\DbPproiDisContext.cs(33,41): error CS0246: Typ nebo n├ízev oboru n├ízv┼» ModelBuilder se nena┼íel. (Nechyb├ş direktiva using nebo odkaz na sestaven├ş?) [C:\NON_Install_Programs\DataHub\src\DataHub.Core\DataHub.Core.csproj]
C:\NON_Install_Programs\DataHub\src\DataHub.Core\Services\UserPreferenceService.cs(18,26): error CS0246: Typ nebo n├ízev oboru n├ízv┼» IDbContextFactory<> se nena┼íel. (Nechyb├ş direktiva using nebo odkaz na sestaven├ş?) [C:\NON_Install_Programs\DataHub\src\DataHub.Core\DataHub.Core.csproj]
C:\NON_Install_Programs\DataHub\src\DataHub.Core\Data\Interceptors\ComprehensiveAuditInterceptor.cs(21,63): error CS0246: Typ nebo n├ízev oboru n├ízv┼» DbContextEventData se nena┼íel. (Nechyb├ş direktiva using nebo odkaz na sestaven├ş?) [C:\NON_Install_Programs\DataHub\src\DataHub.Core\DataHub.Core.csproj]
C:\NON_Install_Programs\DataHub\src\DataHub.Core\Data\Interceptors\ComprehensiveAuditInterceptor.cs(21,93): error CS0246: Typ nebo n├ízev oboru n├ízv┼» InterceptionResult<> se nena┼íel. (Nechyb├ş direktiva using nebo odkaz na sestaven├ş?) [C:\NON_Install_Programs\DataHub\src\DataHub.Core\DataHub.Core.csproj]
C:\NON_Install_Programs\DataHub\src\DataHub.Core\Data\Interceptors\ComprehensiveAuditInterceptor.cs(21,25): error CS0246: Typ nebo n├ízev oboru n├ízv┼» InterceptionResult<> se nena┼íel. (Nechyb├ş direktiva using nebo odkaz na sestaven├ş?) [C:\NON_Install_Programs\DataHub\src\DataHub.Core\DataHub.Core.csproj]
C:\NON_Install_Programs\DataHub\src\DataHub.Core\Data\Interceptors\ComprehensiveAuditInterceptor.cs(28,13): error CS0246: Typ nebo n├ízev oboru n├ízv┼» DbContextEventData se nena┼íel. (Nechyb├ş direktiva using nebo odkaz na sestaven├ş?) [C:\NON_Install_Programs\DataHub\src\DataHub.Core\DataHub.Core.csproj]
C:\NON_Install_Programs\DataHub\src\DataHub.Core\Data\Interceptors\ComprehensiveAuditInterceptor.cs(29,13): error CS0246: Typ nebo n├ízev oboru n├ízv┼» InterceptionResult<> se nena┼íel. (Nechyb├ş direktiva using nebo odkaz na sestaven├ş?) [C:\NON_Install_Programs\DataHub\src\DataHub.Core\DataHub.Core.csproj]
C:\NON_Install_Programs\DataHub\src\DataHub.Core\Data\Interceptors\ComprehensiveAuditInterceptor.cs(27,35): error CS0246: Typ nebo n├ízev oboru n├ízv┼» InterceptionResult<> se nena┼íel. (Nechyb├ş direktiva using nebo odkaz na sestaven├ş?) [C:\NON_Install_Programs\DataHub\src\DataHub.Core\DataHub.Core.csproj]
C:\NON_Install_Programs\DataHub\src\DataHub.Core\Services\UserPreferenceService.cs(22,38): error CS0246: Typ nebo n├ízev oboru n├ízv┼» IDbContextFactory<> se nena┼íel. (Nechyb├ş direktiva using nebo odkaz na sestaven├ş?) [C:\NON_Install_Programs\DataHub\src\DataHub.Core\DataHub.Core.csproj]
C:\NON_Install_Programs\DataHub\src\DataHub.Core\Data\Interceptors\ComprehensiveAuditInterceptor.cs(36,45): error CS0246: Typ nebo n├ízev oboru n├ízv┼» DbContext se nena┼íel. (Nechyb├ş direktiva using nebo odkaz na sestaven├ş?) [C:\NON_Install_Programs\DataHub\src\DataHub.Core\DataHub.Core.csproj]
C:\NON_Install_Programs\DataHub\src\DataHub.Core\Data\Interceptors\ComprehensiveAuditInterceptor.cs(119,44): error CS0246: Typ nebo n├ízev oboru n├ízv┼» EntityEntry se nena┼íel. (Nechyb├ş direktiva using nebo odkaz na sestaven├ş?) [C:\NON_Install_Programs\DataHub\src\DataHub.Core\DataHub.Core.csproj]
C:\NON_Install_Programs\DataHub\src\DataHub.Core\Data\Interceptors\ComprehensiveAuditInterceptor.cs(132,39): error CS0246: Typ nebo n├ízev oboru n├ízv┼» EntityEntry se nena┼íel. (Nechyb├ş direktiva using nebo odkaz na sestaven├ş?) [C:\NON_Install_Programs\DataHub\src\DataHub.Core\DataHub.Core.csproj]
C:\NON_Install_Programs\DataHub\src\DataHub.Core\Data\Interceptors\ComprehensiveAuditInterceptor.cs(146,47): error CS0246: Typ nebo n├ízev oboru n├ízv┼» EntityEntry se nena┼íel. (Nechyb├ş direktiva using nebo odkaz na sestaven├ş?) [C:\NON_Install_Programs\DataHub\src\DataHub.Core\DataHub.Core.csproj]
    0 upozorn─Ťn├ş
    Po─Źet chyb: 54

Uplynul├Ż ─Źas 00:00:00.93

Jsou k dispozici aktualizace ├║loh. Pokud chcete z├şskat dal┼í├ş informace, spus┼ąte `dotnet workload list`.
