C:\NON_Install_Programs\DataHub\src\DataHub.Core\Components\Shared\FloatingQueryBuilder.razor.cs(8,17): error CS0234: Typ nebo n├ízev oboru n├ízv┼» FluentUI neexistuje v oboru n├ízv┼» Microsoft. (Nechyb├ş odkaz na sestaven├ş?) [C:\NON_Install_Programs\DataHub\src\DataHub.Core\DataHub.Core.csproj]
C:\NON_Install_Programs\DataHub\src\DataHub.Core\Components\Shared\QueryBuilderModal.razor.cs(7,17): error CS0234: Typ nebo n├ízev oboru n├ízv┼» FluentUI neexistuje v oboru n├ízv┼» Microsoft. (Nechyb├ş odkaz na sestaven├ş?) [C:\NON_Install_Programs\DataHub\src\DataHub.Core\DataHub.Core.csproj]
C:\NON_Install_Programs\DataHub\src\DataHub.Core\Interfaces\IAlarmRepository.cs(6,15): error CS0234: Typ nebo n├ízev oboru n├ízv┼» Platform neexistuje v oboru n├ízv┼» DataHub. (Nechyb├ş odkaz na sestaven├ş?) [C:\NON_Install_Programs\DataHub\src\DataHub.Core\DataHub.Core.csproj]
C:\NON_Install_Programs\DataHub\src\DataHub.Core\Interfaces\IAuditLogRepository.cs(3,15): error CS0234: Typ nebo n├ízev oboru n├ízv┼» Platform neexistuje v oboru n├ízv┼» DataHub. (Nechyb├ş odkaz na sestaven├ş?) [C:\NON_Install_Programs\DataHub\src\DataHub.Core\DataHub.Core.csproj]
C:\NON_Install_Programs\DataHub\src\DataHub.Core\Interfaces\IGrindingRepository.cs(3,15): error CS0234: Typ nebo n├ízev oboru n├ízv┼» Platform neexistuje v oboru n├ízv┼» DataHub. (Nechyb├ş odkaz na sestaven├ş?) [C:\NON_Install_Programs\DataHub\src\DataHub.Core\DataHub.Core.csproj]
C:\NON_Install_Programs\DataHub\src\DataHub.Core\Interfaces\IOperationalRepository.cs(3,15): error CS0234: Typ nebo n├ízev oboru n├ízv┼» Platform neexistuje v oboru n├ízv┼» DataHub. (Nechyb├ş odkaz na sestaven├ş?) [C:\NON_Install_Programs\DataHub\src\DataHub.Core\DataHub.Core.csproj]
C:\NON_Install_Programs\DataHub\src\DataHub.Core\Interfaces\IRepository.cs(4,17): error CS0234: Typ nebo n├ízev oboru n├ízv┼» EntityFrameworkCore neexistuje v oboru n├ízv┼» Microsoft. (Nechyb├ş odkaz na sestaven├ş?) [C:\NON_Install_Programs\DataHub\src\DataHub.Core\DataHub.Core.csproj]
C:\NON_Install_Programs\DataHub\src\DataHub.Core\Interfaces\IViewEisodSdRepository.cs(3,15): error CS0234: Typ nebo n├ízev oboru n├ízv┼» Platform neexistuje v oboru n├ízv┼» DataHub. (Nechyb├ş odkaz na sestaven├ş?) [C:\NON_Install_Programs\DataHub\src\DataHub.Core\DataHub.Core.csproj]
C:\NON_Install_Programs\DataHub\src\DataHub.Core\Models\DataGrid\DataGridModels.cs(1,7): error CS0246: Typ nebo n├ízev oboru n├ízv┼» RPK_BlazorApp se nena┼íel. (Nechyb├ş direktiva using nebo odkaz na sestaven├ş?) [C:\NON_Install_Programs\DataHub\src\DataHub.Core\DataHub.Core.csproj]
C:\NON_Install_Programs\DataHub\src\DataHub.Core\Models\DbPproiDisContext.cs(3,17): error CS0234: Typ nebo n├ízev oboru n├ízv┼» EntityFrameworkCore neexistuje v oboru n├ízv┼» Microsoft. (Nechyb├ş odkaz na sestaven├ş?) [C:\NON_Install_Programs\DataHub\src\DataHub.Core\DataHub.Core.csproj]
C:\NON_Install_Programs\DataHub\src\DataHub.Core\Models\ViewEisodSd.cs(5,17): error CS0234: Typ nebo n├ízev oboru n├ízv┼» EntityFrameworkCore neexistuje v oboru n├ízv┼» Microsoft. (Nechyb├ş odkaz na sestaven├ş?) [C:\NON_Install_Programs\DataHub\src\DataHub.Core\DataHub.Core.csproj]
C:\NON_Install_Programs\DataHub\src\DataHub.Core\Services\DataService.cs(1,7): error CS0246: Typ nebo n├ízev oboru n├ízv┼» RPK_BlazorApp se nena┼íel. (Nechyb├ş direktiva using nebo odkaz na sestaven├ş?) [C:\NON_Install_Programs\DataHub\src\DataHub.Core\DataHub.Core.csproj]
C:\NON_Install_Programs\DataHub\src\DataHub.Core\Services\DataService.cs(2,7): error CS0246: Typ nebo n├ízev oboru n├ízv┼» RPK_BlazorApp se nena┼íel. (Nechyb├ş direktiva using nebo odkaz na sestaven├ş?) [C:\NON_Install_Programs\DataHub\src\DataHub.Core\DataHub.Core.csproj]
C:\NON_Install_Programs\DataHub\src\DataHub.Core\Services\DataService.cs(5,19): error CS0234: Typ nebo n├ízev oboru n├ízv┼» Dynamic neexistuje v oboru n├ízv┼» System.Linq. (Nechyb├ş odkaz na sestaven├ş?) [C:\NON_Install_Programs\DataHub\src\DataHub.Core\DataHub.Core.csproj]
C:\NON_Install_Programs\DataHub\src\DataHub.Core\Services\DataService.cs(7,7): error CS0246: Typ nebo n├ízev oboru n├ízv┼» RPK_BlazorApp se nena┼íel. (Nechyb├ş direktiva using nebo odkaz na sestaven├ş?) [C:\NON_Install_Programs\DataHub\src\DataHub.Core\DataHub.Core.csproj]
C:\NON_Install_Programs\DataHub\src\DataHub.Core\Services\DataService.cs(10,7): error CS0246: Typ nebo n├ízev oboru n├ízv┼» RPK_BlazorApp se nena┼íel. (Nechyb├ş direktiva using nebo odkaz na sestaven├ş?) [C:\NON_Install_Programs\DataHub\src\DataHub.Core\DataHub.Core.csproj]
C:\NON_Install_Programs\DataHub\src\DataHub.Core\Services\DataService.cs(11,17): error CS0234: Typ nebo n├ízev oboru n├ízv┼» EntityFrameworkCore neexistuje v oboru n├ízv┼» Microsoft. (Nechyb├ş odkaz na sestaven├ş?) [C:\NON_Install_Programs\DataHub\src\DataHub.Core\DataHub.Core.csproj]
C:\NON_Install_Programs\DataHub\src\DataHub.Core\Services\DataService.cs(15,7): error CS0246: Typ nebo n├ízev oboru n├ízv┼» RPK_BlazorApp se nena┼íel. (Nechyb├ş direktiva using nebo odkaz na sestaven├ş?) [C:\NON_Install_Programs\DataHub\src\DataHub.Core\DataHub.Core.csproj]
C:\NON_Install_Programs\DataHub\src\DataHub.Core\Services\DummyItemService.cs(11,19): error CS0234: Typ nebo n├ízev oboru n├ízv┼» Dynamic neexistuje v oboru n├ízv┼» System.Linq. (Nechyb├ş odkaz na sestaven├ş?) [C:\NON_Install_Programs\DataHub\src\DataHub.Core\DataHub.Core.csproj]
C:\NON_Install_Programs\DataHub\src\DataHub.Core\Services\ExcelExportService.cs(2,7): error CS0246: Typ nebo n├ízev oboru n├ízv┼» RPK_BlazorApp se nena┼íel. (Nechyb├ş direktiva using nebo odkaz na sestaven├ş?) [C:\NON_Install_Programs\DataHub\src\DataHub.Core\DataHub.Core.csproj]
C:\NON_Install_Programs\DataHub\src\DataHub.Core\Services\ExcelExportService.cs(3,7): error CS0246: Typ nebo n├ízev oboru n├ízv┼» RPK_BlazorApp se nena┼íel. (Nechyb├ş direktiva using nebo odkaz na sestaven├ş?) [C:\NON_Install_Programs\DataHub\src\DataHub.Core\DataHub.Core.csproj]
C:\NON_Install_Programs\DataHub\src\DataHub.Core\Services\ExpressionBuilder.cs(6,7): error CS0246: Typ nebo n├ízev oboru n├ízv┼» RPK_BlazorApp se nena┼íel. (Nechyb├ş direktiva using nebo odkaz na sestaven├ş?) [C:\NON_Install_Programs\DataHub\src\DataHub.Core\DataHub.Core.csproj]
C:\NON_Install_Programs\DataHub\src\DataHub.Core\Services\ExpressionBuilder.cs(7,7): error CS0246: Typ nebo n├ízev oboru n├ízv┼» RPK_BlazorApp se nena┼íel. (Nechyb├ş direktiva using nebo odkaz na sestaven├ş?) [C:\NON_Install_Programs\DataHub\src\DataHub.Core\DataHub.Core.csproj]
C:\NON_Install_Programs\DataHub\src\DataHub.Core\Services\IExcelExportService.cs(1,7): error CS0246: Typ nebo n├ízev oboru n├ízv┼» RPK_BlazorApp se nena┼íel. (Nechyb├ş direktiva using nebo odkaz na sestaven├ş?) [C:\NON_Install_Programs\DataHub\src\DataHub.Core\DataHub.Core.csproj]
C:\NON_Install_Programs\DataHub\src\DataHub.Core\Services\IExcelExportService.cs(2,7): error CS0246: Typ nebo n├ízev oboru n├ízv┼» RPK_BlazorApp se nena┼íel. (Nechyb├ş direktiva using nebo odkaz na sestaven├ş?) [C:\NON_Install_Programs\DataHub\src\DataHub.Core\DataHub.Core.csproj]
C:\NON_Install_Programs\DataHub\src\DataHub.Core\Services\NavigationContextService.cs(2,7): error CS0246: Typ nebo n├ízev oboru n├ízv┼» RPK_BlazorApp se nena┼íel. (Nechyb├ş direktiva using nebo odkaz na sestaven├ş?) [C:\NON_Install_Programs\DataHub\src\DataHub.Core\DataHub.Core.csproj]
C:\NON_Install_Programs\DataHub\src\DataHub.Core\Services\QueryParserService.cs(1,7): error CS0246: Typ nebo n├ízev oboru n├ízv┼» RPK_BlazorApp se nena┼íel. (Nechyb├ş direktiva using nebo odkaz na sestaven├ş?) [C:\NON_Install_Programs\DataHub\src\DataHub.Core\DataHub.Core.csproj]
C:\NON_Install_Programs\DataHub\src\DataHub.Core\Services\UserPreferenceService.cs(2,17): error CS0234: Typ nebo n├ízev oboru n├ízv┼» EntityFrameworkCore neexistuje v oboru n├ízv┼» Microsoft. (Nechyb├ş odkaz na sestaven├ş?) [C:\NON_Install_Programs\DataHub\src\DataHub.Core\DataHub.Core.csproj]
C:\NON_Install_Programs\DataHub\src\DataHub.Core\Services\UserPreferenceService.cs(3,7): error CS0246: Typ nebo n├ízev oboru n├ízv┼» RPK_BlazorApp se nena┼íel. (Nechyb├ş direktiva using nebo odkaz na sestaven├ş?) [C:\NON_Install_Programs\DataHub\src\DataHub.Core\DataHub.Core.csproj]
C:\NON_Install_Programs\DataHub\src\DataHub.Core\Services\UserPreferenceService.cs(4,7): error CS0246: Typ nebo n├ízev oboru n├ízv┼» RPK_BlazorApp se nena┼íel. (Nechyb├ş direktiva using nebo odkaz na sestaven├ş?) [C:\NON_Install_Programs\DataHub\src\DataHub.Core\DataHub.Core.csproj]
C:\NON_Install_Programs\DataHub\src\DataHub.Core\Services\UserPreferenceService.cs(5,7): error CS0246: Typ nebo n├ízev oboru n├ízv┼» RPK_BlazorApp se nena┼íel. (Nechyb├ş direktiva using nebo odkaz na sestaven├ş?) [C:\NON_Install_Programs\DataHub\src\DataHub.Core\DataHub.Core.csproj]
C:\NON_Install_Programs\DataHub\src\DataHub.Core\Interfaces\IAlarmRepository.cs(10,60): error CS0246: Typ nebo n├ízev oboru n├ízv┼» ApplicationDbContext se nena┼íel. (Nechyb├ş direktiva using nebo odkaz na sestaven├ş?) [C:\NON_Install_Programs\DataHub\src\DataHub.Core\DataHub.Core.csproj]
C:\NON_Install_Programs\DataHub\src\DataHub.Core\Interfaces\IRepository.cs(8,92): error CS0246: Typ nebo n├ízev oboru n├ízv┼» DbContext se nena┼íel. (Nechyb├ş direktiva using nebo odkaz na sestaven├ş?) [C:\NON_Install_Programs\DataHub\src\DataHub.Core\DataHub.Core.csproj]
C:\NON_Install_Programs\DataHub\src\DataHub.Core\Interfaces\IAuditLogRepository.cs(7,66): error CS0246: Typ nebo n├ízev oboru n├ízv┼» ApplicationDbContext se nena┼íel. (Nechyb├ş direktiva using nebo odkaz na sestaven├ş?) [C:\NON_Install_Programs\DataHub\src\DataHub.Core\DataHub.Core.csproj]
C:\NON_Install_Programs\DataHub\src\DataHub.Core\Interfaces\IGrindingRepository.cs(7,66): error CS0246: Typ nebo n├ízev oboru n├ízv┼» ApplicationDbContext se nena┼íel. (Nechyb├ş direktiva using nebo odkaz na sestaven├ş?) [C:\NON_Install_Programs\DataHub\src\DataHub.Core\DataHub.Core.csproj]
C:\NON_Install_Programs\DataHub\src\DataHub.Core\Interfaces\IOperationalRepository.cs(7,72): error CS0246: Typ nebo n├ízev oboru n├ízv┼» ApplicationDbContext se nena┼íel. (Nechyb├ş direktiva using nebo odkaz na sestaven├ş?) [C:\NON_Install_Programs\DataHub\src\DataHub.Core\DataHub.Core.csproj]
C:\NON_Install_Programs\DataHub\src\DataHub.Core\Components\Shared\FloatingQueryBuilder.razor.cs(19,17): error CS0246: Typ nebo n├ízev oboru n├ízv┼» FluentTextField se nena┼íel. (Nechyb├ş direktiva using nebo odkaz na sestaven├ş?) [C:\NON_Install_Programs\DataHub\src\DataHub.Core\DataHub.Core.csproj]
C:\NON_Install_Programs\DataHub\src\DataHub.Core\Interfaces\IViewEisodSdRepository.cs(7,72): error CS0246: Typ nebo n├ízev oboru n├ízv┼» EisodDbContext se nena┼íel. (Nechyb├ş direktiva using nebo odkaz na sestaven├ş?) [C:\NON_Install_Programs\DataHub\src\DataHub.Core\DataHub.Core.csproj]
C:\NON_Install_Programs\DataHub\src\DataHub.Core\Components\Shared\GenericSort.razor.cs(17,33): error CS0115: GenericSort<TItem>.OnInitialized(): Nena┼íla se vhodn├í metoda k p┼Öeps├ín├ş. [C:\NON_Install_Programs\DataHub\src\DataHub.Core\DataHub.Core.csproj]
C:\NON_Install_Programs\DataHub\src\DataHub.Core\Services\DataService.cs(19,88): error CS0305: Pou┼żit├ş obecn├ęho prvku typ IDataService<TItem> vy┼żaduje tento po─Źet argument┼» typ┼»: 1. [C:\NON_Install_Programs\DataHub\src\DataHub.Core\DataHub.Core.csproj]
C:\NON_Install_Programs\DataHub\src\DataHub.Core\Services\ExcelExportService.cs(19,91): error CS0246: Typ nebo n├ízev oboru n├ízv┼» ColumnDefinition<> se nena┼íel. (Nechyb├ş direktiva using nebo odkaz na sestaven├ş?) [C:\NON_Install_Programs\DataHub\src\DataHub.Core\DataHub.Core.csproj]
C:\NON_Install_Programs\DataHub\src\DataHub.Core\Models\DbPproiDisContext.cs(7,42): error CS0246: Typ nebo n├ízev oboru n├ízv┼» DbContext se nena┼íel. (Nechyb├ş direktiva using nebo odkaz na sestaven├ş?) [C:\NON_Install_Programs\DataHub\src\DataHub.Core\DataHub.Core.csproj]
C:\NON_Install_Programs\DataHub\src\DataHub.Core\Services\IExcelExportService.cs(11,78): error CS0246: Typ nebo n├ízev oboru n├ízv┼» ColumnDefinition<> se nena┼íel. (Nechyb├ş direktiva using nebo odkaz na sestaven├ş?) [C:\NON_Install_Programs\DataHub\src\DataHub.Core\DataHub.Core.csproj]
C:\NON_Install_Programs\DataHub\src\DataHub.Core\Models\DbPproiDisContext.cs(13,30): error CS0246: Typ nebo n├ízev oboru n├ízv┼» DbContextOptions<> se nena┼íel. (Nechyb├ş direktiva using nebo odkaz na sestaven├ş?) [C:\NON_Install_Programs\DataHub\src\DataHub.Core\DataHub.Core.csproj]
C:\NON_Install_Programs\DataHub\src\DataHub.Core\Models\DbPproiDisContext.cs(18,20): error CS0246: Typ nebo n├ízev oboru n├ízv┼» DbSet<> se nena┼íel. (Nechyb├ş direktiva using nebo odkaz na sestaven├ş?) [C:\NON_Install_Programs\DataHub\src\DataHub.Core\DataHub.Core.csproj]
C:\NON_Install_Programs\DataHub\src\DataHub.Core\Models\DbPproiDisContext.cs(20,43): error CS0246: Typ nebo n├ízev oboru n├ízv┼» DbContextOptionsBuilder se nena┼íel. (Nechyb├ş direktiva using nebo odkaz na sestaven├ş?) [C:\NON_Install_Programs\DataHub\src\DataHub.Core\DataHub.Core.csproj]
C:\NON_Install_Programs\DataHub\src\DataHub.Core\Services\ExcelExportService.cs(13,26): error CS0246: Typ nebo n├ízev oboru n├ízv┼» ILogger<> se nena┼íel. (Nechyb├ş direktiva using nebo odkaz na sestaven├ş?) [C:\NON_Install_Programs\DataHub\src\DataHub.Core\DataHub.Core.csproj]
C:\NON_Install_Programs\DataHub\src\DataHub.Core\Models\DbPproiDisContext.cs(23,45): error CS0246: Typ nebo n├ízev oboru n├ízv┼» ModelBuilder se nena┼íel. (Nechyb├ş direktiva using nebo odkaz na sestaven├ş?) [C:\NON_Install_Programs\DataHub\src\DataHub.Core\DataHub.Core.csproj]
C:\NON_Install_Programs\DataHub\src\DataHub.Core\Services\ExcelExportService.cs(15,35): error CS0246: Typ nebo n├ízev oboru n├ízv┼» ILogger<> se nena┼íel. (Nechyb├ş direktiva using nebo odkaz na sestaven├ş?) [C:\NON_Install_Programs\DataHub\src\DataHub.Core\DataHub.Core.csproj]
C:\NON_Install_Programs\DataHub\src\DataHub.Core\Services\DataService.cs(22,30): error CS0246: Typ nebo n├ízev oboru n├ízv┼» DataRequestBase se nena┼íel. (Nechyb├ş direktiva using nebo odkaz na sestaven├ş?) [C:\NON_Install_Programs\DataHub\src\DataHub.Core\DataHub.Core.csproj]
C:\NON_Install_Programs\DataHub\src\DataHub.Core\Services\DataService.cs(24,26): error CS0246: Typ nebo n├ízev oboru n├ízv┼» DbContext se nena┼íel. (Nechyb├ş direktiva using nebo odkaz na sestaven├ş?) [C:\NON_Install_Programs\DataHub\src\DataHub.Core\DataHub.Core.csproj]
C:\NON_Install_Programs\DataHub\src\DataHub.Core\Models\DbPproiDisContext.cs(33,41): error CS0246: Typ nebo n├ízev oboru n├ízv┼» ModelBuilder se nena┼íel. (Nechyb├ş direktiva using nebo odkaz na sestaven├ş?) [C:\NON_Install_Programs\DataHub\src\DataHub.Core\DataHub.Core.csproj]
C:\NON_Install_Programs\DataHub\src\DataHub.Core\Services\DataService.cs(39,89): error CS0246: Typ nebo n├ízev oboru n├ízv┼» DataFilterModel se nena┼íel. (Nechyb├ş direktiva using nebo odkaz na sestaven├ş?) [C:\NON_Install_Programs\DataHub\src\DataHub.Core\DataHub.Core.csproj]
C:\NON_Install_Programs\DataHub\src\DataHub.Core\Services\ExpressionBuilder.cs(16,25): error CS0246: Typ nebo n├ízev oboru n├ízv┼» FilterCriterion se nena┼íel. (Nechyb├ş direktiva using nebo odkaz na sestaven├ş?) [C:\NON_Install_Programs\DataHub\src\DataHub.Core\DataHub.Core.csproj]
C:\NON_Install_Programs\DataHub\src\DataHub.Core\Services\DataService.cs(91,89): error CS0246: Typ nebo n├ízev oboru n├ízv┼» FilterCriterion se nena┼íel. (Nechyb├ş direktiva using nebo odkaz na sestaven├ş?) [C:\NON_Install_Programs\DataHub\src\DataHub.Core\DataHub.Core.csproj]
C:\NON_Install_Programs\DataHub\src\DataHub.Core\Services\DataService.cs(91,128): error CS0246: Typ nebo n├ízev oboru n├ízv┼» SortCriterion se nena┼íel. (Nechyb├ş direktiva using nebo odkaz na sestaven├ş?) [C:\NON_Install_Programs\DataHub\src\DataHub.Core\DataHub.Core.csproj]
C:\NON_Install_Programs\DataHub\src\DataHub.Core\Services\ExpressionBuilder.cs(65,82): error CS0246: Typ nebo n├ízev oboru n├ízv┼» FilterCriterion se nena┼íel. (Nechyb├ş direktiva using nebo odkaz na sestaven├ş?) [C:\NON_Install_Programs\DataHub\src\DataHub.Core\DataHub.Core.csproj]
C:\NON_Install_Programs\DataHub\src\DataHub.Core\Services\QueryParserService.cs(18,16): error CS0246: Typ nebo n├ízev oboru n├ízv┼» SavedCriteria se nena┼íel. (Nechyb├ş direktiva using nebo odkaz na sestaven├ş?) [C:\NON_Install_Programs\DataHub\src\DataHub.Core\DataHub.Core.csproj]
C:\NON_Install_Programs\DataHub\src\DataHub.Core\Services\QueryParserService.cs(59,22): error CS0246: Typ nebo n├ízev oboru n├ízv┼» SortCriterion se nena┼íel. (Nechyb├ş direktiva using nebo odkaz na sestaven├ş?) [C:\NON_Install_Programs\DataHub\src\DataHub.Core\DataHub.Core.csproj]
C:\NON_Install_Programs\DataHub\src\DataHub.Core\Services\DataService.cs(207,83): error CS0246: Typ nebo n├ízev oboru n├ízv┼» ServerDataRequest se nena┼íel. (Nechyb├ş direktiva using nebo odkaz na sestaven├ş?) [C:\NON_Install_Programs\DataHub\src\DataHub.Core\DataHub.Core.csproj]
C:\NON_Install_Programs\DataHub\src\DataHub.Core\Services\DataService.cs(207,20): error CS0246: Typ nebo n├ízev oboru n├ízv┼» ServerDataResult<> se nena┼íel. (Nechyb├ş direktiva using nebo odkaz na sestaven├ş?) [C:\NON_Install_Programs\DataHub\src\DataHub.Core\DataHub.Core.csproj]
C:\NON_Install_Programs\DataHub\src\DataHub.Core\Services\DataService.cs(207,69): error CS0539: DataService<TEntity, TUIModel, TDataRequest, TDataResult, TContext>.GetPagedAsync(ServerDataRequest, Expression<Func<TEntity, bool>>?) v explicitn├ş deklaraci rozhran├ş se nena┼íel mezi ─Źleny rozhran├ş, kter├ę se daj├ş implementovat. [C:\NON_Install_Programs\DataHub\src\DataHub.Core\DataHub.Core.csproj]
C:\NON_Install_Programs\DataHub\src\DataHub.Core\Services\DataService.cs(19,158): error CS0535: DataService<TEntity, TUIModel, TDataRequest, TDataResult, TContext> neimplementuje ─Źlen rozhran├ş IDataService<TEntity>.GetPagedAsync(DataRequestBase). [C:\NON_Install_Programs\DataHub\src\DataHub.Core\DataHub.Core.csproj]
C:\NON_Install_Programs\DataHub\src\DataHub.Core\Services\NavigationContextService.cs(10,16): error CS0246: Typ nebo n├ízev oboru n├ízv┼» RecordInteractionMode se nena┼íel. (Nechyb├ş direktiva using nebo odkaz na sestaven├ş?) [C:\NON_Install_Programs\DataHub\src\DataHub.Core\DataHub.Core.csproj]
C:\NON_Install_Programs\DataHub\src\DataHub.Core\Services\QueryParserService.cs(86,22): error CS0246: Typ nebo n├ízev oboru n├ízv┼» FilterCriterion se nena┼íel. (Nechyb├ş direktiva using nebo odkaz na sestaven├ş?) [C:\NON_Install_Programs\DataHub\src\DataHub.Core\DataHub.Core.csproj]
C:\NON_Install_Programs\DataHub\src\DataHub.Core\Services\DataService.cs(26,28): error CS0246: Typ nebo n├ízev oboru n├ízv┼» IRepository<,> se nena┼íel. (Nechyb├ş direktiva using nebo odkaz na sestaven├ş?) [C:\NON_Install_Programs\DataHub\src\DataHub.Core\DataHub.Core.csproj]
C:\NON_Install_Programs\DataHub\src\DataHub.Core\Services\QueryParserService.cs(92,22): error CS0246: Typ nebo n├ízev oboru n├ízv┼» FilterCriterion se nena┼íel. (Nechyb├ş direktiva using nebo odkaz na sestaven├ş?) [C:\NON_Install_Programs\DataHub\src\DataHub.Core\DataHub.Core.csproj]
C:\NON_Install_Programs\DataHub\src\DataHub.Core\Services\QueryParserService.cs(193,17): error CS0246: Typ nebo n├ízev oboru n├ízv┼» FilterCriterion se nena┼íel. (Nechyb├ş direktiva using nebo odkaz na sestaven├ş?) [C:\NON_Install_Programs\DataHub\src\DataHub.Core\DataHub.Core.csproj]
C:\NON_Install_Programs\DataHub\src\DataHub.Core\Services\UserPreferenceService.cs(45,27): error CS0246: Typ nebo n├ízev oboru n├ízv┼» SavedCriteria se nena┼íel. (Nechyb├ş direktiva using nebo odkaz na sestaven├ş?) [C:\NON_Install_Programs\DataHub\src\DataHub.Core\DataHub.Core.csproj]
C:\NON_Install_Programs\DataHub\src\DataHub.Core\Services\DataService.cs(31,28): error CS0246: Typ nebo n├ízev oboru n├ízv┼» IRepository<,> se nena┼íel. (Nechyb├ş direktiva using nebo odkaz na sestaven├ş?) [C:\NON_Install_Programs\DataHub\src\DataHub.Core\DataHub.Core.csproj]
C:\NON_Install_Programs\DataHub\src\DataHub.Core\Services\UserPreferenceService.cs(67,95): error CS0246: Typ nebo n├ízev oboru n├ízv┼» FilterCriterion se nena┼íel. (Nechyb├ş direktiva using nebo odkaz na sestaven├ş?) [C:\NON_Install_Programs\DataHub\src\DataHub.Core\DataHub.Core.csproj]
C:\NON_Install_Programs\DataHub\src\DataHub.Core\Services\UserPreferenceService.cs(67,126): error CS0246: Typ nebo n├ízev oboru n├ízv┼» SortCriterion se nena┼íel. (Nechyb├ş direktiva using nebo odkaz na sestaven├ş?) [C:\NON_Install_Programs\DataHub\src\DataHub.Core\DataHub.Core.csproj]
C:\NON_Install_Programs\DataHub\src\DataHub.Core\Services\DataService.cs(28,105): error CS0314: Typ TDataRequest nejde pou┼ż├şt jako parametr typu TDataRequest v obecn├ęm typu nebo metod─Ť DataService<TEntity, TUIModel, TDataRequest, TDataResult, TContext>. Neexistuje ┼ż├ídn├Ż p┼Öevod na uzav┼Öen├ę ur─Źen├ş ani p┼Öevod typu parametru z TDataRequest na DataRequestBase. [C:\NON_Install_Programs\DataHub\src\DataHub.Core\DataHub.Core.csproj]
C:\NON_Install_Programs\DataHub\src\DataHub.Core\Services\DataService.cs(28,105): error CS0314: Typ TContext nejde pou┼ż├şt jako parametr typu TContext v obecn├ęm typu nebo metod─Ť DataService<TEntity, TUIModel, TDataRequest, TDataResult, TContext>. Neexistuje ┼ż├ídn├Ż p┼Öevod na uzav┼Öen├ę ur─Źen├ş ani p┼Öevod typu parametru z TContext na DbContext. [C:\NON_Install_Programs\DataHub\src\DataHub.Core\DataHub.Core.csproj]
C:\NON_Install_Programs\DataHub\src\DataHub.Core\Services\DataService.cs(31,164): error CS0314: Typ TDataRequest nejde pou┼ż├şt jako parametr typu TDataRequest v obecn├ęm typu nebo metod─Ť DataService<TEntity, TUIModel, TDataRequest, TDataResult, TContext>. Neexistuje ┼ż├ídn├Ż p┼Öevod na uzav┼Öen├ę ur─Źen├ş ani p┼Öevod typu parametru z TDataRequest na DataRequestBase. [C:\NON_Install_Programs\DataHub\src\DataHub.Core\DataHub.Core.csproj]
C:\NON_Install_Programs\DataHub\src\DataHub.Core\Services\DataService.cs(31,164): error CS0314: Typ TContext nejde pou┼ż├şt jako parametr typu TContext v obecn├ęm typu nebo metod─Ť DataService<TEntity, TUIModel, TDataRequest, TDataResult, TContext>. Neexistuje ┼ż├ídn├Ż p┼Öevod na uzav┼Öen├ę ur─Źen├ş ani p┼Öevod typu parametru z TContext na DbContext. [C:\NON_Install_Programs\DataHub\src\DataHub.Core\DataHub.Core.csproj]
C:\NON_Install_Programs\DataHub\src\DataHub.Core\Services\DataService.cs(207,143): warning CS1066: V├Żchoz├ş hodnota zadan├í pro parametr filter nebude m├şt ┼ż├ídn├Ż efekt, proto┼że plat├ş pro ─Źlen, kter├Ż se pou┼ż├şv├í v kontextech nedovoluj├şc├şch nepovinn├ę argumenty. [C:\NON_Install_Programs\DataHub\src\DataHub.Core\DataHub.Core.csproj]
C:\NON_Install_Programs\DataHub\src\DataHub.Core\Services\UserPreferenceService.cs(18,26): error CS0246: Typ nebo n├ízev oboru n├ízv┼» IDbContextFactory<> se nena┼íel. (Nechyb├ş direktiva using nebo odkaz na sestaven├ş?) [C:\NON_Install_Programs\DataHub\src\DataHub.Core\DataHub.Core.csproj]
C:\NON_Install_Programs\DataHub\src\DataHub.Core\Services\UserPreferenceService.cs(18,44): error CS0246: Typ nebo n├ízev oboru n├ízv┼» ApplicationDbContext se nena┼íel. (Nechyb├ş direktiva using nebo odkaz na sestaven├ş?) [C:\NON_Install_Programs\DataHub\src\DataHub.Core\DataHub.Core.csproj]
C:\NON_Install_Programs\DataHub\src\DataHub.Core\Services\NavigationContextService.cs(12,83): error CS0246: Typ nebo n├ízev oboru n├ízv┼» RecordInteractionMode se nena┼íel. (Nechyb├ş direktiva using nebo odkaz na sestaven├ş?) [C:\NON_Install_Programs\DataHub\src\DataHub.Core\DataHub.Core.csproj]
C:\NON_Install_Programs\DataHub\src\DataHub.Core\Services\UserPreferenceService.cs(22,38): error CS0246: Typ nebo n├ízev oboru n├ízv┼» IDbContextFactory<> se nena┼íel. (Nechyb├ş direktiva using nebo odkaz na sestaven├ş?) [C:\NON_Install_Programs\DataHub\src\DataHub.Core\DataHub.Core.csproj]
C:\NON_Install_Programs\DataHub\src\DataHub.Core\Services\UserPreferenceService.cs(22,56): error CS0246: Typ nebo n├ízev oboru n├ízv┼» ApplicationDbContext se nena┼íel. (Nechyb├ş direktiva using nebo odkaz na sestaven├ş?) [C:\NON_Install_Programs\DataHub\src\DataHub.Core\DataHub.Core.csproj]

Sestaven├ş SE NEZDA┼śILO.

C:\NON_Install_Programs\DataHub\src\DataHub.Core\Services\DataService.cs(207,143): warning CS1066: V├Żchoz├ş hodnota zadan├í pro parametr filter nebude m├şt ┼ż├ídn├Ż efekt, proto┼że plat├ş pro ─Źlen, kter├Ż se pou┼ż├şv├í v kontextech nedovoluj├şc├şch nepovinn├ę argumenty. [C:\NON_Install_Programs\DataHub\src\DataHub.Core\DataHub.Core.csproj]
C:\NON_Install_Programs\DataHub\src\DataHub.Core\Components\Shared\FloatingQueryBuilder.razor.cs(8,17): error CS0234: Typ nebo n├ízev oboru n├ízv┼» FluentUI neexistuje v oboru n├ízv┼» Microsoft. (Nechyb├ş odkaz na sestaven├ş?) [C:\NON_Install_Programs\DataHub\src\DataHub.Core\DataHub.Core.csproj]
C:\NON_Install_Programs\DataHub\src\DataHub.Core\Components\Shared\QueryBuilderModal.razor.cs(7,17): error CS0234: Typ nebo n├ízev oboru n├ízv┼» FluentUI neexistuje v oboru n├ízv┼» Microsoft. (Nechyb├ş odkaz na sestaven├ş?) [C:\NON_Install_Programs\DataHub\src\DataHub.Core\DataHub.Core.csproj]
C:\NON_Install_Programs\DataHub\src\DataHub.Core\Interfaces\IAlarmRepository.cs(6,15): error CS0234: Typ nebo n├ízev oboru n├ízv┼» Platform neexistuje v oboru n├ízv┼» DataHub. (Nechyb├ş odkaz na sestaven├ş?) [C:\NON_Install_Programs\DataHub\src\DataHub.Core\DataHub.Core.csproj]
C:\NON_Install_Programs\DataHub\src\DataHub.Core\Interfaces\IAuditLogRepository.cs(3,15): error CS0234: Typ nebo n├ízev oboru n├ízv┼» Platform neexistuje v oboru n├ízv┼» DataHub. (Nechyb├ş odkaz na sestaven├ş?) [C:\NON_Install_Programs\DataHub\src\DataHub.Core\DataHub.Core.csproj]
C:\NON_Install_Programs\DataHub\src\DataHub.Core\Interfaces\IGrindingRepository.cs(3,15): error CS0234: Typ nebo n├ízev oboru n├ízv┼» Platform neexistuje v oboru n├ízv┼» DataHub. (Nechyb├ş odkaz na sestaven├ş?) [C:\NON_Install_Programs\DataHub\src\DataHub.Core\DataHub.Core.csproj]
C:\NON_Install_Programs\DataHub\src\DataHub.Core\Interfaces\IOperationalRepository.cs(3,15): error CS0234: Typ nebo n├ízev oboru n├ízv┼» Platform neexistuje v oboru n├ízv┼» DataHub. (Nechyb├ş odkaz na sestaven├ş?) [C:\NON_Install_Programs\DataHub\src\DataHub.Core\DataHub.Core.csproj]
C:\NON_Install_Programs\DataHub\src\DataHub.Core\Interfaces\IRepository.cs(4,17): error CS0234: Typ nebo n├ízev oboru n├ízv┼» EntityFrameworkCore neexistuje v oboru n├ízv┼» Microsoft. (Nechyb├ş odkaz na sestaven├ş?) [C:\NON_Install_Programs\DataHub\src\DataHub.Core\DataHub.Core.csproj]
C:\NON_Install_Programs\DataHub\src\DataHub.Core\Interfaces\IViewEisodSdRepository.cs(3,15): error CS0234: Typ nebo n├ízev oboru n├ízv┼» Platform neexistuje v oboru n├ízv┼» DataHub. (Nechyb├ş odkaz na sestaven├ş?) [C:\NON_Install_Programs\DataHub\src\DataHub.Core\DataHub.Core.csproj]
C:\NON_Install_Programs\DataHub\src\DataHub.Core\Models\DataGrid\DataGridModels.cs(1,7): error CS0246: Typ nebo n├ízev oboru n├ízv┼» RPK_BlazorApp se nena┼íel. (Nechyb├ş direktiva using nebo odkaz na sestaven├ş?) [C:\NON_Install_Programs\DataHub\src\DataHub.Core\DataHub.Core.csproj]
C:\NON_Install_Programs\DataHub\src\DataHub.Core\Models\DbPproiDisContext.cs(3,17): error CS0234: Typ nebo n├ízev oboru n├ízv┼» EntityFrameworkCore neexistuje v oboru n├ízv┼» Microsoft. (Nechyb├ş odkaz na sestaven├ş?) [C:\NON_Install_Programs\DataHub\src\DataHub.Core\DataHub.Core.csproj]
C:\NON_Install_Programs\DataHub\src\DataHub.Core\Models\ViewEisodSd.cs(5,17): error CS0234: Typ nebo n├ízev oboru n├ízv┼» EntityFrameworkCore neexistuje v oboru n├ízv┼» Microsoft. (Nechyb├ş odkaz na sestaven├ş?) [C:\NON_Install_Programs\DataHub\src\DataHub.Core\DataHub.Core.csproj]
C:\NON_Install_Programs\DataHub\src\DataHub.Core\Services\DataService.cs(1,7): error CS0246: Typ nebo n├ízev oboru n├ízv┼» RPK_BlazorApp se nena┼íel. (Nechyb├ş direktiva using nebo odkaz na sestaven├ş?) [C:\NON_Install_Programs\DataHub\src\DataHub.Core\DataHub.Core.csproj]
C:\NON_Install_Programs\DataHub\src\DataHub.Core\Services\DataService.cs(2,7): error CS0246: Typ nebo n├ízev oboru n├ízv┼» RPK_BlazorApp se nena┼íel. (Nechyb├ş direktiva using nebo odkaz na sestaven├ş?) [C:\NON_Install_Programs\DataHub\src\DataHub.Core\DataHub.Core.csproj]
C:\NON_Install_Programs\DataHub\src\DataHub.Core\Services\DataService.cs(5,19): error CS0234: Typ nebo n├ízev oboru n├ízv┼» Dynamic neexistuje v oboru n├ízv┼» System.Linq. (Nechyb├ş odkaz na sestaven├ş?) [C:\NON_Install_Programs\DataHub\src\DataHub.Core\DataHub.Core.csproj]
C:\NON_Install_Programs\DataHub\src\DataHub.Core\Services\DataService.cs(7,7): error CS0246: Typ nebo n├ízev oboru n├ízv┼» RPK_BlazorApp se nena┼íel. (Nechyb├ş direktiva using nebo odkaz na sestaven├ş?) [C:\NON_Install_Programs\DataHub\src\DataHub.Core\DataHub.Core.csproj]
C:\NON_Install_Programs\DataHub\src\DataHub.Core\Services\DataService.cs(10,7): error CS0246: Typ nebo n├ízev oboru n├ízv┼» RPK_BlazorApp se nena┼íel. (Nechyb├ş direktiva using nebo odkaz na sestaven├ş?) [C:\NON_Install_Programs\DataHub\src\DataHub.Core\DataHub.Core.csproj]
C:\NON_Install_Programs\DataHub\src\DataHub.Core\Services\DataService.cs(11,17): error CS0234: Typ nebo n├ízev oboru n├ízv┼» EntityFrameworkCore neexistuje v oboru n├ízv┼» Microsoft. (Nechyb├ş odkaz na sestaven├ş?) [C:\NON_Install_Programs\DataHub\src\DataHub.Core\DataHub.Core.csproj]
C:\NON_Install_Programs\DataHub\src\DataHub.Core\Services\DataService.cs(15,7): error CS0246: Typ nebo n├ízev oboru n├ízv┼» RPK_BlazorApp se nena┼íel. (Nechyb├ş direktiva using nebo odkaz na sestaven├ş?) [C:\NON_Install_Programs\DataHub\src\DataHub.Core\DataHub.Core.csproj]
C:\NON_Install_Programs\DataHub\src\DataHub.Core\Services\DummyItemService.cs(11,19): error CS0234: Typ nebo n├ízev oboru n├ízv┼» Dynamic neexistuje v oboru n├ízv┼» System.Linq. (Nechyb├ş odkaz na sestaven├ş?) [C:\NON_Install_Programs\DataHub\src\DataHub.Core\DataHub.Core.csproj]
C:\NON_Install_Programs\DataHub\src\DataHub.Core\Services\ExcelExportService.cs(2,7): error CS0246: Typ nebo n├ízev oboru n├ízv┼» RPK_BlazorApp se nena┼íel. (Nechyb├ş direktiva using nebo odkaz na sestaven├ş?) [C:\NON_Install_Programs\DataHub\src\DataHub.Core\DataHub.Core.csproj]
C:\NON_Install_Programs\DataHub\src\DataHub.Core\Services\ExcelExportService.cs(3,7): error CS0246: Typ nebo n├ízev oboru n├ízv┼» RPK_BlazorApp se nena┼íel. (Nechyb├ş direktiva using nebo odkaz na sestaven├ş?) [C:\NON_Install_Programs\DataHub\src\DataHub.Core\DataHub.Core.csproj]
C:\NON_Install_Programs\DataHub\src\DataHub.Core\Services\ExpressionBuilder.cs(6,7): error CS0246: Typ nebo n├ízev oboru n├ízv┼» RPK_BlazorApp se nena┼íel. (Nechyb├ş direktiva using nebo odkaz na sestaven├ş?) [C:\NON_Install_Programs\DataHub\src\DataHub.Core\DataHub.Core.csproj]
C:\NON_Install_Programs\DataHub\src\DataHub.Core\Services\ExpressionBuilder.cs(7,7): error CS0246: Typ nebo n├ízev oboru n├ízv┼» RPK_BlazorApp se nena┼íel. (Nechyb├ş direktiva using nebo odkaz na sestaven├ş?) [C:\NON_Install_Programs\DataHub\src\DataHub.Core\DataHub.Core.csproj]
C:\NON_Install_Programs\DataHub\src\DataHub.Core\Services\IExcelExportService.cs(1,7): error CS0246: Typ nebo n├ízev oboru n├ízv┼» RPK_BlazorApp se nena┼íel. (Nechyb├ş direktiva using nebo odkaz na sestaven├ş?) [C:\NON_Install_Programs\DataHub\src\DataHub.Core\DataHub.Core.csproj]
C:\NON_Install_Programs\DataHub\src\DataHub.Core\Services\IExcelExportService.cs(2,7): error CS0246: Typ nebo n├ízev oboru n├ízv┼» RPK_BlazorApp se nena┼íel. (Nechyb├ş direktiva using nebo odkaz na sestaven├ş?) [C:\NON_Install_Programs\DataHub\src\DataHub.Core\DataHub.Core.csproj]
C:\NON_Install_Programs\DataHub\src\DataHub.Core\Services\NavigationContextService.cs(2,7): error CS0246: Typ nebo n├ízev oboru n├ízv┼» RPK_BlazorApp se nena┼íel. (Nechyb├ş direktiva using nebo odkaz na sestaven├ş?) [C:\NON_Install_Programs\DataHub\src\DataHub.Core\DataHub.Core.csproj]
C:\NON_Install_Programs\DataHub\src\DataHub.Core\Services\QueryParserService.cs(1,7): error CS0246: Typ nebo n├ízev oboru n├ízv┼» RPK_BlazorApp se nena┼íel. (Nechyb├ş direktiva using nebo odkaz na sestaven├ş?) [C:\NON_Install_Programs\DataHub\src\DataHub.Core\DataHub.Core.csproj]
C:\NON_Install_Programs\DataHub\src\DataHub.Core\Services\UserPreferenceService.cs(2,17): error CS0234: Typ nebo n├ízev oboru n├ízv┼» EntityFrameworkCore neexistuje v oboru n├ízv┼» Microsoft. (Nechyb├ş odkaz na sestaven├ş?) [C:\NON_Install_Programs\DataHub\src\DataHub.Core\DataHub.Core.csproj]
C:\NON_Install_Programs\DataHub\src\DataHub.Core\Services\UserPreferenceService.cs(3,7): error CS0246: Typ nebo n├ízev oboru n├ízv┼» RPK_BlazorApp se nena┼íel. (Nechyb├ş direktiva using nebo odkaz na sestaven├ş?) [C:\NON_Install_Programs\DataHub\src\DataHub.Core\DataHub.Core.csproj]
C:\NON_Install_Programs\DataHub\src\DataHub.Core\Services\UserPreferenceService.cs(4,7): error CS0246: Typ nebo n├ízev oboru n├ízv┼» RPK_BlazorApp se nena┼íel. (Nechyb├ş direktiva using nebo odkaz na sestaven├ş?) [C:\NON_Install_Programs\DataHub\src\DataHub.Core\DataHub.Core.csproj]
C:\NON_Install_Programs\DataHub\src\DataHub.Core\Services\UserPreferenceService.cs(5,7): error CS0246: Typ nebo n├ízev oboru n├ízv┼» RPK_BlazorApp se nena┼íel. (Nechyb├ş direktiva using nebo odkaz na sestaven├ş?) [C:\NON_Install_Programs\DataHub\src\DataHub.Core\DataHub.Core.csproj]
C:\NON_Install_Programs\DataHub\src\DataHub.Core\Interfaces\IAlarmRepository.cs(10,60): error CS0246: Typ nebo n├ízev oboru n├ízv┼» ApplicationDbContext se nena┼íel. (Nechyb├ş direktiva using nebo odkaz na sestaven├ş?) [C:\NON_Install_Programs\DataHub\src\DataHub.Core\DataHub.Core.csproj]
C:\NON_Install_Programs\DataHub\src\DataHub.Core\Interfaces\IRepository.cs(8,92): error CS0246: Typ nebo n├ízev oboru n├ízv┼» DbContext se nena┼íel. (Nechyb├ş direktiva using nebo odkaz na sestaven├ş?) [C:\NON_Install_Programs\DataHub\src\DataHub.Core\DataHub.Core.csproj]
C:\NON_Install_Programs\DataHub\src\DataHub.Core\Interfaces\IAuditLogRepository.cs(7,66): error CS0246: Typ nebo n├ízev oboru n├ízv┼» ApplicationDbContext se nena┼íel. (Nechyb├ş direktiva using nebo odkaz na sestaven├ş?) [C:\NON_Install_Programs\DataHub\src\DataHub.Core\DataHub.Core.csproj]
C:\NON_Install_Programs\DataHub\src\DataHub.Core\Interfaces\IGrindingRepository.cs(7,66): error CS0246: Typ nebo n├ízev oboru n├ízv┼» ApplicationDbContext se nena┼íel. (Nechyb├ş direktiva using nebo odkaz na sestaven├ş?) [C:\NON_Install_Programs\DataHub\src\DataHub.Core\DataHub.Core.csproj]
C:\NON_Install_Programs\DataHub\src\DataHub.Core\Interfaces\IOperationalRepository.cs(7,72): error CS0246: Typ nebo n├ízev oboru n├ízv┼» ApplicationDbContext se nena┼íel. (Nechyb├ş direktiva using nebo odkaz na sestaven├ş?) [C:\NON_Install_Programs\DataHub\src\DataHub.Core\DataHub.Core.csproj]
C:\NON_Install_Programs\DataHub\src\DataHub.Core\Components\Shared\FloatingQueryBuilder.razor.cs(19,17): error CS0246: Typ nebo n├ízev oboru n├ízv┼» FluentTextField se nena┼íel. (Nechyb├ş direktiva using nebo odkaz na sestaven├ş?) [C:\NON_Install_Programs\DataHub\src\DataHub.Core\DataHub.Core.csproj]
C:\NON_Install_Programs\DataHub\src\DataHub.Core\Interfaces\IViewEisodSdRepository.cs(7,72): error CS0246: Typ nebo n├ízev oboru n├ízv┼» EisodDbContext se nena┼íel. (Nechyb├ş direktiva using nebo odkaz na sestaven├ş?) [C:\NON_Install_Programs\DataHub\src\DataHub.Core\DataHub.Core.csproj]
C:\NON_Install_Programs\DataHub\src\DataHub.Core\Components\Shared\GenericSort.razor.cs(17,33): error CS0115: GenericSort<TItem>.OnInitialized(): Nena┼íla se vhodn├í metoda k p┼Öeps├ín├ş. [C:\NON_Install_Programs\DataHub\src\DataHub.Core\DataHub.Core.csproj]
C:\NON_Install_Programs\DataHub\src\DataHub.Core\Services\DataService.cs(19,88): error CS0305: Pou┼żit├ş obecn├ęho prvku typ IDataService<TItem> vy┼żaduje tento po─Źet argument┼» typ┼»: 1. [C:\NON_Install_Programs\DataHub\src\DataHub.Core\DataHub.Core.csproj]
C:\NON_Install_Programs\DataHub\src\DataHub.Core\Services\ExcelExportService.cs(19,91): error CS0246: Typ nebo n├ízev oboru n├ízv┼» ColumnDefinition<> se nena┼íel. (Nechyb├ş direktiva using nebo odkaz na sestaven├ş?) [C:\NON_Install_Programs\DataHub\src\DataHub.Core\DataHub.Core.csproj]
C:\NON_Install_Programs\DataHub\src\DataHub.Core\Models\DbPproiDisContext.cs(7,42): error CS0246: Typ nebo n├ízev oboru n├ízv┼» DbContext se nena┼íel. (Nechyb├ş direktiva using nebo odkaz na sestaven├ş?) [C:\NON_Install_Programs\DataHub\src\DataHub.Core\DataHub.Core.csproj]
C:\NON_Install_Programs\DataHub\src\DataHub.Core\Services\IExcelExportService.cs(11,78): error CS0246: Typ nebo n├ízev oboru n├ízv┼» ColumnDefinition<> se nena┼íel. (Nechyb├ş direktiva using nebo odkaz na sestaven├ş?) [C:\NON_Install_Programs\DataHub\src\DataHub.Core\DataHub.Core.csproj]
C:\NON_Install_Programs\DataHub\src\DataHub.Core\Models\DbPproiDisContext.cs(13,30): error CS0246: Typ nebo n├ízev oboru n├ízv┼» DbContextOptions<> se nena┼íel. (Nechyb├ş direktiva using nebo odkaz na sestaven├ş?) [C:\NON_Install_Programs\DataHub\src\DataHub.Core\DataHub.Core.csproj]
C:\NON_Install_Programs\DataHub\src\DataHub.Core\Models\DbPproiDisContext.cs(18,20): error CS0246: Typ nebo n├ízev oboru n├ízv┼» DbSet<> se nena┼íel. (Nechyb├ş direktiva using nebo odkaz na sestaven├ş?) [C:\NON_Install_Programs\DataHub\src\DataHub.Core\DataHub.Core.csproj]
C:\NON_Install_Programs\DataHub\src\DataHub.Core\Models\DbPproiDisContext.cs(20,43): error CS0246: Typ nebo n├ízev oboru n├ízv┼» DbContextOptionsBuilder se nena┼íel. (Nechyb├ş direktiva using nebo odkaz na sestaven├ş?) [C:\NON_Install_Programs\DataHub\src\DataHub.Core\DataHub.Core.csproj]
C:\NON_Install_Programs\DataHub\src\DataHub.Core\Services\ExcelExportService.cs(13,26): error CS0246: Typ nebo n├ízev oboru n├ízv┼» ILogger<> se nena┼íel. (Nechyb├ş direktiva using nebo odkaz na sestaven├ş?) [C:\NON_Install_Programs\DataHub\src\DataHub.Core\DataHub.Core.csproj]
C:\NON_Install_Programs\DataHub\src\DataHub.Core\Models\DbPproiDisContext.cs(23,45): error CS0246: Typ nebo n├ízev oboru n├ízv┼» ModelBuilder se nena┼íel. (Nechyb├ş direktiva using nebo odkaz na sestaven├ş?) [C:\NON_Install_Programs\DataHub\src\DataHub.Core\DataHub.Core.csproj]
C:\NON_Install_Programs\DataHub\src\DataHub.Core\Services\ExcelExportService.cs(15,35): error CS0246: Typ nebo n├ízev oboru n├ízv┼» ILogger<> se nena┼íel. (Nechyb├ş direktiva using nebo odkaz na sestaven├ş?) [C:\NON_Install_Programs\DataHub\src\DataHub.Core\DataHub.Core.csproj]
C:\NON_Install_Programs\DataHub\src\DataHub.Core\Services\DataService.cs(22,30): error CS0246: Typ nebo n├ízev oboru n├ízv┼» DataRequestBase se nena┼íel. (Nechyb├ş direktiva using nebo odkaz na sestaven├ş?) [C:\NON_Install_Programs\DataHub\src\DataHub.Core\DataHub.Core.csproj]
C:\NON_Install_Programs\DataHub\src\DataHub.Core\Services\DataService.cs(24,26): error CS0246: Typ nebo n├ízev oboru n├ízv┼» DbContext se nena┼íel. (Nechyb├ş direktiva using nebo odkaz na sestaven├ş?) [C:\NON_Install_Programs\DataHub\src\DataHub.Core\DataHub.Core.csproj]
C:\NON_Install_Programs\DataHub\src\DataHub.Core\Models\DbPproiDisContext.cs(33,41): error CS0246: Typ nebo n├ízev oboru n├ízv┼» ModelBuilder se nena┼íel. (Nechyb├ş direktiva using nebo odkaz na sestaven├ş?) [C:\NON_Install_Programs\DataHub\src\DataHub.Core\DataHub.Core.csproj]
C:\NON_Install_Programs\DataHub\src\DataHub.Core\Services\DataService.cs(39,89): error CS0246: Typ nebo n├ízev oboru n├ízv┼» DataFilterModel se nena┼íel. (Nechyb├ş direktiva using nebo odkaz na sestaven├ş?) [C:\NON_Install_Programs\DataHub\src\DataHub.Core\DataHub.Core.csproj]
C:\NON_Install_Programs\DataHub\src\DataHub.Core\Services\ExpressionBuilder.cs(16,25): error CS0246: Typ nebo n├ízev oboru n├ízv┼» FilterCriterion se nena┼íel. (Nechyb├ş direktiva using nebo odkaz na sestaven├ş?) [C:\NON_Install_Programs\DataHub\src\DataHub.Core\DataHub.Core.csproj]
C:\NON_Install_Programs\DataHub\src\DataHub.Core\Services\DataService.cs(91,89): error CS0246: Typ nebo n├ízev oboru n├ízv┼» FilterCriterion se nena┼íel. (Nechyb├ş direktiva using nebo odkaz na sestaven├ş?) [C:\NON_Install_Programs\DataHub\src\DataHub.Core\DataHub.Core.csproj]
C:\NON_Install_Programs\DataHub\src\DataHub.Core\Services\DataService.cs(91,128): error CS0246: Typ nebo n├ízev oboru n├ízv┼» SortCriterion se nena┼íel. (Nechyb├ş direktiva using nebo odkaz na sestaven├ş?) [C:\NON_Install_Programs\DataHub\src\DataHub.Core\DataHub.Core.csproj]
C:\NON_Install_Programs\DataHub\src\DataHub.Core\Services\ExpressionBuilder.cs(65,82): error CS0246: Typ nebo n├ízev oboru n├ízv┼» FilterCriterion se nena┼íel. (Nechyb├ş direktiva using nebo odkaz na sestaven├ş?) [C:\NON_Install_Programs\DataHub\src\DataHub.Core\DataHub.Core.csproj]
C:\NON_Install_Programs\DataHub\src\DataHub.Core\Services\QueryParserService.cs(18,16): error CS0246: Typ nebo n├ízev oboru n├ízv┼» SavedCriteria se nena┼íel. (Nechyb├ş direktiva using nebo odkaz na sestaven├ş?) [C:\NON_Install_Programs\DataHub\src\DataHub.Core\DataHub.Core.csproj]
C:\NON_Install_Programs\DataHub\src\DataHub.Core\Services\QueryParserService.cs(59,22): error CS0246: Typ nebo n├ízev oboru n├ízv┼» SortCriterion se nena┼íel. (Nechyb├ş direktiva using nebo odkaz na sestaven├ş?) [C:\NON_Install_Programs\DataHub\src\DataHub.Core\DataHub.Core.csproj]
C:\NON_Install_Programs\DataHub\src\DataHub.Core\Services\DataService.cs(207,83): error CS0246: Typ nebo n├ízev oboru n├ízv┼» ServerDataRequest se nena┼íel. (Nechyb├ş direktiva using nebo odkaz na sestaven├ş?) [C:\NON_Install_Programs\DataHub\src\DataHub.Core\DataHub.Core.csproj]
C:\NON_Install_Programs\DataHub\src\DataHub.Core\Services\DataService.cs(207,20): error CS0246: Typ nebo n├ízev oboru n├ízv┼» ServerDataResult<> se nena┼íel. (Nechyb├ş direktiva using nebo odkaz na sestaven├ş?) [C:\NON_Install_Programs\DataHub\src\DataHub.Core\DataHub.Core.csproj]
C:\NON_Install_Programs\DataHub\src\DataHub.Core\Services\DataService.cs(207,69): error CS0539: DataService<TEntity, TUIModel, TDataRequest, TDataResult, TContext>.GetPagedAsync(ServerDataRequest, Expression<Func<TEntity, bool>>?) v explicitn├ş deklaraci rozhran├ş se nena┼íel mezi ─Źleny rozhran├ş, kter├ę se daj├ş implementovat. [C:\NON_Install_Programs\DataHub\src\DataHub.Core\DataHub.Core.csproj]
C:\NON_Install_Programs\DataHub\src\DataHub.Core\Services\DataService.cs(19,158): error CS0535: DataService<TEntity, TUIModel, TDataRequest, TDataResult, TContext> neimplementuje ─Źlen rozhran├ş IDataService<TEntity>.GetPagedAsync(DataRequestBase). [C:\NON_Install_Programs\DataHub\src\DataHub.Core\DataHub.Core.csproj]
C:\NON_Install_Programs\DataHub\src\DataHub.Core\Services\NavigationContextService.cs(10,16): error CS0246: Typ nebo n├ízev oboru n├ízv┼» RecordInteractionMode se nena┼íel. (Nechyb├ş direktiva using nebo odkaz na sestaven├ş?) [C:\NON_Install_Programs\DataHub\src\DataHub.Core\DataHub.Core.csproj]
C:\NON_Install_Programs\DataHub\src\DataHub.Core\Services\QueryParserService.cs(86,22): error CS0246: Typ nebo n├ízev oboru n├ízv┼» FilterCriterion se nena┼íel. (Nechyb├ş direktiva using nebo odkaz na sestaven├ş?) [C:\NON_Install_Programs\DataHub\src\DataHub.Core\DataHub.Core.csproj]
C:\NON_Install_Programs\DataHub\src\DataHub.Core\Services\DataService.cs(26,28): error CS0246: Typ nebo n├ízev oboru n├ízv┼» IRepository<,> se nena┼íel. (Nechyb├ş direktiva using nebo odkaz na sestaven├ş?) [C:\NON_Install_Programs\DataHub\src\DataHub.Core\DataHub.Core.csproj]
C:\NON_Install_Programs\DataHub\src\DataHub.Core\Services\QueryParserService.cs(92,22): error CS0246: Typ nebo n├ízev oboru n├ízv┼» FilterCriterion se nena┼íel. (Nechyb├ş direktiva using nebo odkaz na sestaven├ş?) [C:\NON_Install_Programs\DataHub\src\DataHub.Core\DataHub.Core.csproj]
C:\NON_Install_Programs\DataHub\src\DataHub.Core\Services\QueryParserService.cs(193,17): error CS0246: Typ nebo n├ízev oboru n├ízv┼» FilterCriterion se nena┼íel. (Nechyb├ş direktiva using nebo odkaz na sestaven├ş?) [C:\NON_Install_Programs\DataHub\src\DataHub.Core\DataHub.Core.csproj]
C:\NON_Install_Programs\DataHub\src\DataHub.Core\Services\UserPreferenceService.cs(45,27): error CS0246: Typ nebo n├ízev oboru n├ízv┼» SavedCriteria se nena┼íel. (Nechyb├ş direktiva using nebo odkaz na sestaven├ş?) [C:\NON_Install_Programs\DataHub\src\DataHub.Core\DataHub.Core.csproj]
C:\NON_Install_Programs\DataHub\src\DataHub.Core\Services\DataService.cs(31,28): error CS0246: Typ nebo n├ízev oboru n├ízv┼» IRepository<,> se nena┼íel. (Nechyb├ş direktiva using nebo odkaz na sestaven├ş?) [C:\NON_Install_Programs\DataHub\src\DataHub.Core\DataHub.Core.csproj]
C:\NON_Install_Programs\DataHub\src\DataHub.Core\Services\UserPreferenceService.cs(67,95): error CS0246: Typ nebo n├ízev oboru n├ízv┼» FilterCriterion se nena┼íel. (Nechyb├ş direktiva using nebo odkaz na sestaven├ş?) [C:\NON_Install_Programs\DataHub\src\DataHub.Core\DataHub.Core.csproj]
C:\NON_Install_Programs\DataHub\src\DataHub.Core\Services\UserPreferenceService.cs(67,126): error CS0246: Typ nebo n├ízev oboru n├ízv┼» SortCriterion se nena┼íel. (Nechyb├ş direktiva using nebo odkaz na sestaven├ş?) [C:\NON_Install_Programs\DataHub\src\DataHub.Core\DataHub.Core.csproj]
C:\NON_Install_Programs\DataHub\src\DataHub.Core\Services\DataService.cs(28,105): error CS0314: Typ TDataRequest nejde pou┼ż├şt jako parametr typu TDataRequest v obecn├ęm typu nebo metod─Ť DataService<TEntity, TUIModel, TDataRequest, TDataResult, TContext>. Neexistuje ┼ż├ídn├Ż p┼Öevod na uzav┼Öen├ę ur─Źen├ş ani p┼Öevod typu parametru z TDataRequest na DataRequestBase. [C:\NON_Install_Programs\DataHub\src\DataHub.Core\DataHub.Core.csproj]
C:\NON_Install_Programs\DataHub\src\DataHub.Core\Services\DataService.cs(28,105): error CS0314: Typ TContext nejde pou┼ż├şt jako parametr typu TContext v obecn├ęm typu nebo metod─Ť DataService<TEntity, TUIModel, TDataRequest, TDataResult, TContext>. Neexistuje ┼ż├ídn├Ż p┼Öevod na uzav┼Öen├ę ur─Źen├ş ani p┼Öevod typu parametru z TContext na DbContext. [C:\NON_Install_Programs\DataHub\src\DataHub.Core\DataHub.Core.csproj]
C:\NON_Install_Programs\DataHub\src\DataHub.Core\Services\DataService.cs(31,164): error CS0314: Typ TDataRequest nejde pou┼ż├şt jako parametr typu TDataRequest v obecn├ęm typu nebo metod─Ť DataService<TEntity, TUIModel, TDataRequest, TDataResult, TContext>. Neexistuje ┼ż├ídn├Ż p┼Öevod na uzav┼Öen├ę ur─Źen├ş ani p┼Öevod typu parametru z TDataRequest na DataRequestBase. [C:\NON_Install_Programs\DataHub\src\DataHub.Core\DataHub.Core.csproj]
C:\NON_Install_Programs\DataHub\src\DataHub.Core\Services\DataService.cs(31,164): error CS0314: Typ TContext nejde pou┼ż├şt jako parametr typu TContext v obecn├ęm typu nebo metod─Ť DataService<TEntity, TUIModel, TDataRequest, TDataResult, TContext>. Neexistuje ┼ż├ídn├Ż p┼Öevod na uzav┼Öen├ę ur─Źen├ş ani p┼Öevod typu parametru z TContext na DbContext. [C:\NON_Install_Programs\DataHub\src\DataHub.Core\DataHub.Core.csproj]
C:\NON_Install_Programs\DataHub\src\DataHub.Core\Services\UserPreferenceService.cs(18,26): error CS0246: Typ nebo n├ízev oboru n├ízv┼» IDbContextFactory<> se nena┼íel. (Nechyb├ş direktiva using nebo odkaz na sestaven├ş?) [C:\NON_Install_Programs\DataHub\src\DataHub.Core\DataHub.Core.csproj]
C:\NON_Install_Programs\DataHub\src\DataHub.Core\Services\UserPreferenceService.cs(18,44): error CS0246: Typ nebo n├ízev oboru n├ízv┼» ApplicationDbContext se nena┼íel. (Nechyb├ş direktiva using nebo odkaz na sestaven├ş?) [C:\NON_Install_Programs\DataHub\src\DataHub.Core\DataHub.Core.csproj]
C:\NON_Install_Programs\DataHub\src\DataHub.Core\Services\NavigationContextService.cs(12,83): error CS0246: Typ nebo n├ízev oboru n├ízv┼» RecordInteractionMode se nena┼íel. (Nechyb├ş direktiva using nebo odkaz na sestaven├ş?) [C:\NON_Install_Programs\DataHub\src\DataHub.Core\DataHub.Core.csproj]
C:\NON_Install_Programs\DataHub\src\DataHub.Core\Services\UserPreferenceService.cs(22,38): error CS0246: Typ nebo n├ízev oboru n├ízv┼» IDbContextFactory<> se nena┼íel. (Nechyb├ş direktiva using nebo odkaz na sestaven├ş?) [C:\NON_Install_Programs\DataHub\src\DataHub.Core\DataHub.Core.csproj]
C:\NON_Install_Programs\DataHub\src\DataHub.Core\Services\UserPreferenceService.cs(22,56): error CS0246: Typ nebo n├ízev oboru n├ízv┼» ApplicationDbContext se nena┼íel. (Nechyb├ş direktiva using nebo odkaz na sestaven├ş?) [C:\NON_Install_Programs\DataHub\src\DataHub.Core\DataHub.Core.csproj]
    1 upozorn─Ťn├ş
    Po─Źet chyb: 81

Uplynul├Ż ─Źas 00:00:02.54

Jsou k dispozici aktualizace ├║loh. Pokud chcete z├şskat dal┼í├ş informace, spus┼ąte `dotnet workload list`.
