C:\NON_Install_Programs\DataHub\domains\Grinding\Grinding.Pages\Grinding.Pages.csproj : error NU1605: Upozorn─Ťn├ş jako chyba: Zjistil se downgrade bal├ş─Źku: Microsoft.FluentUI.AspNetCore.Components z 4.12.0 na 4.11.2. Pokud chcete vybrat jinou verzi, odkazujte na bal├ş─Źek p┼Ö├şmo z projektu. 
C:\NON_Install_Programs\DataHub\domains\Grinding\Grinding.Pages\Grinding.Pages.csproj : error NU1605:  Grinding.Pages -> DataHub.Core -> Microsoft.FluentUI.AspNetCore.Components (>= 4.12.0) 
C:\NON_Install_Programs\DataHub\domains\Grinding\Grinding.Pages\Grinding.Pages.csproj : error NU1605:  Grinding.Pages -> Microsoft.FluentUI.AspNetCore.Components (>= 4.11.2)
C:\NON_Install_Programs\DataHub\src\DataHub.Platform\DataHub.Platform.csproj : error NU1605: Upozorn─Ťn├ş jako chyba: Zjistil se downgrade bal├ş─Źku: Microsoft.EntityFrameworkCore z 9.0.6 na 9.0.0. Pokud chcete vybrat jinou verzi, odkazujte na bal├ş─Źek p┼Ö├şmo z projektu. 
C:\NON_Install_Programs\DataHub\src\DataHub.Platform\DataHub.Platform.csproj : error NU1605:  DataHub.Platform -> DataHub.Core -> Microsoft.EntityFrameworkCore (>= 9.0.6) 
C:\NON_Install_Programs\DataHub\src\DataHub.Platform\DataHub.Platform.csproj : error NU1605:  DataHub.Platform -> Microsoft.EntityFrameworkCore (>= 9.0.0)
C:\NON_Install_Programs\DataHub\domains\Eisod\Eisod.Pages\Eisod.Pages.csproj : error NU1605: Upozorn─Ťn├ş jako chyba: Zjistil se downgrade bal├ş─Źku: Microsoft.FluentUI.AspNetCore.Components z 4.12.0 na 4.11.2. Pokud chcete vybrat jinou verzi, odkazujte na bal├ş─Źek p┼Ö├şmo z projektu. 
C:\NON_Install_Programs\DataHub\domains\Eisod\Eisod.Pages\Eisod.Pages.csproj : error NU1605:  Eisod.Pages -> DataHub.Core -> Microsoft.FluentUI.AspNetCore.Components (>= 4.12.0) 
C:\NON_Install_Programs\DataHub\domains\Eisod\Eisod.Pages\Eisod.Pages.csproj : error NU1605:  Eisod.Pages -> Microsoft.FluentUI.AspNetCore.Components (>= 4.11.2)
C:\NON_Install_Programs\DataHub\src\DataHub.Core\Models\DbPproiDisContext.cs(21,27): error CS1061: DbContextOptionsBuilder neobsahuje definici pro UseSqlServer a nena┼íla se ┼ż├ídn├í dostupn├í metoda roz┼í├ş┼Öen├ş UseSqlServer, kter├í by p┼Öij├şmala prvn├ş argument typu DbContextOptionsBuilder. (Nechyb├ş direktiva using nebo odkaz na sestaven├ş?) [C:\NON_Install_Programs\DataHub\src\DataHub.Core\DataHub.Core.csproj]
C:\NON_Install_Programs\DataHub\src\DataHub.Core\Models\DbPproiDisContext.cs(27,20): error CS1061: EntityTypeBuilder<ViewEisodSd> neobsahuje definici pro ToView a nena┼íla se ┼ż├ídn├í dostupn├í metoda roz┼í├ş┼Öen├ş ToView, kter├í by p┼Öij├şmala prvn├ş argument typu EntityTypeBuilder<ViewEisodSd>. (Nechyb├ş direktiva using nebo odkaz na sestaven├ş?) [C:\NON_Install_Programs\DataHub\src\DataHub.Core\DataHub.Core.csproj]
C:\NON_Install_Programs\DataHub\src\DataHub.Core\Data\EisodDbContext.cs(21,24): error CS1061: EntityTypeBuilder<ViewEisodSd> neobsahuje definici pro ToView a nena┼íla se ┼ż├ídn├í dostupn├í metoda roz┼í├ş┼Öen├ş ToView, kter├í by p┼Öij├şmala prvn├ş argument typu EntityTypeBuilder<ViewEisodSd>. (Nechyb├ş direktiva using nebo odkaz na sestaven├ş?) [C:\NON_Install_Programs\DataHub\src\DataHub.Core\DataHub.Core.csproj]
C:\NON_Install_Programs\DataHub\src\DataHub.Core\Data\ApplicationDbContext.cs(67,24): error CS1061: EntityTypeBuilder<ViewEisodSd> neobsahuje definici pro ToView a nena┼íla se ┼ż├ídn├í dostupn├í metoda roz┼í├ş┼Öen├ş ToView, kter├í by p┼Öij├şmala prvn├ş argument typu EntityTypeBuilder<ViewEisodSd>. (Nechyb├ş direktiva using nebo odkaz na sestaven├ş?) [C:\NON_Install_Programs\DataHub\src\DataHub.Core\DataHub.Core.csproj]
C:\NON_Install_Programs\DataHub\src\DataHub.Core\Components\Shared\FloatingQueryBuilder.razor.cs(17,34): warning CS0649: Do pole FloatingQueryBuilder<TItem>.draggableContainer se nikdy nic nep┼Öi┼Öad├ş. Bude m├şt v┼żdy v├Żchoz├ş hodnotu . [C:\NON_Install_Programs\DataHub\src\DataHub.Core\DataHub.Core.csproj]
C:\NON_Install_Programs\DataHub\src\DataHub.Core\Components\Shared\FloatingQueryBuilder.razor.cs(18,34): warning CS0649: Do pole FloatingQueryBuilder<TItem>.draggableHeader se nikdy nic nep┼Öi┼Öad├ş. Bude m├şt v┼żdy v├Żchoz├ş hodnotu . [C:\NON_Install_Programs\DataHub\src\DataHub.Core\DataHub.Core.csproj]
C:\NON_Install_Programs\DataHub\src\DataHub.Core\Components\Shared\FloatingQueryBuilder.razor.cs(19,34): warning CS0169: Pole FloatingQueryBuilder<TItem>.queryNameField se nikdy nepou┼ż├şv├í. [C:\NON_Install_Programs\DataHub\src\DataHub.Core\DataHub.Core.csproj]
C:\NON_Install_Programs\DataHub\src\DataHub.Core\Components\Shared\AdvancedFilterBuilder.razor.cs(27,22): warning CS0414: Pole AdvancedFilterBuilder<TItem>.showQueryBuilderModal m├í p┼Öi┼Öazenou hodnotu, ale nikdy se nepou┼ż├şv├í. [C:\NON_Install_Programs\DataHub\src\DataHub.Core\DataHub.Core.csproj]

Sestaven├ş SE NEZDA┼śILO.

C:\NON_Install_Programs\DataHub\src\DataHub.Core\Components\Shared\FloatingQueryBuilder.razor.cs(17,34): warning CS0649: Do pole FloatingQueryBuilder<TItem>.draggableContainer se nikdy nic nep┼Öi┼Öad├ş. Bude m├şt v┼żdy v├Żchoz├ş hodnotu . [C:\NON_Install_Programs\DataHub\src\DataHub.Core\DataHub.Core.csproj]
C:\NON_Install_Programs\DataHub\src\DataHub.Core\Components\Shared\FloatingQueryBuilder.razor.cs(18,34): warning CS0649: Do pole FloatingQueryBuilder<TItem>.draggableHeader se nikdy nic nep┼Öi┼Öad├ş. Bude m├şt v┼żdy v├Żchoz├ş hodnotu . [C:\NON_Install_Programs\DataHub\src\DataHub.Core\DataHub.Core.csproj]
C:\NON_Install_Programs\DataHub\src\DataHub.Core\Components\Shared\FloatingQueryBuilder.razor.cs(19,34): warning CS0169: Pole FloatingQueryBuilder<TItem>.queryNameField se nikdy nepou┼ż├şv├í. [C:\NON_Install_Programs\DataHub\src\DataHub.Core\DataHub.Core.csproj]
C:\NON_Install_Programs\DataHub\src\DataHub.Core\Components\Shared\AdvancedFilterBuilder.razor.cs(27,22): warning CS0414: Pole AdvancedFilterBuilder<TItem>.showQueryBuilderModal m├í p┼Öi┼Öazenou hodnotu, ale nikdy se nepou┼ż├şv├í. [C:\NON_Install_Programs\DataHub\src\DataHub.Core\DataHub.Core.csproj]
C:\NON_Install_Programs\DataHub\domains\Grinding\Grinding.Pages\Grinding.Pages.csproj : error NU1605: Upozorn─Ťn├ş jako chyba: Zjistil se downgrade bal├ş─Źku: Microsoft.FluentUI.AspNetCore.Components z 4.12.0 na 4.11.2. Pokud chcete vybrat jinou verzi, odkazujte na bal├ş─Źek p┼Ö├şmo z projektu. 
C:\NON_Install_Programs\DataHub\domains\Grinding\Grinding.Pages\Grinding.Pages.csproj : error NU1605:  Grinding.Pages -> DataHub.Core -> Microsoft.FluentUI.AspNetCore.Components (>= 4.12.0) 
C:\NON_Install_Programs\DataHub\domains\Grinding\Grinding.Pages\Grinding.Pages.csproj : error NU1605:  Grinding.Pages -> Microsoft.FluentUI.AspNetCore.Components (>= 4.11.2)
C:\NON_Install_Programs\DataHub\src\DataHub.Platform\DataHub.Platform.csproj : error NU1605: Upozorn─Ťn├ş jako chyba: Zjistil se downgrade bal├ş─Źku: Microsoft.EntityFrameworkCore z 9.0.6 na 9.0.0. Pokud chcete vybrat jinou verzi, odkazujte na bal├ş─Źek p┼Ö├şmo z projektu. 
C:\NON_Install_Programs\DataHub\src\DataHub.Platform\DataHub.Platform.csproj : error NU1605:  DataHub.Platform -> DataHub.Core -> Microsoft.EntityFrameworkCore (>= 9.0.6) 
C:\NON_Install_Programs\DataHub\src\DataHub.Platform\DataHub.Platform.csproj : error NU1605:  DataHub.Platform -> Microsoft.EntityFrameworkCore (>= 9.0.0)
C:\NON_Install_Programs\DataHub\domains\Eisod\Eisod.Pages\Eisod.Pages.csproj : error NU1605: Upozorn─Ťn├ş jako chyba: Zjistil se downgrade bal├ş─Źku: Microsoft.FluentUI.AspNetCore.Components z 4.12.0 na 4.11.2. Pokud chcete vybrat jinou verzi, odkazujte na bal├ş─Źek p┼Ö├şmo z projektu. 
C:\NON_Install_Programs\DataHub\domains\Eisod\Eisod.Pages\Eisod.Pages.csproj : error NU1605:  Eisod.Pages -> DataHub.Core -> Microsoft.FluentUI.AspNetCore.Components (>= 4.12.0) 
C:\NON_Install_Programs\DataHub\domains\Eisod\Eisod.Pages\Eisod.Pages.csproj : error NU1605:  Eisod.Pages -> Microsoft.FluentUI.AspNetCore.Components (>= 4.11.2)
C:\NON_Install_Programs\DataHub\src\DataHub.Core\Models\DbPproiDisContext.cs(21,27): error CS1061: DbContextOptionsBuilder neobsahuje definici pro UseSqlServer a nena┼íla se ┼ż├ídn├í dostupn├í metoda roz┼í├ş┼Öen├ş UseSqlServer, kter├í by p┼Öij├şmala prvn├ş argument typu DbContextOptionsBuilder. (Nechyb├ş direktiva using nebo odkaz na sestaven├ş?) [C:\NON_Install_Programs\DataHub\src\DataHub.Core\DataHub.Core.csproj]
C:\NON_Install_Programs\DataHub\src\DataHub.Core\Models\DbPproiDisContext.cs(27,20): error CS1061: EntityTypeBuilder<ViewEisodSd> neobsahuje definici pro ToView a nena┼íla se ┼ż├ídn├í dostupn├í metoda roz┼í├ş┼Öen├ş ToView, kter├í by p┼Öij├şmala prvn├ş argument typu EntityTypeBuilder<ViewEisodSd>. (Nechyb├ş direktiva using nebo odkaz na sestaven├ş?) [C:\NON_Install_Programs\DataHub\src\DataHub.Core\DataHub.Core.csproj]
C:\NON_Install_Programs\DataHub\src\DataHub.Core\Data\EisodDbContext.cs(21,24): error CS1061: EntityTypeBuilder<ViewEisodSd> neobsahuje definici pro ToView a nena┼íla se ┼ż├ídn├í dostupn├í metoda roz┼í├ş┼Öen├ş ToView, kter├í by p┼Öij├şmala prvn├ş argument typu EntityTypeBuilder<ViewEisodSd>. (Nechyb├ş direktiva using nebo odkaz na sestaven├ş?) [C:\NON_Install_Programs\DataHub\src\DataHub.Core\DataHub.Core.csproj]
C:\NON_Install_Programs\DataHub\src\DataHub.Core\Data\ApplicationDbContext.cs(67,24): error CS1061: EntityTypeBuilder<ViewEisodSd> neobsahuje definici pro ToView a nena┼íla se ┼ż├ídn├í dostupn├í metoda roz┼í├ş┼Öen├ş ToView, kter├í by p┼Öij├şmala prvn├ş argument typu EntityTypeBuilder<ViewEisodSd>. (Nechyb├ş direktiva using nebo odkaz na sestaven├ş?) [C:\NON_Install_Programs\DataHub\src\DataHub.Core\DataHub.Core.csproj]
    4 upozorn─Ťn├ş
    Po─Źet chyb: 7

Uplynul├Ż ─Źas 00:00:01.24

Jsou k dispozici aktualizace ├║loh. Pokud chcete z├şskat dal┼í├ş informace, spus┼ąte `dotnet workload list`.
